21-09-17 17:10:15.932 : Model path 1: model_zoo\dncnn_25.pth
21-09-17 17:10:15.933 : Params number: 555137
21-09-17 17:10:15.947 : Model path 2: model_zoo\fdncnn_gray.pth
21-09-17 17:10:15.948 : Params number: 555137
21-09-17 17:10:15.948 : testsets\Set
21-09-17 17:10:18.328 : 01.png - PSNR: 8.8826 dB; SSIM: 0.0470 ; RE: 0.9270.
21-09-17 17:10:20.750 : 02.png - PSNR: 8.8145 dB; SSIM: 0.0865 ; RE: 0.7964.
21-09-17 17:10:23.130 : 03.png - PSNR: 9.3777 dB; SSIM: 0.0310 ; RE: 1.5109.
21-09-17 17:10:25.596 : 04.png - PSNR: 9.2915 dB; SSIM: 0.0628 ; RE: 1.1571.
21-09-17 17:10:28.009 : 05.png - PSNR: 8.8837 dB; SSIM: 0.0480 ; RE: 1.1387.
21-09-17 17:10:30.459 : 06.png - PSNR: 8.5191 dB; SSIM: 0.0604 ; RE: 0.7793.
21-09-17 17:10:32.895 : 07.png - PSNR: 9.3117 dB; SSIM: 0.0869 ; RE: 0.8318.
21-09-17 17:10:35.251 : 08.png - PSNR: 10.5066 dB; SSIM: 0.0325 ; RE: 1.4513.
21-09-17 17:10:37.678 : 09.png - PSNR: 9.1252 dB; SSIM: 0.0353 ; RE: 1.2660.
21-09-17 17:10:40.279 : 10.png - PSNR: 10.1339 dB; SSIM: 0.0402 ; RE: 1.0725.
21-09-17 17:10:42.762 : 11.png - PSNR: 11.3283 dB; SSIM: 0.0751 ; RE: 1.3686.
21-09-17 17:10:45.188 : 12.png - PSNR: 8.8382 dB; SSIM: 0.0396 ; RE: 1.3439.
21-09-17 17:10:47.608 : 13.png - PSNR: 8.5544 dB; SSIM: 0.0499 ; RE: 1.0329.
21-09-17 17:10:50.456 : 14.png - PSNR: 8.1840 dB; SSIM: 0.0500 ; RE: 0.8854.
21-09-17 17:10:53.304 : 15.png - PSNR: 9.1890 dB; SSIM: 0.0440 ; RE: 1.1001.
21-09-17 17:10:53.304 : ------> testset_name: (Set), alpha: (1.200), Average PSNR:(9.263)dB, Average ssim : (0.053), Average re : (1.111) )
