21-06-29 21:03:56.665 : testsets\Set
21-06-29 21:03:57.958 : 01.png - PSNR: 29.59 dB; SSIM: 0.7241 ; RE: 0.0855.
21-06-29 21:03:58.703 : 02.png - PSNR: 30.48 dB; SSIM: 0.8682 ; RE: 0.1510.
21-06-29 21:03:59.504 : 03.png - PSNR: 31.80 dB; SSIM: 0.8766 ; RE: 0.1143.
21-06-29 21:04:00.352 : 04.png - PSNR: 31.48 dB; SSIM: 0.5535 ; RE: 0.0919.
21-06-29 21:09:01.938 : testsets\Set
21-08-31 22:56:26.251 : 01.png - PSNR: 29.2783 dB; SSIM: 0.7245 ; RE: 0.0886.
21-08-31 22:56:30.514 : 02.png - PSNR: 30.6469 dB; SSIM: 0.8419 ; RE: 0.1480.
21-08-31 22:56:34.823 : 03.png - PSNR: 31.8722 dB; SSIM: 0.8428 ; RE: 0.1134.
21-08-31 22:56:39.093 : 04.png - PSNR: 29.7189 dB; SSIM: 0.5505 ; RE: 0.1125.
21-08-31 22:56:43.367 : 05.png - PSNR: 28.4540 dB; SSIM: 0.5619 ; RE: 0.1199.
21-08-31 22:56:47.697 : 06.png - PSNR: 28.7630 dB; SSIM: 0.7503 ; RE: 0.0758.
21-08-31 22:56:52.097 : 07.png - PSNR: 29.2749 dB; SSIM: 0.8365 ; RE: 0.0835.
21-08-31 22:56:56.311 : 08.png - PSNR: 29.8785 dB; SSIM: 0.5512 ; RE: 0.1560.
21-08-31 22:57:01.067 : 09.png - PSNR: 31.6020 dB; SSIM: 0.8554 ; RE: 0.0952.
21-08-31 22:57:05.480 : 10.png - PSNR: 29.2735 dB; SSIM: 0.7265 ; RE: 0.0781.
21-08-31 22:57:09.955 : 11.png - PSNR: 31.7437 dB; SSIM: 0.8306 ; RE: 0.0820.
21-08-31 22:57:14.187 : 12.png - PSNR: 29.5141 dB; SSIM: 0.7336 ; RE: 0.1243.
21-08-31 22:57:19.004 : 13.png - PSNR: 29.0019 dB; SSIM: 0.7289 ; RE: 0.0981.
21-08-31 22:57:23.366 : 15.png - PSNR: 28.4588 dB; SSIM: 0.8068 ; RE: 0.1274.
21-08-31 22:57:27.763 : 17.png - PSNR: 28.6314 dB; SSIM: 0.8281 ; RE: 0.0813.
21-08-31 22:57:32.040 : 18.png - PSNR: 27.4838 dB; SSIM: 0.6967 ; RE: 0.1432.
21-08-31 22:57:36.487 : 22.png - PSNR: 29.2205 dB; SSIM: 0.8175 ; RE: 0.1095.
21-08-31 22:57:36.487 : ------> testset_name: (Set), alpha: (0.500), Average PSNR:(29.577)dB, Average ssim : (0.746), Average re : (0.108) )
21-08-31 23:03:18.699 : 01.png - PSNR: 28.8975 dB; SSIM: 0.7137 ; RE: 0.0925.
21-08-31 23:03:23.408 : 02.png - PSNR: 29.8424 dB; SSIM: 0.8353 ; RE: 0.1624.
21-08-31 23:03:27.647 : 03.png - PSNR: 31.1855 dB; SSIM: 0.8300 ; RE: 0.1227.
21-08-31 23:03:32.009 : 04.png - PSNR: 29.2632 dB; SSIM: 0.5382 ; RE: 0.1186.
21-08-31 23:03:36.626 : 05.png - PSNR: 27.9415 dB; SSIM: 0.5450 ; RE: 0.1271.
21-08-31 23:03:41.466 : 06.png - PSNR: 28.3685 dB; SSIM: 0.7363 ; RE: 0.0793.
21-08-31 23:03:46.145 : 07.png - PSNR: 28.6365 dB; SSIM: 0.8249 ; RE: 0.0899.
21-08-31 23:03:50.352 : 08.png - PSNR: 29.3121 dB; SSIM: 0.5324 ; RE: 0.1665.
21-08-31 23:03:54.582 : 09.png - PSNR: 31.3246 dB; SSIM: 0.8535 ; RE: 0.0983.
21-08-31 23:03:58.788 : 10.png - PSNR: 28.9170 dB; SSIM: 0.7125 ; RE: 0.0814.
21-08-31 23:04:03.022 : 11.png - PSNR: 30.9461 dB; SSIM: 0.8142 ; RE: 0.0899.
21-08-31 23:04:07.249 : 12.png - PSNR: 29.0721 dB; SSIM: 0.7154 ; RE: 0.1308.
21-08-31 23:04:11.443 : 13.png - PSNR: 28.5182 dB; SSIM: 0.7098 ; RE: 0.1037.
21-08-31 23:04:15.648 : 15.png - PSNR: 27.9589 dB; SSIM: 0.7933 ; RE: 0.1349.
21-08-31 23:04:19.872 : 17.png - PSNR: 27.9890 dB; SSIM: 0.8160 ; RE: 0.0876.
21-08-31 23:04:24.077 : 18.png - PSNR: 26.5273 dB; SSIM: 0.6629 ; RE: 0.1599.
21-08-31 23:04:28.405 : 22.png - PSNR: 28.7065 dB; SSIM: 0.8046 ; RE: 0.1162.
21-08-31 23:04:28.406 : ------> testset_name: (Set), alpha: (0.500), Average PSNR:(29.024)dB, Average ssim : (0.732), Average re : (0.115) )
21-08-31 23:09:51.539 : 01.png - PSNR: 27.4453 dB; SSIM: 0.6880 ; RE: 0.1094.
21-08-31 23:09:55.779 : 02.png - PSNR: 27.2762 dB; SSIM: 0.7912 ; RE: 0.2182.
21-08-31 23:10:00.237 : 03.png - PSNR: 28.5411 dB; SSIM: 0.7677 ; RE: 0.1664.
21-08-31 23:10:04.608 : 04.png - PSNR: 28.5101 dB; SSIM: 0.5174 ; RE: 0.1293.
21-08-31 23:10:08.942 : 05.png - PSNR: 26.6573 dB; SSIM: 0.5080 ; RE: 0.1474.
21-08-31 23:10:13.171 : 06.png - PSNR: 26.9875 dB; SSIM: 0.6946 ; RE: 0.0930.
21-08-31 23:10:17.686 : 07.png - PSNR: 26.4446 dB; SSIM: 0.7724 ; RE: 0.1157.
21-08-31 23:10:22.118 : 08.png - PSNR: 28.5172 dB; SSIM: 0.5027 ; RE: 0.1825.
21-08-31 23:10:26.433 : 09.png - PSNR: 29.6391 dB; SSIM: 0.8139 ; RE: 0.1193.
21-08-31 23:10:30.663 : 10.png - PSNR: 27.9852 dB; SSIM: 0.7007 ; RE: 0.0906.
21-08-31 23:10:34.897 : 11.png - PSNR: 29.6500 dB; SSIM: 0.7914 ; RE: 0.1043.
21-08-31 23:10:39.117 : 12.png - PSNR: 28.7491 dB; SSIM: 0.7040 ; RE: 0.1358.
21-08-31 23:10:43.333 : 13.png - PSNR: 26.6193 dB; SSIM: 0.6469 ; RE: 0.1291.
21-08-31 23:10:47.574 : 15.png - PSNR: 25.8032 dB; SSIM: 0.7360 ; RE: 0.1729.
21-08-31 23:10:51.800 : 17.png - PSNR: 26.2434 dB; SSIM: 0.7779 ; RE: 0.1071.
21-08-31 23:10:56.036 : 18.png - PSNR: 23.9509 dB; SSIM: 0.5653 ; RE: 0.2151.
21-08-31 23:11:00.269 : 22.png - PSNR: 26.9722 dB; SSIM: 0.7514 ; RE: 0.1419.
21-08-31 23:11:00.269 : ------> testset_name: (Set), alpha: (0.500), Average PSNR:(27.411)dB, Average ssim : (0.690), Average re : (0.140) )
21-09-01 09:38:44.242 : 01.png - PSNR: 29.2783 dB; SSIM: 0.7245 ; RE: 0.0886.
21-09-01 09:38:48.648 : 02.png - PSNR: 30.6469 dB; SSIM: 0.8419 ; RE: 0.1480.
21-09-01 09:38:53.115 : 03.png - PSNR: 31.8722 dB; SSIM: 0.8428 ; RE: 0.1134.
21-09-01 09:38:57.515 : 04.png - PSNR: 29.7189 dB; SSIM: 0.5505 ; RE: 0.1125.
21-09-01 09:39:01.979 : 05.png - PSNR: 28.4540 dB; SSIM: 0.5619 ; RE: 0.1199.
21-09-01 09:39:06.509 : 06.png - PSNR: 28.7630 dB; SSIM: 0.7503 ; RE: 0.0758.
21-09-01 09:39:11.234 : 07.png - PSNR: 29.2749 dB; SSIM: 0.8365 ; RE: 0.0835.
21-09-01 09:39:15.733 : 08.png - PSNR: 29.8785 dB; SSIM: 0.5512 ; RE: 0.1560.
21-09-01 09:39:19.997 : 09.png - PSNR: 31.6020 dB; SSIM: 0.8554 ; RE: 0.0952.
21-09-01 09:39:24.513 : 10.png - PSNR: 29.2735 dB; SSIM: 0.7265 ; RE: 0.0781.
21-09-01 09:39:28.838 : 11.png - PSNR: 31.7437 dB; SSIM: 0.8306 ; RE: 0.0820.
21-09-01 09:39:33.224 : 12.png - PSNR: 29.5141 dB; SSIM: 0.7336 ; RE: 0.1243.
21-09-01 09:39:37.697 : 13.png - PSNR: 29.0019 dB; SSIM: 0.7289 ; RE: 0.0981.
21-09-01 09:39:42.361 : 15.png - PSNR: 28.4588 dB; SSIM: 0.8068 ; RE: 0.1274.
21-09-01 09:39:46.880 : 17.png - PSNR: 28.6314 dB; SSIM: 0.8281 ; RE: 0.0813.
21-09-01 09:39:51.369 : 18.png - PSNR: 27.4838 dB; SSIM: 0.6967 ; RE: 0.1432.
21-09-01 09:39:55.970 : 19.png - PSNR: 25.8323 dB; SSIM: 0.6519 ; RE: 0.1252.
21-09-01 09:40:00.516 : 20.png - PSNR: 24.9518 dB; SSIM: 0.6619 ; RE: 0.1391.
21-09-01 09:40:04.953 : 21.png - PSNR: 26.3186 dB; SSIM: 0.5453 ; RE: 0.1967.
21-09-01 09:40:09.559 : 22.png - PSNR: 29.2205 dB; SSIM: 0.8175 ; RE: 0.1095.
21-09-01 09:40:09.559 : ------> testset_name: (Set), alpha: (0.500), Average PSNR:(28.996)dB, Average ssim : (0.727), Average re : (0.115) )
21-09-01 09:44:57.526 : 01.png - PSNR: 29.2783 dB; SSIM: 0.7245 ; RE: 0.0886.
21-09-01 09:45:02.608 : 02.png - PSNR: 30.6469 dB; SSIM: 0.8419 ; RE: 0.1480.
21-09-01 09:45:07.803 : 03.png - PSNR: 31.8722 dB; SSIM: 0.8428 ; RE: 0.1134.
21-09-01 09:45:12.862 : 04.png - PSNR: 29.7189 dB; SSIM: 0.5505 ; RE: 0.1125.
21-09-01 09:45:17.904 : 05.png - PSNR: 28.4540 dB; SSIM: 0.5619 ; RE: 0.1199.
21-09-01 09:45:23.047 : 06.png - PSNR: 28.7630 dB; SSIM: 0.7503 ; RE: 0.0758.
21-09-01 09:45:28.098 : 07.png - PSNR: 29.2749 dB; SSIM: 0.8365 ; RE: 0.0835.
21-09-01 09:45:33.710 : 08.png - PSNR: 29.8785 dB; SSIM: 0.5512 ; RE: 0.1560.
21-09-01 09:45:36.498 : 01.png - PSNR: 30.85 dB; SSIM: 0.7261 ; RE: 0.0739.
21-09-01 09:45:40.330 : 09.png - PSNR: 31.6020 dB; SSIM: 0.8554 ; RE: 0.0952.
21-09-01 09:45:41.966 : 02.png - PSNR: 32.41 dB; SSIM: 0.8567 ; RE: 0.1208.
21-09-01 09:45:46.767 : 10.png - PSNR: 29.2735 dB; SSIM: 0.7265 ; RE: 0.0781.
21-09-01 09:45:47.418 : 03.png - PSNR: 33.27 dB; SSIM: 0.8565 ; RE: 0.0965.
21-09-01 09:45:53.207 : 04.png - PSNR: 31.16 dB; SSIM: 0.5383 ; RE: 0.0954.
21-09-01 09:45:53.210 : 11.png - PSNR: 31.7437 dB; SSIM: 0.8306 ; RE: 0.0820.
21-09-01 09:45:58.796 : 05.png - PSNR: 29.76 dB; SSIM: 0.5627 ; RE: 0.1031.
21-09-01 09:45:59.657 : 12.png - PSNR: 29.5141 dB; SSIM: 0.7336 ; RE: 0.1243.
21-09-01 09:46:04.227 : 06.png - PSNR: 30.18 dB; SSIM: 0.7793 ; RE: 0.0644.
21-09-01 09:46:06.146 : 13.png - PSNR: 29.0019 dB; SSIM: 0.7289 ; RE: 0.0981.
21-09-01 09:46:09.846 : 07.png - PSNR: 31.12 dB; SSIM: 0.8491 ; RE: 0.0675.
21-09-01 09:46:12.577 : 15.png - PSNR: 28.4588 dB; SSIM: 0.8068 ; RE: 0.1274.
21-09-01 09:46:15.280 : 08.png - PSNR: 31.15 dB; SSIM: 0.5471 ; RE: 0.1347.
21-09-01 09:46:19.169 : 16.png - PSNR: 27.1305 dB; SSIM: 0.6145 ; RE: 0.1121.
21-09-01 09:46:20.692 : 09.png - PSNR: 32.97 dB; SSIM: 0.8693 ; RE: 0.0813.
21-09-01 09:46:25.778 : 17.png - PSNR: 28.6314 dB; SSIM: 0.8281 ; RE: 0.0813.
21-09-01 09:46:25.985 : 10.png - PSNR: 29.85 dB; SSIM: 0.7373 ; RE: 0.0731.
21-09-01 09:46:31.619 : 11.png - PSNR: 32.52 dB; SSIM: 0.8275 ; RE: 0.0750.
21-09-01 09:46:32.242 : 18.png - PSNR: 27.4838 dB; SSIM: 0.6967 ; RE: 0.1432.
21-09-01 09:46:37.022 : 12.png - PSNR: 30.64 dB; SSIM: 0.7586 ; RE: 0.1092.
21-09-01 09:46:38.740 : 19.png - PSNR: 25.8323 dB; SSIM: 0.6519 ; RE: 0.1252.
21-09-01 09:46:42.443 : 13.png - PSNR: 30.46 dB; SSIM: 0.7600 ; RE: 0.0829.
21-09-01 09:46:45.175 : 20.png - PSNR: 24.9518 dB; SSIM: 0.6619 ; RE: 0.1391.
21-09-01 09:46:48.257 : 15.png - PSNR: 30.16 dB; SSIM: 0.8454 ; RE: 0.1047.
21-09-01 09:46:51.680 : 21.png - PSNR: 26.3186 dB; SSIM: 0.5453 ; RE: 0.1967.
21-09-01 09:46:53.830 : 16.png - PSNR: 28.03 dB; SSIM: 0.6514 ; RE: 0.1011.
21-09-01 09:46:58.265 : 22.png - PSNR: 29.2205 dB; SSIM: 0.8175 ; RE: 0.1095.
21-09-01 09:46:58.265 : ------> testset_name: (Set), alpha: (0.500), Average PSNR:(28.907)dB, Average ssim : (0.722), Average re : (0.115) )
21-09-01 09:46:58.802 : 17.png - PSNR: 30.44 dB; SSIM: 0.8540 ; RE: 0.0661.
21-09-01 09:47:05.214 : 18.png - PSNR: 29.65 dB; SSIM: 0.7280 ; RE: 0.1116.
21-09-01 09:47:12.245 : 19.png - PSNR: 27.71 dB; SSIM: 0.7041 ; RE: 0.1009.
21-09-01 09:47:19.191 : 20.png - PSNR: 26.94 dB; SSIM: 0.6943 ; RE: 0.1107.
21-09-01 09:47:26.227 : 21.png - PSNR: 28.15 dB; SSIM: 0.5720 ; RE: 0.1592.
21-09-01 09:47:33.188 : 22.png - PSNR: 30.69 dB; SSIM: 0.8410 ; RE: 0.0925.
21-09-01 09:47:33.188 : ------> testset_name: (Set), Average PSNR:(30.386)dB, Average ssim : (0.741), Average re : (0.096) )
21-09-01 09:55:57.635 : 01.png - PSNR: 28.8975 dB; SSIM: 0.7137 ; RE: 0.0925.
21-09-01 09:56:02.238 : 02.png - PSNR: 29.8424 dB; SSIM: 0.8353 ; RE: 0.1624.
21-09-01 09:56:06.627 : 03.png - PSNR: 31.1855 dB; SSIM: 0.8300 ; RE: 0.1227.
21-09-01 09:56:10.861 : 04.png - PSNR: 29.2632 dB; SSIM: 0.5382 ; RE: 0.1186.
21-09-01 09:56:15.104 : 05.png - PSNR: 27.9415 dB; SSIM: 0.5450 ; RE: 0.1271.
21-09-01 09:56:19.334 : 06.png - PSNR: 28.3685 dB; SSIM: 0.7363 ; RE: 0.0793.
21-09-01 09:56:23.590 : 07.png - PSNR: 28.6365 dB; SSIM: 0.8249 ; RE: 0.0899.
21-09-01 09:56:27.804 : 08.png - PSNR: 29.3121 dB; SSIM: 0.5324 ; RE: 0.1665.
21-09-01 09:56:32.035 : 09.png - PSNR: 31.3246 dB; SSIM: 0.8535 ; RE: 0.0983.
21-09-01 09:56:36.267 : 10.png - PSNR: 28.9170 dB; SSIM: 0.7125 ; RE: 0.0814.
21-09-01 09:56:40.614 : 11.png - PSNR: 30.9461 dB; SSIM: 0.8142 ; RE: 0.0899.
21-09-01 09:56:44.845 : 12.png - PSNR: 29.0721 dB; SSIM: 0.7154 ; RE: 0.1308.
21-09-01 09:56:49.086 : 13.png - PSNR: 28.5182 dB; SSIM: 0.7098 ; RE: 0.1037.
21-09-01 09:56:53.287 : 15.png - PSNR: 27.9589 dB; SSIM: 0.7933 ; RE: 0.1349.
21-09-01 09:56:57.490 : 16.png - PSNR: 26.8614 dB; SSIM: 0.5994 ; RE: 0.1156.
21-09-01 09:57:01.724 : 17.png - PSNR: 27.9890 dB; SSIM: 0.8160 ; RE: 0.0876.
21-09-01 09:57:05.933 : 18.png - PSNR: 26.5273 dB; SSIM: 0.6629 ; RE: 0.1599.
21-09-01 09:57:10.137 : 19.png - PSNR: 25.1856 dB; SSIM: 0.6265 ; RE: 0.1349.
21-09-01 09:57:14.364 : 20.png - PSNR: 24.0274 dB; SSIM: 0.6346 ; RE: 0.1548.
21-09-01 09:57:18.562 : 21.png - PSNR: 25.6604 dB; SSIM: 0.5253 ; RE: 0.2121.
21-09-01 09:57:22.794 : 22.png - PSNR: 28.7065 dB; SSIM: 0.8046 ; RE: 0.1162.
21-09-01 09:57:22.794 : ------> testset_name: (Set), alpha: (0.500), Average PSNR:(28.340)dB, Average ssim : (0.706), Average re : (0.123) )
21-09-01 10:04:17.142 : 01.png - PSNR: 27.4453 dB; SSIM: 0.6880 ; RE: 0.1094.
21-09-01 10:04:21.881 : 02.png - PSNR: 27.2762 dB; SSIM: 0.7912 ; RE: 0.2182.
21-09-01 10:04:26.602 : 03.png - PSNR: 28.5411 dB; SSIM: 0.7677 ; RE: 0.1664.
21-09-01 10:04:31.189 : 04.png - PSNR: 28.5101 dB; SSIM: 0.5174 ; RE: 0.1293.
21-09-01 10:04:35.745 : 05.png - PSNR: 26.6573 dB; SSIM: 0.5080 ; RE: 0.1474.
21-09-01 10:04:40.441 : 06.png - PSNR: 26.9875 dB; SSIM: 0.6946 ; RE: 0.0930.
21-09-01 10:04:45.037 : 07.png - PSNR: 26.4446 dB; SSIM: 0.7724 ; RE: 0.1157.
21-09-01 10:04:49.273 : 08.png - PSNR: 28.5172 dB; SSIM: 0.5027 ; RE: 0.1825.
21-09-01 10:04:53.733 : 09.png - PSNR: 29.6391 dB; SSIM: 0.8139 ; RE: 0.1193.
21-09-01 10:04:58.143 : 10.png - PSNR: 27.9852 dB; SSIM: 0.7007 ; RE: 0.0906.
21-09-01 10:05:02.439 : 11.png - PSNR: 29.6500 dB; SSIM: 0.7914 ; RE: 0.1043.
21-09-01 10:05:06.705 : 12.png - PSNR: 28.7491 dB; SSIM: 0.7040 ; RE: 0.1358.
21-09-01 10:05:11.095 : 13.png - PSNR: 26.6193 dB; SSIM: 0.6469 ; RE: 0.1291.
21-09-01 10:05:15.406 : 15.png - PSNR: 25.8032 dB; SSIM: 0.7360 ; RE: 0.1729.
21-09-01 10:05:19.650 : 16.png - PSNR: 25.8898 dB; SSIM: 0.5819 ; RE: 0.1293.
21-09-01 10:05:23.879 : 17.png - PSNR: 26.2434 dB; SSIM: 0.7779 ; RE: 0.1071.
21-09-01 10:09:56.872 : 01.png - PSNR: 29.2783 dB; SSIM: 0.7245 ; RE: 0.0886.
21-09-01 10:10:00.998 : 02.png - PSNR: 30.6469 dB; SSIM: 0.8419 ; RE: 0.1480.
21-09-01 10:10:05.109 : 03.png - PSNR: 31.8722 dB; SSIM: 0.8428 ; RE: 0.1134.
21-09-01 10:10:09.231 : 04.png - PSNR: 29.7189 dB; SSIM: 0.5505 ; RE: 0.1125.
21-09-01 10:10:13.366 : 06.png - PSNR: 28.7630 dB; SSIM: 0.7503 ; RE: 0.0758.
21-09-01 10:10:17.479 : 07.png - PSNR: 29.2749 dB; SSIM: 0.8365 ; RE: 0.0835.
21-09-01 10:10:21.595 : 08.png - PSNR: 29.8785 dB; SSIM: 0.5512 ; RE: 0.1560.
21-09-01 10:10:25.713 : 09.png - PSNR: 31.6020 dB; SSIM: 0.8554 ; RE: 0.0952.
21-09-01 10:10:29.818 : 10.png - PSNR: 29.2735 dB; SSIM: 0.7265 ; RE: 0.0781.
21-09-01 10:10:33.940 : 11.png - PSNR: 31.7437 dB; SSIM: 0.8306 ; RE: 0.0820.
21-09-01 10:10:38.066 : 12.png - PSNR: 29.5141 dB; SSIM: 0.7336 ; RE: 0.1243.
21-09-01 10:10:42.218 : 13.png - PSNR: 29.0019 dB; SSIM: 0.7289 ; RE: 0.0981.
21-09-01 10:10:46.407 : 15.png - PSNR: 28.4588 dB; SSIM: 0.8068 ; RE: 0.1274.
21-09-01 10:10:50.528 : 17.png - PSNR: 28.6314 dB; SSIM: 0.8281 ; RE: 0.0813.
21-09-01 10:10:54.681 : 22.png - PSNR: 29.2205 dB; SSIM: 0.8175 ; RE: 0.1095.
21-09-01 10:10:54.681 : ------> testset_name: (Set), alpha: (0.500), Average PSNR:(29.792)dB, Average ssim : (0.762), Average re : (0.105) )
21-09-01 10:15:40.458 : 01.png - PSNR: 28.8975 dB; SSIM: 0.7137 ; RE: 0.0925.
21-09-01 10:15:44.632 : 02.png - PSNR: 29.8424 dB; SSIM: 0.8353 ; RE: 0.1624.
21-09-01 10:15:48.835 : 03.png - PSNR: 31.1855 dB; SSIM: 0.8300 ; RE: 0.1227.
21-09-01 10:15:53.025 : 04.png - PSNR: 29.2632 dB; SSIM: 0.5382 ; RE: 0.1186.
21-09-01 10:15:57.235 : 06.png - PSNR: 28.3685 dB; SSIM: 0.7363 ; RE: 0.0793.
21-09-01 10:16:01.414 : 07.png - PSNR: 28.6365 dB; SSIM: 0.8249 ; RE: 0.0899.
21-09-01 10:16:05.604 : 08.png - PSNR: 29.3121 dB; SSIM: 0.5324 ; RE: 0.1665.
21-09-01 10:16:09.804 : 09.png - PSNR: 31.3246 dB; SSIM: 0.8535 ; RE: 0.0983.
21-09-01 10:16:13.988 : 10.png - PSNR: 28.9170 dB; SSIM: 0.7125 ; RE: 0.0814.
21-09-01 10:16:18.187 : 11.png - PSNR: 30.9461 dB; SSIM: 0.8142 ; RE: 0.0899.
21-09-01 10:16:22.365 : 12.png - PSNR: 29.0721 dB; SSIM: 0.7154 ; RE: 0.1308.
21-09-01 10:16:26.568 : 13.png - PSNR: 28.5182 dB; SSIM: 0.7098 ; RE: 0.1037.
21-09-01 10:16:30.757 : 15.png - PSNR: 27.9589 dB; SSIM: 0.7933 ; RE: 0.1349.
21-09-01 10:16:34.953 : 17.png - PSNR: 27.9890 dB; SSIM: 0.8160 ; RE: 0.0876.
21-09-01 10:16:39.159 : 22.png - PSNR: 28.7065 dB; SSIM: 0.8046 ; RE: 0.1162.
21-09-01 10:16:39.159 : ------> testset_name: (Set), alpha: (0.500), Average PSNR:(29.263)dB, Average ssim : (0.749), Average re : (0.112) )
21-09-01 10:21:22.788 : 01.png - PSNR: 27.4453 dB; SSIM: 0.6880 ; RE: 0.1094.
21-09-01 10:21:27.015 : 02.png - PSNR: 27.2762 dB; SSIM: 0.7912 ; RE: 0.2182.
21-09-01 10:21:31.240 : 03.png - PSNR: 28.5411 dB; SSIM: 0.7677 ; RE: 0.1664.
21-09-01 10:21:35.433 : 04.png - PSNR: 28.5101 dB; SSIM: 0.5174 ; RE: 0.1293.
21-09-01 10:21:39.656 : 06.png - PSNR: 26.9875 dB; SSIM: 0.6946 ; RE: 0.0930.
21-09-01 10:21:43.868 : 07.png - PSNR: 26.4446 dB; SSIM: 0.7724 ; RE: 0.1157.
21-09-01 10:21:48.082 : 08.png - PSNR: 28.5172 dB; SSIM: 0.5027 ; RE: 0.1825.
21-09-01 10:21:52.284 : 09.png - PSNR: 29.6391 dB; SSIM: 0.8139 ; RE: 0.1193.
21-09-01 10:21:56.484 : 10.png - PSNR: 27.9852 dB; SSIM: 0.7007 ; RE: 0.0906.
21-09-01 10:22:00.675 : 11.png - PSNR: 29.6500 dB; SSIM: 0.7914 ; RE: 0.1043.
21-09-01 10:22:04.904 : 12.png - PSNR: 28.7491 dB; SSIM: 0.7040 ; RE: 0.1358.
21-09-01 10:22:09.113 : 13.png - PSNR: 26.6193 dB; SSIM: 0.6469 ; RE: 0.1291.
21-09-01 10:22:13.317 : 15.png - PSNR: 25.8032 dB; SSIM: 0.7360 ; RE: 0.1729.
21-09-01 10:22:17.523 : 17.png - PSNR: 26.2434 dB; SSIM: 0.7779 ; RE: 0.1071.
21-09-01 10:22:21.743 : 22.png - PSNR: 26.9722 dB; SSIM: 0.7514 ; RE: 0.1419.
21-09-01 10:22:21.743 : ------> testset_name: (Set), alpha: (0.500), Average PSNR:(27.692)dB, Average ssim : (0.710), Average re : (0.134) )
21-09-01 10:41:39.833 : 01.png - PSNR: 30.85 dB; SSIM: 0.7261 ; RE: 0.0739.
21-09-01 10:41:42.005 : 02.png - PSNR: 32.41 dB; SSIM: 0.8567 ; RE: 0.1208.
21-09-01 10:41:44.204 : 03.png - PSNR: 33.27 dB; SSIM: 0.8565 ; RE: 0.0965.
21-09-01 10:41:46.389 : 04.png - PSNR: 31.16 dB; SSIM: 0.5383 ; RE: 0.0954.
21-09-01 10:41:48.557 : 06.png - PSNR: 30.18 dB; SSIM: 0.7793 ; RE: 0.0644.
21-09-01 10:41:50.748 : 07.png - PSNR: 31.12 dB; SSIM: 0.8491 ; RE: 0.0675.
21-09-01 10:41:52.935 : 08.png - PSNR: 31.15 dB; SSIM: 0.5471 ; RE: 0.1347.
21-09-01 10:41:55.166 : 09.png - PSNR: 32.97 dB; SSIM: 0.8693 ; RE: 0.0813.
21-09-01 10:41:57.350 : 10.png - PSNR: 29.85 dB; SSIM: 0.7373 ; RE: 0.0731.
21-09-01 10:41:59.529 : 11.png - PSNR: 32.52 dB; SSIM: 0.8275 ; RE: 0.0750.
21-09-01 10:42:01.718 : 12.png - PSNR: 30.64 dB; SSIM: 0.7586 ; RE: 0.1092.
21-09-01 10:42:03.967 : 13.png - PSNR: 30.46 dB; SSIM: 0.7600 ; RE: 0.0829.
21-09-01 10:42:06.157 : 15.png - PSNR: 30.16 dB; SSIM: 0.8454 ; RE: 0.1047.
21-09-01 10:42:08.388 : 17.png - PSNR: 30.44 dB; SSIM: 0.8540 ; RE: 0.0661.
21-09-01 10:42:10.582 : 22.png - PSNR: 30.69 dB; SSIM: 0.8410 ; RE: 0.0925.
21-09-01 10:42:10.582 : ------> testset_name: (Set), Average PSNR:(31.191)dB, Average ssim : (0.776), Average re : (0.089) )
21-09-01 11:18:05.030 : 01.png - PSNR: 30.2212 dB; SSIM: 0.7490 ; RE: 0.0795.
21-09-01 11:18:09.124 : 02.png - PSNR: 31.4168 dB; SSIM: 0.8557 ; RE: 0.1355.
21-09-01 11:18:13.179 : 03.png - PSNR: 32.5024 dB; SSIM: 0.8554 ; RE: 0.1054.
21-09-01 11:18:17.294 : 04.png - PSNR: 31.0959 dB; SSIM: 0.5727 ; RE: 0.0960.
21-09-01 11:18:21.404 : 06.png - PSNR: 29.3522 dB; SSIM: 0.7653 ; RE: 0.0708.
21-09-01 11:18:25.504 : 07.png - PSNR: 30.0147 dB; SSIM: 0.8512 ; RE: 0.0767.
21-09-01 11:18:29.597 : 08.png - PSNR: 30.9933 dB; SSIM: 0.5720 ; RE: 0.1372.
21-09-01 11:18:33.678 : 09.png - PSNR: 32.3216 dB; SSIM: 0.8691 ; RE: 0.0876.
21-09-01 11:18:37.796 : 10.png - PSNR: 29.5234 dB; SSIM: 0.7324 ; RE: 0.0759.
21-09-01 11:18:41.949 : 11.png - PSNR: 32.1570 dB; SSIM: 0.8360 ; RE: 0.0782.
21-09-01 11:18:46.072 : 12.png - PSNR: 30.0496 dB; SSIM: 0.7474 ; RE: 0.1169.
21-09-01 11:18:50.215 : 13.png - PSNR: 29.6272 dB; SSIM: 0.7436 ; RE: 0.0913.
21-09-01 11:18:54.334 : 15.png - PSNR: 28.9580 dB; SSIM: 0.8199 ; RE: 0.1202.
21-09-01 11:18:58.456 : 17.png - PSNR: 29.2906 dB; SSIM: 0.8433 ; RE: 0.0754.
21-09-01 11:19:02.602 : 22.png - PSNR: 29.7752 dB; SSIM: 0.8312 ; RE: 0.1028.
21-09-01 11:19:02.602 : ------> testset_name: (Set), alpha: (0.600), Average PSNR:(30.487)dB, Average ssim : (0.776), Average re : (0.097) )
21-09-01 11:23:59.205 : 01.png - PSNR: 29.2960 dB; SSIM: 0.7257 ; RE: 0.0884.
21-09-01 11:24:03.464 : 02.png - PSNR: 30.6681 dB; SSIM: 0.8420 ; RE: 0.1477.
21-09-01 11:24:07.673 : 03.png - PSNR: 31.8570 dB; SSIM: 0.8425 ; RE: 0.1136.
21-09-01 11:24:11.897 : 04.png - PSNR: 29.5714 dB; SSIM: 0.5466 ; RE: 0.1144.
21-09-01 11:24:16.129 : 06.png - PSNR: 28.7690 dB; SSIM: 0.7503 ; RE: 0.0757.
21-09-01 11:24:20.367 : 07.png - PSNR: 29.2558 dB; SSIM: 0.8367 ; RE: 0.0837.
21-09-01 11:24:24.593 : 08.png - PSNR: 29.8767 dB; SSIM: 0.5507 ; RE: 0.1560.
21-09-01 11:24:28.820 : 09.png - PSNR: 31.5962 dB; SSIM: 0.8545 ; RE: 0.0953.
21-09-01 11:24:33.048 : 10.png - PSNR: 29.2701 dB; SSIM: 0.7264 ; RE: 0.0781.
21-09-01 11:24:37.278 : 11.png - PSNR: 31.7652 dB; SSIM: 0.8306 ; RE: 0.0818.
21-09-01 11:24:41.498 : 12.png - PSNR: 29.4973 dB; SSIM: 0.7344 ; RE: 0.1246.
21-09-01 11:24:45.744 : 13.png - PSNR: 28.9480 dB; SSIM: 0.7288 ; RE: 0.0987.
21-09-01 11:24:49.952 : 15.png - PSNR: 28.4389 dB; SSIM: 0.8059 ; RE: 0.1276.
21-09-01 11:24:54.152 : 17.png - PSNR: 28.6183 dB; SSIM: 0.8274 ; RE: 0.0815.
21-09-01 11:24:58.358 : 22.png - PSNR: 29.2231 dB; SSIM: 0.8181 ; RE: 0.1095.
21-09-01 11:24:58.358 : ------> testset_name: (Set), alpha: (0.500), Average PSNR:(29.777)dB, Average ssim : (0.761), Average re : (0.105) )
21-09-01 11:29:45.608 : 01.png - PSNR: 28.8482 dB; SSIM: 0.7131 ; RE: 0.0931.
21-09-01 11:29:49.864 : 02.png - PSNR: 29.8033 dB; SSIM: 0.8342 ; RE: 0.1631.
21-09-01 11:29:54.145 : 03.png - PSNR: 31.1727 dB; SSIM: 0.8297 ; RE: 0.1229.
21-09-01 11:29:58.404 : 04.png - PSNR: 29.3630 dB; SSIM: 0.5399 ; RE: 0.1172.
21-09-01 11:30:02.651 : 06.png - PSNR: 28.3277 dB; SSIM: 0.7362 ; RE: 0.0797.
21-09-01 11:30:06.883 : 07.png - PSNR: 28.6504 dB; SSIM: 0.8251 ; RE: 0.0898.
21-09-01 11:30:11.160 : 08.png - PSNR: 29.2204 dB; SSIM: 0.5326 ; RE: 0.1683.
21-09-01 11:30:15.397 : 09.png - PSNR: 31.3413 dB; SSIM: 0.8543 ; RE: 0.0981.
21-09-01 11:30:19.631 : 10.png - PSNR: 28.9106 dB; SSIM: 0.7119 ; RE: 0.0814.
21-09-01 11:30:23.878 : 11.png - PSNR: 30.9685 dB; SSIM: 0.8150 ; RE: 0.0896.
21-09-01 11:30:28.121 : 12.png - PSNR: 29.0534 dB; SSIM: 0.7137 ; RE: 0.1311.
21-09-01 11:30:32.368 : 13.png - PSNR: 28.5257 dB; SSIM: 0.7093 ; RE: 0.1036.
21-09-01 11:30:36.623 : 15.png - PSNR: 27.9431 dB; SSIM: 0.7928 ; RE: 0.1351.
21-09-01 11:30:40.879 : 17.png - PSNR: 27.9792 dB; SSIM: 0.8163 ; RE: 0.0877.
21-09-01 11:30:45.126 : 22.png - PSNR: 28.6943 dB; SSIM: 0.8033 ; RE: 0.1164.
21-09-01 11:30:45.127 : ------> testset_name: (Set), alpha: (0.500), Average PSNR:(29.253)dB, Average ssim : (0.748), Average re : (0.112) )
21-09-01 11:35:32.169 : 01.png - PSNR: 27.4215 dB; SSIM: 0.6862 ; RE: 0.1097.
21-09-01 11:35:36.431 : 02.png - PSNR: 27.2689 dB; SSIM: 0.7914 ; RE: 0.2184.
21-09-01 11:35:40.691 : 03.png - PSNR: 28.5320 dB; SSIM: 0.7674 ; RE: 0.1665.
21-09-01 11:35:44.956 : 04.png - PSNR: 28.4485 dB; SSIM: 0.5180 ; RE: 0.1302.
21-09-01 11:35:49.233 : 06.png - PSNR: 27.0474 dB; SSIM: 0.6967 ; RE: 0.0923.
21-09-01 11:35:53.503 : 07.png - PSNR: 26.3811 dB; SSIM: 0.7689 ; RE: 0.1166.
21-09-01 11:35:57.752 : 08.png - PSNR: 28.5065 dB; SSIM: 0.5047 ; RE: 0.1827.
21-09-01 11:36:02.018 : 09.png - PSNR: 29.6254 dB; SSIM: 0.8132 ; RE: 0.1195.
21-09-01 11:36:06.264 : 10.png - PSNR: 27.9885 dB; SSIM: 0.7005 ; RE: 0.0906.
21-09-01 11:36:10.549 : 11.png - PSNR: 29.6037 dB; SSIM: 0.7890 ; RE: 0.1049.
21-09-01 11:36:14.812 : 12.png - PSNR: 28.6793 dB; SSIM: 0.7032 ; RE: 0.1369.
21-09-01 11:36:19.042 : 13.png - PSNR: 26.6076 dB; SSIM: 0.6465 ; RE: 0.1292.
21-09-01 11:36:23.288 : 15.png - PSNR: 25.7933 dB; SSIM: 0.7359 ; RE: 0.1731.
21-09-01 11:36:27.557 : 17.png - PSNR: 26.2316 dB; SSIM: 0.7768 ; RE: 0.1072.
21-09-01 11:36:31.812 : 22.png - PSNR: 26.9607 dB; SSIM: 0.7509 ; RE: 0.1421.
21-09-01 11:36:31.812 : ------> testset_name: (Set), alpha: (0.500), Average PSNR:(27.673)dB, Average ssim : (0.710), Average re : (0.135) )
21-09-01 12:06:59.859 : 01.png - PSNR: 29.3411 dB; SSIM: 0.7245 ; RE: 0.0879.
21-09-01 12:07:03.922 : 02.png - PSNR: 30.6829 dB; SSIM: 0.8430 ; RE: 0.1474.
21-09-01 12:07:07.992 : 03.png - PSNR: 31.9038 dB; SSIM: 0.8434 ; RE: 0.1130.
21-09-01 12:07:12.083 : 04.png - PSNR: 29.5649 dB; SSIM: 0.5463 ; RE: 0.1145.
21-09-01 12:07:16.167 : 06.png - PSNR: 28.7314 dB; SSIM: 0.7502 ; RE: 0.0760.
21-09-01 12:07:20.252 : 07.png - PSNR: 29.3291 dB; SSIM: 0.8362 ; RE: 0.0830.
21-09-01 12:07:24.339 : 08.png - PSNR: 29.7909 dB; SSIM: 0.5499 ; RE: 0.1576.
21-09-01 12:07:28.449 : 09.png - PSNR: 31.6184 dB; SSIM: 0.8556 ; RE: 0.0950.
21-09-01 12:07:32.539 : 10.png - PSNR: 29.2627 dB; SSIM: 0.7264 ; RE: 0.0782.
21-09-01 12:07:36.653 : 11.png - PSNR: 31.7648 dB; SSIM: 0.8302 ; RE: 0.0818.
21-09-01 12:07:40.774 : 12.png - PSNR: 29.5348 dB; SSIM: 0.7353 ; RE: 0.1240.
21-09-01 12:07:44.925 : 13.png - PSNR: 28.9727 dB; SSIM: 0.7287 ; RE: 0.0984.
21-09-01 12:07:49.043 : 15.png - PSNR: 28.4850 dB; SSIM: 0.8075 ; RE: 0.1270.
21-09-01 12:07:53.192 : 17.png - PSNR: 28.6914 dB; SSIM: 0.8296 ; RE: 0.0808.
21-09-01 12:07:57.330 : 22.png - PSNR: 29.2324 dB; SSIM: 0.8175 ; RE: 0.1094.
21-09-01 12:07:57.330 : ------> testset_name: (Set), alpha: (0.500), Average PSNR:(29.794)dB, Average ssim : (0.762), Average re : (0.105) )
21-09-01 12:12:42.272 : 01.png - PSNR: 28.7117 dB; SSIM: 0.7092 ; RE: 0.0945.
21-09-01 12:12:46.517 : 02.png - PSNR: 29.8379 dB; SSIM: 0.8350 ; RE: 0.1625.
21-09-01 12:12:50.756 : 03.png - PSNR: 31.2134 dB; SSIM: 0.8306 ; RE: 0.1223.
21-09-01 12:12:55.028 : 04.png - PSNR: 29.3517 dB; SSIM: 0.5406 ; RE: 0.1174.
21-09-01 12:12:59.319 : 06.png - PSNR: 28.3471 dB; SSIM: 0.7364 ; RE: 0.0795.
21-09-01 12:13:03.673 : 07.png - PSNR: 28.7550 dB; SSIM: 0.8279 ; RE: 0.0887.
21-09-01 12:13:07.897 : 08.png - PSNR: 29.2788 dB; SSIM: 0.5329 ; RE: 0.1672.
21-09-01 12:13:12.238 : 09.png - PSNR: 31.3187 dB; SSIM: 0.8519 ; RE: 0.0983.
21-09-01 12:13:16.516 : 10.png - PSNR: 28.9188 dB; SSIM: 0.7115 ; RE: 0.0814.
21-09-01 12:13:20.743 : 11.png - PSNR: 31.0009 dB; SSIM: 0.8149 ; RE: 0.0893.
21-09-01 12:13:24.996 : 12.png - PSNR: 29.0616 dB; SSIM: 0.7157 ; RE: 0.1310.
21-09-01 12:13:29.225 : 13.png - PSNR: 28.5081 dB; SSIM: 0.7094 ; RE: 0.1038.
21-09-01 12:13:33.461 : 15.png - PSNR: 27.9775 dB; SSIM: 0.7936 ; RE: 0.1346.
21-09-01 12:13:37.714 : 17.png - PSNR: 27.9825 dB; SSIM: 0.8151 ; RE: 0.0876.
21-09-01 12:13:41.970 : 22.png - PSNR: 28.7124 dB; SSIM: 0.8046 ; RE: 0.1161.
21-09-01 12:13:41.970 : ------> testset_name: (Set), alpha: (0.500), Average PSNR:(29.265)dB, Average ssim : (0.749), Average re : (0.112) )
21-09-01 12:18:28.203 : 01.png - PSNR: 27.5158 dB; SSIM: 0.6906 ; RE: 0.1085.
21-09-01 12:18:32.478 : 02.png - PSNR: 27.3234 dB; SSIM: 0.7922 ; RE: 0.2170.
21-09-01 12:18:36.718 : 03.png - PSNR: 28.5588 dB; SSIM: 0.7682 ; RE: 0.1660.
21-09-01 12:18:41.003 : 04.png - PSNR: 28.4144 dB; SSIM: 0.5165 ; RE: 0.1307.
21-09-01 12:18:45.276 : 06.png - PSNR: 27.0274 dB; SSIM: 0.6951 ; RE: 0.0925.
21-09-01 12:18:49.536 : 07.png - PSNR: 26.4190 dB; SSIM: 0.7708 ; RE: 0.1161.
21-09-01 12:18:53.799 : 08.png - PSNR: 28.5701 dB; SSIM: 0.5034 ; RE: 0.1814.
21-09-01 12:18:58.049 : 09.png - PSNR: 29.6510 dB; SSIM: 0.8129 ; RE: 0.1192.
21-09-01 12:19:02.329 : 10.png - PSNR: 28.0166 dB; SSIM: 0.7027 ; RE: 0.0903.
21-09-01 12:19:06.605 : 11.png - PSNR: 29.7075 dB; SSIM: 0.7940 ; RE: 0.1036.
21-09-01 12:19:10.851 : 12.png - PSNR: 28.7045 dB; SSIM: 0.7033 ; RE: 0.1365.
21-09-01 12:19:15.105 : 13.png - PSNR: 26.6335 dB; SSIM: 0.6464 ; RE: 0.1289.
21-09-01 12:19:19.355 : 15.png - PSNR: 25.8248 dB; SSIM: 0.7367 ; RE: 0.1725.
21-09-01 12:19:23.606 : 17.png - PSNR: 26.2638 dB; SSIM: 0.7780 ; RE: 0.1068.
21-09-01 12:19:27.847 : 22.png - PSNR: 26.9746 dB; SSIM: 0.7500 ; RE: 0.1419.
21-09-01 12:19:27.847 : ------> testset_name: (Set), alpha: (0.500), Average PSNR:(27.707)dB, Average ssim : (0.711), Average re : (0.134) )
21-09-01 12:35:07.367 : 01.png - PSNR: 29.2585 dB; SSIM: 0.7223 ; RE: 0.0888.
21-09-01 12:35:11.655 : 02.png - PSNR: 30.6335 dB; SSIM: 0.8418 ; RE: 0.1483.
21-09-01 12:35:15.917 : 03.png - PSNR: 31.8889 dB; SSIM: 0.8431 ; RE: 0.1132.
21-09-01 12:35:20.175 : 04.png - PSNR: 29.5162 dB; SSIM: 0.5465 ; RE: 0.1152.
21-09-01 12:35:24.586 : 06.png - PSNR: 28.8172 dB; SSIM: 0.7510 ; RE: 0.0753.
21-09-01 12:35:28.922 : 07.png - PSNR: 29.2938 dB; SSIM: 0.8358 ; RE: 0.0834.
21-09-01 12:35:33.130 : 08.png - PSNR: 29.8032 dB; SSIM: 0.5507 ; RE: 0.1574.
21-09-01 12:35:37.344 : 09.png - PSNR: 31.5725 dB; SSIM: 0.8541 ; RE: 0.0955.
21-09-01 12:35:41.589 : 10.png - PSNR: 29.2507 dB; SSIM: 0.7263 ; RE: 0.0783.
21-09-01 12:35:45.997 : 11.png - PSNR: 31.7420 dB; SSIM: 0.8302 ; RE: 0.0820.
21-09-01 12:35:50.327 : 12.png - PSNR: 29.4906 dB; SSIM: 0.7343 ; RE: 0.1247.
21-09-01 12:35:54.493 : 13.png - PSNR: 28.9274 dB; SSIM: 0.7281 ; RE: 0.0990.
21-09-01 12:35:58.866 : 15.png - PSNR: 28.4691 dB; SSIM: 0.8069 ; RE: 0.1272.
21-09-01 12:36:03.462 : 17.png - PSNR: 28.6683 dB; SSIM: 0.8283 ; RE: 0.0810.
21-09-01 12:36:07.678 : 22.png - PSNR: 29.2382 dB; SSIM: 0.8186 ; RE: 0.1093.
21-09-01 12:36:07.678 : ------> testset_name: (Set), alpha: (0.500), Average PSNR:(29.771)dB, Average ssim : (0.761), Average re : (0.105) )
21-09-01 12:38:48.752 : 01.png - PSNR: 29.2783 dB; SSIM: 0.7245 ; RE: 0.0886.
21-09-01 12:38:53.000 : 02.png - PSNR: 30.6469 dB; SSIM: 0.8419 ; RE: 0.1480.
21-09-01 12:38:57.233 : 03.png - PSNR: 31.8722 dB; SSIM: 0.8428 ; RE: 0.1134.
21-09-01 12:39:01.497 : 04.png - PSNR: 29.7189 dB; SSIM: 0.5505 ; RE: 0.1125.
21-09-01 12:39:05.720 : 06.png - PSNR: 28.7630 dB; SSIM: 0.7503 ; RE: 0.0758.
21-09-01 12:39:09.976 : 07.png - PSNR: 29.2749 dB; SSIM: 0.8365 ; RE: 0.0835.
21-09-01 12:39:14.225 : 08.png - PSNR: 29.8785 dB; SSIM: 0.5512 ; RE: 0.1560.
21-09-01 12:39:18.454 : 09.png - PSNR: 31.6020 dB; SSIM: 0.8554 ; RE: 0.0952.
21-09-01 12:39:22.701 : 10.png - PSNR: 29.2735 dB; SSIM: 0.7265 ; RE: 0.0781.
21-09-01 12:39:26.906 : 11.png - PSNR: 31.7437 dB; SSIM: 0.8306 ; RE: 0.0820.
21-09-01 12:39:31.192 : 12.png - PSNR: 29.5141 dB; SSIM: 0.7336 ; RE: 0.1243.
21-09-01 12:39:35.462 : 13.png - PSNR: 29.0019 dB; SSIM: 0.7289 ; RE: 0.0981.
21-09-01 12:39:39.704 : 15.png - PSNR: 28.4588 dB; SSIM: 0.8068 ; RE: 0.1274.
21-09-01 12:39:43.956 : 17.png - PSNR: 28.6314 dB; SSIM: 0.8281 ; RE: 0.0813.
21-09-01 12:39:48.194 : 22.png - PSNR: 29.2205 dB; SSIM: 0.8175 ; RE: 0.1095.
21-09-01 12:39:48.194 : ------> testset_name: (Set), alpha: (0.500), Average PSNR:(29.792)dB, Average ssim : (0.762), Average re : (0.105) )
21-09-01 12:47:07.263 : 01.png - PSNR: 29.2908 dB; SSIM: 0.7250 ; RE: 0.0884.
21-09-01 12:47:11.370 : 02.png - PSNR: 30.6548 dB; SSIM: 0.8422 ; RE: 0.1479.
21-09-01 12:47:15.497 : 03.png - PSNR: 31.8815 dB; SSIM: 0.8430 ; RE: 0.1133.
21-09-01 12:47:19.627 : 04.png - PSNR: 29.7602 dB; SSIM: 0.5487 ; RE: 0.1120.
21-09-01 12:47:23.767 : 06.png - PSNR: 28.8177 dB; SSIM: 0.7514 ; RE: 0.0753.
21-09-01 12:47:27.918 : 07.png - PSNR: 29.2672 dB; SSIM: 0.8348 ; RE: 0.0836.
21-09-01 12:47:32.091 : 08.png - PSNR: 29.9275 dB; SSIM: 0.5524 ; RE: 0.1551.
21-09-01 12:47:36.242 : 09.png - PSNR: 31.5954 dB; SSIM: 0.8555 ; RE: 0.0953.
21-09-01 12:47:40.395 : 10.png - PSNR: 29.2776 dB; SSIM: 0.7267 ; RE: 0.0781.
21-09-01 12:47:44.572 : 11.png - PSNR: 31.6892 dB; SSIM: 0.8291 ; RE: 0.0825.
21-09-01 12:47:48.725 : 12.png - PSNR: 29.4743 dB; SSIM: 0.7336 ; RE: 0.1249.
21-09-01 12:47:52.896 : 13.png - PSNR: 29.0179 dB; SSIM: 0.7299 ; RE: 0.0979.
21-09-01 12:47:57.033 : 15.png - PSNR: 28.4658 dB; SSIM: 0.8068 ; RE: 0.1273.
21-09-01 12:48:01.282 : 17.png - PSNR: 28.6426 dB; SSIM: 0.8283 ; RE: 0.0812.
21-09-01 12:48:05.472 : 22.png - PSNR: 29.2528 dB; SSIM: 0.8184 ; RE: 0.1091.
21-09-01 12:48:05.472 : ------> testset_name: (Set), alpha: (0.500), Average PSNR:(29.801)dB, Average ssim : (0.762), Average re : (0.105) )
21-09-01 12:55:38.234 : 01.png - PSNR: 29.2303 dB; SSIM: 0.7227 ; RE: 0.0891.
21-09-01 12:55:42.346 : 02.png - PSNR: 30.6907 dB; SSIM: 0.8428 ; RE: 0.1473.
21-09-01 12:55:46.441 : 03.png - PSNR: 31.9474 dB; SSIM: 0.8443 ; RE: 0.1124.
21-09-01 12:55:50.541 : 04.png - PSNR: 29.5175 dB; SSIM: 0.5451 ; RE: 0.1151.
21-09-01 12:55:54.674 : 06.png - PSNR: 28.7505 dB; SSIM: 0.7508 ; RE: 0.0759.
21-09-01 12:55:58.782 : 07.png - PSNR: 29.3848 dB; SSIM: 0.8377 ; RE: 0.0825.
21-09-01 12:56:02.926 : 08.png - PSNR: 29.7401 dB; SSIM: 0.5492 ; RE: 0.1585.
21-09-01 12:56:07.069 : 09.png - PSNR: 31.6863 dB; SSIM: 0.8569 ; RE: 0.0943.
21-09-01 12:56:11.215 : 10.png - PSNR: 29.2818 dB; SSIM: 0.7264 ; RE: 0.0780.
21-09-01 12:56:15.321 : 11.png - PSNR: 31.7362 dB; SSIM: 0.8298 ; RE: 0.0821.
21-09-01 12:56:19.468 : 12.png - PSNR: 29.5123 dB; SSIM: 0.7338 ; RE: 0.1244.
21-09-01 12:56:23.601 : 13.png - PSNR: 29.0666 dB; SSIM: 0.7306 ; RE: 0.0974.
21-09-01 12:56:27.764 : 15.png - PSNR: 28.5190 dB; SSIM: 0.8077 ; RE: 0.1265.
21-09-01 12:56:31.903 : 17.png - PSNR: 28.7082 dB; SSIM: 0.8292 ; RE: 0.0806.
21-09-01 12:56:36.041 : 22.png - PSNR: 29.2876 dB; SSIM: 0.8179 ; RE: 0.1087.
21-09-01 12:56:36.041 : ------> testset_name: (Set), alpha: (0.500), Average PSNR:(29.804)dB, Average ssim : (0.762), Average re : (0.105) )
21-09-01 13:15:53.319 : 01.png - PSNR: 29.2290 dB; SSIM: 0.7224 ; RE: 0.0891.
21-09-01 13:15:57.343 : 02.png - PSNR: 30.8189 dB; SSIM: 0.8449 ; RE: 0.1451.
21-09-01 13:16:01.402 : 03.png - PSNR: 32.0073 dB; SSIM: 0.8454 ; RE: 0.1116.
21-09-01 13:16:05.439 : 04.png - PSNR: 29.4380 dB; SSIM: 0.5437 ; RE: 0.1162.
21-09-01 13:16:09.488 : 06.png - PSNR: 28.8054 dB; SSIM: 0.7504 ; RE: 0.0754.
21-09-01 13:16:13.534 : 07.png - PSNR: 29.3412 dB; SSIM: 0.8359 ; RE: 0.0829.
21-09-01 13:16:17.599 : 08.png - PSNR: 29.5018 dB; SSIM: 0.5474 ; RE: 0.1629.
21-09-01 13:16:21.679 : 09.png - PSNR: 31.8244 dB; SSIM: 0.8593 ; RE: 0.0928.
21-09-01 13:16:25.753 : 10.png - PSNR: 29.3213 dB; SSIM: 0.7280 ; RE: 0.0777.
21-09-01 13:16:29.827 : 11.png - PSNR: 31.7899 dB; SSIM: 0.8300 ; RE: 0.0815.
21-09-01 13:16:33.939 : 12.png - PSNR: 29.5861 dB; SSIM: 0.7352 ; RE: 0.1233.
21-09-01 13:16:38.007 : 13.png - PSNR: 29.0877 dB; SSIM: 0.7313 ; RE: 0.0971.
21-09-01 13:16:42.083 : 15.png - PSNR: 28.5642 dB; SSIM: 0.8088 ; RE: 0.1258.
21-09-01 13:16:46.171 : 17.png - PSNR: 28.7429 dB; SSIM: 0.8301 ; RE: 0.0803.
21-09-01 13:16:50.289 : 22.png - PSNR: 29.3060 dB; SSIM: 0.8189 ; RE: 0.1085.
21-09-01 13:16:50.289 : ------> testset_name: (Set), alpha: (0.500), Average PSNR:(29.824)dB, Average ssim : (0.762), Average re : (0.105) )
21-09-01 14:31:05.705 : 01.png - PSNR: 29.4270 dB; SSIM: 0.7249 ; RE: 0.0871.
21-09-01 14:31:09.739 : 02.png - PSNR: 31.0325 dB; SSIM: 0.8483 ; RE: 0.1416.
21-09-01 14:31:13.797 : 03.png - PSNR: 32.1943 dB; SSIM: 0.8489 ; RE: 0.1092.
21-09-01 14:31:17.842 : 04.png - PSNR: 29.4034 dB; SSIM: 0.5432 ; RE: 0.1167.
21-09-01 14:31:21.899 : 06.png - PSNR: 28.8305 dB; SSIM: 0.7520 ; RE: 0.0752.
21-09-01 14:31:25.931 : 07.png - PSNR: 29.6511 dB; SSIM: 0.8433 ; RE: 0.0800.
21-09-01 14:31:29.977 : 08.png - PSNR: 29.7493 dB; SSIM: 0.5494 ; RE: 0.1583.
21-09-01 14:31:34.029 : 09.png - PSNR: 31.9577 dB; SSIM: 0.8616 ; RE: 0.0914.
21-09-01 14:31:38.112 : 10.png - PSNR: 29.3305 dB; SSIM: 0.7276 ; RE: 0.0776.
21-09-01 14:31:42.160 : 11.png - PSNR: 31.9092 dB; SSIM: 0.8332 ; RE: 0.0804.
21-09-01 14:31:46.218 : 12.png - PSNR: 29.6276 dB; SSIM: 0.7363 ; RE: 0.1227.
21-09-01 14:31:50.306 : 13.png - PSNR: 29.2397 dB; SSIM: 0.7334 ; RE: 0.0955.
21-09-01 14:31:54.392 : 15.png - PSNR: 28.7212 dB; SSIM: 0.8132 ; RE: 0.1236.
21-09-01 14:31:58.493 : 17.png - PSNR: 28.9436 dB; SSIM: 0.8335 ; RE: 0.0785.
21-09-01 14:32:02.586 : 22.png - PSNR: 29.4485 dB; SSIM: 0.8230 ; RE: 0.1067.
21-09-01 14:32:02.586 : ------> testset_name: (Set), alpha: (0.500), Average PSNR:(29.964)dB, Average ssim : (0.765), Average re : (0.103) )
21-09-01 14:52:26.549 : 01.png - PSNR: 29.4946 dB; SSIM: 0.7076 ; RE: 0.0864.
21-09-01 14:52:30.822 : 02.png - PSNR: 31.8563 dB; SSIM: 0.8577 ; RE: 0.1288.
21-09-01 14:52:35.038 : 03.png - PSNR: 32.9656 dB; SSIM: 0.8634 ; RE: 0.1000.
21-09-01 14:52:39.222 : 04.png - PSNR: 29.3207 dB; SSIM: 0.5177 ; RE: 0.1178.
21-09-01 14:52:43.424 : 06.png - PSNR: 29.4228 dB; SSIM: 0.7617 ; RE: 0.0702.
21-09-01 14:52:47.480 : 07.png - PSNR: 30.3724 dB; SSIM: 0.8481 ; RE: 0.0736.
21-09-01 14:52:51.567 : 08.png - PSNR: 29.4843 dB; SSIM: 0.5233 ; RE: 0.1633.
21-09-01 14:52:55.654 : 09.png - PSNR: 32.5416 dB; SSIM: 0.8730 ; RE: 0.0854.
21-09-01 14:52:59.669 : 10.png - PSNR: 29.5583 dB; SSIM: 0.7328 ; RE: 0.0756.
21-09-01 14:53:03.763 : 11.png - PSNR: 32.1115 dB; SSIM: 0.8328 ; RE: 0.0786.
21-09-01 14:53:07.879 : 12.png - PSNR: 29.9758 dB; SSIM: 0.7438 ; RE: 0.1179.
21-09-01 14:53:11.974 : 13.png - PSNR: 29.5986 dB; SSIM: 0.7410 ; RE: 0.0916.
21-09-01 14:53:16.057 : 15.png - PSNR: 29.3653 dB; SSIM: 0.8293 ; RE: 0.1147.
21-09-01 14:53:20.138 : 17.png - PSNR: 29.7310 dB; SSIM: 0.8481 ; RE: 0.0717.
21-09-01 14:53:24.185 : 22.png - PSNR: 30.0003 dB; SSIM: 0.8340 ; RE: 0.1001.
21-09-01 14:53:24.186 : ------> testset_name: (Set), alpha: (0.500), Average PSNR:(30.387)dB, Average ssim : (0.768), Average re : (0.098) )
21-09-01 15:02:52.757 : 01.png - PSNR: 29.6316 dB; SSIM: 0.7247 ; RE: 0.0850.
21-09-01 15:02:56.772 : 02.png - PSNR: 31.5590 dB; SSIM: 0.8565 ; RE: 0.1333.
21-09-01 15:03:00.845 : 03.png - PSNR: 32.6311 dB; SSIM: 0.8570 ; RE: 0.1039.
21-09-01 15:03:04.967 : 04.png - PSNR: 29.5052 dB; SSIM: 0.5358 ; RE: 0.1153.
21-09-01 15:03:09.161 : 06.png - PSNR: 29.1773 dB; SSIM: 0.7604 ; RE: 0.0722.
21-09-01 15:03:13.384 : 07.png - PSNR: 30.1794 dB; SSIM: 0.8514 ; RE: 0.0753.
21-09-01 15:03:17.518 : 08.png - PSNR: 29.5589 dB; SSIM: 0.5395 ; RE: 0.1619.
21-09-01 15:03:21.562 : 09.png - PSNR: 32.3112 dB; SSIM: 0.8688 ; RE: 0.0877.
21-09-01 15:03:25.714 : 10.png - PSNR: 29.5181 dB; SSIM: 0.7307 ; RE: 0.0759.
21-09-01 15:03:29.786 : 11.png - PSNR: 32.0661 dB; SSIM: 0.8342 ; RE: 0.0790.
21-09-01 15:03:33.825 : 12.png - PSNR: 29.8447 dB; SSIM: 0.7422 ; RE: 0.1197.
21-09-01 15:03:38.055 : 13.png - PSNR: 29.4647 dB; SSIM: 0.7390 ; RE: 0.0930.
21-09-01 15:03:42.446 : 15.png - PSNR: 29.1051 dB; SSIM: 0.8236 ; RE: 0.1182.
21-09-01 15:03:46.704 : 17.png - PSNR: 29.4287 dB; SSIM: 0.8433 ; RE: 0.0742.
21-09-01 15:03:50.820 : 22.png - PSNR: 29.8389 dB; SSIM: 0.8330 ; RE: 0.1020.
21-09-01 15:03:50.820 : ------> testset_name: (Set), alpha: (0.500), Average PSNR:(30.255)dB, Average ssim : (0.769), Average re : (0.100) )
21-09-01 16:15:54.256 : 01.png - PSNR: 30.85 dB; SSIM: 0.7261 ; RE: 0.0739.
21-09-01 16:15:56.532 : 02.png - PSNR: 32.41 dB; SSIM: 0.8567 ; RE: 0.1208.
21-09-01 16:15:58.756 : 03.png - PSNR: 33.27 dB; SSIM: 0.8565 ; RE: 0.0965.
21-09-01 16:16:01.028 : 04.png - PSNR: 31.16 dB; SSIM: 0.5383 ; RE: 0.0954.
21-09-01 16:16:03.275 : 06.png - PSNR: 30.18 dB; SSIM: 0.7793 ; RE: 0.0644.
21-09-01 16:16:05.515 : 07.png - PSNR: 31.12 dB; SSIM: 0.8491 ; RE: 0.0675.
21-09-01 16:16:07.778 : 08.png - PSNR: 31.15 dB; SSIM: 0.5471 ; RE: 0.1347.
21-09-01 16:16:10.031 : 09.png - PSNR: 32.97 dB; SSIM: 0.8693 ; RE: 0.0813.
21-09-01 16:16:12.284 : 10.png - PSNR: 29.85 dB; SSIM: 0.7373 ; RE: 0.0731.
21-09-01 16:16:14.543 : 11.png - PSNR: 32.52 dB; SSIM: 0.8275 ; RE: 0.0750.
21-09-01 16:16:16.793 : 12.png - PSNR: 30.64 dB; SSIM: 0.7586 ; RE: 0.1092.
21-09-01 16:16:19.059 : 13.png - PSNR: 30.46 dB; SSIM: 0.7600 ; RE: 0.0829.
21-09-01 16:16:21.320 : 15.png - PSNR: 30.16 dB; SSIM: 0.8454 ; RE: 0.1047.
21-09-01 16:16:23.761 : 17.png - PSNR: 30.44 dB; SSIM: 0.8540 ; RE: 0.0661.
21-09-01 16:16:26.298 : 22.png - PSNR: 30.69 dB; SSIM: 0.8410 ; RE: 0.0925.
21-09-01 16:16:26.298 : ------> testset_name: (Set), Average PSNR:(31.191)dB, Average ssim : (0.776), Average re : (0.089) )
21-09-01 16:36:28.140 : 01.png - PSNR: 30.95 dB; SSIM: 0.7518 ; RE: 0.0731.
21-09-01 16:36:30.372 : 02.png - PSNR: 32.34 dB; SSIM: 0.8741 ; RE: 0.1219.
21-09-01 16:36:32.634 : 03.png - PSNR: 33.42 dB; SSIM: 0.8767 ; RE: 0.0949.
21-09-01 16:36:34.863 : 04.png - PSNR: 31.77 dB; SSIM: 0.5673 ; RE: 0.0889.
21-09-01 16:36:37.111 : 06.png - PSNR: 30.04 dB; SSIM: 0.7799 ; RE: 0.0654.
21-09-01 16:36:39.352 : 07.png - PSNR: 30.89 dB; SSIM: 0.8627 ; RE: 0.0694.
21-09-01 16:36:41.578 : 08.png - PSNR: 31.78 dB; SSIM: 0.5770 ; RE: 0.1253.
21-09-01 16:36:43.857 : 09.png - PSNR: 33.12 dB; SSIM: 0.8831 ; RE: 0.0800.
21-09-01 16:36:46.112 : 10.png - PSNR: 29.82 dB; SSIM: 0.7399 ; RE: 0.0733.
21-09-01 16:36:48.540 : 11.png - PSNR: 32.70 dB; SSIM: 0.8448 ; RE: 0.0734.
21-09-01 16:36:50.975 : 12.png - PSNR: 30.58 dB; SSIM: 0.7625 ; RE: 0.1099.
21-09-01 16:36:53.233 : 13.png - PSNR: 30.37 dB; SSIM: 0.7619 ; RE: 0.0838.
21-09-01 16:36:55.507 : 15.png - PSNR: 29.73 dB; SSIM: 0.8441 ; RE: 0.1100.
21-09-01 16:36:57.795 : 17.png - PSNR: 30.12 dB; SSIM: 0.8601 ; RE: 0.0685.
21-09-01 16:37:00.178 : 22.png - PSNR: 30.47 dB; SSIM: 0.8468 ; RE: 0.0949.
21-09-01 16:37:00.179 : ------> testset_name: (Set), Average PSNR:(31.206)dB, Average ssim : (0.789), Average re : (0.089) )
21-09-01 16:50:31.262 : 01.png - PSNR: 30.47 dB; SSIM: 0.7761 ; RE: 0.0773.
21-09-01 16:50:33.514 : 02.png - PSNR: 31.51 dB; SSIM: 0.8803 ; RE: 0.1340.
21-09-01 16:50:35.786 : 03.png - PSNR: 32.63 dB; SSIM: 0.8780 ; RE: 0.1039.
21-09-01 16:50:38.046 : 04.png - PSNR: 32.10 dB; SSIM: 0.6154 ; RE: 0.0855.
21-09-01 16:50:40.306 : 06.png - PSNR: 29.36 dB; SSIM: 0.7708 ; RE: 0.0707.
21-09-01 16:50:42.560 : 07.png - PSNR: 30.06 dB; SSIM: 0.8697 ; RE: 0.0763.
21-09-01 16:50:44.816 : 08.png - PSNR: 31.90 dB; SSIM: 0.6168 ; RE: 0.1236.
21-09-01 16:50:47.078 : 09.png - PSNR: 32.44 dB; SSIM: 0.8810 ; RE: 0.0865.
21-09-01 16:50:49.313 : 10.png - PSNR: 29.50 dB; SSIM: 0.7314 ; RE: 0.0761.
21-09-01 16:50:51.564 : 11.png - PSNR: 32.34 dB; SSIM: 0.8505 ; RE: 0.0765.
21-09-01 16:50:53.829 : 12.png - PSNR: 30.07 dB; SSIM: 0.7556 ; RE: 0.1167.
21-09-01 16:50:56.065 : 13.png - PSNR: 29.72 dB; SSIM: 0.7499 ; RE: 0.0903.
21-09-01 16:50:58.327 : 15.png - PSNR: 28.83 dB; SSIM: 0.8292 ; RE: 0.1220.
21-09-01 16:51:00.604 : 17.png - PSNR: 29.21 dB; SSIM: 0.8528 ; RE: 0.0761.
21-09-01 16:51:02.839 : 22.png - PSNR: 29.69 dB; SSIM: 0.8382 ; RE: 0.1037.
21-09-01 16:51:02.839 : ------> testset_name: (Set), Average PSNR:(30.655)dB, Average ssim : (0.793), Average re : (0.095) )
21-09-01 19:25:45.883 : 01.png - PSNR: 29.94 dB; SSIM: 0.7818 ; RE: 0.0821.
21-09-01 19:25:53.523 : 02.png - PSNR: 30.74 dB; SSIM: 0.8742 ; RE: 0.1464.
21-09-01 19:26:00.569 : 03.png - PSNR: 31.87 dB; SSIM: 0.8678 ; RE: 0.1134.
21-09-01 19:26:07.980 : 04.png - PSNR: 31.79 dB; SSIM: 0.6474 ; RE: 0.0886.
21-09-01 19:26:15.337 : 06.png - PSNR: 28.85 dB; SSIM: 0.7667 ; RE: 0.0751.
21-09-01 19:26:22.673 : 07.png - PSNR: 29.44 dB; SSIM: 0.8684 ; RE: 0.0819.
21-09-01 19:26:30.470 : 08.png - PSNR: 31.67 dB; SSIM: 0.6450 ; RE: 0.1270.
21-09-01 19:26:36.908 : 09.png - PSNR: 31.80 dB; SSIM: 0.8734 ; RE: 0.0930.
21-09-01 19:26:40.049 : 10.png - PSNR: 29.24 dB; SSIM: 0.7239 ; RE: 0.0784.
21-09-01 19:26:42.445 : 11.png - PSNR: 31.96 dB; SSIM: 0.8488 ; RE: 0.0799.
21-09-01 19:26:44.996 : 12.png - PSNR: 29.63 dB; SSIM: 0.7487 ; RE: 0.1226.
21-09-01 19:26:47.311 : 13.png - PSNR: 29.19 dB; SSIM: 0.7428 ; RE: 0.0960.
21-09-01 19:26:49.821 : 15.png - PSNR: 28.25 dB; SSIM: 0.8163 ; RE: 0.1305.
21-09-01 19:26:53.209 : 17.png - PSNR: 28.52 dB; SSIM: 0.8388 ; RE: 0.0824.
21-09-01 19:26:55.822 : 22.png - PSNR: 29.14 dB; SSIM: 0.8279 ; RE: 0.1106.
21-09-01 19:26:55.822 : ------> testset_name: (Set), Average PSNR:(30.135)dB, Average ssim : (0.791), Average re : (0.101) )
21-09-01 19:34:20.145 : 01.png - PSNR: 29.20 dB; SSIM: 0.7988 ; RE: 0.0893.
21-09-01 19:34:22.390 : 02.png - PSNR: 29.57 dB; SSIM: 0.8611 ; RE: 0.1676.
21-09-01 19:34:24.663 : 03.png - PSNR: 30.54 dB; SSIM: 0.8430 ; RE: 0.1321.
21-09-01 19:34:26.934 : 04.png - PSNR: 30.98 dB; SSIM: 0.6914 ; RE: 0.0973.
21-09-01 19:34:29.213 : 06.png - PSNR: 27.99 dB; SSIM: 0.7541 ; RE: 0.0828.
21-09-01 19:34:31.484 : 07.png - PSNR: 28.39 dB; SSIM: 0.8567 ; RE: 0.0925.
21-09-01 19:34:33.763 : 08.png - PSNR: 31.01 dB; SSIM: 0.6772 ; RE: 0.1370.
21-09-01 19:34:36.036 : 09.png - PSNR: 30.70 dB; SSIM: 0.8543 ; RE: 0.1056.
21-09-01 19:34:38.296 : 10.png - PSNR: 28.77 dB; SSIM: 0.7107 ; RE: 0.0828.
21-09-01 19:34:40.567 : 11.png - PSNR: 31.25 dB; SSIM: 0.8403 ; RE: 0.0867.
21-09-01 19:34:42.826 : 12.png - PSNR: 28.88 dB; SSIM: 0.7319 ; RE: 0.1337.
21-09-01 19:34:45.079 : 13.png - PSNR: 28.36 dB; SSIM: 0.7275 ; RE: 0.1056.
21-09-01 19:34:47.361 : 15.png - PSNR: 27.28 dB; SSIM: 0.7901 ; RE: 0.1458.
21-09-01 19:34:49.634 : 17.png - PSNR: 27.49 dB; SSIM: 0.8151 ; RE: 0.0928.
21-09-01 19:34:51.885 : 22.png - PSNR: 28.26 dB; SSIM: 0.8066 ; RE: 0.1223.
21-09-01 19:34:51.885 : ------> testset_name: (Set), Average PSNR:(29.246)dB, Average ssim : (0.784), Average re : (0.112) )
21-09-01 19:43:24.294 : 01.png - PSNR: 29.70 dB; SSIM: 0.7913 ; RE: 0.0844.
21-09-01 19:43:31.152 : 02.png - PSNR: 30.34 dB; SSIM: 0.8697 ; RE: 0.1533.
21-09-01 19:43:38.051 : 03.png - PSNR: 31.42 dB; SSIM: 0.8602 ; RE: 0.1194.
21-09-01 19:43:44.986 : 04.png - PSNR: 31.58 dB; SSIM: 0.6677 ; RE: 0.0908.
21-09-01 19:43:51.900 : 06.png - PSNR: 28.56 dB; SSIM: 0.7629 ; RE: 0.0776.
21-09-01 19:43:58.670 : 07.png - PSNR: 29.09 dB; SSIM: 0.8638 ; RE: 0.0854.
21-09-01 19:44:05.554 : 08.png - PSNR: 31.49 dB; SSIM: 0.6607 ; RE: 0.1296.
21-09-01 19:44:12.524 : 09.png - PSNR: 31.44 dB; SSIM: 0.8678 ; RE: 0.0970.
21-09-01 19:44:19.534 : 10.png - PSNR: 29.09 dB; SSIM: 0.7196 ; RE: 0.0798.
21-09-01 19:44:26.239 : 11.png - PSNR: 31.73 dB; SSIM: 0.8463 ; RE: 0.0821.
21-09-01 19:44:33.126 : 12.png - PSNR: 29.37 dB; SSIM: 0.7429 ; RE: 0.1264.
21-09-01 19:44:39.953 : 13.png - PSNR: 28.90 dB; SSIM: 0.7379 ; RE: 0.0993.
21-09-01 19:44:46.829 : 15.png - PSNR: 27.92 dB; SSIM: 0.8080 ; RE: 0.1355.
21-09-01 19:44:53.641 : 17.png - PSNR: 28.17 dB; SSIM: 0.8315 ; RE: 0.0858.
21-09-01 19:45:00.499 : 22.png - PSNR: 28.84 dB; SSIM: 0.8208 ; RE: 0.1145.
21-09-01 19:45:00.499 : ------> testset_name: (Set), Average PSNR:(29.842)dB, Average ssim : (0.790), Average re : (0.104) )
21-09-01 20:12:48.890 : 01.png - PSNR: 29.20 dB; SSIM: 0.7988 ; RE: 0.0893.
21-09-01 20:12:51.154 : 02.png - PSNR: 29.57 dB; SSIM: 0.8611 ; RE: 0.1676.
21-09-01 20:12:53.395 : 03.png - PSNR: 30.54 dB; SSIM: 0.8430 ; RE: 0.1321.
21-09-01 20:12:55.649 : 04.png - PSNR: 30.98 dB; SSIM: 0.6914 ; RE: 0.0973.
21-09-01 20:12:57.869 : 06.png - PSNR: 27.99 dB; SSIM: 0.7541 ; RE: 0.0828.
21-09-01 20:13:00.139 : 07.png - PSNR: 28.39 dB; SSIM: 0.8567 ; RE: 0.0925.
21-09-01 20:13:02.409 : 08.png - PSNR: 31.01 dB; SSIM: 0.6772 ; RE: 0.1370.
21-09-01 20:13:04.782 : 09.png - PSNR: 30.70 dB; SSIM: 0.8543 ; RE: 0.1056.
21-09-01 20:13:07.210 : 10.png - PSNR: 28.77 dB; SSIM: 0.7107 ; RE: 0.0828.
21-09-01 20:13:09.462 : 11.png - PSNR: 31.25 dB; SSIM: 0.8403 ; RE: 0.0867.
21-09-01 20:13:11.839 : 12.png - PSNR: 28.88 dB; SSIM: 0.7319 ; RE: 0.1337.
21-09-01 20:13:14.317 : 13.png - PSNR: 28.36 dB; SSIM: 0.7275 ; RE: 0.1056.
21-09-01 20:13:16.780 : 15.png - PSNR: 27.28 dB; SSIM: 0.7901 ; RE: 0.1458.
21-09-01 20:13:19.120 : 17.png - PSNR: 27.49 dB; SSIM: 0.8151 ; RE: 0.0928.
21-09-01 20:13:21.557 : 22.png - PSNR: 28.26 dB; SSIM: 0.8066 ; RE: 0.1223.
21-09-01 20:13:21.557 : ------> testset_name: (Set), Average PSNR:(29.246)dB, Average ssim : (0.784), Average re : (0.112) )
21-09-01 20:25:47.852 : 01.png - PSNR: 28.44 dB; SSIM: 0.8000 ; RE: 0.0975.
21-09-01 20:25:55.634 : 02.png - PSNR: 28.44 dB; SSIM: 0.8431 ; RE: 0.1909.
21-09-01 20:26:02.897 : 03.png - PSNR: 29.40 dB; SSIM: 0.8168 ; RE: 0.1507.
21-09-01 20:26:10.065 : 04.png - PSNR: 30.13 dB; SSIM: 0.7122 ; RE: 0.1073.
21-09-01 20:26:17.549 : 06.png - PSNR: 27.21 dB; SSIM: 0.7403 ; RE: 0.0906.
21-09-01 20:26:24.720 : 07.png - PSNR: 27.33 dB; SSIM: 0.8379 ; RE: 0.1046.
21-09-01 20:26:31.806 : 08.png - PSNR: 30.28 dB; SSIM: 0.6906 ; RE: 0.1490.
21-09-01 20:26:39.295 : 09.png - PSNR: 29.62 dB; SSIM: 0.8316 ; RE: 0.1196.
21-09-01 20:26:47.195 : 10.png - PSNR: 28.29 dB; SSIM: 0.6969 ; RE: 0.0874.
21-09-01 20:26:54.756 : 11.png - PSNR: 30.52 dB; SSIM: 0.8303 ; RE: 0.0944.
21-09-01 20:27:02.095 : 12.png - PSNR: 28.17 dB; SSIM: 0.7120 ; RE: 0.1451.
21-09-01 20:27:09.308 : 13.png - PSNR: 27.58 dB; SSIM: 0.7100 ; RE: 0.1156.
21-09-01 20:27:16.824 : 15.png - PSNR: 26.48 dB; SSIM: 0.7639 ; RE: 0.1600.
21-09-01 20:27:24.617 : 17.png - PSNR: 26.61 dB; SSIM: 0.7915 ; RE: 0.1027.
21-09-01 20:27:31.737 : 22.png - PSNR: 27.42 dB; SSIM: 0.7846 ; RE: 0.1347.
21-09-01 20:27:31.738 : ------> testset_name: (Set), Average PSNR:(28.394)dB, Average ssim : (0.771), Average re : (0.123) )
21-09-01 20:34:31.027 : 01.png - PSNR: 29.20 dB; SSIM: 0.7988 ; RE: 0.0893.
21-09-01 20:34:33.433 : 02.png - PSNR: 29.57 dB; SSIM: 0.8611 ; RE: 0.1676.
21-09-01 20:34:35.796 : 03.png - PSNR: 30.54 dB; SSIM: 0.8430 ; RE: 0.1321.
21-09-01 20:34:38.226 : 04.png - PSNR: 30.98 dB; SSIM: 0.6914 ; RE: 0.0973.
21-09-01 20:34:40.634 : 06.png - PSNR: 27.99 dB; SSIM: 0.7541 ; RE: 0.0828.
21-09-01 20:34:43.200 : 07.png - PSNR: 28.39 dB; SSIM: 0.8567 ; RE: 0.0925.
21-09-01 20:34:45.707 : 08.png - PSNR: 31.01 dB; SSIM: 0.6772 ; RE: 0.1370.
21-09-01 20:34:48.219 : 09.png - PSNR: 30.70 dB; SSIM: 0.8543 ; RE: 0.1056.
21-09-01 20:34:50.977 : 10.png - PSNR: 28.77 dB; SSIM: 0.7107 ; RE: 0.0828.
21-09-01 20:34:53.645 : 11.png - PSNR: 31.25 dB; SSIM: 0.8403 ; RE: 0.0867.
21-09-01 20:34:55.998 : 12.png - PSNR: 28.88 dB; SSIM: 0.7319 ; RE: 0.1337.
21-09-01 20:34:58.307 : 13.png - PSNR: 28.36 dB; SSIM: 0.7275 ; RE: 0.1056.
21-09-01 20:35:00.607 : 15.png - PSNR: 27.28 dB; SSIM: 0.7901 ; RE: 0.1458.
21-09-01 20:35:03.109 : 17.png - PSNR: 27.49 dB; SSIM: 0.8151 ; RE: 0.0928.
21-09-01 20:35:05.570 : 22.png - PSNR: 28.26 dB; SSIM: 0.8066 ; RE: 0.1223.
21-09-01 20:35:05.570 : ------> testset_name: (Set), Average PSNR:(29.246)dB, Average ssim : (0.784), Average re : (0.112) )
21-09-01 20:36:33.442 : 01.png - PSNR: 29.4946 dB; SSIM: 0.7076 ; RE: 0.0864.
21-09-01 20:36:42.142 : 02.png - PSNR: 31.8563 dB; SSIM: 0.8577 ; RE: 0.1288.
21-09-01 20:36:50.838 : 03.png - PSNR: 32.9656 dB; SSIM: 0.8634 ; RE: 0.1000.
21-09-01 20:36:59.992 : 04.png - PSNR: 29.3207 dB; SSIM: 0.5177 ; RE: 0.1178.
21-09-01 20:37:06.728 : 06.png - PSNR: 29.4228 dB; SSIM: 0.7617 ; RE: 0.0702.
21-09-01 20:37:10.977 : 07.png - PSNR: 30.3724 dB; SSIM: 0.8481 ; RE: 0.0736.
21-09-01 20:37:15.195 : 08.png - PSNR: 29.4843 dB; SSIM: 0.5233 ; RE: 0.1633.
21-09-01 20:37:19.669 : 09.png - PSNR: 32.5416 dB; SSIM: 0.8730 ; RE: 0.0854.
21-09-01 20:37:24.126 : 10.png - PSNR: 29.5583 dB; SSIM: 0.7328 ; RE: 0.0756.
21-09-01 20:37:28.555 : 11.png - PSNR: 32.1115 dB; SSIM: 0.8328 ; RE: 0.0786.
21-09-01 20:37:33.143 : 12.png - PSNR: 29.9758 dB; SSIM: 0.7438 ; RE: 0.1179.
21-09-01 20:37:40.013 : 13.png - PSNR: 29.5986 dB; SSIM: 0.7410 ; RE: 0.0916.
21-09-01 20:37:46.987 : 15.png - PSNR: 29.3653 dB; SSIM: 0.8293 ; RE: 0.1147.
21-09-01 20:37:53.815 : 17.png - PSNR: 29.7310 dB; SSIM: 0.8481 ; RE: 0.0717.
21-09-01 20:38:00.776 : 22.png - PSNR: 30.0003 dB; SSIM: 0.8340 ; RE: 0.1001.
21-09-01 20:38:00.776 : ------> testset_name: (Set), alpha: (0.500), Average PSNR:(30.387)dB, Average ssim : (0.768), Average re : (0.098) )
21-09-01 20:38:07.738 : 01.png - PSNR: 29.0267 dB; SSIM: 0.6873 ; RE: 0.0912.
21-09-01 20:38:14.685 : 02.png - PSNR: 31.1471 dB; SSIM: 0.8506 ; RE: 0.1397.
21-09-01 20:38:21.785 : 03.png - PSNR: 32.2703 dB; SSIM: 0.8517 ; RE: 0.1083.
21-09-01 20:38:28.927 : 04.png - PSNR: 29.0393 dB; SSIM: 0.5078 ; RE: 0.1217.
21-09-01 20:38:35.954 : 06.png - PSNR: 28.8425 dB; SSIM: 0.7441 ; RE: 0.0751.
21-09-01 20:38:43.108 : 07.png - PSNR: 29.6939 dB; SSIM: 0.8340 ; RE: 0.0796.
21-09-01 20:38:50.305 : 08.png - PSNR: 29.0011 dB; SSIM: 0.5070 ; RE: 0.1726.
21-09-01 20:38:57.384 : 09.png - PSNR: 32.0073 dB; SSIM: 0.8631 ; RE: 0.0909.
21-09-01 20:39:04.317 : 10.png - PSNR: 29.1792 dB; SSIM: 0.7173 ; RE: 0.0790.
21-09-01 20:39:11.219 : 11.png - PSNR: 31.4876 dB; SSIM: 0.8175 ; RE: 0.0844.
21-09-01 20:39:18.456 : 12.png - PSNR: 29.4663 dB; SSIM: 0.7236 ; RE: 0.1250.
21-09-01 20:39:25.669 : 13.png - PSNR: 28.9994 dB; SSIM: 0.7199 ; RE: 0.0981.
21-09-01 20:39:32.884 : 15.png - PSNR: 28.8566 dB; SSIM: 0.8164 ; RE: 0.1217.
21-09-01 20:39:39.976 : 17.png - PSNR: 29.0454 dB; SSIM: 0.8331 ; RE: 0.0776.
21-09-01 20:39:47.382 : 22.png - PSNR: 29.4674 dB; SSIM: 0.8238 ; RE: 0.1065.
21-09-01 20:39:47.382 : ------> testset_name: (Set), alpha: (0.500), Average PSNR:(29.835)dB, Average ssim : (0.753), Average re : (0.105) )
21-09-01 20:39:54.877 : 01.png - PSNR: 27.9581 dB; SSIM: 0.6696 ; RE: 0.1031.
21-09-01 20:40:02.243 : 02.png - PSNR: 28.6327 dB; SSIM: 0.8166 ; RE: 0.1867.
21-09-01 20:40:09.554 : 03.png - PSNR: 29.3968 dB; SSIM: 0.7912 ; RE: 0.1508.
21-09-01 20:40:17.009 : 04.png - PSNR: 28.0692 dB; SSIM: 0.4858 ; RE: 0.1360.
21-09-01 20:40:24.225 : 06.png - PSNR: 27.7160 dB; SSIM: 0.7121 ; RE: 0.0855.
21-09-01 20:40:30.325 : 07.png - PSNR: 27.4670 dB; SSIM: 0.7916 ; RE: 0.1029.
21-09-01 20:40:35.487 : 08.png - PSNR: 28.1050 dB; SSIM: 0.4733 ; RE: 0.1913.
21-09-01 20:40:40.619 : 09.png - PSNR: 30.3935 dB; SSIM: 0.8273 ; RE: 0.1094.
21-09-01 20:40:45.933 : 10.png - PSNR: 28.5845 dB; SSIM: 0.7127 ; RE: 0.0845.
21-09-01 20:40:51.595 : 11.png - PSNR: 30.3711 dB; SSIM: 0.7953 ; RE: 0.0960.
21-09-01 20:40:56.831 : 12.png - PSNR: 29.0000 dB; SSIM: 0.7060 ; RE: 0.1319.
21-09-01 20:41:02.169 : 13.png - PSNR: 27.2800 dB; SSIM: 0.6615 ; RE: 0.1196.
21-09-01 20:41:07.452 : 15.png - PSNR: 26.8191 dB; SSIM: 0.7679 ; RE: 0.1538.
21-09-01 20:41:13.504 : 17.png - PSNR: 27.2951 dB; SSIM: 0.7967 ; RE: 0.0949.
21-09-01 20:41:17.800 : 01.png - PSNR: 29.00 dB; SSIM: 0.8015 ; RE: 0.0915.
21-09-01 20:41:20.501 : 22.png - PSNR: 27.7964 dB; SSIM: 0.7711 ; RE: 0.1291.
21-09-01 20:41:20.502 : ------> testset_name: (Set), alpha: (0.500), Average PSNR:(28.326)dB, Average ssim : (0.719), Average re : (0.125) )
21-09-01 20:41:22.135 : 02.png - PSNR: 29.22 dB; SSIM: 0.8561 ; RE: 0.1744.
21-09-01 20:41:24.751 : 03.png - PSNR: 30.19 dB; SSIM: 0.8350 ; RE: 0.1377.
21-09-01 20:41:27.259 : 04.png - PSNR: 30.73 dB; SSIM: 0.7021 ; RE: 0.1001.
21-09-01 20:41:29.584 : 06.png - PSNR: 27.76 dB; SSIM: 0.7505 ; RE: 0.0851.
21-09-01 20:41:32.011 : 07.png - PSNR: 28.08 dB; SSIM: 0.8516 ; RE: 0.0958.
21-09-01 20:41:34.360 : 08.png - PSNR: 30.80 dB; SSIM: 0.6830 ; RE: 0.1403.
21-09-01 20:41:36.646 : 09.png - PSNR: 30.38 dB; SSIM: 0.8478 ; RE: 0.1095.
21-09-01 20:41:38.968 : 10.png - PSNR: 28.64 dB; SSIM: 0.7072 ; RE: 0.0840.
21-09-01 20:41:41.393 : 11.png - PSNR: 31.04 dB; SSIM: 0.8372 ; RE: 0.0889.
21-09-01 20:41:43.996 : 12.png - PSNR: 28.67 dB; SSIM: 0.7251 ; RE: 0.1370.
21-09-01 20:41:46.264 : 13.png - PSNR: 28.14 dB; SSIM: 0.7250 ; RE: 0.1083.
21-09-01 20:41:48.584 : 15.png - PSNR: 27.04 dB; SSIM: 0.7821 ; RE: 0.1500.
21-09-01 20:41:50.871 : 17.png - PSNR: 27.21 dB; SSIM: 0.8070 ; RE: 0.0958.
21-09-01 20:41:53.276 : 22.png - PSNR: 28.01 dB; SSIM: 0.7993 ; RE: 0.1259.
21-09-01 20:41:53.276 : ------> testset_name: (Set), Average PSNR:(28.995)dB, Average ssim : (0.781), Average re : (0.115) )
21-09-01 20:59:47.268 : 01.png - PSNR: 29.08 dB; SSIM: 0.7983 ; RE: 0.0906.
21-09-01 20:59:49.907 : 02.png - PSNR: 29.40 dB; SSIM: 0.8583 ; RE: 0.1709.
21-09-01 20:59:52.212 : 03.png - PSNR: 30.37 dB; SSIM: 0.8392 ; RE: 0.1348.
21-09-01 20:59:54.534 : 04.png - PSNR: 30.88 dB; SSIM: 0.6964 ; RE: 0.0984.
21-09-01 20:59:56.791 : 06.png - PSNR: 27.88 dB; SSIM: 0.7539 ; RE: 0.0838.
21-09-01 20:59:59.115 : 07.png - PSNR: 28.24 dB; SSIM: 0.8539 ; RE: 0.0941.
21-09-01 21:00:01.613 : 08.png - PSNR: 30.91 dB; SSIM: 0.6804 ; RE: 0.1386.
21-09-01 21:00:04.139 : 09.png - PSNR: 30.55 dB; SSIM: 0.8517 ; RE: 0.1075.
21-09-01 21:00:06.524 : 10.png - PSNR: 28.71 dB; SSIM: 0.7092 ; RE: 0.0834.
21-09-01 21:00:08.912 : 11.png - PSNR: 31.16 dB; SSIM: 0.8394 ; RE: 0.0877.
21-09-01 21:00:11.168 : 12.png - PSNR: 28.77 dB; SSIM: 0.7277 ; RE: 0.1354.
21-09-01 21:00:13.428 : 13.png - PSNR: 28.26 dB; SSIM: 0.7263 ; RE: 0.1069.
21-09-01 21:00:15.700 : 15.png - PSNR: 27.16 dB; SSIM: 0.7862 ; RE: 0.1479.
21-09-01 21:00:18.043 : 17.png - PSNR: 27.35 dB; SSIM: 0.8117 ; RE: 0.0942.
21-09-01 21:00:20.339 : 22.png - PSNR: 28.14 dB; SSIM: 0.8032 ; RE: 0.1240.
21-09-01 21:00:20.339 : ------> testset_name: (Set), Average PSNR:(29.124)dB, Average ssim : (0.782), Average re : (0.113) )
21-09-01 21:00:22.676 : 01.png - PSNR: 28.73 dB; SSIM: 0.7934 ; RE: 0.0943.
21-09-01 21:00:25.008 : 02.png - PSNR: 28.60 dB; SSIM: 0.8513 ; RE: 0.1874.
21-09-01 21:00:27.299 : 03.png - PSNR: 29.91 dB; SSIM: 0.8293 ; RE: 0.1421.
21-09-01 21:00:29.786 : 04.png - PSNR: 30.81 dB; SSIM: 0.6974 ; RE: 0.0992.
21-09-01 21:00:32.317 : 06.png - PSNR: 27.71 dB; SSIM: 0.7458 ; RE: 0.0856.
21-09-01 21:00:35.122 : 07.png - PSNR: 27.77 dB; SSIM: 0.8486 ; RE: 0.0993.
21-09-01 21:00:37.503 : 08.png - PSNR: 30.58 dB; SSIM: 0.6710 ; RE: 0.1439.
21-09-01 21:00:40.064 : 09.png - PSNR: 30.44 dB; SSIM: 0.8492 ; RE: 0.1088.
21-09-01 21:00:42.428 : 10.png - PSNR: 28.44 dB; SSIM: 0.6992 ; RE: 0.0859.
21-09-01 21:00:44.892 : 11.png - PSNR: 30.67 dB; SSIM: 0.8322 ; RE: 0.0927.
21-09-01 21:00:47.288 : 12.png - PSNR: 28.51 dB; SSIM: 0.7170 ; RE: 0.1395.
21-09-01 21:00:50.005 : 13.png - PSNR: 27.90 dB; SSIM: 0.7158 ; RE: 0.1113.
21-09-01 21:00:52.650 : 15.png - PSNR: 26.89 dB; SSIM: 0.7784 ; RE: 0.1526.
21-09-01 21:00:55.479 : 17.png - PSNR: 26.89 dB; SSIM: 0.8031 ; RE: 0.0994.
21-09-01 21:01:00.866 : 22.png - PSNR: 27.82 dB; SSIM: 0.7953 ; RE: 0.1287.
21-09-01 21:01:00.866 : ------> testset_name: (Set), Average PSNR:(28.779)dB, Average ssim : (0.775), Average re : (0.118) )
21-09-01 21:01:06.371 : 01.png - PSNR: 27.28 dB; SSIM: 0.7723 ; RE: 0.1115.
21-09-01 21:01:11.996 : 02.png - PSNR: 26.30 dB; SSIM: 0.8068 ; RE: 0.2442.
21-09-01 21:01:17.454 : 03.png - PSNR: 27.86 dB; SSIM: 0.7780 ; RE: 0.1800.
21-09-01 21:01:22.811 : 04.png - PSNR: 29.49 dB; SSIM: 0.6684 ; RE: 0.1154.
21-09-01 21:01:28.287 : 06.png - PSNR: 26.46 dB; SSIM: 0.7061 ; RE: 0.0988.
21-09-01 21:01:33.728 : 07.png - PSNR: 25.76 dB; SSIM: 0.7959 ; RE: 0.1252.
21-09-01 21:01:39.222 : 08.png - PSNR: 29.60 dB; SSIM: 0.6452 ; RE: 0.1612.
21-09-01 21:01:44.665 : 09.png - PSNR: 28.96 dB; SSIM: 0.8189 ; RE: 0.1291.
21-09-01 21:01:49.887 : 10.png - PSNR: 27.32 dB; SSIM: 0.6826 ; RE: 0.0978.
21-09-01 21:01:55.163 : 11.png - PSNR: 29.27 dB; SSIM: 0.8122 ; RE: 0.1090.
21-09-01 21:02:00.590 : 12.png - PSNR: 28.23 dB; SSIM: 0.7104 ; RE: 0.1442.
21-09-01 21:02:05.841 : 13.png - PSNR: 26.06 dB; SSIM: 0.6554 ; RE: 0.1376.
21-09-01 21:02:11.427 : 15.png - PSNR: 24.98 dB; SSIM: 0.7231 ; RE: 0.1901.
21-09-01 21:02:16.729 : 17.png - PSNR: 25.31 dB; SSIM: 0.7684 ; RE: 0.1192.
21-09-01 21:02:21.826 : 22.png - PSNR: 26.31 dB; SSIM: 0.7484 ; RE: 0.1531.
21-09-01 21:02:21.826 : ------> testset_name: (Set), Average PSNR:(27.279)dB, Average ssim : (0.739), Average re : (0.141) )
21-09-01 21:11:32.711 : 01.png - PSNR: 29.4946 dB; SSIM: 0.7076 ; RE: 0.0864.
21-09-01 21:11:37.244 : 02.png - PSNR: 31.8563 dB; SSIM: 0.8577 ; RE: 0.1288.
21-09-01 21:11:41.553 : 03.png - PSNR: 32.9656 dB; SSIM: 0.8634 ; RE: 0.1000.
21-09-01 21:11:45.978 : 04.png - PSNR: 29.3207 dB; SSIM: 0.5177 ; RE: 0.1178.
21-09-01 21:11:50.370 : 06.png - PSNR: 29.4228 dB; SSIM: 0.7617 ; RE: 0.0702.
21-09-01 21:11:54.692 : 07.png - PSNR: 30.3724 dB; SSIM: 0.8481 ; RE: 0.0736.
21-09-01 21:11:59.150 : 08.png - PSNR: 29.4843 dB; SSIM: 0.5233 ; RE: 0.1633.
21-09-01 21:12:03.736 : 09.png - PSNR: 32.5416 dB; SSIM: 0.8730 ; RE: 0.0854.
21-09-01 21:12:08.264 : 10.png - PSNR: 29.5583 dB; SSIM: 0.7328 ; RE: 0.0756.
21-09-01 21:12:12.573 : 11.png - PSNR: 32.1115 dB; SSIM: 0.8328 ; RE: 0.0786.
21-09-01 21:12:17.001 : 12.png - PSNR: 29.9758 dB; SSIM: 0.7438 ; RE: 0.1179.
21-09-01 21:12:21.402 : 13.png - PSNR: 29.5986 dB; SSIM: 0.7410 ; RE: 0.0916.
21-09-01 21:12:25.820 : 15.png - PSNR: 29.3653 dB; SSIM: 0.8293 ; RE: 0.1147.
21-09-01 21:12:30.046 : 17.png - PSNR: 29.7310 dB; SSIM: 0.8481 ; RE: 0.0717.
21-09-01 21:12:34.255 : 22.png - PSNR: 30.0003 dB; SSIM: 0.8340 ; RE: 0.1001.
21-09-01 21:12:34.255 : ------> testset_name: (Set), alpha: (0.500), Average PSNR:(30.387)dB, Average ssim : (0.768), Average re : (0.098) )
21-09-01 21:12:38.498 : 01.png - PSNR: 29.0267 dB; SSIM: 0.6873 ; RE: 0.0912.
21-09-01 21:12:42.711 : 02.png - PSNR: 31.1471 dB; SSIM: 0.8506 ; RE: 0.1397.
21-09-01 21:12:46.910 : 03.png - PSNR: 32.2703 dB; SSIM: 0.8517 ; RE: 0.1083.
21-09-01 21:12:51.120 : 04.png - PSNR: 29.0393 dB; SSIM: 0.5078 ; RE: 0.1217.
21-09-01 21:12:55.325 : 06.png - PSNR: 28.8425 dB; SSIM: 0.7441 ; RE: 0.0751.
21-09-01 21:12:59.558 : 07.png - PSNR: 29.6939 dB; SSIM: 0.8340 ; RE: 0.0796.
21-09-01 21:13:03.861 : 08.png - PSNR: 29.0011 dB; SSIM: 0.5070 ; RE: 0.1726.
21-09-01 21:13:08.055 : 09.png - PSNR: 32.0073 dB; SSIM: 0.8631 ; RE: 0.0909.
21-09-01 21:13:12.335 : 10.png - PSNR: 29.1792 dB; SSIM: 0.7173 ; RE: 0.0790.
21-09-01 21:13:16.792 : 11.png - PSNR: 31.4876 dB; SSIM: 0.8175 ; RE: 0.0844.
21-09-01 21:13:21.089 : 12.png - PSNR: 29.4663 dB; SSIM: 0.7236 ; RE: 0.1250.
21-09-01 21:13:25.647 : 13.png - PSNR: 28.9994 dB; SSIM: 0.7199 ; RE: 0.0981.
21-09-01 21:13:29.984 : 15.png - PSNR: 28.8566 dB; SSIM: 0.8164 ; RE: 0.1217.
21-09-01 21:13:34.492 : 17.png - PSNR: 29.0454 dB; SSIM: 0.8331 ; RE: 0.0776.
21-09-01 21:13:38.717 : 22.png - PSNR: 29.4674 dB; SSIM: 0.8238 ; RE: 0.1065.
21-09-01 21:13:38.718 : ------> testset_name: (Set), alpha: (0.500), Average PSNR:(29.835)dB, Average ssim : (0.753), Average re : (0.105) )
21-09-01 21:13:42.955 : 01.png - PSNR: 27.9581 dB; SSIM: 0.6696 ; RE: 0.1031.
21-09-01 21:13:47.180 : 02.png - PSNR: 28.6327 dB; SSIM: 0.8166 ; RE: 0.1867.
21-09-01 21:13:51.372 : 03.png - PSNR: 29.3968 dB; SSIM: 0.7912 ; RE: 0.1508.
21-09-01 21:13:55.582 : 04.png - PSNR: 28.0692 dB; SSIM: 0.4858 ; RE: 0.1360.
21-09-01 21:13:59.802 : 06.png - PSNR: 27.7160 dB; SSIM: 0.7121 ; RE: 0.0855.
21-09-01 21:14:04.032 : 07.png - PSNR: 27.4670 dB; SSIM: 0.7916 ; RE: 0.1029.
21-09-01 21:14:08.244 : 08.png - PSNR: 28.1050 dB; SSIM: 0.4733 ; RE: 0.1913.
21-09-01 21:14:12.457 : 09.png - PSNR: 30.3935 dB; SSIM: 0.8273 ; RE: 0.1094.
21-09-01 21:14:16.678 : 10.png - PSNR: 28.5845 dB; SSIM: 0.7127 ; RE: 0.0845.
21-09-01 21:14:20.847 : 11.png - PSNR: 30.3711 dB; SSIM: 0.7953 ; RE: 0.0960.
21-09-01 21:14:25.065 : 12.png - PSNR: 29.0000 dB; SSIM: 0.7060 ; RE: 0.1319.
21-09-01 21:14:29.280 : 13.png - PSNR: 27.2800 dB; SSIM: 0.6615 ; RE: 0.1196.
21-09-01 21:14:33.484 : 15.png - PSNR: 26.8191 dB; SSIM: 0.7679 ; RE: 0.1538.
21-09-01 21:14:37.702 : 17.png - PSNR: 27.2951 dB; SSIM: 0.7967 ; RE: 0.0949.
21-09-01 21:14:41.919 : 22.png - PSNR: 27.7964 dB; SSIM: 0.7711 ; RE: 0.1291.
21-09-01 21:14:41.919 : ------> testset_name: (Set), alpha: (0.500), Average PSNR:(28.326)dB, Average ssim : (0.719), Average re : (0.125) )
21-09-01 22:42:45.582 : 01.png - PSNR: 29.4946 dB; SSIM: 0.7076 ; RE: 0.0864.
21-09-01 22:42:49.562 : 02.png - PSNR: 31.8563 dB; SSIM: 0.8577 ; RE: 0.1288.
21-09-01 22:42:53.554 : 03.png - PSNR: 32.9656 dB; SSIM: 0.8634 ; RE: 0.1000.
21-09-01 22:42:57.588 : 04.png - PSNR: 29.3207 dB; SSIM: 0.5177 ; RE: 0.1178.
21-09-01 22:43:01.640 : 06.png - PSNR: 29.4228 dB; SSIM: 0.7617 ; RE: 0.0702.
21-09-01 22:43:05.691 : 07.png - PSNR: 30.3724 dB; SSIM: 0.8481 ; RE: 0.0736.
21-09-01 22:43:09.707 : 08.png - PSNR: 29.4843 dB; SSIM: 0.5233 ; RE: 0.1633.
21-09-01 22:43:13.732 : 09.png - PSNR: 32.5416 dB; SSIM: 0.8730 ; RE: 0.0854.
21-09-01 22:43:17.804 : 10.png - PSNR: 29.5583 dB; SSIM: 0.7328 ; RE: 0.0756.
21-09-01 22:43:21.876 : 11.png - PSNR: 32.1115 dB; SSIM: 0.8328 ; RE: 0.0786.
21-09-01 22:43:25.911 : 12.png - PSNR: 29.9758 dB; SSIM: 0.7438 ; RE: 0.1179.
21-09-01 22:43:29.949 : 13.png - PSNR: 29.5986 dB; SSIM: 0.7410 ; RE: 0.0916.
21-09-01 22:43:33.993 : 15.png - PSNR: 29.3653 dB; SSIM: 0.8293 ; RE: 0.1147.
21-09-01 22:43:38.037 : 17.png - PSNR: 29.7310 dB; SSIM: 0.8481 ; RE: 0.0717.
21-09-01 22:43:42.079 : 22.png - PSNR: 30.0003 dB; SSIM: 0.8340 ; RE: 0.1001.
21-09-01 22:43:42.079 : ------> testset_name: (Set), Average PSNR:(30.387)dB, Average ssim : (0.768), Average re : (0.098) )
21-09-02 09:25:10.714 : 01.png - PSNR: 29.4946 dB; SSIM: 0.7076 ; RE: 0.0864.
21-09-02 09:25:14.805 : 02.png - PSNR: 31.8563 dB; SSIM: 0.8577 ; RE: 0.1288.
21-09-02 09:25:19.797 : 03.png - PSNR: 32.9656 dB; SSIM: 0.8634 ; RE: 0.1000.
21-09-02 09:25:23.792 : 04.png - PSNR: 29.3207 dB; SSIM: 0.5177 ; RE: 0.1178.
21-09-02 09:25:27.822 : 06.png - PSNR: 29.4228 dB; SSIM: 0.7617 ; RE: 0.0702.
21-09-02 09:25:31.854 : 07.png - PSNR: 30.3724 dB; SSIM: 0.8481 ; RE: 0.0736.
21-09-02 09:25:35.885 : 08.png - PSNR: 29.4843 dB; SSIM: 0.5233 ; RE: 0.1633.
21-09-02 09:25:39.943 : 09.png - PSNR: 32.5416 dB; SSIM: 0.8730 ; RE: 0.0854.
21-09-02 09:25:43.979 : 10.png - PSNR: 29.5583 dB; SSIM: 0.7328 ; RE: 0.0756.
21-09-02 09:25:48.037 : 11.png - PSNR: 32.1115 dB; SSIM: 0.8328 ; RE: 0.0786.
21-09-02 09:25:52.086 : 12.png - PSNR: 29.9758 dB; SSIM: 0.7438 ; RE: 0.1179.
21-09-02 09:25:56.137 : 13.png - PSNR: 29.5986 dB; SSIM: 0.7410 ; RE: 0.0916.
21-09-02 09:26:00.205 : 15.png - PSNR: 29.3653 dB; SSIM: 0.8293 ; RE: 0.1147.
21-09-02 09:26:04.281 : 17.png - PSNR: 29.7310 dB; SSIM: 0.8481 ; RE: 0.0717.
21-09-02 09:26:08.348 : 22.png - PSNR: 30.0003 dB; SSIM: 0.8340 ; RE: 0.1001.
21-09-02 09:26:08.349 : ------> testset_name: (Set), Average PSNR:(30.387)dB, Average ssim : (0.768), Average re : (0.098) )
21-09-03 11:04:34.666 : 01.png - PSNR: 29.6316 dB; SSIM: 0.7247 ; RE: 0.0850.
21-09-03 11:04:38.244 : 02.png - PSNR: 29.4287 dB; SSIM: 0.8433 ; RE: 0.0742.
21-09-03 11:04:41.859 : 03.png - PSNR: 32.6311 dB; SSIM: 0.8570 ; RE: 0.1039.
21-09-03 11:04:45.484 : 04.png - PSNR: 29.1051 dB; SSIM: 0.8236 ; RE: 0.1182.
21-09-03 11:04:49.203 : 05.png - PSNR: 29.8389 dB; SSIM: 0.8330 ; RE: 0.1020.
21-09-03 11:04:52.918 : 06.png - PSNR: 29.1773 dB; SSIM: 0.7604 ; RE: 0.0722.
21-09-03 11:04:56.651 : 07.png - PSNR: 30.1794 dB; SSIM: 0.8514 ; RE: 0.0753.
21-09-03 11:05:00.426 : 08.png - PSNR: 29.5589 dB; SSIM: 0.5395 ; RE: 0.1619.
21-09-03 11:05:04.192 : 09.png - PSNR: 32.3112 dB; SSIM: 0.8688 ; RE: 0.0877.
21-09-03 11:05:08.016 : 10.png - PSNR: 29.5052 dB; SSIM: 0.5358 ; RE: 0.1153.
21-09-03 11:05:11.833 : 11.png - PSNR: 31.5590 dB; SSIM: 0.8565 ; RE: 0.1333.
21-09-03 11:05:15.676 : 12.png - PSNR: 29.8447 dB; SSIM: 0.7422 ; RE: 0.1197.
21-09-03 11:05:19.544 : 13.png - PSNR: 29.4647 dB; SSIM: 0.7390 ; RE: 0.0930.
21-09-03 11:05:23.392 : 14.png - PSNR: 29.5181 dB; SSIM: 0.7307 ; RE: 0.0759.
21-09-03 11:05:27.271 : 15.png - PSNR: 32.0661 dB; SSIM: 0.8342 ; RE: 0.0790.
21-09-03 11:05:27.296 : ------> testset_name: (Set), alpha: (0.500), Average PSNR:(30.255)dB, Average ssim : (0.769), Average re : (0.100) )
21-09-03 11:05:31.194 : 01.png - PSNR: 29.1358 dB; SSIM: 0.7108 ; RE: 0.0900.
21-09-03 11:05:35.098 : 02.png - PSNR: 28.6900 dB; SSIM: 0.8269 ; RE: 0.0808.
21-09-03 11:05:38.988 : 03.png - PSNR: 31.9227 dB; SSIM: 0.8447 ; RE: 0.1127.
21-09-03 11:05:42.899 : 04.png - PSNR: 28.5809 dB; SSIM: 0.8096 ; RE: 0.1256.
21-09-03 11:05:46.828 : 05.png - PSNR: 29.2152 dB; SSIM: 0.8186 ; RE: 0.1096.
21-09-03 11:05:50.765 : 06.png - PSNR: 28.7555 dB; SSIM: 0.7433 ; RE: 0.0758.
21-09-03 11:05:54.719 : 07.png - PSNR: 29.4959 dB; SSIM: 0.8374 ; RE: 0.0814.
21-09-03 11:05:58.657 : 08.png - PSNR: 29.0599 dB; SSIM: 0.5206 ; RE: 0.1714.
21-09-03 11:06:02.618 : 09.png - PSNR: 31.8909 dB; SSIM: 0.8647 ; RE: 0.0921.
21-09-03 11:06:06.597 : 10.png - PSNR: 29.2177 dB; SSIM: 0.5269 ; RE: 0.1192.
21-09-03 11:06:10.571 : 11.png - PSNR: 30.8677 dB; SSIM: 0.8503 ; RE: 0.1443.
21-09-03 11:06:14.551 : 12.png - PSNR: 29.4409 dB; SSIM: 0.7253 ; RE: 0.1254.
21-09-03 11:06:18.565 : 13.png - PSNR: 28.8537 dB; SSIM: 0.7176 ; RE: 0.0998.
21-09-03 11:06:22.588 : 14.png - PSNR: 29.1080 dB; SSIM: 0.7153 ; RE: 0.0796.
21-09-03 11:06:26.589 : 15.png - PSNR: 31.4190 dB; SSIM: 0.8204 ; RE: 0.0851.
21-09-03 11:06:26.589 : ------> testset_name: (Set), alpha: (0.500), Average PSNR:(29.710)dB, Average ssim : (0.755), Average re : (0.106) )
21-09-03 11:06:30.618 : 01.png - PSNR: 27.8695 dB; SSIM: 0.6828 ; RE: 0.1042.
21-09-03 11:06:34.648 : 02.png - PSNR: 26.9606 dB; SSIM: 0.7920 ; RE: 0.0986.
21-09-03 11:06:38.652 : 03.png - PSNR: 29.0528 dB; SSIM: 0.7818 ; RE: 0.1569.
21-09-03 11:06:42.667 : 04.png - PSNR: 26.4589 dB; SSIM: 0.7576 ; RE: 0.1603.
21-09-03 11:06:46.695 : 05.png - PSNR: 27.5667 dB; SSIM: 0.7677 ; RE: 0.1325.
21-09-03 11:06:50.721 : 06.png - PSNR: 27.5356 dB; SSIM: 0.7097 ; RE: 0.0873.
21-09-03 11:06:54.756 : 07.png - PSNR: 27.1203 dB; SSIM: 0.7856 ; RE: 0.1071.
21-09-03 11:06:58.782 : 08.png - PSNR: 28.3498 dB; SSIM: 0.4873 ; RE: 0.1860.
21-09-03 11:07:02.850 : 09.png - PSNR: 30.1740 dB; SSIM: 0.8244 ; RE: 0.1122.
21-09-03 11:07:06.896 : 10.png - PSNR: 28.3602 dB; SSIM: 0.5012 ; RE: 0.1315.
21-09-03 11:07:10.940 : 11.png - PSNR: 28.1662 dB; SSIM: 0.8107 ; RE: 0.1970.
21-09-03 11:07:14.987 : 12.png - PSNR: 29.0261 dB; SSIM: 0.7091 ; RE: 0.1315.
21-09-03 11:07:19.036 : 13.png - PSNR: 27.0803 dB; SSIM: 0.6571 ; RE: 0.1224.
21-09-03 11:07:23.097 : 14.png - PSNR: 28.4374 dB; SSIM: 0.7105 ; RE: 0.0860.
21-09-03 11:07:27.168 : 15.png - PSNR: 30.1745 dB; SSIM: 0.7979 ; RE: 0.0982.
21-09-03 11:07:27.168 : ------> testset_name: (Set), alpha: (0.500), Average PSNR:(28.156)dB, Average ssim : (0.718), Average re : (0.127) )
21-09-03 11:08:45.958 : 01.png - PSNR: 29.8493 dB; SSIM: 0.7344 ; RE: 0.0829.
21-09-03 11:08:49.617 : 02.png - PSNR: 29.3263 dB; SSIM: 0.8414 ; RE: 0.0751.
21-09-03 11:08:53.337 : 03.png - PSNR: 32.5052 dB; SSIM: 0.8547 ; RE: 0.1054.
21-09-03 11:08:57.155 : 04.png - PSNR: 28.9949 dB; SSIM: 0.8207 ; RE: 0.1197.
21-09-03 11:09:01.070 : 05.png - PSNR: 29.7410 dB; SSIM: 0.8289 ; RE: 0.1032.
21-09-03 11:09:04.962 : 06.png - PSNR: 29.1775 dB; SSIM: 0.7595 ; RE: 0.0722.
21-09-03 11:09:08.836 : 07.png - PSNR: 29.9958 dB; SSIM: 0.8477 ; RE: 0.0769.
21-09-03 11:09:12.735 : 08.png - PSNR: 29.9195 dB; SSIM: 0.5486 ; RE: 0.1553.
21-09-03 11:09:16.675 : 09.png - PSNR: 32.2963 dB; SSIM: 0.8680 ; RE: 0.0879.
21-09-03 11:09:20.625 : 10.png - PSNR: 30.0215 dB; SSIM: 0.5495 ; RE: 0.1086.
21-09-03 11:09:24.592 : 11.png - PSNR: 31.4788 dB; SSIM: 0.8551 ; RE: 0.1345.
21-09-03 11:09:28.554 : 12.png - PSNR: 29.9301 dB; SSIM: 0.7428 ; RE: 0.1185.
21-09-03 11:09:32.514 : 13.png - PSNR: 29.4801 dB; SSIM: 0.7393 ; RE: 0.0929.
21-09-03 11:09:36.487 : 14.png - PSNR: 29.4874 dB; SSIM: 0.7305 ; RE: 0.0762.
21-09-03 11:09:40.477 : 15.png - PSNR: 32.0510 dB; SSIM: 0.8352 ; RE: 0.0791.
21-09-03 11:09:40.477 : ------> testset_name: (Set), alpha: (0.500), Average PSNR:(30.284)dB, Average ssim : (0.770), Average re : (0.099) )
21-09-03 11:09:44.484 : 01.png - PSNR: 29.1770 dB; SSIM: 0.7151 ; RE: 0.0896.
21-09-03 11:09:48.486 : 02.png - PSNR: 28.6692 dB; SSIM: 0.8302 ; RE: 0.0810.
21-09-03 11:09:52.522 : 03.png - PSNR: 31.7884 dB; SSIM: 0.8420 ; RE: 0.1145.
21-09-03 11:09:56.549 : 04.png - PSNR: 28.4727 dB; SSIM: 0.8071 ; RE: 0.1272.
21-09-03 11:10:00.585 : 05.png - PSNR: 29.1593 dB; SSIM: 0.8186 ; RE: 0.1103.
21-09-03 11:10:04.968 : 06.png - PSNR: 28.7856 dB; SSIM: 0.7445 ; RE: 0.0756.
21-09-03 11:10:09.277 : 07.png - PSNR: 29.3549 dB; SSIM: 0.8359 ; RE: 0.0828.
21-09-03 11:10:21.622 : 01.png - PSNR: 29.4982 dB; SSIM: 0.7267 ; RE: 0.0864.
21-09-03 11:10:25.625 : 02.png - PSNR: 29.1149 dB; SSIM: 0.8372 ; RE: 0.0769.
21-09-03 11:10:29.646 : 03.png - PSNR: 32.3165 dB; SSIM: 0.8512 ; RE: 0.1077.
21-09-03 11:10:33.696 : 04.png - PSNR: 28.8383 dB; SSIM: 0.8165 ; RE: 0.1219.
21-09-03 11:10:37.787 : 05.png - PSNR: 29.5875 dB; SSIM: 0.8266 ; RE: 0.1050.
21-09-03 11:10:41.853 : 06.png - PSNR: 28.9656 dB; SSIM: 0.7543 ; RE: 0.0740.
21-09-03 11:10:45.928 : 07.png - PSNR: 29.6731 dB; SSIM: 0.8410 ; RE: 0.0798.
21-09-03 11:10:49.996 : 08.png - PSNR: 29.6942 dB; SSIM: 0.5463 ; RE: 0.1594.
21-09-03 11:10:54.082 : 09.png - PSNR: 32.0267 dB; SSIM: 0.8629 ; RE: 0.0906.
21-09-03 11:10:58.156 : 10.png - PSNR: 29.7226 dB; SSIM: 0.5489 ; RE: 0.1125.
21-09-03 11:11:02.258 : 11.png - PSNR: 31.1936 dB; SSIM: 0.8510 ; RE: 0.1390.
21-09-03 11:11:06.368 : 12.png - PSNR: 29.6321 dB; SSIM: 0.7363 ; RE: 0.1226.
21-09-03 11:11:10.463 : 13.png - PSNR: 29.2755 dB; SSIM: 0.7341 ; RE: 0.0951.
21-09-03 11:11:14.560 : 14.png - PSNR: 29.4052 dB; SSIM: 0.7293 ; RE: 0.0769.
21-09-03 11:11:18.650 : 15.png - PSNR: 32.0018 dB; SSIM: 0.8330 ; RE: 0.0796.
21-09-03 11:11:18.651 : ------> testset_name: (Set), alpha: (0.500), Average PSNR:(30.063)dB, Average ssim : (0.766), Average re : (0.102) )
21-09-03 11:11:22.785 : 01.png - PSNR: 29.1193 dB; SSIM: 0.7142 ; RE: 0.0902.
21-09-03 11:11:26.918 : 02.png - PSNR: 28.4569 dB; SSIM: 0.8271 ; RE: 0.0830.
21-09-03 11:11:31.040 : 03.png - PSNR: 31.5972 dB; SSIM: 0.8383 ; RE: 0.1170.
21-09-03 11:11:35.164 : 04.png - PSNR: 28.3150 dB; SSIM: 0.8031 ; RE: 0.1295.
21-09-03 11:11:39.266 : 05.png - PSNR: 29.0135 dB; SSIM: 0.8151 ; RE: 0.1122.
21-09-03 11:11:43.396 : 06.png - PSNR: 28.6490 dB; SSIM: 0.7436 ; RE: 0.0768.
21-09-03 11:11:47.508 : 07.png - PSNR: 29.0807 dB; SSIM: 0.8317 ; RE: 0.0854.
21-09-03 11:11:51.633 : 08.png - PSNR: 29.2916 dB; SSIM: 0.5314 ; RE: 0.1669.
21-09-03 11:11:55.761 : 09.png - PSNR: 31.6648 dB; SSIM: 0.8606 ; RE: 0.0945.
21-09-03 11:11:59.874 : 10.png - PSNR: 29.4746 dB; SSIM: 0.5388 ; RE: 0.1157.
21-09-03 11:12:03.997 : 11.png - PSNR: 30.3950 dB; SSIM: 0.8442 ; RE: 0.1524.
21-09-03 11:12:08.108 : 12.png - PSNR: 29.3276 dB; SSIM: 0.7208 ; RE: 0.1270.
21-09-03 11:12:12.268 : 13.png - PSNR: 28.7978 dB; SSIM: 0.7157 ; RE: 0.1004.
21-09-03 11:12:16.393 : 14.png - PSNR: 29.0359 dB; SSIM: 0.7135 ; RE: 0.0803.
21-09-03 11:12:20.518 : 15.png - PSNR: 31.2800 dB; SSIM: 0.8195 ; RE: 0.0865.
21-09-03 11:12:20.518 : ------> testset_name: (Set), alpha: (0.500), Average PSNR:(29.567)dB, Average ssim : (0.755), Average re : (0.108) )
21-09-03 11:12:24.665 : 01.png - PSNR: 27.6561 dB; SSIM: 0.6854 ; RE: 0.1068.
21-09-03 11:12:28.857 : 02.png - PSNR: 26.6536 dB; SSIM: 0.7870 ; RE: 0.1021.
21-09-03 11:12:42.280 : 01.png - PSNR: 29.7148 dB; SSIM: 0.7293 ; RE: 0.0842.
21-09-03 11:12:46.353 : 02.png - PSNR: 29.2525 dB; SSIM: 0.8396 ; RE: 0.0757.
21-09-03 11:12:50.442 : 03.png - PSNR: 32.4436 dB; SSIM: 0.8535 ; RE: 0.1062.
21-09-03 11:12:54.602 : 04.png - PSNR: 28.9396 dB; SSIM: 0.8193 ; RE: 0.1205.
21-09-03 11:12:58.725 : 05.png - PSNR: 29.7251 dB; SSIM: 0.8298 ; RE: 0.1034.
21-09-03 11:13:02.864 : 06.png - PSNR: 29.1818 dB; SSIM: 0.7610 ; RE: 0.0722.
21-09-03 11:13:07.009 : 07.png - PSNR: 29.8830 dB; SSIM: 0.8464 ; RE: 0.0779.
21-09-03 11:13:11.151 : 08.png - PSNR: 30.1961 dB; SSIM: 0.5553 ; RE: 0.1504.
21-09-03 11:13:15.263 : 09.png - PSNR: 32.2549 dB; SSIM: 0.8675 ; RE: 0.0883.
21-09-03 11:13:19.428 : 10.png - PSNR: 30.0316 dB; SSIM: 0.5504 ; RE: 0.1085.
21-09-03 11:13:23.564 : 11.png - PSNR: 31.4262 dB; SSIM: 0.8547 ; RE: 0.1353.
21-09-03 11:13:27.709 : 12.png - PSNR: 29.7867 dB; SSIM: 0.7398 ; RE: 0.1205.
21-09-03 11:13:31.840 : 13.png - PSNR: 29.4143 dB; SSIM: 0.7373 ; RE: 0.0936.
21-09-03 11:13:36.001 : 14.png - PSNR: 29.4614 dB; SSIM: 0.7301 ; RE: 0.0764.
21-09-03 11:13:40.126 : 15.png - PSNR: 32.0250 dB; SSIM: 0.8357 ; RE: 0.0794.
21-09-03 11:13:40.126 : ------> testset_name: (Set), alpha: (0.500), Average PSNR:(30.249)dB, Average ssim : (0.770), Average re : (0.099) )
21-09-03 11:13:44.292 : 01.png - PSNR: 29.3376 dB; SSIM: 0.7230 ; RE: 0.0880.
21-09-03 11:13:48.428 : 02.png - PSNR: 28.5871 dB; SSIM: 0.8300 ; RE: 0.0818.
21-09-03 11:13:52.593 : 03.png - PSNR: 31.7220 dB; SSIM: 0.8407 ; RE: 0.1154.
21-09-03 11:13:56.742 : 04.png - PSNR: 28.4206 dB; SSIM: 0.8058 ; RE: 0.1279.
21-09-03 11:14:00.871 : 05.png - PSNR: 29.1269 dB; SSIM: 0.8172 ; RE: 0.1107.
21-09-03 11:14:05.052 : 06.png - PSNR: 28.8351 dB; SSIM: 0.7465 ; RE: 0.0751.
21-09-03 11:14:09.209 : 07.png - PSNR: 29.2905 dB; SSIM: 0.8361 ; RE: 0.0834.
21-09-03 11:14:13.592 : 08.png - PSNR: 29.4701 dB; SSIM: 0.5327 ; RE: 0.1635.
21-09-03 11:14:26.485 : 01.png - PSNR: 29.6009 dB; SSIM: 0.7282 ; RE: 0.0853.
21-09-03 11:14:30.566 : 02.png - PSNR: 29.1639 dB; SSIM: 0.8377 ; RE: 0.0765.
21-09-03 11:14:34.692 : 03.png - PSNR: 32.3794 dB; SSIM: 0.8524 ; RE: 0.1069.
21-09-03 11:14:38.825 : 04.png - PSNR: 28.8880 dB; SSIM: 0.8179 ; RE: 0.1212.
21-09-03 11:14:42.983 : 05.png - PSNR: 29.6431 dB; SSIM: 0.8274 ; RE: 0.1043.
21-09-03 11:14:47.130 : 06.png - PSNR: 29.0567 dB; SSIM: 0.7567 ; RE: 0.0733.
21-09-03 11:14:51.256 : 07.png - PSNR: 29.8112 dB; SSIM: 0.8447 ; RE: 0.0785.
21-09-03 11:14:55.425 : 08.png - PSNR: 29.9857 dB; SSIM: 0.5510 ; RE: 0.1541.
21-09-03 11:14:59.605 : 09.png - PSNR: 32.1091 dB; SSIM: 0.8642 ; RE: 0.0898.
21-09-03 11:15:03.743 : 10.png - PSNR: 29.9042 dB; SSIM: 0.5499 ; RE: 0.1101.
21-09-03 11:15:07.900 : 11.png - PSNR: 31.3521 dB; SSIM: 0.8532 ; RE: 0.1365.
21-09-03 11:15:12.051 : 12.png - PSNR: 29.6891 dB; SSIM: 0.7380 ; RE: 0.1218.
21-09-03 11:15:16.204 : 13.png - PSNR: 29.3479 dB; SSIM: 0.7357 ; RE: 0.0943.
21-09-03 11:15:20.364 : 14.png - PSNR: 29.4615 dB; SSIM: 0.7299 ; RE: 0.0764.
21-09-03 11:15:24.530 : 15.png - PSNR: 31.9942 dB; SSIM: 0.8333 ; RE: 0.0797.
21-09-03 11:15:24.531 : ------> testset_name: (Set), alpha: (0.500), Average PSNR:(30.159)dB, Average ssim : (0.768), Average re : (0.101) )
21-09-03 11:15:28.705 : 01.png - PSNR: 29.2385 dB; SSIM: 0.7190 ; RE: 0.0890.
21-09-03 11:15:32.853 : 02.png - PSNR: 28.5166 dB; SSIM: 0.8276 ; RE: 0.0824.
21-09-03 11:15:36.997 : 03.png - PSNR: 31.6575 dB; SSIM: 0.8394 ; RE: 0.1162.
21-09-03 11:15:41.165 : 04.png - PSNR: 28.3682 dB; SSIM: 0.8045 ; RE: 0.1287.
21-09-03 11:15:45.320 : 05.png - PSNR: 29.0774 dB; SSIM: 0.8167 ; RE: 0.1114.
21-09-03 11:15:49.506 : 06.png - PSNR: 28.6527 dB; SSIM: 0.7434 ; RE: 0.0767.
21-09-03 11:15:53.662 : 07.png - PSNR: 29.1439 dB; SSIM: 0.8313 ; RE: 0.0848.
21-09-03 11:15:57.823 : 08.png - PSNR: 29.2024 dB; SSIM: 0.5305 ; RE: 0.1686.
21-09-03 11:16:02.016 : 09.png - PSNR: 31.6712 dB; SSIM: 0.8592 ; RE: 0.0944.
21-09-03 11:16:06.179 : 10.png - PSNR: 29.4279 dB; SSIM: 0.5391 ; RE: 0.1163.
21-09-03 11:16:10.336 : 11.png - PSNR: 30.5627 dB; SSIM: 0.8470 ; RE: 0.1495.
21-09-03 11:16:14.519 : 12.png - PSNR: 29.3671 dB; SSIM: 0.7223 ; RE: 0.1264.
21-09-03 11:16:18.704 : 13.png - PSNR: 28.7951 dB; SSIM: 0.7169 ; RE: 0.1005.
21-09-03 11:16:22.864 : 14.png - PSNR: 29.0744 dB; SSIM: 0.7150 ; RE: 0.0799.
21-09-03 11:16:27.029 : 15.png - PSNR: 31.3599 dB; SSIM: 0.8210 ; RE: 0.0857.
21-09-03 11:16:27.030 : ------> testset_name: (Set), alpha: (0.500), Average PSNR:(29.608)dB, Average ssim : (0.756), Average re : (0.107) )
21-09-03 11:16:31.216 : 01.png - PSNR: 27.7767 dB; SSIM: 0.6866 ; RE: 0.1053.
21-09-03 11:16:35.391 : 02.png - PSNR: 26.7238 dB; SSIM: 0.7888 ; RE: 0.1013.
21-09-03 11:16:39.566 : 03.png - PSNR: 28.8779 dB; SSIM: 0.7768 ; RE: 0.1600.
21-09-03 11:16:43.740 : 04.png - PSNR: 26.2238 dB; SSIM: 0.7503 ; RE: 0.1647.
21-09-03 11:16:47.890 : 05.png - PSNR: 27.3843 dB; SSIM: 0.7644 ; RE: 0.1353.
21-09-03 11:16:52.087 : 06.png - PSNR: 27.4919 dB; SSIM: 0.7082 ; RE: 0.0877.
21-09-03 11:16:56.286 : 07.png - PSNR: 26.8224 dB; SSIM: 0.7774 ; RE: 0.1108.
21-09-03 11:17:00.473 : 08.png - PSNR: 28.6548 dB; SSIM: 0.5013 ; RE: 0.1796.
21-09-03 11:17:04.663 : 09.png - PSNR: 30.0653 dB; SSIM: 0.8227 ; RE: 0.1136.
21-09-03 11:17:08.838 : 10.png - PSNR: 28.5612 dB; SSIM: 0.5147 ; RE: 0.1285.
21-09-03 11:17:13.010 : 11.png - PSNR: 27.8807 dB; SSIM: 0.8059 ; RE: 0.2035.
21-09-03 11:17:17.190 : 12.png - PSNR: 28.9461 dB; SSIM: 0.7096 ; RE: 0.1327.
21-09-03 11:17:21.382 : 13.png - PSNR: 26.9482 dB; SSIM: 0.6553 ; RE: 0.1243.
21-09-03 11:17:25.578 : 14.png - PSNR: 28.2830 dB; SSIM: 0.7086 ; RE: 0.0875.
21-09-03 11:17:29.775 : 15.png - PSNR: 30.0052 dB; SSIM: 0.7974 ; RE: 0.1001.
21-09-03 11:17:29.775 : ------> testset_name: (Set), alpha: (0.500), Average PSNR:(28.043)dB, Average ssim : (0.718), Average re : (0.129) )
21-09-03 14:52:44.752 : 01.png - PSNR: 29.4982 dB; SSIM: 0.7267 ; RE: 0.0864.
21-09-03 14:52:48.287 : 02.png - PSNR: 29.1149 dB; SSIM: 0.8372 ; RE: 0.0769.
21-09-03 14:52:51.899 : 03.png - PSNR: 32.3165 dB; SSIM: 0.8512 ; RE: 0.1077.
21-09-03 14:52:55.570 : 04.png - PSNR: 28.8383 dB; SSIM: 0.8165 ; RE: 0.1219.
21-09-03 14:52:59.277 : 05.png - PSNR: 29.5875 dB; SSIM: 0.8266 ; RE: 0.1050.
21-09-03 14:53:02.992 : 06.png - PSNR: 28.9656 dB; SSIM: 0.7543 ; RE: 0.0740.
21-09-03 14:53:06.768 : 07.png - PSNR: 29.6731 dB; SSIM: 0.8410 ; RE: 0.0798.
21-09-03 14:53:10.562 : 08.png - PSNR: 29.6942 dB; SSIM: 0.5463 ; RE: 0.1594.
21-09-03 14:53:14.410 : 09.png - PSNR: 32.0267 dB; SSIM: 0.8629 ; RE: 0.0906.
21-09-03 14:53:18.235 : 10.png - PSNR: 29.7226 dB; SSIM: 0.5489 ; RE: 0.1125.
21-09-03 14:53:22.084 : 11.png - PSNR: 31.1936 dB; SSIM: 0.8510 ; RE: 0.1390.
21-09-03 14:53:25.943 : 12.png - PSNR: 29.6321 dB; SSIM: 0.7363 ; RE: 0.1226.
21-09-03 14:53:29.819 : 13.png - PSNR: 29.2755 dB; SSIM: 0.7341 ; RE: 0.0951.
21-09-03 14:53:33.711 : 14.png - PSNR: 29.4052 dB; SSIM: 0.7293 ; RE: 0.0769.
21-09-03 14:53:37.632 : 15.png - PSNR: 32.0018 dB; SSIM: 0.8330 ; RE: 0.0796.
21-09-03 14:53:37.632 : ------> testset_name: (Set), alpha: (0.500), Average PSNR:(30.063)dB, Average ssim : (0.766), Average re : (0.102) )
21-09-03 14:53:41.556 : 01.png - PSNR: 29.1193 dB; SSIM: 0.7142 ; RE: 0.0902.
21-09-03 14:53:45.482 : 02.png - PSNR: 28.4569 dB; SSIM: 0.8271 ; RE: 0.0830.
21-09-03 14:53:49.457 : 03.png - PSNR: 31.5972 dB; SSIM: 0.8383 ; RE: 0.1170.
21-09-03 14:53:53.411 : 04.png - PSNR: 28.3150 dB; SSIM: 0.8031 ; RE: 0.1295.
21-09-03 14:53:57.364 : 05.png - PSNR: 29.0135 dB; SSIM: 0.8151 ; RE: 0.1122.
21-09-03 14:54:01.333 : 06.png - PSNR: 28.6490 dB; SSIM: 0.7436 ; RE: 0.0768.
21-09-03 14:54:05.309 : 07.png - PSNR: 29.0807 dB; SSIM: 0.8317 ; RE: 0.0854.
21-09-03 14:54:09.279 : 08.png - PSNR: 29.2916 dB; SSIM: 0.5314 ; RE: 0.1669.
21-09-03 14:54:13.279 : 09.png - PSNR: 31.6648 dB; SSIM: 0.8606 ; RE: 0.0945.
21-09-03 14:54:17.267 : 10.png - PSNR: 29.4746 dB; SSIM: 0.5388 ; RE: 0.1157.
21-09-03 14:54:21.300 : 11.png - PSNR: 30.3950 dB; SSIM: 0.8442 ; RE: 0.1524.
21-09-03 14:54:25.292 : 12.png - PSNR: 29.3276 dB; SSIM: 0.7208 ; RE: 0.1270.
21-09-03 14:54:29.336 : 13.png - PSNR: 28.7978 dB; SSIM: 0.7157 ; RE: 0.1004.
21-09-03 14:54:33.396 : 14.png - PSNR: 29.0359 dB; SSIM: 0.7135 ; RE: 0.0803.
21-09-03 14:54:37.428 : 15.png - PSNR: 31.2800 dB; SSIM: 0.8195 ; RE: 0.0865.
21-09-03 14:54:37.429 : ------> testset_name: (Set), alpha: (0.500), Average PSNR:(29.567)dB, Average ssim : (0.755), Average re : (0.108) )
21-09-03 14:54:41.475 : 01.png - PSNR: 27.6561 dB; SSIM: 0.6854 ; RE: 0.1068.
21-09-03 14:54:45.542 : 02.png - PSNR: 26.6536 dB; SSIM: 0.7870 ; RE: 0.1021.
21-09-03 14:54:49.590 : 03.png - PSNR: 28.8316 dB; SSIM: 0.7755 ; RE: 0.1609.
21-09-03 14:54:53.649 : 04.png - PSNR: 26.1651 dB; SSIM: 0.7487 ; RE: 0.1658.
21-09-03 14:54:57.702 : 05.png - PSNR: 27.3274 dB; SSIM: 0.7624 ; RE: 0.1362.
21-09-03 14:55:01.766 : 06.png - PSNR: 27.3902 dB; SSIM: 0.7043 ; RE: 0.0887.
21-09-03 14:55:05.817 : 07.png - PSNR: 26.8145 dB; SSIM: 0.7790 ; RE: 0.1109.
21-09-03 14:55:09.900 : 08.png - PSNR: 28.7361 dB; SSIM: 0.5032 ; RE: 0.1779.
21-09-03 14:55:13.971 : 09.png - PSNR: 29.9769 dB; SSIM: 0.8207 ; RE: 0.1148.
21-09-03 14:55:18.047 : 10.png - PSNR: 28.7453 dB; SSIM: 0.5204 ; RE: 0.1258.
21-09-03 14:55:22.142 : 11.png - PSNR: 27.7581 dB; SSIM: 0.8031 ; RE: 0.2064.
21-09-03 14:55:26.229 : 12.png - PSNR: 28.8804 dB; SSIM: 0.7079 ; RE: 0.1337.
21-09-03 14:55:30.322 : 13.png - PSNR: 26.9009 dB; SSIM: 0.6528 ; RE: 0.1250.
21-09-03 14:55:34.434 : 14.png - PSNR: 28.2499 dB; SSIM: 0.7071 ; RE: 0.0879.
21-09-03 14:55:38.524 : 15.png - PSNR: 29.9209 dB; SSIM: 0.7942 ; RE: 0.1011.
21-09-03 14:55:38.524 : ------> testset_name: (Set), alpha: (0.500), Average PSNR:(28.000)dB, Average ssim : (0.717), Average re : (0.130) )
21-09-17 18:48:31.258 : 01.png - PSNR: 29.4946 dB; SSIM: 0.7076 ; RE: 0.0864.
21-09-17 18:48:35.227 : 02.png - PSNR: 29.7310 dB; SSIM: 0.8481 ; RE: 0.0717.
21-09-17 18:48:39.213 : 03.png - PSNR: 32.9656 dB; SSIM: 0.8634 ; RE: 0.1000.
21-09-17 18:48:43.246 : 04.png - PSNR: 29.3653 dB; SSIM: 0.8293 ; RE: 0.1147.
21-09-17 18:48:47.279 : 05.png - PSNR: 30.0003 dB; SSIM: 0.8340 ; RE: 0.1001.
21-09-17 18:48:51.312 : 06.png - PSNR: 29.4228 dB; SSIM: 0.7617 ; RE: 0.0702.
21-09-17 18:48:55.345 : 07.png - PSNR: 30.3724 dB; SSIM: 0.8481 ; RE: 0.0736.
21-09-17 18:48:59.407 : 08.png - PSNR: 29.4843 dB; SSIM: 0.5233 ; RE: 0.1633.
21-09-17 18:49:03.496 : 09.png - PSNR: 32.5416 dB; SSIM: 0.8730 ; RE: 0.0854.
21-09-17 18:49:07.541 : 10.png - PSNR: 29.3207 dB; SSIM: 0.5177 ; RE: 0.1178.
21-09-17 18:49:11.596 : 11.png - PSNR: 31.8563 dB; SSIM: 0.8577 ; RE: 0.1288.
21-09-17 18:49:15.635 : 12.png - PSNR: 29.9758 dB; SSIM: 0.7438 ; RE: 0.1179.
21-09-17 18:49:19.704 : 13.png - PSNR: 29.5986 dB; SSIM: 0.7410 ; RE: 0.0916.
21-09-17 18:49:23.753 : 14.png - PSNR: 29.5583 dB; SSIM: 0.7328 ; RE: 0.0756.
21-09-17 18:49:27.794 : 15.png - PSNR: 32.1115 dB; SSIM: 0.8328 ; RE: 0.0786.
21-09-17 18:49:27.795 : ------> testset_name: (Set), alpha: (0.500), Average PSNR:(30.387)dB, Average ssim : (0.768), Average re : (0.098) )
21-09-17 19:42:53.944 : 01.png - PSNR: 29.08 dB; SSIM: 0.7983 ; RE: 0.0906.
21-09-17 19:42:55.952 : 02.png - PSNR: 27.35 dB; SSIM: 0.8117 ; RE: 0.0942.
21-09-17 19:42:57.999 : 03.png - PSNR: 30.37 dB; SSIM: 0.8392 ; RE: 0.1348.
21-09-17 19:43:00.069 : 04.png - PSNR: 27.16 dB; SSIM: 0.7862 ; RE: 0.1479.
21-09-17 19:43:02.180 : 05.png - PSNR: 28.14 dB; SSIM: 0.8032 ; RE: 0.1240.
21-09-17 19:43:04.409 : 06.png - PSNR: 27.88 dB; SSIM: 0.7539 ; RE: 0.0838.
21-09-17 19:43:06.531 : 07.png - PSNR: 28.24 dB; SSIM: 0.8539 ; RE: 0.0941.
21-09-17 19:43:08.740 : 08.png - PSNR: 30.91 dB; SSIM: 0.6804 ; RE: 0.1386.
21-09-17 19:43:10.871 : 09.png - PSNR: 30.55 dB; SSIM: 0.8517 ; RE: 0.1075.
21-09-17 19:43:13.012 : 10.png - PSNR: 30.88 dB; SSIM: 0.6964 ; RE: 0.0984.
21-09-17 19:43:15.184 : 11.png - PSNR: 29.40 dB; SSIM: 0.8583 ; RE: 0.1709.
21-09-17 19:43:17.308 : 12.png - PSNR: 28.77 dB; SSIM: 0.7277 ; RE: 0.1354.
21-09-17 19:43:19.469 : 13.png - PSNR: 28.26 dB; SSIM: 0.7263 ; RE: 0.1069.
21-09-17 19:43:21.620 : 14.png - PSNR: 28.71 dB; SSIM: 0.7092 ; RE: 0.0834.
21-09-17 19:43:23.767 : 15.png - PSNR: 31.16 dB; SSIM: 0.8394 ; RE: 0.0877.
21-09-17 19:43:23.767 : ------> testset_name: (Set), Average PSNR:(29.124)dB, Average ssim : (0.782), Average re : (0.113) )
