21-07-02 22:23:13.791 : Model path 1: model_zoo\dncnn_25.pth
21-07-02 22:23:13.792 : Params number: 555137
21-07-02 22:23:13.803 : Model path 2: model_zoo\dncnn_15.pth
21-07-02 22:23:13.804 : Params number: 555137
21-07-02 22:23:13.804 : testsets\Set
21-07-02 22:25:41.799 : Model path 1: model_zoo\dncnn_25.pth
21-07-02 22:25:41.800 : Params number: 555137
21-07-02 22:25:41.812 : Model path 2: model_zoo\dncnn_15.pth
21-07-02 22:25:41.812 : Params number: 555137
21-07-02 22:25:41.812 : testsets\Set
21-07-02 22:25:45.658 : 01.png - PSNR: 29.8127 dB; SSIM: 0.7183 ; RE: 0.0833.
21-07-02 22:25:49.206 : 02.png - PSNR: 31.0458 dB; SSIM: 0.8601 ; RE: 0.1414.
21-07-02 22:25:52.620 : 03.png - PSNR: 31.9170 dB; SSIM: 0.8792 ; RE: 0.1128.
21-07-02 22:25:55.903 : 04.png - PSNR: 31.0753 dB; SSIM: 0.5196 ; RE: 0.0962.
21-07-02 22:25:59.323 : 05.png - PSNR: 28.9211 dB; SSIM: 0.5203 ; RE: 0.1136.
21-07-02 22:26:02.908 : 06.png - PSNR: 28.1112 dB; SSIM: 0.7046 ; RE: 0.0817.
21-07-02 22:33:21.675 : Model path 1: model_zoo\dncnn_25.pth
21-07-02 22:33:21.676 : Params number: 555137
21-07-02 22:33:21.688 : Model path 2: model_zoo\dncnn_15.pth
21-07-02 22:33:21.688 : Params number: 555137
21-07-02 22:33:21.688 : testsets\Set
21-07-02 22:35:18.186 : Model path 1: model_zoo\dncnn_25.pth
21-07-02 22:35:18.187 : Params number: 555137
21-07-02 22:35:18.198 : Model path 2: model_zoo\dncnn_15.pth
21-07-02 22:35:18.199 : Params number: 555137
21-07-02 22:35:18.199 : testsets\Set
21-07-02 22:35:21.927 : 01.png - PSNR: 26.3271 dB; SSIM: 0.6432 ; RE: 0.1244.
21-07-02 22:35:25.074 : 02.png - PSNR: 26.8338 dB; SSIM: 0.7476 ; RE: 0.2296.
21-07-02 22:35:28.139 : 03.png - PSNR: 28.5151 dB; SSIM: 0.7673 ; RE: 0.1669.
21-07-02 22:35:31.555 : 04.png - PSNR: 25.5629 dB; SSIM: 0.4674 ; RE: 0.1815.
21-07-02 22:35:35.081 : 05.png - PSNR: 24.7405 dB; SSIM: 0.4631 ; RE: 0.1838.
21-07-02 22:35:38.291 : 06.png - PSNR: 25.6604 dB; SSIM: 0.6601 ; RE: 0.1083.
21-07-02 22:35:41.352 : 07.png - PSNR: 25.9173 dB; SSIM: 0.7345 ; RE: 0.1230.
21-07-02 22:35:44.458 : 08.png - PSNR: 25.4385 dB; SSIM: 0.4428 ; RE: 0.2601.
21-07-02 22:35:47.663 : 09.png - PSNR: 28.4309 dB; SSIM: 0.7640 ; RE: 0.1371.
21-07-02 22:35:50.869 : 10.png - PSNR: 27.5403 dB; SSIM: 0.6759 ; RE: 0.0953.
21-07-02 22:35:54.381 : 11.png - PSNR: 29.3823 dB; SSIM: 0.7703 ; RE: 0.1076.
21-07-02 22:35:57.558 : 12.png - PSNR: 27.1523 dB; SSIM: 0.6521 ; RE: 0.1632.
21-07-02 22:36:00.807 : 13.png - PSNR: 26.0617 dB; SSIM: 0.6499 ; RE: 0.1376.
21-07-02 22:36:03.944 : 14.png - PSNR: 24.6135 dB; SSIM: 0.7656 ; RE: 0.1528.
21-07-02 22:36:07.182 : 15.png - PSNR: 25.7595 dB; SSIM: 0.7175 ; RE: 0.1738.
21-07-02 22:36:07.182 : ------> testset_name: (Set), alpha: (0.400), Average PSNR:(26.529)dB, Average ssim : (0.661), Average re : (0.156) )
21-07-02 22:36:07.200 : Model path 1: model_zoo\dncnn_25.pth
21-07-02 22:36:07.200 : Params number: 555137
21-07-02 22:36:07.218 : Model path 2: model_zoo\dncnn_15.pth
21-07-02 22:36:07.218 : Params number: 555137
21-07-02 22:36:07.218 : testsets\Set
21-07-02 22:36:10.612 : 01.png - PSNR: 25.6289 dB; SSIM: 0.6182 ; RE: 0.1348.
21-07-02 22:36:14.068 : 02.png - PSNR: 25.9891 dB; SSIM: 0.7300 ; RE: 0.2531.
21-07-02 22:36:17.212 : 03.png - PSNR: 28.3797 dB; SSIM: 0.7611 ; RE: 0.1695.
21-07-02 22:36:20.264 : 04.png - PSNR: 24.4143 dB; SSIM: 0.4488 ; RE: 0.2072.
21-07-02 22:36:23.388 : 05.png - PSNR: 23.6221 dB; SSIM: 0.4348 ; RE: 0.2091.
21-07-02 22:36:26.439 : 06.png - PSNR: 25.6255 dB; SSIM: 0.6540 ; RE: 0.1087.
21-07-02 22:36:29.389 : 07.png - PSNR: 25.6441 dB; SSIM: 0.7229 ; RE: 0.1269.
21-07-02 22:36:32.318 : 08.png - PSNR: 24.6221 dB; SSIM: 0.4204 ; RE: 0.2857.
21-07-02 22:36:35.496 : 09.png - PSNR: 28.6643 dB; SSIM: 0.7661 ; RE: 0.1335.
21-07-02 22:36:38.587 : 10.png - PSNR: 27.2872 dB; SSIM: 0.6627 ; RE: 0.0982.
21-07-02 22:36:41.695 : 11.png - PSNR: 29.1904 dB; SSIM: 0.7639 ; RE: 0.1100.
21-07-02 22:36:44.760 : 12.png - PSNR: 26.6640 dB; SSIM: 0.6314 ; RE: 0.1726.
21-07-02 22:36:47.683 : 13.png - PSNR: 25.7602 dB; SSIM: 0.6348 ; RE: 0.1425.
21-07-02 22:36:50.737 : 14.png - PSNR: 23.7311 dB; SSIM: 0.7397 ; RE: 0.1692.
21-07-02 22:36:53.870 : 15.png - PSNR: 25.4966 dB; SSIM: 0.7066 ; RE: 0.1791.
21-07-02 22:36:53.871 : ------> testset_name: (Set), alpha: (0.400), Average PSNR:(26.048)dB, Average ssim : (0.646), Average re : (0.167) )
21-07-02 22:36:53.941 : Model path 1: model_zoo\dncnn_25.pth
21-07-02 22:36:53.943 : Params number: 555137
21-07-02 22:36:54.017 : Model path 2: model_zoo\dncnn_15.pth
21-07-02 22:36:54.018 : Params number: 555137
21-07-02 22:36:54.019 : testsets\Set
21-07-02 22:36:57.168 : 01.png - PSNR: 24.2899 dB; SSIM: 0.5808 ; RE: 0.1573.
21-07-02 22:37:00.251 : 02.png - PSNR: 24.5734 dB; SSIM: 0.6945 ; RE: 0.2979.
21-07-02 22:37:03.375 : 03.png - PSNR: 27.1414 dB; SSIM: 0.7182 ; RE: 0.1955.
21-07-02 22:37:06.430 : 04.png - PSNR: 23.2018 dB; SSIM: 0.4150 ; RE: 0.2382.
21-07-02 22:37:09.497 : 05.png - PSNR: 22.6166 dB; SSIM: 0.3955 ; RE: 0.2347.
21-07-02 22:37:12.636 : 06.png - PSNR: 24.4378 dB; SSIM: 0.6077 ; RE: 0.1247.
21-07-02 22:37:15.804 : 07.png - PSNR: 24.0918 dB; SSIM: 0.6699 ; RE: 0.1517.
21-07-02 22:37:19.087 : 08.png - PSNR: 23.7011 dB; SSIM: 0.3835 ; RE: 0.3177.
21-07-02 22:37:22.118 : 09.png - PSNR: 27.0008 dB; SSIM: 0.7212 ; RE: 0.1617.
21-07-02 22:37:25.359 : 10.png - PSNR: 26.2205 dB; SSIM: 0.6476 ; RE: 0.1110.
21-09-01 15:16:48.715 : Model path 1: model_zoo\dncnn_25.pth
21-09-01 15:16:48.716 : Params number: 555137
21-09-01 15:16:48.734 : Model path 2: model_zoo\dncnn_15.pth
21-09-01 15:16:48.734 : Params number: 555137
21-09-01 15:16:48.734 : testsets\Set
21-09-01 15:16:53.975 : 01.png - PSNR: 28.3264 dB; SSIM: 0.6580 ; RE: 0.0988.
21-09-01 15:16:58.247 : 02.png - PSNR: 30.2193 dB; SSIM: 0.7939 ; RE: 0.1555.
21-09-01 15:17:02.507 : 03.png - PSNR: 32.0445 dB; SSIM: 0.8404 ; RE: 0.1111.
21-09-01 15:17:06.810 : 04.png - PSNR: 27.6917 dB; SSIM: 0.4803 ; RE: 0.1421.
21-09-01 15:17:11.097 : 06.png - PSNR: 28.2990 dB; SSIM: 0.7220 ; RE: 0.0799.
21-09-01 15:17:15.391 : 07.png - PSNR: 28.8515 dB; SSIM: 0.7829 ; RE: 0.0877.
21-09-01 15:17:19.700 : 08.png - PSNR: 27.8888 dB; SSIM: 0.4791 ; RE: 0.1962.
21-09-01 15:17:24.026 : 09.png - PSNR: 30.5818 dB; SSIM: 0.8013 ; RE: 0.1071.
21-09-01 15:17:28.355 : 10.png - PSNR: 28.9631 dB; SSIM: 0.7028 ; RE: 0.0809.
21-09-01 15:17:32.690 : 11.png - PSNR: 30.8617 dB; SSIM: 0.7889 ; RE: 0.0907.
21-09-01 15:17:36.997 : 12.png - PSNR: 28.8701 dB; SSIM: 0.6989 ; RE: 0.1339.
21-09-01 15:17:41.317 : 13.png - PSNR: 28.7317 dB; SSIM: 0.7134 ; RE: 0.1012.
21-09-01 15:17:45.655 : 15.png - PSNR: 28.4863 dB; SSIM: 0.7920 ; RE: 0.1270.
21-09-01 15:17:49.997 : 17.png - PSNR: 28.4211 dB; SSIM: 0.7901 ; RE: 0.0833.
21-09-01 15:17:54.323 : 22.png - PSNR: 28.7169 dB; SSIM: 0.7708 ; RE: 0.1161.
21-09-01 15:17:54.323 : ------> testset_name: (Set), alpha: (1.000), Average PSNR:(29.130)dB, Average ssim : (0.721), Average re : (0.114) )
21-09-01 15:17:54.339 : Model path 1: model_zoo\dncnn_25.pth
21-09-01 15:17:54.339 : Params number: 555137
21-09-01 15:17:54.352 : Model path 2: model_zoo\dncnn_15.pth
21-09-01 15:17:54.353 : Params number: 555137
21-09-01 15:17:54.353 : testsets\Set
21-09-01 15:17:58.679 : 01.png - PSNR: 27.7018 dB; SSIM: 0.6398 ; RE: 0.1062.
21-09-01 15:18:03.102 : 02.png - PSNR: 29.4336 dB; SSIM: 0.7782 ; RE: 0.1702.
21-09-01 15:18:07.437 : 03.png - PSNR: 31.4578 dB; SSIM: 0.8291 ; RE: 0.1189.
21-09-01 15:18:11.755 : 04.png - PSNR: 27.0538 dB; SSIM: 0.4696 ; RE: 0.1529.
21-09-01 15:18:16.262 : 06.png - PSNR: 27.7983 dB; SSIM: 0.7027 ; RE: 0.0847.
21-09-01 15:18:20.609 : 07.png - PSNR: 28.2213 dB; SSIM: 0.7683 ; RE: 0.0943.
21-09-01 15:18:25.045 : 08.png - PSNR: 27.1407 dB; SSIM: 0.4591 ; RE: 0.2138.
21-09-01 15:18:29.867 : 09.png - PSNR: 29.9654 dB; SSIM: 0.7855 ; RE: 0.1149.
21-09-01 15:18:34.546 : 10.png - PSNR: 28.5372 dB; SSIM: 0.6859 ; RE: 0.0850.
21-09-01 15:18:39.110 : 11.png - PSNR: 30.1038 dB; SSIM: 0.7662 ; RE: 0.0990.
21-09-01 15:18:43.765 : 12.png - PSNR: 28.5027 dB; SSIM: 0.6818 ; RE: 0.1397.
21-09-01 15:18:48.262 : 13.png - PSNR: 28.2074 dB; SSIM: 0.6929 ; RE: 0.1075.
21-09-01 15:18:52.866 : 15.png - PSNR: 27.9804 dB; SSIM: 0.7750 ; RE: 0.1346.
21-09-01 15:18:57.487 : 17.png - PSNR: 27.4966 dB; SSIM: 0.7604 ; RE: 0.0927.
21-09-01 15:19:02.082 : 22.png - PSNR: 28.1508 dB; SSIM: 0.7559 ; RE: 0.1239.
21-09-01 15:19:02.082 : ------> testset_name: (Set), alpha: (1.000), Average PSNR:(28.517)dB, Average ssim : (0.703), Average re : (0.123) )
21-09-01 15:19:02.098 : Model path 1: model_zoo\dncnn_25.pth
21-09-01 15:19:02.099 : Params number: 555137
21-09-01 15:19:02.112 : Model path 2: model_zoo\dncnn_15.pth
21-09-01 15:19:02.112 : Params number: 555137
21-09-01 15:19:02.113 : testsets\Set
21-09-01 15:19:06.503 : 01.png - PSNR: 26.8846 dB; SSIM: 0.6186 ; RE: 0.1167.
21-09-01 15:19:11.159 : 02.png - PSNR: 27.9434 dB; SSIM: 0.7600 ; RE: 0.2021.
21-09-01 15:19:15.691 : 03.png - PSNR: 29.0332 dB; SSIM: 0.7724 ; RE: 0.1572.
21-09-01 15:19:20.266 : 04.png - PSNR: 26.2950 dB; SSIM: 0.4495 ; RE: 0.1669.
21-09-01 15:19:24.820 : 06.png - PSNR: 26.8992 dB; SSIM: 0.6740 ; RE: 0.0939.
21-09-01 15:19:29.410 : 07.png - PSNR: 26.6519 dB; SSIM: 0.7317 ; RE: 0.1130.
21-09-01 15:19:34.027 : 08.png - PSNR: 26.7259 dB; SSIM: 0.4345 ; RE: 0.2243.
21-09-01 15:19:38.733 : 09.png - PSNR: 29.1219 dB; SSIM: 0.7621 ; RE: 0.1266.
21-09-01 15:19:43.366 : 10.png - PSNR: 28.0236 dB; SSIM: 0.6817 ; RE: 0.0902.
21-09-01 15:19:48.167 : 11.png - PSNR: 29.5527 dB; SSIM: 0.7559 ; RE: 0.1055.
21-09-01 15:19:52.747 : 12.png - PSNR: 28.1193 dB; SSIM: 0.6705 ; RE: 0.1460.
21-09-01 15:19:57.487 : 13.png - PSNR: 26.8196 dB; SSIM: 0.6395 ; RE: 0.1261.
21-09-01 15:20:02.054 : 15.png - PSNR: 26.3441 dB; SSIM: 0.7350 ; RE: 0.1625.
21-09-01 15:20:06.397 : 17.png - PSNR: 26.6301 dB; SSIM: 0.7460 ; RE: 0.1024.
21-09-01 15:20:10.757 : 22.png - PSNR: 26.9485 dB; SSIM: 0.7168 ; RE: 0.1423.
21-09-01 15:20:10.757 : ------> testset_name: (Set), alpha: (1.000), Average PSNR:(27.466)dB, Average ssim : (0.677), Average re : (0.138) )
21-09-01 15:39:45.617 : Model path 1: model_zoo\dncnn_25.pth
21-09-01 15:39:45.617 : Params number: 555137
21-09-01 15:39:45.633 : Model path 2: model_zoo\dncnn_15.pth
21-09-01 15:39:45.633 : Params number: 555137
21-09-01 15:39:45.633 : testsets\Set
21-09-01 15:39:50.313 : 01.png - PSNR: 28.2976 dB; SSIM: 0.6576 ; RE: 0.0992.
21-09-01 15:39:54.147 : 02.png - PSNR: 30.1593 dB; SSIM: 0.7965 ; RE: 0.1566.
21-09-01 15:39:57.974 : 03.png - PSNR: 31.6620 dB; SSIM: 0.8361 ; RE: 0.1162.
21-09-01 15:40:01.849 : 04.png - PSNR: 27.8449 dB; SSIM: 0.4824 ; RE: 0.1396.
21-09-01 15:40:05.747 : 06.png - PSNR: 28.1539 dB; SSIM: 0.7135 ; RE: 0.0813.
21-09-01 15:40:09.680 : 07.png - PSNR: 28.6028 dB; SSIM: 0.7796 ; RE: 0.0903.
21-09-01 15:40:13.631 : 08.png - PSNR: 28.1910 dB; SSIM: 0.4825 ; RE: 0.1895.
21-09-01 15:40:17.600 : 09.png - PSNR: 30.2853 dB; SSIM: 0.7932 ; RE: 0.1108.
21-09-01 15:40:21.595 : 10.png - PSNR: 28.7459 dB; SSIM: 0.6960 ; RE: 0.0830.
21-09-01 15:40:25.605 : 11.png - PSNR: 30.6809 dB; SSIM: 0.7837 ; RE: 0.0927.
21-09-01 15:40:29.642 : 12.png - PSNR: 28.8869 dB; SSIM: 0.6965 ; RE: 0.1336.
21-09-01 15:40:33.705 : 13.png - PSNR: 28.6415 dB; SSIM: 0.7077 ; RE: 0.1023.
21-09-01 15:40:37.770 : 15.png - PSNR: 28.1487 dB; SSIM: 0.7852 ; RE: 0.1320.
21-09-01 15:40:41.854 : 17.png - PSNR: 28.1990 dB; SSIM: 0.7853 ; RE: 0.0855.
21-09-01 15:40:46.030 : 22.png - PSNR: 28.4918 dB; SSIM: 0.7668 ; RE: 0.1191.
21-09-01 15:40:46.031 : ------> testset_name: (Set), alpha: (1.000), Average PSNR:(28.999)dB, Average ssim : (0.718), Average re : (0.115) )
21-09-01 15:40:46.046 : Model path 1: model_zoo\dncnn_25.pth
21-09-01 15:40:46.047 : Params number: 555137
21-09-01 15:40:46.061 : Model path 2: model_zoo\dncnn_15.pth
21-09-01 15:40:46.061 : Params number: 555137
21-09-01 15:40:46.061 : testsets\Set
21-09-01 15:40:50.165 : 01.png - PSNR: 27.7530 dB; SSIM: 0.6418 ; RE: 0.1056.
21-09-01 15:40:54.276 : 02.png - PSNR: 29.1286 dB; SSIM: 0.7753 ; RE: 0.1763.
21-09-01 15:40:58.414 : 03.png - PSNR: 31.1907 dB; SSIM: 0.8264 ; RE: 0.1226.
21-09-01 15:41:02.558 : 04.png - PSNR: 27.6787 dB; SSIM: 0.4774 ; RE: 0.1423.
21-09-01 15:41:06.711 : 06.png - PSNR: 27.7467 dB; SSIM: 0.6988 ; RE: 0.0852.
21-09-01 15:41:10.873 : 07.png - PSNR: 28.0490 dB; SSIM: 0.7655 ; RE: 0.0962.
21-09-01 15:41:15.041 : 08.png - PSNR: 27.6359 dB; SSIM: 0.4644 ; RE: 0.2020.
21-09-01 15:41:19.242 : 09.png - PSNR: 29.9786 dB; SSIM: 0.7848 ; RE: 0.1148.
21-09-01 15:41:23.414 : 10.png - PSNR: 28.4771 dB; SSIM: 0.6830 ; RE: 0.0856.
21-09-01 15:41:27.625 : 11.png - PSNR: 30.1378 dB; SSIM: 0.7686 ; RE: 0.0986.
21-09-01 15:41:31.810 : 12.png - PSNR: 28.3498 dB; SSIM: 0.6753 ; RE: 0.1422.
21-09-01 15:41:36.009 : 13.png - PSNR: 28.1343 dB; SSIM: 0.6874 ; RE: 0.1084.
21-09-01 15:41:40.238 : 15.png - PSNR: 27.6320 dB; SSIM: 0.7666 ; RE: 0.1401.
21-09-01 15:41:44.460 : 17.png - PSNR: 27.3294 dB; SSIM: 0.7572 ; RE: 0.0945.
21-09-01 15:41:48.680 : 22.png - PSNR: 27.9061 dB; SSIM: 0.7502 ; RE: 0.1274.
21-09-01 15:41:48.680 : ------> testset_name: (Set), alpha: (1.000), Average PSNR:(28.475)dB, Average ssim : (0.702), Average re : (0.123) )
21-09-01 15:41:48.696 : Model path 1: model_zoo\dncnn_25.pth
21-09-01 15:41:48.696 : Params number: 555137
21-09-01 15:41:48.710 : Model path 2: model_zoo\dncnn_15.pth
21-09-01 15:41:48.711 : Params number: 555137
21-09-01 15:41:48.711 : testsets\Set
21-09-01 15:41:52.963 : 01.png - PSNR: 27.0433 dB; SSIM: 0.6219 ; RE: 0.1146.
21-09-01 15:41:57.193 : 02.png - PSNR: 27.5168 dB; SSIM: 0.7542 ; RE: 0.2122.
21-09-01 15:42:01.455 : 03.png - PSNR: 28.7204 dB; SSIM: 0.7680 ; RE: 0.1630.
21-09-01 15:42:05.690 : 04.png - PSNR: 26.7825 dB; SSIM: 0.4530 ; RE: 0.1577.
21-09-01 15:42:09.928 : 06.png - PSNR: 26.7870 dB; SSIM: 0.6675 ; RE: 0.0951.
21-09-01 15:42:14.203 : 07.png - PSNR: 26.4295 dB; SSIM: 0.7264 ; RE: 0.1159.
21-09-01 15:42:18.461 : 08.png - PSNR: 26.9755 dB; SSIM: 0.4331 ; RE: 0.2179.
21-09-01 15:42:22.737 : 09.png - PSNR: 28.8782 dB; SSIM: 0.7558 ; RE: 0.1303.
21-09-01 15:42:27.011 : 10.png - PSNR: 27.8560 dB; SSIM: 0.6770 ; RE: 0.0919.
21-09-01 15:42:31.281 : 11.png - PSNR: 29.4521 dB; SSIM: 0.7562 ; RE: 0.1067.
21-09-01 15:42:35.560 : 12.png - PSNR: 28.0967 dB; SSIM: 0.6669 ; RE: 0.1464.
21-09-01 15:42:39.828 : 13.png - PSNR: 26.5293 dB; SSIM: 0.6321 ; RE: 0.1304.
21-09-01 15:42:44.108 : 15.png - PSNR: 26.0176 dB; SSIM: 0.7261 ; RE: 0.1687.
21-09-01 15:42:48.383 : 17.png - PSNR: 26.4597 dB; SSIM: 0.7413 ; RE: 0.1044.
21-09-01 15:42:52.669 : 22.png - PSNR: 26.7985 dB; SSIM: 0.7121 ; RE: 0.1448.
21-09-01 15:42:52.670 : ------> testset_name: (Set), alpha: (1.000), Average PSNR:(27.356)dB, Average ssim : (0.673), Average re : (0.140) )
21-09-01 15:51:07.031 : Model path 1: model_zoo\dncnn_25.pth
21-09-01 15:51:07.032 : Params number: 555137
21-09-01 15:51:07.048 : Model path 2: model_zoo\dncnn_15.pth
21-09-01 15:51:07.048 : Params number: 555137
21-09-01 15:51:07.048 : testsets\Set
21-09-01 15:51:11.814 : 01.png - PSNR: 26.4686 dB; SSIM: 0.6246 ; RE: 0.1224.
21-09-01 15:51:15.659 : 02.png - PSNR: 29.6062 dB; SSIM: 0.7884 ; RE: 0.1669.
21-09-01 15:51:19.520 : 03.png - PSNR: 32.6290 dB; SSIM: 0.8554 ; RE: 0.1039.
21-09-01 15:51:23.410 : 04.png - PSNR: 25.0594 dB; SSIM: 0.4577 ; RE: 0.1924.
21-09-01 15:51:27.352 : 06.png - PSNR: 27.6475 dB; SSIM: 0.7218 ; RE: 0.0862.
21-09-01 15:51:31.338 : 07.png - PSNR: 27.8423 dB; SSIM: 0.7586 ; RE: 0.0985.
21-09-01 15:51:35.308 : 08.png - PSNR: 25.3674 dB; SSIM: 0.4585 ; RE: 0.2622.
21-09-01 15:51:39.307 : 09.png - PSNR: 29.7191 dB; SSIM: 0.7926 ; RE: 0.1182.
21-09-01 15:51:43.408 : 10.png - PSNR: 28.6109 dB; SSIM: 0.6999 ; RE: 0.0843.
21-09-01 15:51:47.515 : 11.png - PSNR: 30.1686 dB; SSIM: 0.7811 ; RE: 0.0983.
21-09-01 15:51:51.592 : 12.png - PSNR: 28.2847 dB; SSIM: 0.6988 ; RE: 0.1432.
21-09-01 15:51:55.698 : 13.png - PSNR: 27.9553 dB; SSIM: 0.7133 ; RE: 0.1107.
21-09-01 15:51:59.783 : 15.png - PSNR: 29.0610 dB; SSIM: 0.8142 ; RE: 0.1188.
21-09-01 15:52:03.885 : 17.png - PSNR: 28.1345 dB; SSIM: 0.7860 ; RE: 0.0861.
21-09-01 15:52:08.014 : 22.png - PSNR: 28.4438 dB; SSIM: 0.7703 ; RE: 0.1198.
21-09-01 15:52:08.015 : ------> testset_name: (Set), alpha: (1.000), Average PSNR:(28.333)dB, Average ssim : (0.715), Average re : (0.127) )
21-09-01 15:52:08.030 : Model path 1: model_zoo\dncnn_25.pth
21-09-01 15:52:08.030 : Params number: 555137
21-09-01 15:52:08.044 : Model path 2: model_zoo\dncnn_15.pth
21-09-01 15:52:08.045 : Params number: 555137
21-09-01 15:52:08.045 : testsets\Set
21-09-01 15:52:12.203 : 01.png - PSNR: 25.8870 dB; SSIM: 0.6065 ; RE: 0.1309.
21-09-01 15:52:16.450 : 02.png - PSNR: 28.4070 dB; SSIM: 0.7605 ; RE: 0.1916.
21-09-01 15:52:20.785 : 03.png - PSNR: 32.0046 dB; SSIM: 0.8438 ; RE: 0.1117.
21-09-01 15:52:25.025 : 04.png - PSNR: 24.4589 dB; SSIM: 0.4478 ; RE: 0.2061.
21-09-01 15:52:29.174 : 06.png - PSNR: 26.9794 dB; SSIM: 0.6989 ; RE: 0.0930.
21-09-01 15:52:33.396 : 07.png - PSNR: 27.0084 dB; SSIM: 0.7370 ; RE: 0.1084.
21-09-01 15:52:37.832 : 08.png - PSNR: 24.6595 dB; SSIM: 0.4390 ; RE: 0.2845.
21-09-01 15:52:42.304 : 09.png - PSNR: 28.5913 dB; SSIM: 0.7606 ; RE: 0.1346.
21-09-01 15:52:46.630 : 10.png - PSNR: 28.0602 dB; SSIM: 0.6761 ; RE: 0.0898.
21-09-01 15:52:51.063 : 11.png - PSNR: 28.9427 dB; SSIM: 0.7487 ; RE: 0.1132.
21-09-01 15:52:55.525 : 12.png - PSNR: 27.5856 dB; SSIM: 0.6760 ; RE: 0.1552.
21-09-01 15:52:59.856 : 13.png - PSNR: 27.3219 dB; SSIM: 0.6921 ; RE: 0.1190.
21-09-01 15:53:04.165 : 15.png - PSNR: 28.3700 dB; SSIM: 0.7906 ; RE: 0.1287.
21-09-01 15:53:08.694 : 17.png - PSNR: 26.8395 dB; SSIM: 0.7414 ; RE: 0.1000.
21-09-01 15:53:13.260 : 22.png - PSNR: 27.6960 dB; SSIM: 0.7479 ; RE: 0.1306.
21-09-01 15:53:13.260 : ------> testset_name: (Set), alpha: (1.000), Average PSNR:(27.521)dB, Average ssim : (0.691), Average re : (0.140) )
21-09-01 15:53:13.277 : Model path 1: model_zoo\dncnn_25.pth
21-09-01 15:53:13.277 : Params number: 555137
21-09-01 15:53:13.293 : Model path 2: model_zoo\dncnn_15.pth
21-09-01 15:53:13.293 : Params number: 555137
21-09-01 15:53:13.293 : testsets\Set
21-09-01 15:53:17.596 : 01.png - PSNR: 25.3867 dB; SSIM: 0.5948 ; RE: 0.1386.
21-09-01 15:53:22.138 : 02.png - PSNR: 27.7428 dB; SSIM: 0.7553 ; RE: 0.2068.
21-09-01 15:53:26.677 : 03.png - PSNR: 29.1399 dB; SSIM: 0.7749 ; RE: 0.1553.
21-09-01 15:53:31.268 : 04.png - PSNR: 23.9447 dB; SSIM: 0.4307 ; RE: 0.2187.
21-09-01 15:53:35.789 : 06.png - PSNR: 25.8633 dB; SSIM: 0.6677 ; RE: 0.1058.
21-09-01 15:53:40.990 : Model path 1: model_zoo\dncnn_25.pth
21-09-01 15:53:40.991 : Params number: 555137
21-09-01 15:53:41.006 : Model path 2: model_zoo\dncnn_15.pth
21-09-01 15:53:41.007 : Params number: 555137
21-09-01 15:53:41.007 : testsets\Set
21-09-01 15:53:45.904 : 01.png - PSNR: 28.2155 dB; SSIM: 0.6574 ; RE: 0.1001.
21-09-01 15:53:50.129 : 02.png - PSNR: 30.2115 dB; SSIM: 0.7919 ; RE: 0.1556.
21-09-01 15:53:54.501 : 03.png - PSNR: 32.8219 dB; SSIM: 0.8589 ; RE: 0.1016.
21-09-01 15:53:58.766 : 04.png - PSNR: 27.6126 dB; SSIM: 0.4808 ; RE: 0.1434.
21-09-01 15:54:03.056 : 06.png - PSNR: 28.4763 dB; SSIM: 0.7298 ; RE: 0.0783.
21-09-01 15:54:07.432 : 07.png - PSNR: 28.8737 dB; SSIM: 0.7745 ; RE: 0.0875.
21-09-01 15:54:11.844 : 08.png - PSNR: 27.5789 dB; SSIM: 0.4820 ; RE: 0.2033.
21-09-01 15:54:16.175 : 09.png - PSNR: 30.4265 dB; SSIM: 0.7976 ; RE: 0.1090.
21-09-01 15:54:20.502 : 10.png - PSNR: 28.8694 dB; SSIM: 0.7004 ; RE: 0.0818.
21-09-01 15:54:24.818 : 11.png - PSNR: 30.7859 dB; SSIM: 0.7882 ; RE: 0.0915.
21-09-01 15:54:29.245 : 12.png - PSNR: 29.0959 dB; SSIM: 0.7092 ; RE: 0.1305.
21-09-01 15:54:33.650 : 13.png - PSNR: 28.9249 dB; SSIM: 0.7220 ; RE: 0.0990.
21-09-01 15:54:37.993 : 15.png - PSNR: 29.1825 dB; SSIM: 0.8138 ; RE: 0.1172.
21-09-01 15:54:42.426 : 17.png - PSNR: 28.6508 dB; SSIM: 0.7929 ; RE: 0.0812.
21-09-01 15:54:46.768 : 22.png - PSNR: 28.9504 dB; SSIM: 0.7772 ; RE: 0.1130.
21-09-01 15:54:46.768 : ------> testset_name: (Set), alpha: (1.200), Average PSNR:(29.245)dB, Average ssim : (0.725), Average re : (0.113) )
21-09-01 15:54:46.785 : Model path 1: model_zoo\dncnn_25.pth
21-09-01 15:54:46.785 : Params number: 555137
21-09-01 15:54:46.799 : Model path 2: model_zoo\dncnn_15.pth
21-09-01 15:54:46.800 : Params number: 555137
21-09-01 15:54:46.800 : testsets\Set
21-09-01 15:54:51.238 : 01.png - PSNR: 27.5777 dB; SSIM: 0.6407 ; RE: 0.1077.
21-09-01 15:54:55.692 : 02.png - PSNR: 29.1833 dB; SSIM: 0.7661 ; RE: 0.1752.
21-09-01 15:55:00.209 : 03.png - PSNR: 32.1691 dB; SSIM: 0.8465 ; RE: 0.1096.
21-09-01 15:55:04.728 : 04.png - PSNR: 26.7349 dB; SSIM: 0.4693 ; RE: 0.1586.
21-09-01 15:55:09.368 : 06.png - PSNR: 27.8303 dB; SSIM: 0.7110 ; RE: 0.0844.
21-09-01 15:55:13.790 : 07.png - PSNR: 28.0964 dB; SSIM: 0.7576 ; RE: 0.0957.
21-09-01 15:55:18.371 : 08.png - PSNR: 26.7211 dB; SSIM: 0.4649 ; RE: 0.2244.
21-09-01 15:55:22.841 : 09.png - PSNR: 29.6100 dB; SSIM: 0.7793 ; RE: 0.1197.
21-09-01 15:55:27.220 : 10.png - PSNR: 28.3769 dB; SSIM: 0.6800 ; RE: 0.0866.
21-09-01 15:55:31.791 : 11.png - PSNR: 29.6787 dB; SSIM: 0.7540 ; RE: 0.1040.
21-09-01 15:55:36.127 : 12.png - PSNR: 28.4447 dB; SSIM: 0.6872 ; RE: 0.1406.
21-09-01 15:55:40.474 : 13.png - PSNR: 28.3125 dB; SSIM: 0.7005 ; RE: 0.1062.
21-09-01 15:55:44.822 : 15.png - PSNR: 28.4292 dB; SSIM: 0.7890 ; RE: 0.1278.
21-09-01 15:55:49.173 : 17.png - PSNR: 27.5595 dB; SSIM: 0.7631 ; RE: 0.0920.
21-09-01 15:55:53.530 : 22.png - PSNR: 28.2068 dB; SSIM: 0.7568 ; RE: 0.1231.
21-09-01 15:55:53.530 : ------> testset_name: (Set), alpha: (1.200), Average PSNR:(28.462)dB, Average ssim : (0.704), Average re : (0.124) )
21-09-01 15:55:53.546 : Model path 1: model_zoo\dncnn_25.pth
21-09-01 15:55:53.547 : Params number: 555137
21-09-01 15:55:53.560 : Model path 2: model_zoo\dncnn_15.pth
21-09-01 15:55:53.561 : Params number: 555137
21-09-01 15:55:53.561 : testsets\Set
21-09-01 15:55:57.911 : 01.png - PSNR: 27.0072 dB; SSIM: 0.6237 ; RE: 0.1150.
21-09-01 15:56:02.430 : 02.png - PSNR: 28.2068 dB; SSIM: 0.7573 ; RE: 0.1960.
21-09-01 15:56:06.767 : 03.png - PSNR: 29.5948 dB; SSIM: 0.7883 ; RE: 0.1474.
21-09-01 15:56:11.135 : 04.png - PSNR: 26.1235 dB; SSIM: 0.4513 ; RE: 0.1702.
21-09-01 15:56:15.495 : 06.png - PSNR: 26.9213 dB; SSIM: 0.6827 ; RE: 0.0937.
21-09-01 15:56:19.861 : 07.png - PSNR: 26.6434 dB; SSIM: 0.7202 ; RE: 0.1131.
21-09-01 15:56:24.233 : 08.png - PSNR: 26.3677 dB; SSIM: 0.4435 ; RE: 0.2337.
21-09-01 15:56:28.597 : 09.png - PSNR: 28.8103 dB; SSIM: 0.7552 ; RE: 0.1313.
21-09-01 15:56:32.970 : 10.png - PSNR: 27.9247 dB; SSIM: 0.6782 ; RE: 0.0912.
21-09-01 15:56:37.545 : 11.png - PSNR: 29.3385 dB; SSIM: 0.7492 ; RE: 0.1081.
21-09-01 15:56:42.141 : 12.png - PSNR: 28.2578 dB; SSIM: 0.6803 ; RE: 0.1437.
21-09-01 15:56:46.607 : 13.png - PSNR: 26.9686 dB; SSIM: 0.6505 ; RE: 0.1240.
21-09-01 15:56:51.256 : 15.png - PSNR: 26.9914 dB; SSIM: 0.7538 ; RE: 0.1508.
21-09-01 15:56:55.725 : 17.png - PSNR: 26.8263 dB; SSIM: 0.7500 ; RE: 0.1001.
21-09-01 15:57:00.268 : 22.png - PSNR: 27.1582 dB; SSIM: 0.7233 ; RE: 0.1389.
21-09-01 15:57:00.268 : ------> testset_name: (Set), alpha: (1.200), Average PSNR:(27.543)dB, Average ssim : (0.680), Average re : (0.137) )
21-09-17 17:15:37.342 : Model path 1: model_zoo\dncnn_25.pth
21-09-17 17:15:37.357 : Params number: 555137
21-09-17 17:15:37.370 : Model path 2: model_zoo\dncnn_15.pth
21-09-17 17:15:37.371 : Params number: 555137
21-09-17 17:15:37.371 : testsets\Set
21-09-17 17:15:41.717 : 01.png - PSNR: 28.2155 dB; SSIM: 0.6574 ; RE: 0.1001.
21-09-17 17:15:46.036 : 02.png - PSNR: 28.6508 dB; SSIM: 0.7929 ; RE: 0.0812.
21-09-17 17:15:50.353 : 03.png - PSNR: 32.8219 dB; SSIM: 0.8589 ; RE: 0.1016.
21-09-17 17:15:54.671 : 04.png - PSNR: 29.1825 dB; SSIM: 0.8138 ; RE: 0.1172.
21-09-17 17:15:59.009 : 05.png - PSNR: 28.9504 dB; SSIM: 0.7772 ; RE: 0.1130.
21-09-17 17:16:03.360 : 06.png - PSNR: 28.4763 dB; SSIM: 0.7298 ; RE: 0.0783.
21-09-17 17:16:07.707 : 07.png - PSNR: 28.8737 dB; SSIM: 0.7745 ; RE: 0.0875.
21-09-17 17:16:12.043 : 08.png - PSNR: 27.5789 dB; SSIM: 0.4820 ; RE: 0.2033.
21-09-17 17:16:16.393 : 09.png - PSNR: 30.4265 dB; SSIM: 0.7976 ; RE: 0.1090.
21-09-17 17:16:20.731 : 10.png - PSNR: 27.6126 dB; SSIM: 0.4808 ; RE: 0.1434.
21-09-17 17:16:25.070 : 11.png - PSNR: 30.2115 dB; SSIM: 0.7919 ; RE: 0.1556.
21-09-17 17:16:29.412 : 12.png - PSNR: 29.0959 dB; SSIM: 0.7092 ; RE: 0.1305.
21-09-17 17:16:33.751 : 13.png - PSNR: 28.9249 dB; SSIM: 0.7220 ; RE: 0.0990.
21-09-17 17:16:38.108 : 14.png - PSNR: 28.8694 dB; SSIM: 0.7004 ; RE: 0.0818.
21-09-17 17:16:42.451 : 15.png - PSNR: 30.7859 dB; SSIM: 0.7882 ; RE: 0.0915.
21-09-17 17:16:42.452 : ------> testset_name: (Set), alpha: (1.200), Average PSNR:(29.245)dB, Average ssim : (0.725), Average re : (0.113) )
21-09-17 18:49:27.867 : Model path 1: model_zoo\dncnn_25.pth
21-09-17 18:49:27.878 : Params number: 555137
21-09-17 18:49:27.891 : Model path 2: model_zoo\dncnn_15.pth
21-09-17 18:49:27.892 : Params number: 555137
21-09-17 18:49:27.892 : testsets\Set
21-09-17 18:49:32.167 : 01.png - PSNR: 28.2155 dB; SSIM: 0.6574 ; RE: 0.1001.
21-09-17 18:49:36.415 : 02.png - PSNR: 28.6508 dB; SSIM: 0.7929 ; RE: 0.0812.
21-09-17 18:49:40.691 : 03.png - PSNR: 32.8219 dB; SSIM: 0.8589 ; RE: 0.1016.
21-09-17 18:49:44.966 : 04.png - PSNR: 29.1825 dB; SSIM: 0.8138 ; RE: 0.1172.
21-09-17 18:49:49.245 : 05.png - PSNR: 28.9504 dB; SSIM: 0.7772 ; RE: 0.1130.
21-09-17 18:49:53.527 : 06.png - PSNR: 28.4763 dB; SSIM: 0.7298 ; RE: 0.0783.
21-09-17 18:49:57.804 : 07.png - PSNR: 28.8737 dB; SSIM: 0.7745 ; RE: 0.0875.
21-09-17 18:50:02.098 : 08.png - PSNR: 27.5789 dB; SSIM: 0.4820 ; RE: 0.2033.
21-09-17 18:50:06.383 : 09.png - PSNR: 30.4265 dB; SSIM: 0.7976 ; RE: 0.1090.
21-09-17 18:50:10.691 : 10.png - PSNR: 27.6126 dB; SSIM: 0.4808 ; RE: 0.1434.
21-09-17 18:50:14.992 : 11.png - PSNR: 30.2115 dB; SSIM: 0.7919 ; RE: 0.1556.
21-09-17 18:50:19.299 : 12.png - PSNR: 29.0959 dB; SSIM: 0.7092 ; RE: 0.1305.
21-09-17 18:50:23.606 : 13.png - PSNR: 28.9249 dB; SSIM: 0.7220 ; RE: 0.0990.
21-09-17 18:50:27.909 : 14.png - PSNR: 28.8694 dB; SSIM: 0.7004 ; RE: 0.0818.
21-09-17 18:50:32.205 : 15.png - PSNR: 30.7859 dB; SSIM: 0.7882 ; RE: 0.0915.
21-09-17 18:50:32.205 : ------> testset_name: (Set), alpha: (1.200), Average PSNR:(29.245)dB, Average ssim : (0.725), Average re : (0.113) )
