21-06-27 20:00:14.897 : testsets\Set
21-06-27 20:00:17.955 : 01.png - PSNR: 27.57 dB; SSIM: 0.6749 ; RE: 0.1079.
21-06-27 20:00:20.317 : 02.png - PSNR: 28.41 dB; SSIM: 0.8116 ; RE: 0.1915.
21-06-27 20:00:22.658 : 03.png - PSNR: 29.75 dB; SSIM: 0.8242 ; RE: 0.1447.
21-06-27 20:00:25.058 : 04.png - PSNR: 29.46 dB; SSIM: 0.5099 ; RE: 0.1159.
21-06-27 20:00:27.423 : 05.png - PSNR: 27.37 dB; SSIM: 0.4957 ; RE: 0.1359.
21-06-27 20:00:29.770 : 06.png - PSNR: 26.34 dB; SSIM: 0.6502 ; RE: 0.1001.
21-06-27 20:00:31.711 : 07.png - PSNR: 26.62 dB; SSIM: 0.7729 ; RE: 0.1134.
21-06-27 20:00:33.927 : 08.png - PSNR: 29.20 dB; SSIM: 0.4814 ; RE: 0.1686.
21-06-27 20:00:35.847 : 09.png - PSNR: 29.10 dB; SSIM: 0.7971 ; RE: 0.1270.
21-06-27 20:00:37.772 : 10.png - PSNR: 27.65 dB; SSIM: 0.6593 ; RE: 0.0941.
21-06-27 20:00:40.024 : 11.png - PSNR: 29.64 dB; SSIM: 0.7910 ; RE: 0.1044.
21-06-27 20:00:41.925 : 12.png - PSNR: 27.46 dB; SSIM: 0.6332 ; RE: 0.1575.
21-06-27 20:00:44.027 : 13.png - PSNR: 27.24 dB; SSIM: 0.6529 ; RE: 0.1202.
21-06-27 20:00:46.218 : 14.png - PSNR: 25.74 dB; SSIM: 0.8053 ; RE: 0.1342.
21-06-27 20:00:48.028 : 15.png - PSNR: 26.43 dB; SSIM: 0.7495 ; RE: 0.1609.
21-06-27 20:00:48.028 : ------> testset_name: (Set), alpha: (0.400), Average PSNR:(27.866)dB, Average ssim : (0.687), Average re : (0.132) )
21-06-27 20:00:48.041 : testsets\Set
21-06-27 20:00:50.224 : 01.png - PSNR: 27.26 dB; SSIM: 0.6716 ; RE: 0.1118.
21-06-27 20:00:52.301 : 02.png - PSNR: 27.63 dB; SSIM: 0.8043 ; RE: 0.2094.
21-06-27 20:00:54.198 : 03.png - PSNR: 29.51 dB; SSIM: 0.8183 ; RE: 0.1487.
21-06-27 21:52:52.913 : testsets\Set
21-06-27 21:54:09.481 : testsets\Set
21-06-27 21:55:13.636 : testsets\Set
21-06-27 21:57:24.680 : testsets\Set
21-06-27 21:57:27.348 : 01.png - PSNR: 17.68 dB; SSIM: 0.3194 ; RE: 0.3366.
21-06-27 21:57:29.460 : 02.png - PSNR: 17.53 dB; SSIM: 0.3496 ; RE: 0.6705.
21-06-27 21:57:31.536 : 03.png - PSNR: 21.37 dB; SSIM: 0.5983 ; RE: 0.3799.
21-06-27 21:57:33.789 : 04.png - PSNR: 17.69 dB; SSIM: 0.2024 ; RE: 0.4492.
21-06-27 21:57:35.915 : 05.png - PSNR: 17.16 dB; SSIM: 0.1623 ; RE: 0.4399.
21-06-27 21:57:37.944 : 06.png - PSNR: 17.57 dB; SSIM: 0.3251 ; RE: 0.2748.
21-06-27 21:57:39.959 : 07.png - PSNR: 16.19 dB; SSIM: 0.2999 ; RE: 0.3770.
21-06-27 21:57:42.099 : 08.png - PSNR: 18.55 dB; SSIM: 0.1978 ; RE: 0.5749.
21-06-27 21:57:44.365 : 09.png - PSNR: 19.51 dB; SSIM: 0.3992 ; RE: 0.3832.
21-06-29 16:47:41.760 : testsets\Set
21-06-29 16:47:43.867 : 01.png - PSNR: 29.0435 dB; SSIM: 0.7106 ; RE: 0.0910.
21-06-29 20:59:15.376 : testsets\Set
21-06-29 21:00:08.655 : testsets\Set
21-06-29 21:00:11.616 : 01.png - PSNR: 27.58 dB; SSIM: 0.6756 ; RE: 0.1077.
21-06-29 21:00:13.122 : 02.png - PSNR: 28.41 dB; SSIM: 0.8115 ; RE: 0.1916.
21-06-29 21:00:37.051 : testsets\Set
21-06-29 21:01:32.957 : testsets\Set
21-06-29 21:02:00.501 : testsets\Set
21-06-29 21:02:02.135 : 01.png - PSNR: 27.58 dB; SSIM: 0.6756 ; RE: 0.1077.
21-06-29 21:02:03.084 : 02.png - PSNR: 28.41 dB; SSIM: 0.8115 ; RE: 0.1916.
21-06-29 21:02:04.314 : 03.png - PSNR: 29.78 dB; SSIM: 0.8246 ; RE: 0.1443.
21-06-29 21:02:05.281 : 04.png - PSNR: 29.46 dB; SSIM: 0.5100 ; RE: 0.1159.
21-06-29 21:02:06.132 : 05.png - PSNR: 27.37 dB; SSIM: 0.4960 ; RE: 0.1358.
21-06-29 21:02:07.001 : 06.png - PSNR: 26.34 dB; SSIM: 0.6503 ; RE: 0.1001.
21-06-29 21:02:07.977 : 07.png - PSNR: 26.63 dB; SSIM: 0.7734 ; RE: 0.1133.
21-06-29 21:02:08.790 : 08.png - PSNR: 29.22 dB; SSIM: 0.4817 ; RE: 0.1684.
21-06-29 21:02:09.765 : 09.png - PSNR: 29.10 dB; SSIM: 0.7972 ; RE: 0.1270.
21-06-29 21:02:10.944 : 10.png - PSNR: 27.66 dB; SSIM: 0.6593 ; RE: 0.0941.
21-06-29 21:02:11.966 : 11.png - PSNR: 29.65 dB; SSIM: 0.7910 ; RE: 0.1044.
21-06-29 21:02:13.142 : 12.png - PSNR: 27.47 dB; SSIM: 0.6335 ; RE: 0.1574.
21-06-29 21:02:14.409 : 13.png - PSNR: 27.25 dB; SSIM: 0.6530 ; RE: 0.1201.
21-06-29 21:02:15.531 : 14.png - PSNR: 25.76 dB; SSIM: 0.8057 ; RE: 0.1339.
21-06-29 21:02:16.575 : 15.png - PSNR: 26.44 dB; SSIM: 0.7497 ; RE: 0.1606.
21-06-29 21:02:16.576 : ------> testset_name: (Set), alpha: (0.400), Average PSNR:(27.874)dB, Average ssim : (0.687), Average re : (0.132) )
21-08-31 15:27:05.268 : testsets\Set
21-08-31 15:27:10.997 : 01.png - PSNR: 28.8522 dB; SSIM: 0.6747 ; RE: 0.0930.
21-08-31 15:27:15.837 : 02.png - PSNR: 31.3496 dB; SSIM: 0.8214 ; RE: 0.1365.
21-08-31 15:27:20.705 : 03.png - PSNR: 33.0895 dB; SSIM: 0.8582 ; RE: 0.0985.
21-08-31 15:27:25.565 : 04.png - PSNR: 27.4626 dB; SSIM: 0.4937 ; RE: 0.1459.
21-08-31 15:27:30.510 : 05.png - PSNR: 27.6853 dB; SSIM: 0.5230 ; RE: 0.1310.
21-08-31 15:27:35.414 : 06.png - PSNR: 28.8858 dB; SSIM: 0.7436 ; RE: 0.0747.
21-08-31 15:27:41.227 : 07.png - PSNR: 29.3670 dB; SSIM: 0.7907 ; RE: 0.0827.
21-08-31 15:27:46.591 : 08.png - PSNR: 28.0861 dB; SSIM: 0.5019 ; RE: 0.1918.
21-08-31 15:27:51.990 : 09.png - PSNR: 30.7774 dB; SSIM: 0.8155 ; RE: 0.1047.
21-08-31 15:27:57.168 : 10.png - PSNR: 29.0038 dB; SSIM: 0.7105 ; RE: 0.0806.
21-08-31 15:28:02.431 : 11.png - PSNR: 31.1162 dB; SSIM: 0.7957 ; RE: 0.0881.
21-08-31 15:28:07.505 : 12.png - PSNR: 29.3815 dB; SSIM: 0.7232 ; RE: 0.1262.
21-08-31 15:28:12.502 : 13.png - PSNR: 29.4379 dB; SSIM: 0.7371 ; RE: 0.0933.
21-08-31 15:28:17.509 : 14.png - PSNR: 29.9664 dB; SSIM: 0.8849 ; RE: 0.0825.
21-08-31 15:28:22.727 : 15.png - PSNR: 29.7029 dB; SSIM: 0.8289 ; RE: 0.1104.
21-08-31 15:30:38.156 : testsets\Set
21-08-31 15:30:43.815 : 01.png - PSNR: 28.8522 dB; SSIM: 0.6747 ; RE: 0.0930.
21-08-31 15:30:49.358 : 02.png - PSNR: 31.3496 dB; SSIM: 0.8214 ; RE: 0.1365.
21-08-31 15:30:54.207 : 03.png - PSNR: 33.0895 dB; SSIM: 0.8582 ; RE: 0.0985.
21-08-31 15:30:58.977 : 04.png - PSNR: 27.4626 dB; SSIM: 0.4937 ; RE: 0.1459.
21-08-31 15:31:03.736 : 05.png - PSNR: 27.6853 dB; SSIM: 0.5230 ; RE: 0.1310.
21-08-31 15:31:08.543 : 06.png - PSNR: 28.8858 dB; SSIM: 0.7436 ; RE: 0.0747.
21-08-31 15:31:13.379 : 07.png - PSNR: 29.3670 dB; SSIM: 0.7907 ; RE: 0.0827.
21-08-31 15:31:18.275 : 08.png - PSNR: 28.0861 dB; SSIM: 0.5019 ; RE: 0.1918.
21-08-31 15:31:23.245 : 09.png - PSNR: 30.7774 dB; SSIM: 0.8155 ; RE: 0.1047.
21-08-31 15:31:28.149 : 10.png - PSNR: 29.0038 dB; SSIM: 0.7105 ; RE: 0.0806.
21-08-31 15:31:33.123 : 11.png - PSNR: 31.1162 dB; SSIM: 0.7957 ; RE: 0.0881.
21-08-31 15:31:38.073 : 12.png - PSNR: 29.3815 dB; SSIM: 0.7232 ; RE: 0.1262.
21-08-31 15:31:43.342 : 13.png - PSNR: 29.4379 dB; SSIM: 0.7371 ; RE: 0.0933.
21-08-31 15:31:48.708 : 14.png - PSNR: 29.9664 dB; SSIM: 0.8849 ; RE: 0.0825.
21-08-31 15:31:53.866 : 15.png - PSNR: 29.7029 dB; SSIM: 0.8289 ; RE: 0.1104.
21-08-31 15:31:58.946 : 17.png - PSNR: 28.9005 dB; SSIM: 0.8041 ; RE: 0.0789.
21-08-31 15:32:04.015 : 18.png - PSNR: 27.8470 dB; SSIM: 0.6945 ; RE: 0.1374.
21-08-31 15:32:09.226 : 19.png - PSNR: 26.8731 dB; SSIM: 0.6732 ; RE: 0.1111.
21-08-31 15:32:14.728 : 20.png - PSNR: 25.8741 dB; SSIM: 0.6691 ; RE: 0.1251.
21-08-31 15:32:19.790 : 21.png - PSNR: 26.2822 dB; SSIM: 0.5304 ; RE: 0.1975.
21-08-31 15:33:33.942 : testsets\Set
21-08-31 15:33:39.650 : 01.png - PSNR: 28.8522 dB; SSIM: 0.6747 ; RE: 0.0930.
21-08-31 15:33:44.576 : 02.png - PSNR: 31.3496 dB; SSIM: 0.8214 ; RE: 0.1365.
21-08-31 15:33:50.004 : 03.png - PSNR: 33.0895 dB; SSIM: 0.8582 ; RE: 0.0985.
21-08-31 15:33:54.926 : 04.png - PSNR: 27.4626 dB; SSIM: 0.4937 ; RE: 0.1459.
21-08-31 15:34:00.410 : 05.png - PSNR: 27.6853 dB; SSIM: 0.5230 ; RE: 0.1310.
21-08-31 15:34:05.706 : 06.png - PSNR: 28.8858 dB; SSIM: 0.7436 ; RE: 0.0747.
21-08-31 15:34:10.917 : 07.png - PSNR: 29.3670 dB; SSIM: 0.7907 ; RE: 0.0827.
21-08-31 15:34:16.081 : 08.png - PSNR: 28.0861 dB; SSIM: 0.5019 ; RE: 0.1918.
21-08-31 15:34:21.833 : 09.png - PSNR: 30.7774 dB; SSIM: 0.8155 ; RE: 0.1047.
21-08-31 15:34:27.396 : 10.png - PSNR: 29.0038 dB; SSIM: 0.7105 ; RE: 0.0806.
21-08-31 15:34:32.673 : 11.png - PSNR: 31.1162 dB; SSIM: 0.7957 ; RE: 0.0881.
21-08-31 15:34:37.790 : 12.png - PSNR: 29.3815 dB; SSIM: 0.7232 ; RE: 0.1262.
21-08-31 15:34:43.121 : 13.png - PSNR: 29.4379 dB; SSIM: 0.7371 ; RE: 0.0933.
21-08-31 15:34:49.437 : 14.png - PSNR: 29.9664 dB; SSIM: 0.8849 ; RE: 0.0825.
21-08-31 15:34:54.595 : 15.png - PSNR: 29.7029 dB; SSIM: 0.8289 ; RE: 0.1104.
21-08-31 15:34:59.797 : 17.png - PSNR: 28.9005 dB; SSIM: 0.8041 ; RE: 0.0789.
21-08-31 15:35:05.292 : 18.png - PSNR: 27.8470 dB; SSIM: 0.6945 ; RE: 0.1374.
21-08-31 15:35:10.842 : 19.png - PSNR: 26.8731 dB; SSIM: 0.6732 ; RE: 0.1111.
21-08-31 15:35:16.442 : 20.png - PSNR: 25.8741 dB; SSIM: 0.6691 ; RE: 0.1251.
21-08-31 15:35:21.979 : 21.png - PSNR: 26.2822 dB; SSIM: 0.5304 ; RE: 0.1975.
21-08-31 15:35:27.649 : 22.png - PSNR: 29.2929 dB; SSIM: 0.7960 ; RE: 0.1086.
21-08-31 15:35:27.671 : ------> testset_name: (Set), alpha: (1.150), Average PSNR:(29.011)dB, Average ssim : (0.718), Average re : (0.114) )
21-08-31 22:54:28.968 : 01.png - PSNR: 28.4349 dB; SSIM: 0.6603 ; RE: 0.0976.
21-08-31 22:54:34.281 : 02.png - PSNR: 30.2672 dB; SSIM: 0.8090 ; RE: 0.1546.
21-08-31 22:54:39.798 : 03.png - PSNR: 31.8243 dB; SSIM: 0.8375 ; RE: 0.1140.
21-08-31 22:54:45.230 : 04.png - PSNR: 28.2999 dB; SSIM: 0.4883 ; RE: 0.1325.
21-08-31 22:54:51.102 : 05.png - PSNR: 27.3163 dB; SSIM: 0.5032 ; RE: 0.1366.
21-08-31 22:54:56.716 : 06.png - PSNR: 28.0502 dB; SSIM: 0.7185 ; RE: 0.0823.
21-08-31 22:55:02.365 : 07.png - PSNR: 28.5382 dB; SSIM: 0.7839 ; RE: 0.0909.
21-08-31 22:55:08.070 : 08.png - PSNR: 28.4650 dB; SSIM: 0.4897 ; RE: 0.1836.
21-08-31 22:55:13.826 : 09.png - PSNR: 30.6198 dB; SSIM: 0.8122 ; RE: 0.1066.
21-08-31 22:55:19.457 : 10.png - PSNR: 28.7979 dB; SSIM: 0.7041 ; RE: 0.0825.
21-08-31 22:55:25.097 : 11.png - PSNR: 30.8288 dB; SSIM: 0.7942 ; RE: 0.0911.
21-08-31 22:55:30.495 : 12.png - PSNR: 28.8458 dB; SSIM: 0.6985 ; RE: 0.1343.
21-08-31 22:55:35.675 : 13.png - PSNR: 28.6680 dB; SSIM: 0.7120 ; RE: 0.1020.
21-08-31 22:55:40.934 : 15.png - PSNR: 28.4084 dB; SSIM: 0.7950 ; RE: 0.1281.
21-08-31 22:55:46.746 : 17.png - PSNR: 28.0781 dB; SSIM: 0.7899 ; RE: 0.0867.
21-08-31 22:55:52.052 : 18.png - PSNR: 26.9825 dB; SSIM: 0.6602 ; RE: 0.1518.
21-08-31 22:55:57.306 : 22.png - PSNR: 28.5522 dB; SSIM: 0.7804 ; RE: 0.1183.
21-08-31 22:55:57.306 : ------> testset_name: (Set), alpha: (0.900), Average PSNR:(28.881)dB, Average ssim : (0.708), Average re : (0.117) )
21-08-31 23:01:17.860 : 01.png - PSNR: 28.0201 dB; SSIM: 0.6479 ; RE: 0.1024.
21-08-31 23:01:23.754 : 02.png - PSNR: 29.5179 dB; SSIM: 0.7987 ; RE: 0.1686.
21-08-31 23:01:29.168 : 03.png - PSNR: 31.3776 dB; SSIM: 0.8286 ; RE: 0.1200.
21-08-31 23:01:34.512 : 04.png - PSNR: 28.0628 dB; SSIM: 0.4796 ; RE: 0.1361.
21-08-31 23:01:40.226 : 05.png - PSNR: 26.9845 dB; SSIM: 0.4945 ; RE: 0.1420.
21-08-31 23:01:45.553 : 06.png - PSNR: 27.5781 dB; SSIM: 0.6999 ; RE: 0.0868.
21-08-31 23:01:51.023 : 07.png - PSNR: 27.8753 dB; SSIM: 0.7699 ; RE: 0.0981.
21-08-31 23:01:56.716 : 08.png - PSNR: 28.0913 dB; SSIM: 0.4712 ; RE: 0.1917.
21-08-31 23:02:02.187 : 09.png - PSNR: 30.2329 dB; SSIM: 0.8027 ; RE: 0.1114.
21-08-31 23:02:07.613 : 10.png - PSNR: 28.4810 dB; SSIM: 0.6888 ; RE: 0.0856.
21-08-31 23:02:13.163 : 11.png - PSNR: 30.2076 dB; SSIM: 0.7733 ; RE: 0.0978.
21-08-31 23:02:19.289 : 12.png - PSNR: 28.5718 dB; SSIM: 0.6825 ; RE: 0.1386.
21-08-31 23:02:25.264 : 13.png - PSNR: 28.1380 dB; SSIM: 0.6905 ; RE: 0.1084.
21-08-31 23:02:31.139 : 15.png - PSNR: 27.8846 dB; SSIM: 0.7796 ; RE: 0.1361.
21-08-31 23:02:36.601 : 17.png - PSNR: 27.3956 dB; SSIM: 0.7774 ; RE: 0.0938.
21-08-31 23:02:42.232 : 18.png - PSNR: 25.9339 dB; SSIM: 0.6231 ; RE: 0.1712.
21-08-31 23:02:47.904 : 22.png - PSNR: 27.9223 dB; SSIM: 0.7645 ; RE: 0.1272.
21-08-31 23:02:47.905 : ------> testset_name: (Set), alpha: (0.900), Average PSNR:(28.369)dB, Average ssim : (0.693), Average re : (0.124) )
21-08-31 23:07:59.583 : 01.png - PSNR: 27.0507 dB; SSIM: 0.6285 ; RE: 0.1145.
21-08-31 23:08:04.839 : 02.png - PSNR: 27.1224 dB; SSIM: 0.7590 ; RE: 0.2221.
21-08-31 23:08:10.081 : 03.png - PSNR: 28.6054 dB; SSIM: 0.7630 ; RE: 0.1651.
21-08-31 23:08:15.345 : 04.png - PSNR: 27.7502 dB; SSIM: 0.4694 ; RE: 0.1411.
21-08-31 23:08:20.604 : 05.png - PSNR: 26.1924 dB; SSIM: 0.4682 ; RE: 0.1555.
21-08-31 23:08:25.864 : 06.png - PSNR: 26.7354 dB; SSIM: 0.6704 ; RE: 0.0957.
21-08-31 23:08:31.127 : 07.png - PSNR: 25.9182 dB; SSIM: 0.7219 ; RE: 0.1229.
21-08-31 23:08:36.402 : 08.png - PSNR: 27.5377 dB; SSIM: 0.4480 ; RE: 0.2043.
21-08-31 23:08:41.675 : 09.png - PSNR: 28.9346 dB; SSIM: 0.7644 ; RE: 0.1294.
21-08-31 23:08:46.935 : 10.png - PSNR: 27.5389 dB; SSIM: 0.6780 ; RE: 0.0954.
21-08-31 23:08:52.205 : 11.png - PSNR: 28.8071 dB; SSIM: 0.7462 ; RE: 0.1150.
21-08-31 23:08:57.470 : 12.png - PSNR: 28.2667 dB; SSIM: 0.6734 ; RE: 0.1435.
21-08-31 23:09:02.737 : 13.png - PSNR: 26.1820 dB; SSIM: 0.6251 ; RE: 0.1357.
21-08-31 23:09:08.011 : 15.png - PSNR: 26.1454 dB; SSIM: 0.7344 ; RE: 0.1662.
21-08-31 23:09:13.283 : 17.png - PSNR: 26.0438 dB; SSIM: 0.7386 ; RE: 0.1096.
21-08-31 23:09:18.577 : 18.png - PSNR: 23.8784 dB; SSIM: 0.5414 ; RE: 0.2169.
21-08-31 23:09:23.885 : 22.png - PSNR: 26.5069 dB; SSIM: 0.7148 ; RE: 0.1497.
21-08-31 23:09:23.885 : ------> testset_name: (Set), alpha: (0.900), Average PSNR:(27.013)dB, Average ssim : (0.656), Average re : (0.146) )
21-09-01 09:36:20.313 : 01.png - PSNR: 28.4349 dB; SSIM: 0.6603 ; RE: 0.0976.
21-09-01 09:36:25.528 : 02.png - PSNR: 30.2672 dB; SSIM: 0.8090 ; RE: 0.1546.
21-09-01 09:36:30.705 : 03.png - PSNR: 31.8243 dB; SSIM: 0.8375 ; RE: 0.1140.
21-09-01 09:36:35.627 : 04.png - PSNR: 28.2999 dB; SSIM: 0.4883 ; RE: 0.1325.
21-09-01 09:36:40.531 : 05.png - PSNR: 27.3163 dB; SSIM: 0.5032 ; RE: 0.1366.
21-09-01 09:36:45.306 : 06.png - PSNR: 28.0502 dB; SSIM: 0.7185 ; RE: 0.0823.
21-09-01 09:36:50.071 : 07.png - PSNR: 28.5382 dB; SSIM: 0.7839 ; RE: 0.0909.
21-09-01 09:36:55.043 : 08.png - PSNR: 28.4650 dB; SSIM: 0.4897 ; RE: 0.1836.
21-09-01 09:37:00.186 : 09.png - PSNR: 30.6198 dB; SSIM: 0.8122 ; RE: 0.1066.
21-09-01 09:37:05.069 : 10.png - PSNR: 28.7979 dB; SSIM: 0.7041 ; RE: 0.0825.
21-09-01 09:37:09.940 : 11.png - PSNR: 30.8288 dB; SSIM: 0.7942 ; RE: 0.0911.
21-09-01 09:37:14.858 : 12.png - PSNR: 28.8458 dB; SSIM: 0.6985 ; RE: 0.1343.
21-09-01 09:37:19.755 : 13.png - PSNR: 28.6680 dB; SSIM: 0.7120 ; RE: 0.1020.
21-09-01 09:37:24.692 : 15.png - PSNR: 28.4084 dB; SSIM: 0.7950 ; RE: 0.1281.
21-09-01 09:37:29.749 : 17.png - PSNR: 28.0781 dB; SSIM: 0.7899 ; RE: 0.0867.
21-09-01 09:37:34.812 : 18.png - PSNR: 26.9825 dB; SSIM: 0.6602 ; RE: 0.1518.
21-09-01 09:37:40.571 : 19.png - PSNR: 25.5921 dB; SSIM: 0.6248 ; RE: 0.1288.
21-09-01 09:37:46.270 : 20.png - PSNR: 25.1215 dB; SSIM: 0.6411 ; RE: 0.1365.
21-09-01 09:37:52.077 : 21.png - PSNR: 25.7534 dB; SSIM: 0.4995 ; RE: 0.2099.
21-09-01 09:37:57.589 : 22.png - PSNR: 28.5522 dB; SSIM: 0.7804 ; RE: 0.1183.
21-09-01 09:37:57.589 : ------> testset_name: (Set), alpha: (0.900), Average PSNR:(28.372)dB, Average ssim : (0.690), Average re : (0.123) )
21-09-01 09:41:02.286 : 01.png - PSNR: 28.4349 dB; SSIM: 0.6603 ; RE: 0.0976.
21-09-01 09:41:07.967 : 02.png - PSNR: 30.2672 dB; SSIM: 0.8090 ; RE: 0.1546.
21-09-01 09:41:13.713 : 03.png - PSNR: 31.8243 dB; SSIM: 0.8375 ; RE: 0.1140.
21-09-01 09:41:19.063 : 04.png - PSNR: 28.2999 dB; SSIM: 0.4883 ; RE: 0.1325.
21-09-01 09:41:24.551 : 05.png - PSNR: 27.3163 dB; SSIM: 0.5032 ; RE: 0.1366.
21-09-01 09:41:30.191 : 01.png - PSNR: 28.42 dB; SSIM: 0.6490 ; RE: 0.0978.
21-09-01 09:41:33.115 : 06.png - PSNR: 28.0502 dB; SSIM: 0.7185 ; RE: 0.0823.
21-09-01 09:41:35.975 : 02.png - PSNR: 30.50 dB; SSIM: 0.7996 ; RE: 0.1505.
21-09-01 09:41:41.960 : 03.png - PSNR: 32.37 dB; SSIM: 0.8363 ; RE: 0.1071.
21-09-01 09:41:42.132 : 07.png - PSNR: 28.5382 dB; SSIM: 0.7839 ; RE: 0.0909.
21-09-01 09:41:48.032 : 04.png - PSNR: 27.84 dB; SSIM: 0.4803 ; RE: 0.1396.
21-09-01 09:41:51.414 : 08.png - PSNR: 28.4650 dB; SSIM: 0.4897 ; RE: 0.1836.
21-09-01 09:41:53.774 : 05.png - PSNR: 27.21 dB; SSIM: 0.5025 ; RE: 0.1383.
21-09-01 09:41:59.413 : 06.png - PSNR: 28.47 dB; SSIM: 0.7266 ; RE: 0.0784.
21-09-01 09:42:00.431 : 09.png - PSNR: 30.6198 dB; SSIM: 0.8122 ; RE: 0.1066.
21-09-01 09:42:05.331 : 07.png - PSNR: 28.85 dB; SSIM: 0.7759 ; RE: 0.0877.
21-09-01 09:42:09.672 : 10.png - PSNR: 28.7979 dB; SSIM: 0.7041 ; RE: 0.0825.
21-09-01 09:42:11.126 : 08.png - PSNR: 27.89 dB; SSIM: 0.4788 ; RE: 0.1961.
21-09-01 09:42:16.883 : 09.png - PSNR: 30.85 dB; SSIM: 0.8056 ; RE: 0.1039.
21-09-01 09:42:18.489 : 11.png - PSNR: 30.8288 dB; SSIM: 0.7942 ; RE: 0.0911.
21-09-01 09:42:22.656 : 10.png - PSNR: 28.95 dB; SSIM: 0.7039 ; RE: 0.0811.
21-09-01 09:42:27.283 : 12.png - PSNR: 28.8458 dB; SSIM: 0.6985 ; RE: 0.1343.
21-09-01 09:42:28.445 : 11.png - PSNR: 30.65 dB; SSIM: 0.7778 ; RE: 0.0930.
21-09-01 09:42:34.218 : 12.png - PSNR: 28.97 dB; SSIM: 0.7071 ; RE: 0.1324.
21-09-01 09:42:36.094 : 13.png - PSNR: 28.6680 dB; SSIM: 0.7120 ; RE: 0.1020.
21-09-01 09:42:39.954 : 13.png - PSNR: 28.81 dB; SSIM: 0.7209 ; RE: 0.1002.
21-09-01 09:42:44.935 : 15.png - PSNR: 28.4084 dB; SSIM: 0.7950 ; RE: 0.1281.
21-09-01 09:42:45.691 : 15.png - PSNR: 29.11 dB; SSIM: 0.8075 ; RE: 0.1182.
21-09-01 09:42:51.592 : 16.png - PSNR: 26.99 dB; SSIM: 0.6102 ; RE: 0.1139.
21-09-01 09:42:53.652 : 16.png - PSNR: 26.8003 dB; SSIM: 0.5968 ; RE: 0.1164.
21-09-01 09:42:57.492 : 17.png - PSNR: 28.66 dB; SSIM: 0.7942 ; RE: 0.0811.
21-09-01 09:43:02.409 : 17.png - PSNR: 28.0781 dB; SSIM: 0.7899 ; RE: 0.0867.
21-09-01 09:43:03.321 : 18.png - PSNR: 27.30 dB; SSIM: 0.6727 ; RE: 0.1463.
21-09-01 09:43:09.388 : 19.png - PSNR: 26.08 dB; SSIM: 0.6443 ; RE: 0.1217.
21-09-01 09:43:11.531 : 18.png - PSNR: 26.9825 dB; SSIM: 0.6602 ; RE: 0.1518.
21-09-01 09:43:15.290 : 20.png - PSNR: 25.55 dB; SSIM: 0.6528 ; RE: 0.1299.
21-09-01 09:43:20.473 : 19.png - PSNR: 25.5921 dB; SSIM: 0.6248 ; RE: 0.1288.
21-09-01 09:43:21.078 : 21.png - PSNR: 25.96 dB; SSIM: 0.5068 ; RE: 0.2049.
21-09-01 09:43:26.837 : 22.png - PSNR: 29.04 dB; SSIM: 0.7842 ; RE: 0.1118.
21-09-01 09:43:26.838 : ------> testset_name: (Set), Average PSNR:(28.499)dB, Average ssim : (0.687), Average re : (0.121) )
21-09-01 09:43:29.384 : 20.png - PSNR: 25.1215 dB; SSIM: 0.6411 ; RE: 0.1365.
21-09-01 09:43:38.795 : 21.png - PSNR: 25.7534 dB; SSIM: 0.4995 ; RE: 0.2099.
21-09-01 09:43:48.115 : 22.png - PSNR: 28.5522 dB; SSIM: 0.7804 ; RE: 0.1183.
21-09-01 09:43:48.115 : ------> testset_name: (Set), alpha: (0.900), Average PSNR:(28.297)dB, Average ssim : (0.686), Average re : (0.123) )
21-09-01 09:53:36.431 : 01.png - PSNR: 28.0201 dB; SSIM: 0.6479 ; RE: 0.1024.
21-09-01 09:53:41.705 : 02.png - PSNR: 29.5179 dB; SSIM: 0.7987 ; RE: 0.1686.
21-09-01 09:53:46.933 : 03.png - PSNR: 31.3776 dB; SSIM: 0.8286 ; RE: 0.1200.
21-09-01 09:53:52.185 : 04.png - PSNR: 28.0628 dB; SSIM: 0.4796 ; RE: 0.1361.
21-09-01 09:53:57.463 : 05.png - PSNR: 26.9845 dB; SSIM: 0.4945 ; RE: 0.1420.
21-09-01 09:54:02.717 : 06.png - PSNR: 27.5781 dB; SSIM: 0.6999 ; RE: 0.0868.
21-09-01 09:54:07.983 : 07.png - PSNR: 27.8753 dB; SSIM: 0.7699 ; RE: 0.0981.
21-09-01 09:54:13.233 : 08.png - PSNR: 28.0913 dB; SSIM: 0.4712 ; RE: 0.1917.
21-09-01 09:54:18.472 : 09.png - PSNR: 30.2329 dB; SSIM: 0.8027 ; RE: 0.1114.
21-09-01 09:54:23.842 : 10.png - PSNR: 28.4810 dB; SSIM: 0.6888 ; RE: 0.0856.
21-09-01 09:54:29.277 : 11.png - PSNR: 30.2076 dB; SSIM: 0.7733 ; RE: 0.0978.
21-09-01 09:54:34.679 : 12.png - PSNR: 28.5718 dB; SSIM: 0.6825 ; RE: 0.1386.
21-09-01 09:54:39.991 : 13.png - PSNR: 28.1380 dB; SSIM: 0.6905 ; RE: 0.1084.
21-09-01 09:54:45.476 : 15.png - PSNR: 27.8846 dB; SSIM: 0.7796 ; RE: 0.1361.
21-09-01 09:54:50.892 : 16.png - PSNR: 26.4727 dB; SSIM: 0.5810 ; RE: 0.1209.
21-09-01 09:54:56.333 : 17.png - PSNR: 27.3956 dB; SSIM: 0.7774 ; RE: 0.0938.
21-09-01 09:55:01.580 : 18.png - PSNR: 25.9339 dB; SSIM: 0.6231 ; RE: 0.1712.
21-09-01 09:55:06.793 : 19.png - PSNR: 24.9743 dB; SSIM: 0.5994 ; RE: 0.1382.
21-09-01 09:55:12.039 : 20.png - PSNR: 24.3333 dB; SSIM: 0.6169 ; RE: 0.1494.
21-09-01 09:55:17.551 : 21.png - PSNR: 25.3442 dB; SSIM: 0.4863 ; RE: 0.2200.
21-09-01 09:55:23.036 : 22.png - PSNR: 27.9223 dB; SSIM: 0.7645 ; RE: 0.1272.
21-09-01 09:55:23.036 : ------> testset_name: (Set), alpha: (0.900), Average PSNR:(27.781)dB, Average ssim : (0.669), Average re : (0.131) )
21-09-01 10:01:48.003 : 01.png - PSNR: 27.0507 dB; SSIM: 0.6285 ; RE: 0.1145.
21-09-01 10:01:53.233 : 02.png - PSNR: 27.1224 dB; SSIM: 0.7590 ; RE: 0.2221.
21-09-01 10:01:58.458 : 03.png - PSNR: 28.6054 dB; SSIM: 0.7630 ; RE: 0.1651.
21-09-01 10:02:03.676 : 04.png - PSNR: 27.7502 dB; SSIM: 0.4694 ; RE: 0.1411.
21-09-01 10:02:09.168 : 05.png - PSNR: 26.1924 dB; SSIM: 0.4682 ; RE: 0.1555.
21-09-01 10:02:14.686 : 06.png - PSNR: 26.7354 dB; SSIM: 0.6704 ; RE: 0.0957.
21-09-01 10:02:20.614 : 07.png - PSNR: 25.9182 dB; SSIM: 0.7219 ; RE: 0.1229.
21-09-01 10:02:26.230 : 08.png - PSNR: 27.5377 dB; SSIM: 0.4480 ; RE: 0.2043.
21-09-01 10:02:32.388 : 09.png - PSNR: 28.9346 dB; SSIM: 0.7644 ; RE: 0.1294.
21-09-01 10:02:38.146 : 10.png - PSNR: 27.5389 dB; SSIM: 0.6780 ; RE: 0.0954.
21-09-01 10:02:43.725 : 11.png - PSNR: 28.8071 dB; SSIM: 0.7462 ; RE: 0.1150.
21-09-01 10:02:49.503 : 12.png - PSNR: 28.2667 dB; SSIM: 0.6734 ; RE: 0.1435.
21-09-01 10:02:55.165 : 13.png - PSNR: 26.1820 dB; SSIM: 0.6251 ; RE: 0.1357.
21-09-01 10:03:00.839 : 15.png - PSNR: 26.1454 dB; SSIM: 0.7344 ; RE: 0.1662.
21-09-01 10:03:06.558 : 16.png - PSNR: 25.8685 dB; SSIM: 0.5669 ; RE: 0.1296.
21-09-01 10:03:12.645 : 17.png - PSNR: 26.0438 dB; SSIM: 0.7386 ; RE: 0.1096.
21-09-01 10:03:18.474 : 18.png - PSNR: 23.8784 dB; SSIM: 0.5414 ; RE: 0.2169.
21-09-01 10:03:23.915 : 19.png - PSNR: 24.1363 dB; SSIM: 0.5739 ; RE: 0.1523.
21-09-01 10:03:29.684 : 20.png - PSNR: 23.1293 dB; SSIM: 0.5849 ; RE: 0.1716.
21-09-01 10:03:35.461 : 21.png - PSNR: 24.4438 dB; SSIM: 0.4563 ; RE: 0.2440.
21-09-01 10:03:40.984 : 22.png - PSNR: 26.5069 dB; SSIM: 0.7148 ; RE: 0.1497.
21-09-01 10:03:40.984 : ------> testset_name: (Set), alpha: (0.900), Average PSNR:(26.514)dB, Average ssim : (0.635), Average re : (0.151) )
21-09-01 10:08:24.339 : 01.png - PSNR: 28.4349 dB; SSIM: 0.6603 ; RE: 0.0976.
21-09-01 10:08:29.036 : 02.png - PSNR: 30.2672 dB; SSIM: 0.8090 ; RE: 0.1546.
21-09-01 10:08:33.765 : 03.png - PSNR: 31.8243 dB; SSIM: 0.8375 ; RE: 0.1140.
21-09-01 10:08:38.643 : 04.png - PSNR: 28.2999 dB; SSIM: 0.4883 ; RE: 0.1325.
21-09-01 10:08:43.487 : 06.png - PSNR: 28.0502 dB; SSIM: 0.7185 ; RE: 0.0823.
21-09-01 10:08:48.346 : 07.png - PSNR: 28.5382 dB; SSIM: 0.7839 ; RE: 0.0909.
21-09-01 10:08:53.469 : 08.png - PSNR: 28.4650 dB; SSIM: 0.4897 ; RE: 0.1836.
21-09-01 10:08:58.680 : 09.png - PSNR: 30.6198 dB; SSIM: 0.8122 ; RE: 0.1066.
21-09-01 10:09:03.649 : 10.png - PSNR: 28.7979 dB; SSIM: 0.7041 ; RE: 0.0825.
21-09-01 10:09:08.607 : 11.png - PSNR: 30.8288 dB; SSIM: 0.7942 ; RE: 0.0911.
21-09-01 10:09:13.597 : 12.png - PSNR: 28.8458 dB; SSIM: 0.6985 ; RE: 0.1343.
21-09-01 10:09:18.606 : 13.png - PSNR: 28.6680 dB; SSIM: 0.7120 ; RE: 0.1020.
21-09-01 10:09:23.631 : 15.png - PSNR: 28.4084 dB; SSIM: 0.7950 ; RE: 0.1281.
21-09-01 10:09:28.659 : 17.png - PSNR: 28.0781 dB; SSIM: 0.7899 ; RE: 0.0867.
21-09-01 10:09:33.724 : 22.png - PSNR: 28.5522 dB; SSIM: 0.7804 ; RE: 0.1183.
21-09-01 10:09:33.724 : ------> testset_name: (Set), alpha: (0.900), Average PSNR:(29.112)dB, Average ssim : (0.725), Average re : (0.114) )
21-09-01 10:14:01.736 : 01.png - PSNR: 28.0201 dB; SSIM: 0.6479 ; RE: 0.1024.
21-09-01 10:14:07.123 : 02.png - PSNR: 29.5179 dB; SSIM: 0.7987 ; RE: 0.1686.
21-09-01 10:14:12.640 : 03.png - PSNR: 31.3776 dB; SSIM: 0.8286 ; RE: 0.1200.
21-09-01 10:14:18.456 : 04.png - PSNR: 28.0628 dB; SSIM: 0.4796 ; RE: 0.1361.
21-09-01 10:14:23.827 : 06.png - PSNR: 27.5781 dB; SSIM: 0.6999 ; RE: 0.0868.
21-09-01 10:14:29.514 : 07.png - PSNR: 27.8753 dB; SSIM: 0.7699 ; RE: 0.0981.
21-09-01 10:14:35.014 : 08.png - PSNR: 28.0913 dB; SSIM: 0.4712 ; RE: 0.1917.
21-09-01 10:14:40.419 : 09.png - PSNR: 30.2329 dB; SSIM: 0.8027 ; RE: 0.1114.
21-09-01 10:14:45.733 : 10.png - PSNR: 28.4810 dB; SSIM: 0.6888 ; RE: 0.0856.
21-09-01 10:14:51.018 : 11.png - PSNR: 30.2076 dB; SSIM: 0.7733 ; RE: 0.0978.
21-09-01 10:14:56.223 : 12.png - PSNR: 28.5718 dB; SSIM: 0.6825 ; RE: 0.1386.
21-09-01 10:15:01.427 : 13.png - PSNR: 28.1380 dB; SSIM: 0.6905 ; RE: 0.1084.
21-09-01 10:15:06.638 : 15.png - PSNR: 27.8846 dB; SSIM: 0.7796 ; RE: 0.1361.
21-09-01 10:15:11.846 : 17.png - PSNR: 27.3956 dB; SSIM: 0.7774 ; RE: 0.0938.
21-09-01 10:15:17.044 : 22.png - PSNR: 27.9223 dB; SSIM: 0.7645 ; RE: 0.1272.
21-09-01 10:15:17.044 : ------> testset_name: (Set), alpha: (0.900), Average PSNR:(28.624)dB, Average ssim : (0.710), Average re : (0.120) )
21-09-01 10:19:46.183 : 01.png - PSNR: 27.0507 dB; SSIM: 0.6285 ; RE: 0.1145.
21-09-01 10:19:51.417 : 02.png - PSNR: 27.1224 dB; SSIM: 0.7590 ; RE: 0.2221.
21-09-01 10:19:56.631 : 03.png - PSNR: 28.6054 dB; SSIM: 0.7630 ; RE: 0.1651.
21-09-01 10:20:01.872 : 04.png - PSNR: 27.7502 dB; SSIM: 0.4694 ; RE: 0.1411.
21-09-01 10:20:07.101 : 06.png - PSNR: 26.7354 dB; SSIM: 0.6704 ; RE: 0.0957.
21-09-01 10:20:12.326 : 07.png - PSNR: 25.9182 dB; SSIM: 0.7219 ; RE: 0.1229.
21-09-01 10:20:17.548 : 08.png - PSNR: 27.5377 dB; SSIM: 0.4480 ; RE: 0.2043.
21-09-01 10:20:22.779 : 09.png - PSNR: 28.9346 dB; SSIM: 0.7644 ; RE: 0.1294.
21-09-01 10:20:27.983 : 10.png - PSNR: 27.5389 dB; SSIM: 0.6780 ; RE: 0.0954.
21-09-01 10:20:33.205 : 11.png - PSNR: 28.8071 dB; SSIM: 0.7462 ; RE: 0.1150.
21-09-01 10:20:38.423 : 12.png - PSNR: 28.2667 dB; SSIM: 0.6734 ; RE: 0.1435.
21-09-01 10:20:43.631 : 13.png - PSNR: 26.1820 dB; SSIM: 0.6251 ; RE: 0.1357.
21-09-01 10:20:48.866 : 15.png - PSNR: 26.1454 dB; SSIM: 0.7344 ; RE: 0.1662.
21-09-01 10:20:54.084 : 17.png - PSNR: 26.0438 dB; SSIM: 0.7386 ; RE: 0.1096.
21-09-01 10:20:59.294 : 22.png - PSNR: 26.5069 dB; SSIM: 0.7148 ; RE: 0.1497.
21-09-01 10:20:59.294 : ------> testset_name: (Set), alpha: (0.900), Average PSNR:(27.276)dB, Average ssim : (0.676), Average re : (0.141) )
21-09-01 10:39:40.764 : 01.png - PSNR: 28.42 dB; SSIM: 0.6490 ; RE: 0.0978.
21-09-01 10:39:43.547 : 02.png - PSNR: 30.50 dB; SSIM: 0.7996 ; RE: 0.1505.
21-09-01 10:39:46.409 : 03.png - PSNR: 32.37 dB; SSIM: 0.8363 ; RE: 0.1071.
21-09-01 10:39:49.113 : 04.png - PSNR: 27.84 dB; SSIM: 0.4803 ; RE: 0.1396.
21-09-01 10:39:51.767 : 06.png - PSNR: 28.47 dB; SSIM: 0.7266 ; RE: 0.0784.
21-09-01 10:39:54.481 : 07.png - PSNR: 28.85 dB; SSIM: 0.7759 ; RE: 0.0877.
21-09-01 10:39:57.109 : 08.png - PSNR: 27.89 dB; SSIM: 0.4788 ; RE: 0.1961.
21-09-01 10:39:59.788 : 09.png - PSNR: 30.85 dB; SSIM: 0.8056 ; RE: 0.1039.
21-09-01 10:40:02.527 : 10.png - PSNR: 28.95 dB; SSIM: 0.7039 ; RE: 0.0811.
21-09-01 10:40:12.709 : 01.png - PSNR: 28.42 dB; SSIM: 0.6490 ; RE: 0.0978.
21-09-01 10:40:15.279 : 02.png - PSNR: 30.50 dB; SSIM: 0.7996 ; RE: 0.1505.
21-09-01 10:40:17.987 : 03.png - PSNR: 32.37 dB; SSIM: 0.8363 ; RE: 0.1071.
21-09-01 10:40:20.670 : 04.png - PSNR: 27.84 dB; SSIM: 0.4803 ; RE: 0.1396.
21-09-01 10:40:23.262 : 06.png - PSNR: 28.47 dB; SSIM: 0.7266 ; RE: 0.0784.
21-09-01 10:40:25.925 : 07.png - PSNR: 28.85 dB; SSIM: 0.7759 ; RE: 0.0877.
21-09-01 10:40:28.509 : 08.png - PSNR: 27.89 dB; SSIM: 0.4788 ; RE: 0.1961.
21-09-01 10:40:31.089 : 09.png - PSNR: 30.85 dB; SSIM: 0.8056 ; RE: 0.1039.
21-09-01 10:40:33.917 : 10.png - PSNR: 28.95 dB; SSIM: 0.7039 ; RE: 0.0811.
21-09-01 10:40:36.719 : 11.png - PSNR: 30.65 dB; SSIM: 0.7778 ; RE: 0.0930.
21-09-01 10:40:39.507 : 12.png - PSNR: 28.97 dB; SSIM: 0.7071 ; RE: 0.1324.
21-09-01 10:40:42.226 : 13.png - PSNR: 28.81 dB; SSIM: 0.7209 ; RE: 0.1002.
21-09-01 10:40:45.021 : 15.png - PSNR: 29.11 dB; SSIM: 0.8075 ; RE: 0.1182.
21-09-01 10:40:47.979 : 17.png - PSNR: 28.66 dB; SSIM: 0.7942 ; RE: 0.0811.
21-09-01 10:40:50.829 : 22.png - PSNR: 29.04 dB; SSIM: 0.7842 ; RE: 0.1118.
21-09-01 10:40:50.829 : ------> testset_name: (Set), Average PSNR:(29.292)dB, Average ssim : (0.723), Average re : (0.112) )
21-09-01 11:16:32.754 : 01.png - PSNR: 28.4349 dB; SSIM: 0.6603 ; RE: 0.0976.
21-09-01 11:16:37.370 : 02.png - PSNR: 30.2672 dB; SSIM: 0.8090 ; RE: 0.1546.
21-09-01 11:16:42.040 : 03.png - PSNR: 31.8243 dB; SSIM: 0.8375 ; RE: 0.1140.
21-09-01 11:16:46.759 : 04.png - PSNR: 28.2999 dB; SSIM: 0.4883 ; RE: 0.1325.
21-09-01 11:16:51.530 : 06.png - PSNR: 28.0502 dB; SSIM: 0.7185 ; RE: 0.0823.
21-09-01 11:16:56.347 : 07.png - PSNR: 28.5382 dB; SSIM: 0.7839 ; RE: 0.0909.
21-09-01 11:17:01.184 : 08.png - PSNR: 28.4650 dB; SSIM: 0.4897 ; RE: 0.1836.
21-09-01 11:17:06.032 : 09.png - PSNR: 30.6198 dB; SSIM: 0.8122 ; RE: 0.1066.
21-09-01 11:17:10.916 : 10.png - PSNR: 28.7979 dB; SSIM: 0.7041 ; RE: 0.0825.
21-09-01 11:17:15.824 : 11.png - PSNR: 30.8288 dB; SSIM: 0.7942 ; RE: 0.0911.
21-09-01 11:17:20.762 : 12.png - PSNR: 28.8458 dB; SSIM: 0.6985 ; RE: 0.1343.
21-09-01 11:17:25.728 : 13.png - PSNR: 28.6680 dB; SSIM: 0.7120 ; RE: 0.1020.
21-09-01 11:17:30.727 : 15.png - PSNR: 28.4084 dB; SSIM: 0.7950 ; RE: 0.1281.
21-09-01 11:17:35.776 : 17.png - PSNR: 28.0781 dB; SSIM: 0.7899 ; RE: 0.0867.
21-09-01 11:17:40.783 : 22.png - PSNR: 28.5522 dB; SSIM: 0.7804 ; RE: 0.1183.
21-09-01 11:17:40.783 : ------> testset_name: (Set), alpha: (0.900), Average PSNR:(29.112)dB, Average ssim : (0.725), Average re : (0.114) )
21-09-01 11:22:20.388 : 01.png - PSNR: 28.4349 dB; SSIM: 0.6603 ; RE: 0.0976.
21-09-01 11:22:25.874 : 02.png - PSNR: 30.2672 dB; SSIM: 0.8090 ; RE: 0.1546.
21-09-01 11:22:31.574 : 03.png - PSNR: 31.8243 dB; SSIM: 0.8375 ; RE: 0.1140.
21-09-01 11:22:37.096 : 04.png - PSNR: 28.2999 dB; SSIM: 0.4883 ; RE: 0.1325.
21-09-01 11:22:42.406 : 06.png - PSNR: 28.0502 dB; SSIM: 0.7185 ; RE: 0.0823.
21-09-01 11:22:47.621 : 07.png - PSNR: 28.5382 dB; SSIM: 0.7839 ; RE: 0.0909.
21-09-01 11:22:52.917 : 08.png - PSNR: 28.4650 dB; SSIM: 0.4897 ; RE: 0.1836.
21-09-01 11:22:58.131 : 09.png - PSNR: 30.6198 dB; SSIM: 0.8122 ; RE: 0.1066.
21-09-01 11:23:03.368 : 10.png - PSNR: 28.7979 dB; SSIM: 0.7041 ; RE: 0.0825.
21-09-01 11:23:08.606 : 11.png - PSNR: 30.8288 dB; SSIM: 0.7942 ; RE: 0.0911.
21-09-01 11:23:13.876 : 12.png - PSNR: 28.8458 dB; SSIM: 0.6985 ; RE: 0.1343.
21-09-01 11:23:19.127 : 13.png - PSNR: 28.6680 dB; SSIM: 0.7120 ; RE: 0.1020.
21-09-01 11:23:24.367 : 15.png - PSNR: 28.4084 dB; SSIM: 0.7950 ; RE: 0.1281.
21-09-01 11:23:29.612 : 17.png - PSNR: 28.0781 dB; SSIM: 0.7899 ; RE: 0.0867.
21-09-01 11:23:34.853 : 22.png - PSNR: 28.5522 dB; SSIM: 0.7804 ; RE: 0.1183.
21-09-01 11:23:34.854 : ------> testset_name: (Set), alpha: (0.900), Average PSNR:(29.112)dB, Average ssim : (0.725), Average re : (0.114) )
21-09-01 11:28:07.044 : 01.png - PSNR: 28.0201 dB; SSIM: 0.6479 ; RE: 0.1024.
21-09-01 11:28:12.338 : 02.png - PSNR: 29.5179 dB; SSIM: 0.7987 ; RE: 0.1686.
21-09-01 11:28:17.623 : 03.png - PSNR: 31.3776 dB; SSIM: 0.8286 ; RE: 0.1200.
21-09-01 11:28:22.912 : 04.png - PSNR: 28.0628 dB; SSIM: 0.4796 ; RE: 0.1361.
21-09-01 11:28:28.170 : 06.png - PSNR: 27.5781 dB; SSIM: 0.6999 ; RE: 0.0868.
21-09-01 11:28:33.464 : 07.png - PSNR: 27.8753 dB; SSIM: 0.7699 ; RE: 0.0981.
21-09-01 11:28:38.745 : 08.png - PSNR: 28.0913 dB; SSIM: 0.4712 ; RE: 0.1917.
21-09-01 11:28:44.001 : 09.png - PSNR: 30.2329 dB; SSIM: 0.8027 ; RE: 0.1114.
21-09-01 11:28:49.247 : 10.png - PSNR: 28.4810 dB; SSIM: 0.6888 ; RE: 0.0856.
21-09-01 11:28:54.521 : 11.png - PSNR: 30.2076 dB; SSIM: 0.7733 ; RE: 0.0978.
21-09-01 11:28:59.891 : 12.png - PSNR: 28.5718 dB; SSIM: 0.6825 ; RE: 0.1386.
21-09-01 11:29:05.180 : 13.png - PSNR: 28.1380 dB; SSIM: 0.6905 ; RE: 0.1084.
21-09-01 11:29:10.470 : 15.png - PSNR: 27.8846 dB; SSIM: 0.7796 ; RE: 0.1361.
21-09-01 11:29:15.753 : 17.png - PSNR: 27.3956 dB; SSIM: 0.7774 ; RE: 0.0938.
21-09-01 11:29:21.061 : 22.png - PSNR: 27.9223 dB; SSIM: 0.7645 ; RE: 0.1272.
21-09-01 11:29:21.061 : ------> testset_name: (Set), alpha: (0.900), Average PSNR:(28.624)dB, Average ssim : (0.710), Average re : (0.120) )
21-09-01 11:33:53.625 : 01.png - PSNR: 27.0507 dB; SSIM: 0.6285 ; RE: 0.1145.
21-09-01 11:33:58.913 : 02.png - PSNR: 27.1224 dB; SSIM: 0.7590 ; RE: 0.2221.
21-09-01 11:34:04.225 : 03.png - PSNR: 28.6054 dB; SSIM: 0.7630 ; RE: 0.1651.
21-09-01 11:34:09.539 : 04.png - PSNR: 27.7502 dB; SSIM: 0.4694 ; RE: 0.1411.
21-09-01 11:34:14.828 : 06.png - PSNR: 26.7354 dB; SSIM: 0.6704 ; RE: 0.0957.
21-09-01 11:34:20.122 : 07.png - PSNR: 25.9182 dB; SSIM: 0.7219 ; RE: 0.1229.
21-09-01 11:34:25.422 : 08.png - PSNR: 27.5377 dB; SSIM: 0.4480 ; RE: 0.2043.
21-09-01 11:34:30.711 : 09.png - PSNR: 28.9346 dB; SSIM: 0.7644 ; RE: 0.1294.
21-09-01 11:34:35.996 : 10.png - PSNR: 27.5389 dB; SSIM: 0.6780 ; RE: 0.0954.
21-09-01 11:34:41.268 : 11.png - PSNR: 28.8071 dB; SSIM: 0.7462 ; RE: 0.1150.
21-09-01 11:34:46.551 : 12.png - PSNR: 28.2667 dB; SSIM: 0.6734 ; RE: 0.1435.
21-09-01 11:34:51.849 : 13.png - PSNR: 26.1820 dB; SSIM: 0.6251 ; RE: 0.1357.
21-09-01 11:34:57.167 : 15.png - PSNR: 26.1454 dB; SSIM: 0.7344 ; RE: 0.1662.
21-09-01 11:35:02.450 : 17.png - PSNR: 26.0438 dB; SSIM: 0.7386 ; RE: 0.1096.
21-09-01 11:35:07.756 : 22.png - PSNR: 26.5069 dB; SSIM: 0.7148 ; RE: 0.1497.
21-09-01 11:35:07.756 : ------> testset_name: (Set), alpha: (0.900), Average PSNR:(27.276)dB, Average ssim : (0.676), Average re : (0.141) )
21-09-01 12:05:27.526 : 01.png - PSNR: 28.4349 dB; SSIM: 0.6603 ; RE: 0.0976.
21-09-01 12:05:32.172 : 02.png - PSNR: 30.2672 dB; SSIM: 0.8090 ; RE: 0.1546.
21-09-01 12:05:36.843 : 03.png - PSNR: 31.8243 dB; SSIM: 0.8375 ; RE: 0.1140.
21-09-01 12:05:41.599 : 04.png - PSNR: 28.2999 dB; SSIM: 0.4883 ; RE: 0.1325.
21-09-01 12:05:46.366 : 06.png - PSNR: 28.0502 dB; SSIM: 0.7185 ; RE: 0.0823.
21-09-01 12:05:51.167 : 07.png - PSNR: 28.5382 dB; SSIM: 0.7839 ; RE: 0.0909.
21-09-01 12:05:56.010 : 08.png - PSNR: 28.4650 dB; SSIM: 0.4897 ; RE: 0.1836.
21-09-01 12:06:00.898 : 09.png - PSNR: 30.6198 dB; SSIM: 0.8122 ; RE: 0.1066.
21-09-01 12:06:05.787 : 10.png - PSNR: 28.7979 dB; SSIM: 0.7041 ; RE: 0.0825.
21-09-01 12:06:10.725 : 11.png - PSNR: 30.8288 dB; SSIM: 0.7942 ; RE: 0.0911.
21-09-01 12:06:15.655 : 12.png - PSNR: 28.8458 dB; SSIM: 0.6985 ; RE: 0.1343.
21-09-01 12:06:20.647 : 13.png - PSNR: 28.6680 dB; SSIM: 0.7120 ; RE: 0.1020.
21-09-01 12:06:25.593 : 15.png - PSNR: 28.4084 dB; SSIM: 0.7950 ; RE: 0.1281.
21-09-01 12:06:30.589 : 17.png - PSNR: 28.0781 dB; SSIM: 0.7899 ; RE: 0.0867.
21-09-01 12:06:35.583 : 22.png - PSNR: 28.5522 dB; SSIM: 0.7804 ; RE: 0.1183.
21-09-01 12:06:35.583 : ------> testset_name: (Set), alpha: (0.900), Average PSNR:(29.112)dB, Average ssim : (0.725), Average re : (0.114) )
21-09-01 12:11:04.368 : 01.png - PSNR: 28.0201 dB; SSIM: 0.6479 ; RE: 0.1024.
21-09-01 12:11:09.628 : 02.png - PSNR: 29.5179 dB; SSIM: 0.7987 ; RE: 0.1686.
21-09-01 12:11:14.887 : 03.png - PSNR: 31.3776 dB; SSIM: 0.8286 ; RE: 0.1200.
21-09-01 12:11:20.134 : 04.png - PSNR: 28.0628 dB; SSIM: 0.4796 ; RE: 0.1361.
21-09-01 12:11:25.386 : 06.png - PSNR: 27.5781 dB; SSIM: 0.6999 ; RE: 0.0868.
21-09-01 12:11:30.633 : 07.png - PSNR: 27.8753 dB; SSIM: 0.7699 ; RE: 0.0981.
21-09-01 12:11:35.872 : 08.png - PSNR: 28.0913 dB; SSIM: 0.4712 ; RE: 0.1917.
21-09-01 12:11:41.138 : 09.png - PSNR: 30.2329 dB; SSIM: 0.8027 ; RE: 0.1114.
21-09-01 12:11:46.366 : 10.png - PSNR: 28.4810 dB; SSIM: 0.6888 ; RE: 0.0856.
21-09-01 12:11:51.646 : 11.png - PSNR: 30.2076 dB; SSIM: 0.7733 ; RE: 0.0978.
21-09-01 12:11:56.910 : 12.png - PSNR: 28.5718 dB; SSIM: 0.6825 ; RE: 0.1386.
21-09-01 12:12:02.124 : 13.png - PSNR: 28.1380 dB; SSIM: 0.6905 ; RE: 0.1084.
21-09-01 12:12:07.361 : 15.png - PSNR: 27.8846 dB; SSIM: 0.7796 ; RE: 0.1361.
21-09-01 12:12:12.626 : 17.png - PSNR: 27.3956 dB; SSIM: 0.7774 ; RE: 0.0938.
21-09-01 12:12:17.877 : 22.png - PSNR: 27.9223 dB; SSIM: 0.7645 ; RE: 0.1272.
21-09-01 12:12:17.877 : ------> testset_name: (Set), alpha: (0.900), Average PSNR:(28.624)dB, Average ssim : (0.710), Average re : (0.120) )
21-09-01 12:16:49.611 : 01.png - PSNR: 27.0507 dB; SSIM: 0.6285 ; RE: 0.1145.
21-09-01 12:16:54.881 : 02.png - PSNR: 27.1224 dB; SSIM: 0.7590 ; RE: 0.2221.
21-09-01 12:17:00.170 : 03.png - PSNR: 28.6054 dB; SSIM: 0.7630 ; RE: 0.1651.
21-09-01 12:17:05.456 : 04.png - PSNR: 27.7502 dB; SSIM: 0.4694 ; RE: 0.1411.
21-09-01 12:17:10.758 : 06.png - PSNR: 26.7354 dB; SSIM: 0.6704 ; RE: 0.0957.
21-09-01 12:17:16.059 : 07.png - PSNR: 25.9182 dB; SSIM: 0.7219 ; RE: 0.1229.
21-09-01 12:17:21.363 : 08.png - PSNR: 27.5377 dB; SSIM: 0.4480 ; RE: 0.2043.
21-09-01 12:17:26.635 : 09.png - PSNR: 28.9346 dB; SSIM: 0.7644 ; RE: 0.1294.
21-09-01 12:17:31.924 : 10.png - PSNR: 27.5389 dB; SSIM: 0.6780 ; RE: 0.0954.
21-09-01 12:17:37.192 : 11.png - PSNR: 28.8071 dB; SSIM: 0.7462 ; RE: 0.1150.
21-09-01 12:17:42.487 : 12.png - PSNR: 28.2667 dB; SSIM: 0.6734 ; RE: 0.1435.
21-09-01 12:17:47.750 : 13.png - PSNR: 26.1820 dB; SSIM: 0.6251 ; RE: 0.1357.
21-09-01 12:17:53.044 : 15.png - PSNR: 26.1454 dB; SSIM: 0.7344 ; RE: 0.1662.
21-09-01 12:17:58.304 : 17.png - PSNR: 26.0438 dB; SSIM: 0.7386 ; RE: 0.1096.
21-09-01 12:18:03.713 : 22.png - PSNR: 26.5069 dB; SSIM: 0.7148 ; RE: 0.1497.
21-09-01 12:18:03.713 : ------> testset_name: (Set), alpha: (0.900), Average PSNR:(27.276)dB, Average ssim : (0.676), Average re : (0.141) )
21-09-01 12:33:29.587 : 01.png - PSNR: 28.4349 dB; SSIM: 0.6603 ; RE: 0.0976.
21-09-01 12:33:34.628 : 02.png - PSNR: 30.2672 dB; SSIM: 0.8090 ; RE: 0.1546.
21-09-01 12:33:39.419 : 03.png - PSNR: 31.8243 dB; SSIM: 0.8375 ; RE: 0.1140.
21-09-01 12:33:44.721 : 04.png - PSNR: 28.2999 dB; SSIM: 0.4883 ; RE: 0.1325.
21-09-01 12:33:49.546 : 06.png - PSNR: 28.0502 dB; SSIM: 0.7185 ; RE: 0.0823.
21-09-01 12:33:54.682 : 07.png - PSNR: 28.5382 dB; SSIM: 0.7839 ; RE: 0.0909.
21-09-01 12:33:59.559 : 08.png - PSNR: 28.4650 dB; SSIM: 0.4897 ; RE: 0.1836.
21-09-01 12:34:04.758 : 09.png - PSNR: 30.6198 dB; SSIM: 0.8122 ; RE: 0.1066.
21-09-01 12:34:09.927 : 10.png - PSNR: 28.7979 dB; SSIM: 0.7041 ; RE: 0.0825.
21-09-01 12:34:15.079 : 11.png - PSNR: 30.8288 dB; SSIM: 0.7942 ; RE: 0.0911.
21-09-01 12:34:20.155 : 12.png - PSNR: 28.8458 dB; SSIM: 0.6985 ; RE: 0.1343.
21-09-01 12:34:25.557 : 13.png - PSNR: 28.6680 dB; SSIM: 0.7120 ; RE: 0.1020.
21-09-01 12:34:30.893 : 15.png - PSNR: 28.4084 dB; SSIM: 0.7950 ; RE: 0.1281.
21-09-01 12:34:36.103 : 17.png - PSNR: 28.0781 dB; SSIM: 0.7899 ; RE: 0.0867.
21-09-01 12:34:41.514 : 22.png - PSNR: 28.5522 dB; SSIM: 0.7804 ; RE: 0.1183.
21-09-01 12:34:41.515 : ------> testset_name: (Set), alpha: (0.900), Average PSNR:(29.112)dB, Average ssim : (0.725), Average re : (0.114) )
21-09-01 12:37:11.230 : 01.png - PSNR: 28.4349 dB; SSIM: 0.6603 ; RE: 0.0976.
21-09-01 12:37:16.402 : 02.png - PSNR: 30.2672 dB; SSIM: 0.8090 ; RE: 0.1546.
21-09-01 12:37:21.564 : 03.png - PSNR: 31.8243 dB; SSIM: 0.8375 ; RE: 0.1140.
21-09-01 12:37:26.727 : 04.png - PSNR: 28.2999 dB; SSIM: 0.4883 ; RE: 0.1325.
21-09-01 12:37:31.915 : 06.png - PSNR: 28.0502 dB; SSIM: 0.7185 ; RE: 0.0823.
21-09-01 12:37:37.131 : 07.png - PSNR: 28.5382 dB; SSIM: 0.7839 ; RE: 0.0909.
21-09-01 12:37:42.317 : 08.png - PSNR: 28.4650 dB; SSIM: 0.4897 ; RE: 0.1836.
21-09-01 12:37:47.542 : 09.png - PSNR: 30.6198 dB; SSIM: 0.8122 ; RE: 0.1066.
21-09-01 12:37:52.774 : 10.png - PSNR: 28.7979 dB; SSIM: 0.7041 ; RE: 0.0825.
21-09-01 12:37:57.980 : 11.png - PSNR: 30.8288 dB; SSIM: 0.7942 ; RE: 0.0911.
21-09-01 12:38:03.199 : 12.png - PSNR: 28.8458 dB; SSIM: 0.6985 ; RE: 0.1343.
21-09-01 12:38:08.434 : 13.png - PSNR: 28.6680 dB; SSIM: 0.7120 ; RE: 0.1020.
21-09-01 12:38:13.659 : 15.png - PSNR: 28.4084 dB; SSIM: 0.7950 ; RE: 0.1281.
21-09-01 12:38:18.900 : 17.png - PSNR: 28.0781 dB; SSIM: 0.7899 ; RE: 0.0867.
21-09-01 12:38:24.120 : 22.png - PSNR: 28.5522 dB; SSIM: 0.7804 ; RE: 0.1183.
21-09-01 12:38:24.120 : ------> testset_name: (Set), alpha: (0.900), Average PSNR:(29.112)dB, Average ssim : (0.725), Average re : (0.114) )
21-09-01 12:45:33.013 : 01.png - PSNR: 28.4349 dB; SSIM: 0.6603 ; RE: 0.0976.
21-09-01 12:45:38.122 : 02.png - PSNR: 30.2672 dB; SSIM: 0.8090 ; RE: 0.1546.
21-09-01 12:45:42.984 : 03.png - PSNR: 31.8243 dB; SSIM: 0.8375 ; RE: 0.1140.
21-09-01 12:45:48.367 : 04.png - PSNR: 28.2999 dB; SSIM: 0.4883 ; RE: 0.1325.
21-09-01 12:45:53.551 : 06.png - PSNR: 28.0502 dB; SSIM: 0.7185 ; RE: 0.0823.
21-09-01 12:45:58.477 : 07.png - PSNR: 28.5382 dB; SSIM: 0.7839 ; RE: 0.0909.
21-09-01 12:46:03.398 : 08.png - PSNR: 28.4650 dB; SSIM: 0.4897 ; RE: 0.1836.
21-09-01 12:46:08.356 : 09.png - PSNR: 30.6198 dB; SSIM: 0.8122 ; RE: 0.1066.
21-09-01 12:46:13.338 : 10.png - PSNR: 28.7979 dB; SSIM: 0.7041 ; RE: 0.0825.
21-09-01 12:46:18.375 : 11.png - PSNR: 30.8288 dB; SSIM: 0.7942 ; RE: 0.0911.
21-09-01 12:46:23.406 : 12.png - PSNR: 28.8458 dB; SSIM: 0.6985 ; RE: 0.1343.
21-09-01 12:46:28.427 : 13.png - PSNR: 28.6680 dB; SSIM: 0.7120 ; RE: 0.1020.
21-09-01 12:46:33.475 : 15.png - PSNR: 28.4084 dB; SSIM: 0.7950 ; RE: 0.1281.
21-09-01 12:46:38.548 : 17.png - PSNR: 28.0781 dB; SSIM: 0.7899 ; RE: 0.0867.
21-09-01 12:46:43.638 : 22.png - PSNR: 28.5522 dB; SSIM: 0.7804 ; RE: 0.1183.
21-09-01 12:46:43.638 : ------> testset_name: (Set), alpha: (0.900), Average PSNR:(29.112)dB, Average ssim : (0.725), Average re : (0.114) )
21-09-01 12:54:05.800 : 01.png - PSNR: 28.4349 dB; SSIM: 0.6603 ; RE: 0.0976.
21-09-01 12:54:10.435 : 02.png - PSNR: 30.2672 dB; SSIM: 0.8090 ; RE: 0.1546.
21-09-01 12:54:15.160 : 03.png - PSNR: 31.8243 dB; SSIM: 0.8375 ; RE: 0.1140.
21-09-01 12:54:19.932 : 04.png - PSNR: 28.2999 dB; SSIM: 0.4883 ; RE: 0.1325.
21-09-01 12:54:24.744 : 06.png - PSNR: 28.0502 dB; SSIM: 0.7185 ; RE: 0.0823.
21-09-01 12:54:29.602 : 07.png - PSNR: 28.5382 dB; SSIM: 0.7839 ; RE: 0.0909.
21-09-01 12:54:34.531 : 08.png - PSNR: 28.4650 dB; SSIM: 0.4897 ; RE: 0.1836.
21-09-01 12:54:39.453 : 09.png - PSNR: 30.6198 dB; SSIM: 0.8122 ; RE: 0.1066.
21-09-01 12:54:44.513 : 10.png - PSNR: 28.7979 dB; SSIM: 0.7041 ; RE: 0.0825.
21-09-01 12:54:49.623 : 11.png - PSNR: 30.8288 dB; SSIM: 0.7942 ; RE: 0.0911.
21-09-01 12:54:54.652 : 12.png - PSNR: 28.8458 dB; SSIM: 0.6985 ; RE: 0.1343.
21-09-01 12:54:59.651 : 13.png - PSNR: 28.6680 dB; SSIM: 0.7120 ; RE: 0.1020.
21-09-01 12:55:04.680 : 15.png - PSNR: 28.4084 dB; SSIM: 0.7950 ; RE: 0.1281.
21-09-01 12:55:09.719 : 17.png - PSNR: 28.0781 dB; SSIM: 0.7899 ; RE: 0.0867.
21-09-01 12:55:14.756 : 22.png - PSNR: 28.5522 dB; SSIM: 0.7804 ; RE: 0.1183.
21-09-01 12:55:14.757 : ------> testset_name: (Set), alpha: (0.900), Average PSNR:(29.112)dB, Average ssim : (0.725), Average re : (0.114) )
21-09-01 13:14:22.905 : 01.png - PSNR: 28.4349 dB; SSIM: 0.6603 ; RE: 0.0976.
21-09-01 13:14:27.480 : 02.png - PSNR: 30.2672 dB; SSIM: 0.8090 ; RE: 0.1546.
21-09-01 13:14:32.094 : 03.png - PSNR: 31.8243 dB; SSIM: 0.8375 ; RE: 0.1140.
21-09-01 13:14:36.783 : 04.png - PSNR: 28.2999 dB; SSIM: 0.4883 ; RE: 0.1325.
21-09-01 13:14:41.501 : 06.png - PSNR: 28.0502 dB; SSIM: 0.7185 ; RE: 0.0823.
21-09-01 13:14:46.262 : 07.png - PSNR: 28.5382 dB; SSIM: 0.7839 ; RE: 0.0909.
21-09-01 13:14:51.011 : 08.png - PSNR: 28.4650 dB; SSIM: 0.4897 ; RE: 0.1836.
21-09-01 13:14:55.830 : 09.png - PSNR: 30.6198 dB; SSIM: 0.8122 ; RE: 0.1066.
21-09-01 13:15:00.668 : 10.png - PSNR: 28.7979 dB; SSIM: 0.7041 ; RE: 0.0825.
21-09-01 13:15:05.536 : 11.png - PSNR: 30.8288 dB; SSIM: 0.7942 ; RE: 0.0911.
21-09-01 13:15:10.387 : 12.png - PSNR: 28.8458 dB; SSIM: 0.6985 ; RE: 0.1343.
21-09-01 13:15:15.281 : 13.png - PSNR: 28.6680 dB; SSIM: 0.7120 ; RE: 0.1020.
21-09-01 13:15:20.205 : 15.png - PSNR: 28.4084 dB; SSIM: 0.7950 ; RE: 0.1281.
21-09-01 13:15:25.124 : 17.png - PSNR: 28.0781 dB; SSIM: 0.7899 ; RE: 0.0867.
21-09-01 13:15:30.084 : 22.png - PSNR: 28.5522 dB; SSIM: 0.7804 ; RE: 0.1183.
21-09-01 13:15:30.084 : ------> testset_name: (Set), alpha: (0.900), Average PSNR:(29.112)dB, Average ssim : (0.725), Average re : (0.114) )
21-09-01 14:29:34.581 : 01.png - PSNR: 28.4349 dB; SSIM: 0.6603 ; RE: 0.0976.
21-09-01 14:29:39.189 : 02.png - PSNR: 30.2672 dB; SSIM: 0.8090 ; RE: 0.1546.
21-09-01 14:29:43.813 : 03.png - PSNR: 31.8243 dB; SSIM: 0.8375 ; RE: 0.1140.
21-09-01 14:29:48.501 : 04.png - PSNR: 28.2999 dB; SSIM: 0.4883 ; RE: 0.1325.
21-09-01 14:29:53.232 : 06.png - PSNR: 28.0502 dB; SSIM: 0.7185 ; RE: 0.0823.
21-09-01 14:29:57.960 : 07.png - PSNR: 28.5382 dB; SSIM: 0.7839 ; RE: 0.0909.
21-09-01 14:30:02.884 : 08.png - PSNR: 28.4650 dB; SSIM: 0.4897 ; RE: 0.1836.
21-09-01 14:30:07.710 : 09.png - PSNR: 30.6198 dB; SSIM: 0.8122 ; RE: 0.1066.
21-09-01 14:30:12.549 : 10.png - PSNR: 28.7979 dB; SSIM: 0.7041 ; RE: 0.0825.
21-09-01 14:30:17.403 : 11.png - PSNR: 30.8288 dB; SSIM: 0.7942 ; RE: 0.0911.
21-09-01 14:30:22.297 : 12.png - PSNR: 28.8458 dB; SSIM: 0.6985 ; RE: 0.1343.
21-09-01 14:30:27.216 : 13.png - PSNR: 28.6680 dB; SSIM: 0.7120 ; RE: 0.1020.
21-09-01 14:30:32.136 : 15.png - PSNR: 28.4084 dB; SSIM: 0.7950 ; RE: 0.1281.
21-09-01 14:30:37.070 : 17.png - PSNR: 28.0781 dB; SSIM: 0.7899 ; RE: 0.0867.
21-09-01 14:30:42.036 : 22.png - PSNR: 28.5522 dB; SSIM: 0.7804 ; RE: 0.1183.
21-09-01 14:30:42.036 : ------> testset_name: (Set), alpha: (0.900), Average PSNR:(29.112)dB, Average ssim : (0.725), Average re : (0.114) )
21-09-01 14:50:52.741 : 01.png - PSNR: 28.4349 dB; SSIM: 0.6603 ; RE: 0.0976.
21-09-01 14:50:57.415 : 02.png - PSNR: 30.2672 dB; SSIM: 0.8090 ; RE: 0.1546.
21-09-01 14:51:02.273 : 03.png - PSNR: 31.8243 dB; SSIM: 0.8375 ; RE: 0.1140.
21-09-01 14:51:07.156 : 04.png - PSNR: 28.2999 dB; SSIM: 0.4883 ; RE: 0.1325.
21-09-01 14:51:12.079 : 06.png - PSNR: 28.0502 dB; SSIM: 0.7185 ; RE: 0.0823.
21-09-01 14:51:16.868 : 07.png - PSNR: 28.5382 dB; SSIM: 0.7839 ; RE: 0.0909.
21-09-01 14:51:21.783 : 08.png - PSNR: 28.4650 dB; SSIM: 0.4897 ; RE: 0.1836.
21-09-01 14:51:26.792 : 09.png - PSNR: 30.6198 dB; SSIM: 0.8122 ; RE: 0.1066.
21-09-01 14:51:31.797 : 10.png - PSNR: 28.7979 dB; SSIM: 0.7041 ; RE: 0.0825.
21-09-01 14:51:36.939 : 11.png - PSNR: 30.8288 dB; SSIM: 0.7942 ; RE: 0.0911.
21-09-01 14:51:42.014 : 12.png - PSNR: 28.8458 dB; SSIM: 0.6985 ; RE: 0.1343.
21-09-01 14:51:47.032 : 13.png - PSNR: 28.6680 dB; SSIM: 0.7120 ; RE: 0.1020.
21-09-01 14:51:52.046 : 15.png - PSNR: 28.4084 dB; SSIM: 0.7950 ; RE: 0.1281.
21-09-01 14:51:57.194 : 17.png - PSNR: 28.0781 dB; SSIM: 0.7899 ; RE: 0.0867.
21-09-01 14:52:02.358 : 22.png - PSNR: 28.5522 dB; SSIM: 0.7804 ; RE: 0.1183.
21-09-01 14:52:02.358 : ------> testset_name: (Set), alpha: (0.900), Average PSNR:(29.112)dB, Average ssim : (0.725), Average re : (0.114) )
21-09-01 15:01:21.333 : 01.png - PSNR: 28.4349 dB; SSIM: 0.6603 ; RE: 0.0976.
21-09-01 15:01:25.904 : 02.png - PSNR: 30.2672 dB; SSIM: 0.8090 ; RE: 0.1546.
21-09-01 15:01:30.557 : 03.png - PSNR: 31.8243 dB; SSIM: 0.8375 ; RE: 0.1140.
21-09-01 15:01:35.244 : 04.png - PSNR: 28.2999 dB; SSIM: 0.4883 ; RE: 0.1325.
21-09-01 15:01:40.042 : 06.png - PSNR: 28.0502 dB; SSIM: 0.7185 ; RE: 0.0823.
21-09-01 15:01:44.779 : 07.png - PSNR: 28.5382 dB; SSIM: 0.7839 ; RE: 0.0909.
21-09-01 15:01:49.561 : 08.png - PSNR: 28.4650 dB; SSIM: 0.4897 ; RE: 0.1836.
21-09-01 15:01:54.366 : 09.png - PSNR: 30.6198 dB; SSIM: 0.8122 ; RE: 0.1066.
21-09-01 15:01:59.186 : 10.png - PSNR: 28.7979 dB; SSIM: 0.7041 ; RE: 0.0825.
21-09-01 15:02:04.041 : 11.png - PSNR: 30.8288 dB; SSIM: 0.7942 ; RE: 0.0911.
21-09-01 15:02:09.009 : 12.png - PSNR: 28.8458 dB; SSIM: 0.6985 ; RE: 0.1343.
21-09-01 15:02:14.364 : 13.png - PSNR: 28.6680 dB; SSIM: 0.7120 ; RE: 0.1020.
21-09-01 15:02:19.514 : 15.png - PSNR: 28.4084 dB; SSIM: 0.7950 ; RE: 0.1281.
21-09-01 15:02:24.742 : 17.png - PSNR: 28.0781 dB; SSIM: 0.7899 ; RE: 0.0867.
21-09-01 15:02:30.036 : 22.png - PSNR: 28.5522 dB; SSIM: 0.7804 ; RE: 0.1183.
21-09-01 15:02:30.036 : ------> testset_name: (Set), alpha: (0.900), Average PSNR:(29.112)dB, Average ssim : (0.725), Average re : (0.114) )
21-09-01 16:13:42.567 : 01.png - PSNR: 28.42 dB; SSIM: 0.6490 ; RE: 0.0978.
21-09-01 16:13:49.483 : 02.png - PSNR: 30.50 dB; SSIM: 0.7996 ; RE: 0.1505.
21-09-01 16:13:56.379 : 03.png - PSNR: 32.37 dB; SSIM: 0.8363 ; RE: 0.1071.
21-09-01 16:14:03.241 : 04.png - PSNR: 27.84 dB; SSIM: 0.4803 ; RE: 0.1396.
21-09-01 16:14:10.035 : 06.png - PSNR: 28.47 dB; SSIM: 0.7266 ; RE: 0.0784.
21-09-01 16:14:16.735 : 07.png - PSNR: 28.85 dB; SSIM: 0.7759 ; RE: 0.0877.
21-09-01 16:14:23.611 : 08.png - PSNR: 27.89 dB; SSIM: 0.4788 ; RE: 0.1961.
21-09-01 16:14:30.370 : 09.png - PSNR: 30.85 dB; SSIM: 0.8056 ; RE: 0.1039.
21-09-01 16:14:37.075 : 10.png - PSNR: 28.95 dB; SSIM: 0.7039 ; RE: 0.0811.
21-09-01 16:14:43.925 : 11.png - PSNR: 30.65 dB; SSIM: 0.7778 ; RE: 0.0930.
21-09-01 16:14:50.686 : 12.png - PSNR: 28.97 dB; SSIM: 0.7071 ; RE: 0.1324.
21-09-01 16:14:54.812 : 13.png - PSNR: 28.81 dB; SSIM: 0.7209 ; RE: 0.1002.
21-09-01 16:14:57.627 : 15.png - PSNR: 29.11 dB; SSIM: 0.8075 ; RE: 0.1182.
21-09-01 16:15:00.387 : 17.png - PSNR: 28.66 dB; SSIM: 0.7942 ; RE: 0.0811.
21-09-01 16:15:03.731 : 22.png - PSNR: 29.04 dB; SSIM: 0.7842 ; RE: 0.1118.
21-09-01 16:15:03.731 : ------> testset_name: (Set), Average PSNR:(29.292)dB, Average ssim : (0.723), Average re : (0.112) )
21-09-01 16:32:48.870 : 01.png - PSNR: 28.26 dB; SSIM: 0.6530 ; RE: 0.0996.
21-09-01 16:32:55.397 : 02.png - PSNR: 30.48 dB; SSIM: 0.8069 ; RE: 0.1508.
21-09-01 16:33:02.261 : 03.png - PSNR: 32.19 dB; SSIM: 0.8408 ; RE: 0.1093.
21-09-01 16:33:09.195 : 04.png - PSNR: 28.02 dB; SSIM: 0.4834 ; RE: 0.1367.
21-09-01 16:33:16.006 : 06.png - PSNR: 28.34 dB; SSIM: 0.7252 ; RE: 0.0796.
21-09-01 16:33:22.935 : 07.png - PSNR: 28.55 dB; SSIM: 0.7763 ; RE: 0.0908.
21-09-01 16:33:29.641 : 08.png - PSNR: 28.34 dB; SSIM: 0.4894 ; RE: 0.1862.
21-09-01 16:33:36.352 : 09.png - PSNR: 30.79 dB; SSIM: 0.8085 ; RE: 0.1045.
21-09-01 16:33:43.099 : 10.png - PSNR: 28.86 dB; SSIM: 0.7015 ; RE: 0.0819.
21-09-01 16:33:49.927 : 11.png - PSNR: 30.76 dB; SSIM: 0.7843 ; RE: 0.0918.
21-09-01 16:33:56.632 : 12.png - PSNR: 29.09 dB; SSIM: 0.7057 ; RE: 0.1306.
21-09-01 16:34:03.387 : 13.png - PSNR: 28.80 dB; SSIM: 0.7164 ; RE: 0.1004.
21-09-01 16:34:10.112 : 15.png - PSNR: 28.81 dB; SSIM: 0.8038 ; RE: 0.1223.
21-09-01 16:34:16.944 : 17.png - PSNR: 28.41 dB; SSIM: 0.7908 ; RE: 0.0834.
21-09-01 16:34:23.649 : 22.png - PSNR: 28.74 dB; SSIM: 0.7796 ; RE: 0.1158.
21-09-01 16:34:23.650 : ------> testset_name: (Set), Average PSNR:(29.229)dB, Average ssim : (0.724), Average re : (0.112) )
21-09-01 16:34:57.722 : 01.png - PSNR: 28.10 dB; SSIM: 0.6560 ; RE: 0.1015.
21-09-01 16:35:00.426 : 02.png - PSNR: 30.10 dB; SSIM: 0.8084 ; RE: 0.1577.
21-09-01 16:35:03.278 : 03.png - PSNR: 31.85 dB; SSIM: 0.8434 ; RE: 0.1137.
21-09-01 16:35:06.002 : 04.png - PSNR: 28.11 dB; SSIM: 0.4934 ; RE: 0.1353.
21-09-01 16:35:08.712 : 06.png - PSNR: 27.88 dB; SSIM: 0.7144 ; RE: 0.0839.
21-09-01 16:35:11.444 : 07.png - PSNR: 28.30 dB; SSIM: 0.7793 ; RE: 0.0934.
21-09-01 16:35:14.190 : 08.png - PSNR: 28.19 dB; SSIM: 0.4910 ; RE: 0.1896.
21-09-01 16:35:16.911 : 09.png - PSNR: 30.50 dB; SSIM: 0.8084 ; RE: 0.1080.
21-09-01 16:35:19.819 : 10.png - PSNR: 28.72 dB; SSIM: 0.7005 ; RE: 0.0833.
21-09-01 16:35:22.651 : 11.png - PSNR: 30.66 dB; SSIM: 0.7926 ; RE: 0.0928.
21-09-01 16:35:25.413 : 12.png - PSNR: 28.66 dB; SSIM: 0.6975 ; RE: 0.1372.
21-09-01 16:35:28.159 : 13.png - PSNR: 28.56 dB; SSIM: 0.7112 ; RE: 0.1032.
21-09-01 16:35:30.992 : 15.png - PSNR: 28.38 dB; SSIM: 0.7971 ; RE: 0.1285.
21-09-01 16:35:33.941 : 17.png - PSNR: 27.92 dB; SSIM: 0.7851 ; RE: 0.0883.
21-09-01 16:35:36.902 : 22.png - PSNR: 28.38 dB; SSIM: 0.7735 ; RE: 0.1207.
21-09-01 16:35:36.902 : ------> testset_name: (Set), Average PSNR:(28.954)dB, Average ssim : (0.723), Average re : (0.116) )
21-09-01 16:46:53.664 : 01.png - PSNR: 28.10 dB; SSIM: 0.6560 ; RE: 0.1015.
21-09-01 16:47:00.201 : 02.png - PSNR: 30.10 dB; SSIM: 0.8084 ; RE: 0.1577.
21-09-01 16:47:06.673 : 03.png - PSNR: 31.85 dB; SSIM: 0.8434 ; RE: 0.1137.
21-09-01 16:47:13.032 : 04.png - PSNR: 28.11 dB; SSIM: 0.4934 ; RE: 0.1353.
21-09-01 16:47:19.568 : 06.png - PSNR: 27.88 dB; SSIM: 0.7144 ; RE: 0.0839.
21-09-01 16:47:26.090 : 07.png - PSNR: 28.30 dB; SSIM: 0.7793 ; RE: 0.0934.
21-09-01 16:47:32.669 : 08.png - PSNR: 28.19 dB; SSIM: 0.4910 ; RE: 0.1896.
21-09-01 16:47:39.131 : 09.png - PSNR: 30.50 dB; SSIM: 0.8084 ; RE: 0.1080.
21-09-01 16:47:45.647 : 10.png - PSNR: 28.72 dB; SSIM: 0.7005 ; RE: 0.0833.
21-09-01 16:47:52.044 : 11.png - PSNR: 30.66 dB; SSIM: 0.7926 ; RE: 0.0928.
21-09-01 16:47:58.613 : 12.png - PSNR: 28.66 dB; SSIM: 0.6975 ; RE: 0.1372.
21-09-01 16:48:05.332 : 13.png - PSNR: 28.56 dB; SSIM: 0.7112 ; RE: 0.1032.
21-09-01 16:48:11.862 : 15.png - PSNR: 28.38 dB; SSIM: 0.7971 ; RE: 0.1285.
21-09-01 16:48:18.529 : 17.png - PSNR: 27.92 dB; SSIM: 0.7851 ; RE: 0.0883.
21-09-01 16:48:25.093 : 22.png - PSNR: 28.38 dB; SSIM: 0.7735 ; RE: 0.1207.
21-09-01 16:48:25.093 : ------> testset_name: (Set), Average PSNR:(28.954)dB, Average ssim : (0.723), Average re : (0.116) )
21-09-01 19:21:53.975 : 01.png - PSNR: 28.10 dB; SSIM: 0.6560 ; RE: 0.1015.
21-09-01 19:21:58.706 : 02.png - PSNR: 30.10 dB; SSIM: 0.8084 ; RE: 0.1577.
21-09-01 19:22:01.592 : 03.png - PSNR: 31.85 dB; SSIM: 0.8434 ; RE: 0.1137.
21-09-01 19:22:04.389 : 04.png - PSNR: 28.11 dB; SSIM: 0.4934 ; RE: 0.1353.
21-09-01 19:22:08.062 : 06.png - PSNR: 27.88 dB; SSIM: 0.7144 ; RE: 0.0839.
21-09-01 19:22:15.053 : 07.png - PSNR: 28.30 dB; SSIM: 0.7793 ; RE: 0.0934.
21-09-01 19:22:21.730 : 08.png - PSNR: 28.19 dB; SSIM: 0.4910 ; RE: 0.1896.
21-09-01 19:22:28.497 : 09.png - PSNR: 30.50 dB; SSIM: 0.8084 ; RE: 0.1080.
21-09-01 19:22:35.250 : 10.png - PSNR: 28.72 dB; SSIM: 0.7005 ; RE: 0.0833.
21-09-01 19:22:42.069 : 11.png - PSNR: 30.66 dB; SSIM: 0.7926 ; RE: 0.0928.
21-09-01 19:22:49.154 : 12.png - PSNR: 28.66 dB; SSIM: 0.6975 ; RE: 0.1372.
21-09-01 19:22:56.369 : 13.png - PSNR: 28.56 dB; SSIM: 0.7112 ; RE: 0.1032.
21-09-01 19:23:03.754 : 15.png - PSNR: 28.38 dB; SSIM: 0.7971 ; RE: 0.1285.
21-09-01 19:23:10.849 : 17.png - PSNR: 27.92 dB; SSIM: 0.7851 ; RE: 0.0883.
21-09-01 19:23:17.757 : 22.png - PSNR: 28.38 dB; SSIM: 0.7735 ; RE: 0.1207.
21-09-01 19:23:17.772 : ------> testset_name: (Set), Average PSNR:(28.954)dB, Average ssim : (0.723), Average re : (0.116) )
21-09-01 19:30:41.933 : 01.png - PSNR: 28.10 dB; SSIM: 0.6560 ; RE: 0.1015.
21-09-01 19:30:48.505 : 02.png - PSNR: 30.10 dB; SSIM: 0.8084 ; RE: 0.1577.
21-09-01 19:30:55.225 : 03.png - PSNR: 31.85 dB; SSIM: 0.8434 ; RE: 0.1137.
21-09-01 19:31:01.909 : 04.png - PSNR: 28.11 dB; SSIM: 0.4934 ; RE: 0.1353.
21-09-01 19:31:08.694 : 06.png - PSNR: 27.88 dB; SSIM: 0.7144 ; RE: 0.0839.
21-09-01 19:31:15.359 : 07.png - PSNR: 28.30 dB; SSIM: 0.7793 ; RE: 0.0934.
21-09-01 19:31:22.288 : 08.png - PSNR: 28.19 dB; SSIM: 0.4910 ; RE: 0.1896.
21-09-01 19:31:29.033 : 09.png - PSNR: 30.50 dB; SSIM: 0.8084 ; RE: 0.1080.
21-09-01 19:31:35.820 : 10.png - PSNR: 28.72 dB; SSIM: 0.7005 ; RE: 0.0833.
21-09-01 19:31:42.545 : 11.png - PSNR: 30.66 dB; SSIM: 0.7926 ; RE: 0.0928.
21-09-01 19:31:49.187 : 12.png - PSNR: 28.66 dB; SSIM: 0.6975 ; RE: 0.1372.
21-09-01 19:31:55.756 : 13.png - PSNR: 28.56 dB; SSIM: 0.7112 ; RE: 0.1032.
21-09-01 19:32:02.505 : 15.png - PSNR: 28.38 dB; SSIM: 0.7971 ; RE: 0.1285.
21-09-01 19:32:09.329 : 17.png - PSNR: 27.92 dB; SSIM: 0.7851 ; RE: 0.0883.
21-09-01 19:32:16.046 : 22.png - PSNR: 28.38 dB; SSIM: 0.7735 ; RE: 0.1207.
21-09-01 19:32:16.065 : ------> testset_name: (Set), Average PSNR:(28.954)dB, Average ssim : (0.723), Average re : (0.116) )
21-09-01 19:39:11.577 : 01.png - PSNR: 28.10 dB; SSIM: 0.6560 ; RE: 0.1015.
21-09-01 19:39:19.308 : 02.png - PSNR: 30.10 dB; SSIM: 0.8084 ; RE: 0.1577.
21-09-01 19:39:46.074 : 01.png - PSNR: 28.03 dB; SSIM: 0.6624 ; RE: 0.1023.
21-09-01 19:39:53.418 : 02.png - PSNR: 29.90 dB; SSIM: 0.8101 ; RE: 0.1614.
21-09-01 19:40:01.053 : 03.png - PSNR: 31.50 dB; SSIM: 0.8414 ; RE: 0.1184.
21-09-01 19:40:08.440 : 04.png - PSNR: 28.09 dB; SSIM: 0.4947 ; RE: 0.1356.
21-09-01 19:40:12.815 : 06.png - PSNR: 27.76 dB; SSIM: 0.7117 ; RE: 0.0851.
21-09-01 19:40:15.650 : 07.png - PSNR: 28.00 dB; SSIM: 0.7768 ; RE: 0.0967.
21-09-01 19:40:18.524 : 08.png - PSNR: 28.11 dB; SSIM: 0.4908 ; RE: 0.1911.
21-09-01 19:40:21.427 : 09.png - PSNR: 30.12 dB; SSIM: 0.8050 ; RE: 0.1130.
21-09-01 19:40:27.843 : 10.png - PSNR: 28.65 dB; SSIM: 0.6989 ; RE: 0.0839.
21-09-01 19:40:34.687 : 11.png - PSNR: 30.52 dB; SSIM: 0.7943 ; RE: 0.0944.
21-09-01 19:40:41.537 : 12.png - PSNR: 28.57 dB; SSIM: 0.6947 ; RE: 0.1387.
21-09-01 19:40:48.395 : 13.png - PSNR: 28.31 dB; SSIM: 0.7050 ; RE: 0.1062.
21-09-01 19:40:55.229 : 15.png - PSNR: 28.05 dB; SSIM: 0.7913 ; RE: 0.1335.
21-09-01 19:41:02.440 : 17.png - PSNR: 27.61 dB; SSIM: 0.7830 ; RE: 0.0914.
21-09-01 19:41:09.266 : 22.png - PSNR: 28.13 dB; SSIM: 0.7730 ; RE: 0.1242.
21-09-01 19:41:09.282 : ------> testset_name: (Set), Average PSNR:(28.757)dB, Average ssim : (0.722), Average re : (0.118) )
21-09-01 20:10:25.459 : 01.png - PSNR: 27.80 dB; SSIM: 0.6681 ; RE: 0.1050.
21-09-01 20:10:32.592 : 02.png - PSNR: 29.43 dB; SSIM: 0.8083 ; RE: 0.1703.
21-09-01 20:10:39.725 : 03.png - PSNR: 31.13 dB; SSIM: 0.8391 ; RE: 0.1234.
21-09-01 20:10:46.623 : 04.png - PSNR: 27.73 dB; SSIM: 0.4964 ; RE: 0.1415.
21-09-01 20:10:54.098 : 06.png - PSNR: 27.37 dB; SSIM: 0.7033 ; RE: 0.0890.
21-09-01 20:11:01.308 : 07.png - PSNR: 27.61 dB; SSIM: 0.7748 ; RE: 0.1012.
21-09-01 20:11:08.252 : 08.png - PSNR: 27.84 dB; SSIM: 0.4900 ; RE: 0.1973.
21-09-01 20:11:15.635 : 09.png - PSNR: 29.85 dB; SSIM: 0.8027 ; RE: 0.1164.
21-09-01 20:11:22.746 : 10.png - PSNR: 28.45 dB; SSIM: 0.6970 ; RE: 0.0859.
21-09-01 20:11:29.716 : 11.png - PSNR: 30.32 dB; SSIM: 0.7987 ; RE: 0.0965.
21-09-01 20:11:36.724 : 12.png - PSNR: 28.37 dB; SSIM: 0.6862 ; RE: 0.1418.
21-09-01 20:11:43.434 : 13.png - PSNR: 28.02 dB; SSIM: 0.6983 ; RE: 0.1098.
21-09-01 20:11:50.334 : 15.png - PSNR: 27.65 dB; SSIM: 0.7818 ; RE: 0.1398.
21-09-01 20:11:56.276 : 17.png - PSNR: 27.15 dB; SSIM: 0.7735 ; RE: 0.0965.
21-09-01 20:11:59.250 : 22.png - PSNR: 27.80 dB; SSIM: 0.7687 ; RE: 0.1290.
21-09-01 20:11:59.250 : ------> testset_name: (Set), Average PSNR:(28.435)dB, Average ssim : (0.719), Average re : (0.123) )
21-09-01 20:23:05.869 : 01.png - PSNR: 27.61 dB; SSIM: 0.6735 ; RE: 0.1073.
21-09-01 20:23:09.018 : 02.png - PSNR: 28.91 dB; SSIM: 0.8050 ; RE: 0.1809.
21-09-01 20:23:12.044 : 03.png - PSNR: 30.67 dB; SSIM: 0.8348 ; RE: 0.1302.
21-09-01 20:23:15.110 : 04.png - PSNR: 28.03 dB; SSIM: 0.5070 ; RE: 0.1366.
21-09-01 20:23:18.103 : 06.png - PSNR: 27.03 dB; SSIM: 0.6954 ; RE: 0.0925.
21-09-01 20:23:20.882 : 07.png - PSNR: 27.20 dB; SSIM: 0.7733 ; RE: 0.1061.
21-09-01 20:23:23.812 : 08.png - PSNR: 27.72 dB; SSIM: 0.4958 ; RE: 0.2000.
21-09-01 20:23:27.069 : 09.png - PSNR: 29.61 dB; SSIM: 0.8000 ; RE: 0.1197.
21-09-01 20:23:29.978 : 10.png - PSNR: 28.13 dB; SSIM: 0.6892 ; RE: 0.0891.
21-09-01 20:23:32.790 : 11.png - PSNR: 29.98 dB; SSIM: 0.7983 ; RE: 0.1004.
21-09-01 20:23:35.772 : 12.png - PSNR: 27.98 dB; SSIM: 0.6785 ; RE: 0.1484.
21-09-01 20:23:38.760 : 13.png - PSNR: 27.64 dB; SSIM: 0.6898 ; RE: 0.1148.
21-09-01 20:23:41.793 : 15.png - PSNR: 27.18 dB; SSIM: 0.7723 ; RE: 0.1476.
21-09-01 20:23:44.560 : 17.png - PSNR: 26.73 dB; SSIM: 0.7670 ; RE: 0.1012.
21-09-01 20:23:47.378 : 22.png - PSNR: 27.52 dB; SSIM: 0.7662 ; RE: 0.1333.
21-09-01 20:23:47.378 : ------> testset_name: (Set), Average PSNR:(28.129)dB, Average ssim : (0.716), Average re : (0.127) )
21-09-01 20:32:05.609 : 01.png - PSNR: 27.61 dB; SSIM: 0.6735 ; RE: 0.1073.
21-09-01 20:32:12.881 : 02.png - PSNR: 28.91 dB; SSIM: 0.8050 ; RE: 0.1809.
21-09-01 20:32:19.832 : 03.png - PSNR: 30.67 dB; SSIM: 0.8348 ; RE: 0.1302.
21-09-01 20:32:27.041 : 04.png - PSNR: 28.03 dB; SSIM: 0.5070 ; RE: 0.1366.
21-09-01 20:32:34.696 : 06.png - PSNR: 27.03 dB; SSIM: 0.6954 ; RE: 0.0925.
21-09-01 20:32:42.021 : 07.png - PSNR: 27.20 dB; SSIM: 0.7733 ; RE: 0.1061.
21-09-01 20:32:48.914 : 08.png - PSNR: 27.72 dB; SSIM: 0.4958 ; RE: 0.2000.
21-09-01 20:32:55.860 : 09.png - PSNR: 29.61 dB; SSIM: 0.8000 ; RE: 0.1197.
21-09-01 20:33:02.886 : 10.png - PSNR: 28.13 dB; SSIM: 0.6892 ; RE: 0.0891.
21-09-01 20:33:10.004 : 11.png - PSNR: 29.98 dB; SSIM: 0.7983 ; RE: 0.1004.
21-09-01 20:33:17.064 : 12.png - PSNR: 27.98 dB; SSIM: 0.6785 ; RE: 0.1484.
21-09-01 20:33:24.125 : 13.png - PSNR: 27.64 dB; SSIM: 0.6898 ; RE: 0.1148.
21-09-01 20:33:31.281 : 15.png - PSNR: 27.18 dB; SSIM: 0.7723 ; RE: 0.1476.
21-09-01 20:33:34.970 : 17.png - PSNR: 26.73 dB; SSIM: 0.7670 ; RE: 0.1012.
21-09-01 20:33:37.927 : 22.png - PSNR: 27.52 dB; SSIM: 0.7662 ; RE: 0.1333.
21-09-01 20:33:37.927 : ------> testset_name: (Set), Average PSNR:(28.129)dB, Average ssim : (0.716), Average re : (0.127) )
21-09-01 20:37:40.008 : 01.png - PSNR: 27.61 dB; SSIM: 0.6735 ; RE: 0.1073.
21-09-01 20:37:46.313 : 02.png - PSNR: 28.91 dB; SSIM: 0.8050 ; RE: 0.1809.
21-09-01 20:37:52.882 : 03.png - PSNR: 30.67 dB; SSIM: 0.8348 ; RE: 0.1302.
21-09-01 20:37:59.224 : 04.png - PSNR: 28.03 dB; SSIM: 0.5070 ; RE: 0.1366.
21-09-01 20:38:05.624 : 06.png - PSNR: 27.03 dB; SSIM: 0.6954 ; RE: 0.0925.
21-09-01 20:38:12.067 : 07.png - PSNR: 27.20 dB; SSIM: 0.7733 ; RE: 0.1061.
21-09-01 20:38:18.300 : 08.png - PSNR: 27.72 dB; SSIM: 0.4958 ; RE: 0.2000.
21-09-01 20:38:24.443 : 09.png - PSNR: 29.61 dB; SSIM: 0.8000 ; RE: 0.1197.
21-09-01 20:38:30.454 : 10.png - PSNR: 28.13 dB; SSIM: 0.6892 ; RE: 0.0891.
21-09-01 20:38:36.851 : 11.png - PSNR: 29.98 dB; SSIM: 0.7983 ; RE: 0.1004.
21-09-01 20:38:43.105 : 12.png - PSNR: 27.98 dB; SSIM: 0.6785 ; RE: 0.1484.
21-09-01 20:38:49.294 : 13.png - PSNR: 27.64 dB; SSIM: 0.6898 ; RE: 0.1148.
21-09-01 20:38:55.356 : 15.png - PSNR: 27.18 dB; SSIM: 0.7723 ; RE: 0.1476.
21-09-01 20:39:01.825 : 17.png - PSNR: 26.73 dB; SSIM: 0.7670 ; RE: 0.1012.
21-09-01 20:39:08.136 : 22.png - PSNR: 27.52 dB; SSIM: 0.7662 ; RE: 0.1333.
21-09-01 20:39:08.136 : ------> testset_name: (Set), Average PSNR:(28.129)dB, Average ssim : (0.716), Average re : (0.127) )
21-09-01 20:51:27.614 : 01.png - PSNR: 27.61 dB; SSIM: 0.6735 ; RE: 0.1073.
21-09-01 20:51:34.725 : 02.png - PSNR: 28.91 dB; SSIM: 0.8050 ; RE: 0.1809.
21-09-01 20:51:41.591 : 03.png - PSNR: 30.67 dB; SSIM: 0.8348 ; RE: 0.1302.
21-09-01 20:51:48.730 : 04.png - PSNR: 28.03 dB; SSIM: 0.5070 ; RE: 0.1366.
21-09-01 20:51:55.940 : 06.png - PSNR: 27.03 dB; SSIM: 0.6954 ; RE: 0.0925.
21-09-01 20:52:03.342 : 07.png - PSNR: 27.20 dB; SSIM: 0.7733 ; RE: 0.1061.
21-09-01 20:52:10.593 : 08.png - PSNR: 27.72 dB; SSIM: 0.4958 ; RE: 0.2000.
21-09-01 20:52:17.902 : 09.png - PSNR: 29.61 dB; SSIM: 0.8000 ; RE: 0.1197.
21-09-01 20:52:25.115 : 10.png - PSNR: 28.13 dB; SSIM: 0.6892 ; RE: 0.0891.
21-09-01 20:52:32.199 : 11.png - PSNR: 29.98 dB; SSIM: 0.7983 ; RE: 0.1004.
21-09-01 20:52:39.397 : 12.png - PSNR: 27.98 dB; SSIM: 0.6785 ; RE: 0.1484.
21-09-01 20:52:46.048 : 13.png - PSNR: 27.64 dB; SSIM: 0.6898 ; RE: 0.1148.
21-09-01 20:52:53.345 : 15.png - PSNR: 27.18 dB; SSIM: 0.7723 ; RE: 0.1476.
21-09-01 20:53:00.791 : 17.png - PSNR: 26.73 dB; SSIM: 0.7670 ; RE: 0.1012.
21-09-01 20:53:07.847 : 22.png - PSNR: 27.52 dB; SSIM: 0.7662 ; RE: 0.1333.
21-09-01 20:53:07.847 : ------> testset_name: (Set), Average PSNR:(28.129)dB, Average ssim : (0.716), Average re : (0.127) )
21-09-01 20:53:15.410 : 01.png - PSNR: 27.35 dB; SSIM: 0.6636 ; RE: 0.1107.
21-09-01 20:53:22.985 : 02.png - PSNR: 28.09 dB; SSIM: 0.7922 ; RE: 0.1988.
21-09-01 20:53:29.907 : 03.png - PSNR: 30.31 dB; SSIM: 0.8258 ; RE: 0.1357.
21-09-01 20:53:37.008 : 04.png - PSNR: 27.71 dB; SSIM: 0.5016 ; RE: 0.1418.
21-09-01 20:53:44.169 : 06.png - PSNR: 26.74 dB; SSIM: 0.6822 ; RE: 0.0956.
21-09-01 20:53:51.092 : 07.png - PSNR: 26.74 dB; SSIM: 0.7677 ; RE: 0.1118.
21-09-01 20:53:57.888 : 08.png - PSNR: 27.81 dB; SSIM: 0.4816 ; RE: 0.1979.
21-09-01 20:54:04.729 : 09.png - PSNR: 29.44 dB; SSIM: 0.7964 ; RE: 0.1220.
21-09-01 20:54:11.714 : 10.png - PSNR: 27.92 dB; SSIM: 0.6814 ; RE: 0.0913.
21-09-01 20:54:18.512 : 11.png - PSNR: 29.62 dB; SSIM: 0.7872 ; RE: 0.1046.
21-09-01 20:54:25.185 : 12.png - PSNR: 27.72 dB; SSIM: 0.6632 ; RE: 0.1528.
21-09-01 20:54:32.045 : 13.png - PSNR: 27.31 dB; SSIM: 0.6747 ; RE: 0.1191.
21-09-01 20:54:38.848 : 15.png - PSNR: 26.85 dB; SSIM: 0.7613 ; RE: 0.1532.
21-09-01 20:54:45.746 : 17.png - PSNR: 26.29 dB; SSIM: 0.7584 ; RE: 0.1065.
21-09-01 20:54:52.593 : 22.png - PSNR: 27.06 dB; SSIM: 0.7523 ; RE: 0.1405.
21-09-01 20:54:52.593 : ------> testset_name: (Set), Average PSNR:(27.798)dB, Average ssim : (0.706), Average re : (0.132) )
21-09-01 20:54:59.693 : 01.png - PSNR: 26.36 dB; SSIM: 0.6407 ; RE: 0.1240.
21-09-01 20:55:06.538 : 02.png - PSNR: 25.91 dB; SSIM: 0.7519 ; RE: 0.2554.
21-09-01 20:55:13.344 : 03.png - PSNR: 27.71 dB; SSIM: 0.7594 ; RE: 0.1831.
21-09-01 20:55:20.257 : 04.png - PSNR: 27.48 dB; SSIM: 0.4827 ; RE: 0.1455.
21-09-01 20:55:27.067 : 06.png - PSNR: 25.92 dB; SSIM: 0.6474 ; RE: 0.1051.
21-09-01 20:55:33.838 : 07.png - PSNR: 24.94 dB; SSIM: 0.7160 ; RE: 0.1377.
21-09-01 20:55:40.667 : 08.png - PSNR: 26.97 dB; SSIM: 0.4506 ; RE: 0.2180.
21-09-01 20:55:47.472 : 09.png - PSNR: 28.47 dB; SSIM: 0.7640 ; RE: 0.1365.
21-09-01 20:55:54.320 : 10.png - PSNR: 26.68 dB; SSIM: 0.6605 ; RE: 0.1052.
21-09-01 20:56:01.314 : 11.png - PSNR: 28.18 dB; SSIM: 0.7580 ; RE: 0.1235.
21-09-01 20:56:08.153 : 12.png - PSNR: 27.59 dB; SSIM: 0.6551 ; RE: 0.1552.
21-09-01 20:56:14.868 : 13.png - PSNR: 25.53 dB; SSIM: 0.6108 ; RE: 0.1464.
21-09-01 20:56:21.900 : 15.png - PSNR: 25.01 dB; SSIM: 0.7070 ; RE: 0.1895.
21-09-01 20:56:28.768 : 17.png - PSNR: 25.05 dB; SSIM: 0.7201 ; RE: 0.1229.
21-09-01 20:56:35.521 : 22.png - PSNR: 25.69 dB; SSIM: 0.6940 ; RE: 0.1646.
21-09-01 20:56:35.522 : ------> testset_name: (Set), Average PSNR:(26.499)dB, Average ssim : (0.668), Average re : (0.154) )
21-09-01 21:01:04.241 : 01.png - PSNR: 28.4349 dB; SSIM: 0.6603 ; RE: 0.0976.
21-09-01 21:01:13.000 : 02.png - PSNR: 30.2672 dB; SSIM: 0.8090 ; RE: 0.1546.
21-09-01 21:01:21.780 : 03.png - PSNR: 31.8243 dB; SSIM: 0.8375 ; RE: 0.1140.
21-09-01 21:01:30.669 : 04.png - PSNR: 28.2999 dB; SSIM: 0.4883 ; RE: 0.1325.
21-09-01 21:01:39.274 : 06.png - PSNR: 28.0502 dB; SSIM: 0.7185 ; RE: 0.0823.
21-09-01 21:01:47.840 : 07.png - PSNR: 28.5382 dB; SSIM: 0.7839 ; RE: 0.0909.
21-09-01 21:01:56.872 : 08.png - PSNR: 28.4650 dB; SSIM: 0.4897 ; RE: 0.1836.
21-09-01 21:02:05.803 : 09.png - PSNR: 30.6198 dB; SSIM: 0.8122 ; RE: 0.1066.
21-09-01 21:02:14.803 : 10.png - PSNR: 28.7979 dB; SSIM: 0.7041 ; RE: 0.0825.
21-09-01 21:02:22.826 : 11.png - PSNR: 30.8288 dB; SSIM: 0.7942 ; RE: 0.0911.
21-09-01 21:02:33.823 : 12.png - PSNR: 28.8458 dB; SSIM: 0.6985 ; RE: 0.1343.
21-09-01 21:02:45.688 : 13.png - PSNR: 28.6680 dB; SSIM: 0.7120 ; RE: 0.1020.
21-09-01 21:02:57.290 : 15.png - PSNR: 28.4084 dB; SSIM: 0.7950 ; RE: 0.1281.
21-09-01 21:03:08.692 : 17.png - PSNR: 28.0781 dB; SSIM: 0.7899 ; RE: 0.0867.
21-09-01 21:03:20.047 : 22.png - PSNR: 28.5522 dB; SSIM: 0.7804 ; RE: 0.1183.
21-09-01 21:03:20.047 : ------> testset_name: (Set), alpha: (0.900), Average PSNR:(29.112)dB, Average ssim : (0.725), Average re : (0.114) )
21-09-01 21:03:31.792 : 01.png - PSNR: 28.0201 dB; SSIM: 0.6479 ; RE: 0.1024.
21-09-01 21:03:43.982 : 02.png - PSNR: 29.5179 dB; SSIM: 0.7987 ; RE: 0.1686.
21-09-01 21:03:55.032 : 03.png - PSNR: 31.3776 dB; SSIM: 0.8286 ; RE: 0.1200.
21-09-01 21:04:06.515 : 04.png - PSNR: 28.0628 dB; SSIM: 0.4796 ; RE: 0.1361.
21-09-01 21:04:17.975 : 06.png - PSNR: 27.5781 dB; SSIM: 0.6999 ; RE: 0.0868.
21-09-01 21:04:29.316 : 07.png - PSNR: 27.8753 dB; SSIM: 0.7699 ; RE: 0.0981.
21-09-01 21:04:40.692 : 08.png - PSNR: 28.0913 dB; SSIM: 0.4712 ; RE: 0.1917.
21-09-01 21:04:52.079 : 09.png - PSNR: 30.2329 dB; SSIM: 0.8027 ; RE: 0.1114.
21-09-01 21:05:03.426 : 10.png - PSNR: 28.4810 dB; SSIM: 0.6888 ; RE: 0.0856.
21-09-01 21:05:14.943 : 11.png - PSNR: 30.2076 dB; SSIM: 0.7733 ; RE: 0.0978.
21-09-01 21:05:26.917 : 12.png - PSNR: 28.5718 dB; SSIM: 0.6825 ; RE: 0.1386.
21-09-01 21:05:37.454 : 13.png - PSNR: 28.1380 dB; SSIM: 0.6905 ; RE: 0.1084.
21-09-01 21:05:49.315 : 15.png - PSNR: 27.8846 dB; SSIM: 0.7796 ; RE: 0.1361.
21-09-01 21:06:00.848 : 17.png - PSNR: 27.3956 dB; SSIM: 0.7774 ; RE: 0.0938.
21-09-01 21:06:12.054 : 22.png - PSNR: 27.9223 dB; SSIM: 0.7645 ; RE: 0.1272.
21-09-01 21:06:12.055 : ------> testset_name: (Set), alpha: (0.900), Average PSNR:(28.624)dB, Average ssim : (0.710), Average re : (0.120) )
21-09-01 21:06:23.864 : 01.png - PSNR: 27.0507 dB; SSIM: 0.6285 ; RE: 0.1145.
21-09-01 21:06:35.713 : 02.png - PSNR: 27.1224 dB; SSIM: 0.7590 ; RE: 0.2221.
21-09-01 21:06:47.103 : 03.png - PSNR: 28.6054 dB; SSIM: 0.7630 ; RE: 0.1651.
21-09-01 21:06:58.365 : 04.png - PSNR: 27.7502 dB; SSIM: 0.4694 ; RE: 0.1411.
21-09-01 21:07:09.825 : 06.png - PSNR: 26.7354 dB; SSIM: 0.6704 ; RE: 0.0957.
21-09-01 21:07:21.401 : 07.png - PSNR: 25.9182 dB; SSIM: 0.7219 ; RE: 0.1229.
21-09-01 21:07:33.267 : 08.png - PSNR: 27.5377 dB; SSIM: 0.4480 ; RE: 0.2043.
21-09-01 21:07:45.071 : 09.png - PSNR: 28.9346 dB; SSIM: 0.7644 ; RE: 0.1294.
21-09-01 21:07:57.025 : 10.png - PSNR: 27.5389 dB; SSIM: 0.6780 ; RE: 0.0954.
21-09-01 21:08:08.297 : 11.png - PSNR: 28.8071 dB; SSIM: 0.7462 ; RE: 0.1150.
21-09-01 21:08:19.609 : 12.png - PSNR: 28.2667 dB; SSIM: 0.6734 ; RE: 0.1435.
21-09-01 21:08:31.171 : 13.png - PSNR: 26.1820 dB; SSIM: 0.6251 ; RE: 0.1357.
21-09-01 21:08:42.619 : 15.png - PSNR: 26.1454 dB; SSIM: 0.7344 ; RE: 0.1662.
21-09-01 21:08:53.095 : 17.png - PSNR: 26.0438 dB; SSIM: 0.7386 ; RE: 0.1096.
21-09-01 21:09:04.745 : 22.png - PSNR: 26.5069 dB; SSIM: 0.7148 ; RE: 0.1497.
21-09-01 21:09:04.745 : ------> testset_name: (Set), alpha: (0.900), Average PSNR:(27.276)dB, Average ssim : (0.676), Average re : (0.141) )
21-09-01 22:41:12.070 : 01.png - PSNR: 28.4349 dB; SSIM: 0.6603 ; RE: 0.0976.
21-09-01 22:41:16.602 : 02.png - PSNR: 30.2672 dB; SSIM: 0.8090 ; RE: 0.1546.
21-09-01 22:41:21.178 : 03.png - PSNR: 31.8243 dB; SSIM: 0.8375 ; RE: 0.1140.
21-09-01 22:41:25.815 : 04.png - PSNR: 28.2999 dB; SSIM: 0.4883 ; RE: 0.1325.
21-09-01 22:41:30.476 : 06.png - PSNR: 28.0502 dB; SSIM: 0.7185 ; RE: 0.0823.
21-09-01 22:41:35.177 : 07.png - PSNR: 28.5382 dB; SSIM: 0.7839 ; RE: 0.0909.
21-09-01 22:41:39.893 : 08.png - PSNR: 28.4650 dB; SSIM: 0.4897 ; RE: 0.1836.
21-09-01 22:41:44.654 : 09.png - PSNR: 30.6198 dB; SSIM: 0.8122 ; RE: 0.1066.
21-09-01 22:41:49.465 : 10.png - PSNR: 28.7979 dB; SSIM: 0.7041 ; RE: 0.0825.
21-09-01 22:41:54.256 : 11.png - PSNR: 30.8288 dB; SSIM: 0.7942 ; RE: 0.0911.
21-09-01 22:41:59.097 : 12.png - PSNR: 28.8458 dB; SSIM: 0.6985 ; RE: 0.1343.
21-09-01 22:42:03.947 : 13.png - PSNR: 28.6680 dB; SSIM: 0.7120 ; RE: 0.1020.
21-09-01 22:42:08.806 : 15.png - PSNR: 28.4084 dB; SSIM: 0.7950 ; RE: 0.1281.
21-09-01 22:42:13.705 : 17.png - PSNR: 28.0781 dB; SSIM: 0.7899 ; RE: 0.0867.
21-09-01 22:42:18.617 : 22.png - PSNR: 28.5522 dB; SSIM: 0.7804 ; RE: 0.1183.
21-09-01 22:42:18.618 : ------> testset_name: (Set), Average PSNR:(29.112)dB, Average ssim : (0.725), Average re : (0.114) )
21-09-02 09:23:26.264 : 01.png - PSNR: 28.4349 dB; SSIM: 0.6603 ; RE: 0.0976.
21-09-02 09:23:30.870 : 02.png - PSNR: 30.2672 dB; SSIM: 0.8090 ; RE: 0.1546.
21-09-02 09:23:35.571 : 03.png - PSNR: 31.8243 dB; SSIM: 0.8375 ; RE: 0.1140.
21-09-02 09:23:40.248 : 04.png - PSNR: 28.2999 dB; SSIM: 0.4883 ; RE: 0.1325.
21-09-02 09:23:44.934 : 06.png - PSNR: 28.0502 dB; SSIM: 0.7185 ; RE: 0.0823.
21-09-02 09:23:49.733 : 07.png - PSNR: 28.5382 dB; SSIM: 0.7839 ; RE: 0.0909.
21-09-02 09:23:54.498 : 08.png - PSNR: 28.4650 dB; SSIM: 0.4897 ; RE: 0.1836.
21-09-02 09:23:59.362 : 09.png - PSNR: 30.6198 dB; SSIM: 0.8122 ; RE: 0.1066.
21-09-02 09:24:04.386 : 10.png - PSNR: 28.7979 dB; SSIM: 0.7041 ; RE: 0.0825.
21-09-02 09:24:09.189 : 11.png - PSNR: 30.8288 dB; SSIM: 0.7942 ; RE: 0.0911.
21-09-02 09:24:14.093 : 12.png - PSNR: 28.8458 dB; SSIM: 0.6985 ; RE: 0.1343.
21-09-02 09:24:19.139 : 13.png - PSNR: 28.6680 dB; SSIM: 0.7120 ; RE: 0.1020.
21-09-02 09:24:25.550 : 15.png - PSNR: 28.4084 dB; SSIM: 0.7950 ; RE: 0.1281.
21-09-02 09:24:31.338 : 17.png - PSNR: 28.0781 dB; SSIM: 0.7899 ; RE: 0.0867.
21-09-02 09:24:36.870 : 22.png - PSNR: 28.5522 dB; SSIM: 0.7804 ; RE: 0.1183.
21-09-02 09:24:36.870 : ------> testset_name: (Set), Average PSNR:(29.112)dB, Average ssim : (0.725), Average re : (0.114) )
21-09-02 10:03:46.843 : 01.png - PSNR: 27.34 dB; SSIM: 0.6767 ; RE: 0.1107.
21-09-02 10:03:49.553 : 02.png - PSNR: 28.47 dB; SSIM: 0.7992 ; RE: 0.1902.
21-09-02 10:03:52.166 : 03.png - PSNR: 30.27 dB; SSIM: 0.8288 ; RE: 0.1363.
21-09-02 10:03:54.753 : 04.png - PSNR: 28.02 dB; SSIM: 0.5149 ; RE: 0.1367.
21-09-02 10:03:57.284 : 06.png - PSNR: 26.68 dB; SSIM: 0.6874 ; RE: 0.0964.
21-09-02 10:03:59.848 : 07.png - PSNR: 26.78 dB; SSIM: 0.7676 ; RE: 0.1113.
21-09-02 10:04:02.405 : 08.png - PSNR: 28.19 dB; SSIM: 0.5008 ; RE: 0.1895.
21-09-02 10:04:05.040 : 09.png - PSNR: 29.18 dB; SSIM: 0.7927 ; RE: 0.1258.
21-09-02 10:04:07.610 : 10.png - PSNR: 27.95 dB; SSIM: 0.6877 ; RE: 0.0910.
21-09-02 10:04:10.201 : 11.png - PSNR: 29.67 dB; SSIM: 0.7973 ; RE: 0.1041.
21-09-02 10:04:12.801 : 12.png - PSNR: 27.77 dB; SSIM: 0.6709 ; RE: 0.1519.
21-09-02 10:04:15.372 : 13.png - PSNR: 27.37 dB; SSIM: 0.6831 ; RE: 0.1184.
21-09-02 10:04:18.151 : 15.png - PSNR: 26.85 dB; SSIM: 0.7638 ; RE: 0.1533.
21-09-02 10:04:20.939 : 17.png - PSNR: 26.38 dB; SSIM: 0.7629 ; RE: 0.1054.
21-09-02 10:04:23.660 : 22.png - PSNR: 27.14 dB; SSIM: 0.7598 ; RE: 0.1391.
21-09-02 10:04:23.661 : ------> testset_name: (Set), Average PSNR:(27.871)dB, Average ssim : (0.713), Average re : (0.131) )
21-09-02 10:08:26.620 : 01.png - PSNR: 27.34 dB; SSIM: 0.6767 ; RE: 0.1107.
21-09-02 10:08:29.169 : 02.png - PSNR: 28.47 dB; SSIM: 0.7992 ; RE: 0.1902.
21-09-02 10:08:31.803 : 03.png - PSNR: 30.27 dB; SSIM: 0.8288 ; RE: 0.1363.
21-09-02 10:08:34.286 : 04.png - PSNR: 28.02 dB; SSIM: 0.5149 ; RE: 0.1367.
21-09-02 10:08:37.123 : 06.png - PSNR: 26.68 dB; SSIM: 0.6874 ; RE: 0.0964.
21-09-02 10:08:39.750 : 07.png - PSNR: 26.78 dB; SSIM: 0.7676 ; RE: 0.1113.
21-09-02 10:08:42.313 : 08.png - PSNR: 28.19 dB; SSIM: 0.5008 ; RE: 0.1895.
21-09-02 10:08:44.925 : 09.png - PSNR: 29.18 dB; SSIM: 0.7927 ; RE: 0.1258.
21-09-02 10:08:47.524 : 10.png - PSNR: 27.95 dB; SSIM: 0.6877 ; RE: 0.0910.
21-09-02 10:08:50.096 : 11.png - PSNR: 29.67 dB; SSIM: 0.7973 ; RE: 0.1041.
21-09-02 10:08:52.779 : 12.png - PSNR: 27.77 dB; SSIM: 0.6709 ; RE: 0.1519.
21-09-02 10:08:55.571 : 13.png - PSNR: 27.37 dB; SSIM: 0.6831 ; RE: 0.1184.
21-09-02 10:08:58.404 : 15.png - PSNR: 26.85 dB; SSIM: 0.7638 ; RE: 0.1533.
21-09-02 10:09:01.445 : 17.png - PSNR: 26.38 dB; SSIM: 0.7629 ; RE: 0.1054.
21-09-02 10:09:04.422 : 22.png - PSNR: 27.14 dB; SSIM: 0.7598 ; RE: 0.1391.
21-09-02 10:09:04.422 : ------> testset_name: (Set), Average PSNR:(27.871)dB, Average ssim : (0.713), Average re : (0.131) )
21-09-02 10:09:07.637 : 01.png - PSNR: 27.00 dB; SSIM: 0.6718 ; RE: 0.1152.
21-09-02 10:09:10.754 : 02.png - PSNR: 27.61 dB; SSIM: 0.7878 ; RE: 0.2100.
21-09-02 10:09:13.545 : 03.png - PSNR: 29.97 dB; SSIM: 0.8198 ; RE: 0.1412.
21-09-02 10:09:16.337 : 04.png - PSNR: 27.84 dB; SSIM: 0.5147 ; RE: 0.1397.
21-09-02 10:09:19.100 : 06.png - PSNR: 26.55 dB; SSIM: 0.6777 ; RE: 0.0978.
21-09-02 10:09:22.008 : 07.png - PSNR: 26.36 dB; SSIM: 0.7666 ; RE: 0.1169.
21-09-02 10:09:24.925 : 08.png - PSNR: 27.61 dB; SSIM: 0.4838 ; RE: 0.2025.
21-09-02 10:09:28.360 : 09.png - PSNR: 29.18 dB; SSIM: 0.7926 ; RE: 0.1258.
21-09-02 10:09:31.322 : 10.png - PSNR: 27.72 dB; SSIM: 0.6792 ; RE: 0.0934.
21-09-02 10:09:34.540 : 11.png - PSNR: 29.29 dB; SSIM: 0.7844 ; RE: 0.1088.
21-09-02 10:09:38.175 : 12.png - PSNR: 27.52 dB; SSIM: 0.6565 ; RE: 0.1563.
21-09-02 10:09:41.221 : 13.png - PSNR: 27.04 dB; SSIM: 0.6689 ; RE: 0.1230.
21-09-02 10:09:43.885 : 15.png - PSNR: 26.51 dB; SSIM: 0.7529 ; RE: 0.1595.
21-09-02 10:09:46.544 : 17.png - PSNR: 26.00 dB; SSIM: 0.7566 ; RE: 0.1101.
21-09-02 10:09:49.212 : 22.png - PSNR: 26.78 dB; SSIM: 0.7439 ; RE: 0.1451.
21-09-02 10:09:49.212 : ------> testset_name: (Set), Average PSNR:(27.531)dB, Average ssim : (0.704), Average re : (0.136) )
21-09-02 10:09:51.888 : 01.png - PSNR: 26.22 dB; SSIM: 0.6455 ; RE: 0.1259.
21-09-02 10:09:54.575 : 02.png - PSNR: 25.59 dB; SSIM: 0.7444 ; RE: 0.2650.
21-09-02 10:09:57.242 : 03.png - PSNR: 27.51 dB; SSIM: 0.7571 ; RE: 0.1874.
21-09-02 10:09:59.910 : 04.png - PSNR: 27.23 dB; SSIM: 0.4876 ; RE: 0.1498.
21-09-02 10:10:02.614 : 06.png - PSNR: 25.57 dB; SSIM: 0.6389 ; RE: 0.1095.
21-09-02 10:10:05.275 : 07.png - PSNR: 24.72 dB; SSIM: 0.7187 ; RE: 0.1412.
21-09-02 10:10:07.944 : 08.png - PSNR: 27.28 dB; SSIM: 0.4543 ; RE: 0.2105.
21-09-02 10:10:10.639 : 09.png - PSNR: 28.32 dB; SSIM: 0.7629 ; RE: 0.1389.
21-09-02 10:10:13.365 : 10.png - PSNR: 26.46 dB; SSIM: 0.6541 ; RE: 0.1080.
21-09-02 10:10:16.046 : 11.png - PSNR: 28.12 dB; SSIM: 0.7614 ; RE: 0.1245.
21-09-02 10:10:18.739 : 12.png - PSNR: 27.32 dB; SSIM: 0.6488 ; RE: 0.1601.
21-09-02 10:10:21.425 : 13.png - PSNR: 25.31 dB; SSIM: 0.6019 ; RE: 0.1500.
21-09-02 10:10:24.121 : 15.png - PSNR: 24.65 dB; SSIM: 0.6939 ; RE: 0.1975.
21-09-02 10:10:26.818 : 17.png - PSNR: 24.77 dB; SSIM: 0.7153 ; RE: 0.1269.
21-09-02 10:10:29.602 : 22.png - PSNR: 25.46 dB; SSIM: 0.6887 ; RE: 0.1688.
21-09-02 10:10:29.602 : ------> testset_name: (Set), Average PSNR:(26.301)dB, Average ssim : (0.665), Average re : (0.158) )
21-09-17 19:30:18.844 : 01.png - PSNR: 27.34 dB; SSIM: 0.6767 ; RE: 0.1107.
21-09-17 19:30:21.294 : 02.png - PSNR: 26.38 dB; SSIM: 0.7629 ; RE: 0.1054.
21-09-17 19:30:23.853 : 03.png - PSNR: 30.27 dB; SSIM: 0.8288 ; RE: 0.1363.
21-09-17 19:30:26.357 : 04.png - PSNR: 26.85 dB; SSIM: 0.7638 ; RE: 0.1533.
21-09-17 19:30:28.914 : 05.png - PSNR: 27.14 dB; SSIM: 0.7598 ; RE: 0.1391.
21-09-17 19:30:31.377 : 06.png - PSNR: 26.68 dB; SSIM: 0.6874 ; RE: 0.0964.
21-09-17 19:30:33.935 : 07.png - PSNR: 26.78 dB; SSIM: 0.7676 ; RE: 0.1113.
21-09-17 19:30:37.166 : 08.png - PSNR: 28.19 dB; SSIM: 0.5008 ; RE: 0.1895.
21-09-17 19:30:39.929 : 09.png - PSNR: 29.18 dB; SSIM: 0.7927 ; RE: 0.1258.
21-09-17 19:30:42.584 : 10.png - PSNR: 28.02 dB; SSIM: 0.5149 ; RE: 0.1367.
21-09-17 19:30:45.119 : 11.png - PSNR: 28.47 dB; SSIM: 0.7992 ; RE: 0.1902.
21-09-17 19:30:47.730 : 12.png - PSNR: 27.77 dB; SSIM: 0.6709 ; RE: 0.1519.
21-09-17 19:30:50.574 : 13.png - PSNR: 27.37 dB; SSIM: 0.6831 ; RE: 0.1184.
21-09-17 19:30:53.419 : 14.png - PSNR: 27.95 dB; SSIM: 0.6877 ; RE: 0.0910.
21-09-17 19:30:56.171 : 15.png - PSNR: 29.67 dB; SSIM: 0.7973 ; RE: 0.1041.
21-09-17 19:30:56.171 : ------> testset_name: (Set), Average PSNR:(27.871)dB, Average ssim : (0.713), Average re : (0.131) )
21-09-17 19:30:58.962 : 01.png - PSNR: 27.00 dB; SSIM: 0.6718 ; RE: 0.1152.
21-09-17 19:31:01.713 : 02.png - PSNR: 26.00 dB; SSIM: 0.7566 ; RE: 0.1101.
21-09-17 19:31:04.515 : 03.png - PSNR: 29.97 dB; SSIM: 0.8198 ; RE: 0.1412.
21-09-17 19:31:07.259 : 04.png - PSNR: 26.51 dB; SSIM: 0.7529 ; RE: 0.1595.
21-09-17 19:31:10.043 : 05.png - PSNR: 26.78 dB; SSIM: 0.7439 ; RE: 0.1451.
21-09-17 19:31:12.792 : 06.png - PSNR: 26.55 dB; SSIM: 0.6777 ; RE: 0.0978.
21-09-17 19:31:15.530 : 07.png - PSNR: 26.36 dB; SSIM: 0.7666 ; RE: 0.1169.
21-09-17 19:31:18.323 : 08.png - PSNR: 27.61 dB; SSIM: 0.4838 ; RE: 0.2025.
21-09-17 19:31:21.100 : 09.png - PSNR: 29.18 dB; SSIM: 0.7926 ; RE: 0.1258.
21-09-17 19:31:23.857 : 10.png - PSNR: 27.84 dB; SSIM: 0.5147 ; RE: 0.1397.
21-09-17 19:31:26.694 : 11.png - PSNR: 27.61 dB; SSIM: 0.7878 ; RE: 0.2100.
21-09-17 19:31:29.439 : 12.png - PSNR: 27.52 dB; SSIM: 0.6565 ; RE: 0.1563.
21-09-17 19:31:32.262 : 13.png - PSNR: 27.04 dB; SSIM: 0.6689 ; RE: 0.1230.
21-09-17 19:31:35.269 : 14.png - PSNR: 27.72 dB; SSIM: 0.6792 ; RE: 0.0934.
21-09-17 19:31:38.042 : 15.png - PSNR: 29.29 dB; SSIM: 0.7844 ; RE: 0.1088.
21-09-17 19:31:38.042 : ------> testset_name: (Set), Average PSNR:(27.531)dB, Average ssim : (0.704), Average re : (0.136) )
21-09-17 19:31:40.810 : 01.png - PSNR: 26.22 dB; SSIM: 0.6455 ; RE: 0.1259.
21-09-17 19:31:43.673 : 02.png - PSNR: 24.77 dB; SSIM: 0.7153 ; RE: 0.1269.
21-09-17 19:31:46.542 : 03.png - PSNR: 27.51 dB; SSIM: 0.7571 ; RE: 0.1874.
21-09-17 19:31:49.269 : 04.png - PSNR: 24.65 dB; SSIM: 0.6939 ; RE: 0.1975.
21-09-17 19:31:52.109 : 05.png - PSNR: 25.46 dB; SSIM: 0.6887 ; RE: 0.1688.
21-09-17 19:31:54.748 : 06.png - PSNR: 25.57 dB; SSIM: 0.6389 ; RE: 0.1095.
21-09-17 19:31:57.554 : 07.png - PSNR: 24.72 dB; SSIM: 0.7187 ; RE: 0.1412.
21-09-17 19:32:00.348 : 08.png - PSNR: 27.28 dB; SSIM: 0.4543 ; RE: 0.2105.
21-09-17 19:32:03.238 : 09.png - PSNR: 28.32 dB; SSIM: 0.7629 ; RE: 0.1389.
21-09-17 19:32:05.948 : 10.png - PSNR: 27.23 dB; SSIM: 0.4876 ; RE: 0.1498.
21-09-17 19:32:08.772 : 11.png - PSNR: 25.59 dB; SSIM: 0.7444 ; RE: 0.2650.
21-09-17 19:32:11.436 : 12.png - PSNR: 27.32 dB; SSIM: 0.6488 ; RE: 0.1601.
21-09-17 19:32:14.991 : 13.png - PSNR: 25.31 dB; SSIM: 0.6019 ; RE: 0.1500.
21-09-17 19:32:17.719 : 14.png - PSNR: 26.46 dB; SSIM: 0.6541 ; RE: 0.1080.
21-09-17 19:32:21.023 : 15.png - PSNR: 28.12 dB; SSIM: 0.7614 ; RE: 0.1245.
21-09-17 19:32:21.023 : ------> testset_name: (Set), Average PSNR:(26.301)dB, Average ssim : (0.665), Average re : (0.158) )
21-09-17 19:36:06.767 : 01.png - PSNR: 28.4349 dB; SSIM: 0.6603 ; RE: 0.0976.
21-09-17 19:36:11.708 : 02.png - PSNR: 28.0781 dB; SSIM: 0.7899 ; RE: 0.0867.
21-09-17 19:36:16.508 : 03.png - PSNR: 31.8243 dB; SSIM: 0.8375 ; RE: 0.1140.
21-09-17 19:36:21.704 : 04.png - PSNR: 28.4084 dB; SSIM: 0.7950 ; RE: 0.1281.
21-09-17 19:36:26.894 : 05.png - PSNR: 28.5522 dB; SSIM: 0.7804 ; RE: 0.1183.
21-09-17 19:36:32.018 : 06.png - PSNR: 28.0502 dB; SSIM: 0.7185 ; RE: 0.0823.
21-09-17 19:36:37.132 : 07.png - PSNR: 28.5382 dB; SSIM: 0.7839 ; RE: 0.0909.
21-09-17 19:36:42.235 : 08.png - PSNR: 28.4650 dB; SSIM: 0.4897 ; RE: 0.1836.
21-09-17 19:36:47.372 : 09.png - PSNR: 30.6198 dB; SSIM: 0.8122 ; RE: 0.1066.
21-09-17 19:36:52.594 : 10.png - PSNR: 28.2999 dB; SSIM: 0.4883 ; RE: 0.1325.
21-09-17 19:36:57.650 : 11.png - PSNR: 30.2672 dB; SSIM: 0.8090 ; RE: 0.1546.
21-09-17 19:37:02.869 : 12.png - PSNR: 28.8458 dB; SSIM: 0.6985 ; RE: 0.1343.
21-09-17 19:37:07.993 : 13.png - PSNR: 28.6680 dB; SSIM: 0.7120 ; RE: 0.1020.
21-09-17 19:37:13.185 : 14.png - PSNR: 28.7979 dB; SSIM: 0.7041 ; RE: 0.0825.
21-09-17 19:37:18.657 : 15.png - PSNR: 30.8288 dB; SSIM: 0.7942 ; RE: 0.0911.
21-09-17 19:37:18.658 : ------> testset_name: (Set), alpha: (0.900), Average PSNR:(29.112)dB, Average ssim : (0.725), Average re : (0.114) )
21-09-17 19:39:14.704 : 01.png - PSNR: 27.34 dB; SSIM: 0.6767 ; RE: 0.1107.
21-09-17 19:39:17.267 : 02.png - PSNR: 26.38 dB; SSIM: 0.7629 ; RE: 0.1054.
21-09-17 19:39:19.737 : 03.png - PSNR: 30.27 dB; SSIM: 0.8288 ; RE: 0.1363.
21-09-17 19:39:22.246 : 04.png - PSNR: 26.85 dB; SSIM: 0.7638 ; RE: 0.1533.
21-09-17 19:39:25.075 : 05.png - PSNR: 27.14 dB; SSIM: 0.7598 ; RE: 0.1391.
21-09-17 19:39:27.620 : 06.png - PSNR: 26.68 dB; SSIM: 0.6874 ; RE: 0.0964.
21-09-17 19:39:30.212 : 07.png - PSNR: 26.78 dB; SSIM: 0.7676 ; RE: 0.1113.
21-09-17 19:39:32.806 : 08.png - PSNR: 28.19 dB; SSIM: 0.5008 ; RE: 0.1895.
21-09-17 19:39:35.406 : 09.png - PSNR: 29.18 dB; SSIM: 0.7927 ; RE: 0.1258.
21-09-17 19:39:38.031 : 10.png - PSNR: 28.02 dB; SSIM: 0.5149 ; RE: 0.1367.
21-09-17 19:39:40.738 : 11.png - PSNR: 28.47 dB; SSIM: 0.7992 ; RE: 0.1902.
21-09-17 19:39:43.345 : 12.png - PSNR: 27.77 dB; SSIM: 0.6709 ; RE: 0.1519.
21-09-17 19:39:45.975 : 13.png - PSNR: 27.37 dB; SSIM: 0.6831 ; RE: 0.1184.
21-09-17 19:39:48.698 : 14.png - PSNR: 27.95 dB; SSIM: 0.6877 ; RE: 0.0910.
21-09-17 19:39:51.349 : 15.png - PSNR: 29.67 dB; SSIM: 0.7973 ; RE: 0.1041.
21-09-17 19:39:51.350 : ------> testset_name: (Set), Average PSNR:(27.871)dB, Average ssim : (0.713), Average re : (0.131) )
21-09-17 19:48:29.187 : 01.png - PSNR: 27.61 dB; SSIM: 0.6735 ; RE: 0.1073.
21-09-17 19:48:31.868 : 02.png - PSNR: 26.73 dB; SSIM: 0.7670 ; RE: 0.1012.
21-09-17 19:48:34.552 : 03.png - PSNR: 30.67 dB; SSIM: 0.8348 ; RE: 0.1302.
21-09-17 19:48:37.212 : 04.png - PSNR: 27.18 dB; SSIM: 0.7723 ; RE: 0.1476.
21-09-17 19:48:40.009 : 05.png - PSNR: 27.52 dB; SSIM: 0.7662 ; RE: 0.1333.
21-09-17 19:48:42.793 : 06.png - PSNR: 27.03 dB; SSIM: 0.6954 ; RE: 0.0925.
21-09-17 19:48:45.621 : 07.png - PSNR: 27.20 dB; SSIM: 0.7733 ; RE: 0.1061.
21-09-17 19:48:48.494 : 08.png - PSNR: 27.72 dB; SSIM: 0.4958 ; RE: 0.2000.
21-09-17 19:48:51.346 : 09.png - PSNR: 29.61 dB; SSIM: 0.8000 ; RE: 0.1197.
21-09-17 19:48:54.237 : 10.png - PSNR: 28.03 dB; SSIM: 0.5070 ; RE: 0.1366.
21-09-17 19:48:57.148 : 11.png - PSNR: 28.91 dB; SSIM: 0.8050 ; RE: 0.1809.
21-09-17 19:48:59.904 : 12.png - PSNR: 27.98 dB; SSIM: 0.6785 ; RE: 0.1484.
21-09-17 19:49:02.759 : 13.png - PSNR: 27.64 dB; SSIM: 0.6898 ; RE: 0.1148.
21-09-17 19:49:06.237 : 14.png - PSNR: 28.13 dB; SSIM: 0.6892 ; RE: 0.0891.
21-09-17 19:49:09.452 : 15.png - PSNR: 29.98 dB; SSIM: 0.7983 ; RE: 0.1004.
21-09-17 19:49:09.452 : ------> testset_name: (Set), Average PSNR:(28.129)dB, Average ssim : (0.716), Average re : (0.127) )
21-09-17 19:52:00.547 : 01.png - PSNR: 27.35 dB; SSIM: 0.6636 ; RE: 0.1107.
21-09-17 19:52:03.001 : 02.png - PSNR: 26.29 dB; SSIM: 0.7584 ; RE: 0.1065.
21-09-17 19:52:05.473 : 03.png - PSNR: 30.31 dB; SSIM: 0.8258 ; RE: 0.1357.
21-09-17 19:52:08.109 : 04.png - PSNR: 26.85 dB; SSIM: 0.7613 ; RE: 0.1532.
21-09-17 19:52:10.848 : 05.png - PSNR: 27.06 dB; SSIM: 0.7523 ; RE: 0.1405.
21-09-17 19:52:13.458 : 06.png - PSNR: 26.74 dB; SSIM: 0.6822 ; RE: 0.0956.
21-09-17 19:52:16.046 : 07.png - PSNR: 26.74 dB; SSIM: 0.7677 ; RE: 0.1118.
21-09-17 19:52:18.767 : 08.png - PSNR: 27.81 dB; SSIM: 0.4816 ; RE: 0.1979.
21-09-17 19:52:21.449 : 09.png - PSNR: 29.44 dB; SSIM: 0.7964 ; RE: 0.1220.
21-09-17 19:52:24.210 : 10.png - PSNR: 27.71 dB; SSIM: 0.5016 ; RE: 0.1418.
21-09-17 19:52:26.896 : 11.png - PSNR: 28.09 dB; SSIM: 0.7922 ; RE: 0.1988.
21-09-17 19:52:29.683 : 12.png - PSNR: 27.72 dB; SSIM: 0.6632 ; RE: 0.1528.
21-09-17 19:52:32.505 : 13.png - PSNR: 27.31 dB; SSIM: 0.6747 ; RE: 0.1191.
21-09-17 19:52:35.307 : 14.png - PSNR: 27.92 dB; SSIM: 0.6814 ; RE: 0.0913.
21-09-17 19:52:38.129 : 15.png - PSNR: 29.62 dB; SSIM: 0.7872 ; RE: 0.1046.
21-09-17 19:52:38.129 : ------> testset_name: (Set), Average PSNR:(27.798)dB, Average ssim : (0.706), Average re : (0.132) )
21-09-17 20:02:13.267 : 01.png - PSNR: 27.61 dB; SSIM: 0.6735 ; RE: 0.1073.
21-09-17 20:02:15.787 : 02.png - PSNR: 26.73 dB; SSIM: 0.7670 ; RE: 0.1012.
21-09-17 20:02:18.402 : 03.png - PSNR: 30.67 dB; SSIM: 0.8348 ; RE: 0.1302.
21-09-17 20:02:20.954 : 04.png - PSNR: 27.18 dB; SSIM: 0.7723 ; RE: 0.1476.
21-09-17 20:02:23.572 : 05.png - PSNR: 27.52 dB; SSIM: 0.7662 ; RE: 0.1333.
21-09-17 20:02:26.168 : 06.png - PSNR: 27.03 dB; SSIM: 0.6954 ; RE: 0.0925.
21-09-17 20:02:28.670 : 07.png - PSNR: 27.20 dB; SSIM: 0.7733 ; RE: 0.1061.
21-09-17 20:02:31.329 : 08.png - PSNR: 27.72 dB; SSIM: 0.4958 ; RE: 0.2000.
21-09-17 20:02:34.231 : 09.png - PSNR: 29.61 dB; SSIM: 0.8000 ; RE: 0.1197.
21-09-17 20:02:37.100 : 10.png - PSNR: 28.03 dB; SSIM: 0.5070 ; RE: 0.1366.
21-09-17 20:02:39.765 : 11.png - PSNR: 28.91 dB; SSIM: 0.8050 ; RE: 0.1809.
21-09-17 20:02:42.419 : 12.png - PSNR: 27.98 dB; SSIM: 0.6785 ; RE: 0.1484.
21-09-17 20:02:45.185 : 13.png - PSNR: 27.64 dB; SSIM: 0.6898 ; RE: 0.1148.
21-09-17 20:02:48.048 : 14.png - PSNR: 28.13 dB; SSIM: 0.6892 ; RE: 0.0891.
21-09-17 20:02:50.924 : 15.png - PSNR: 29.98 dB; SSIM: 0.7983 ; RE: 0.1004.
21-09-17 20:02:50.925 : ------> testset_name: (Set), Average PSNR:(28.129)dB, Average ssim : (0.716), Average re : (0.127) )
21-09-17 20:16:45.292 : 01.png - PSNR: 27.61 dB; SSIM: 0.6735 ; RE: 0.1073.
21-09-17 20:16:47.779 : 02.png - PSNR: 26.73 dB; SSIM: 0.7670 ; RE: 0.1012.
21-09-17 20:16:50.271 : 03.png - PSNR: 30.67 dB; SSIM: 0.8348 ; RE: 0.1302.
21-09-17 20:16:52.762 : 04.png - PSNR: 27.18 dB; SSIM: 0.7723 ; RE: 0.1476.
21-09-17 20:16:55.250 : 05.png - PSNR: 27.52 dB; SSIM: 0.7662 ; RE: 0.1333.
21-09-17 20:16:57.771 : 06.png - PSNR: 27.03 dB; SSIM: 0.6954 ; RE: 0.0925.
21-09-17 20:17:00.372 : 07.png - PSNR: 27.20 dB; SSIM: 0.7733 ; RE: 0.1061.
21-09-17 20:17:02.920 : 08.png - PSNR: 27.72 dB; SSIM: 0.4958 ; RE: 0.2000.
21-09-17 20:17:05.578 : 09.png - PSNR: 29.61 dB; SSIM: 0.8000 ; RE: 0.1197.
21-09-17 20:17:08.233 : 10.png - PSNR: 28.03 dB; SSIM: 0.5070 ; RE: 0.1366.
21-09-17 20:17:10.803 : 11.png - PSNR: 28.91 dB; SSIM: 0.8050 ; RE: 0.1809.
21-09-17 20:17:13.600 : 12.png - PSNR: 27.98 dB; SSIM: 0.6785 ; RE: 0.1484.
21-09-17 20:17:16.302 : 13.png - PSNR: 27.64 dB; SSIM: 0.6898 ; RE: 0.1148.
21-09-17 20:17:19.063 : 14.png - PSNR: 28.13 dB; SSIM: 0.6892 ; RE: 0.0891.
21-09-17 20:17:21.875 : 15.png - PSNR: 29.98 dB; SSIM: 0.7983 ; RE: 0.1004.
21-09-17 20:17:21.875 : ------> testset_name: (Set), Average PSNR:(28.129)dB, Average ssim : (0.716), Average re : (0.127) )
