21-06-27 21:32:28.586 : testsets\Set
21-06-27 21:32:28.721 : 01.png - PSNR: 13.75 dB; SSIM: 0.2051 ; RE: 0.5296.
21-06-27 21:32:28.884 : 02.png - PSNR: 19.61 dB; SSIM: 0.3232 ; RE: 0.5272.
21-06-27 21:32:29.024 : 03.png - PSNR: 16.50 dB; SSIM: 0.3466 ; RE: 0.6657.
21-06-27 21:32:29.194 : 04.png - PSNR: 15.35 dB; SSIM: 0.1321 ; RE: 0.5881.
21-06-27 21:32:29.357 : 05.png - PSNR: 14.89 dB; SSIM: 0.1618 ; RE: 0.5711.
21-06-27 21:32:29.502 : 06.png - PSNR: 13.19 dB; SSIM: 0.2830 ; RE: 0.4550.
21-06-27 21:32:29.640 : 07.png - PSNR: 14.13 dB; SSIM: 0.3357 ; RE: 0.4775.
21-06-27 21:32:29.774 : 08.png - PSNR: 15.90 dB; SSIM: 0.0428 ; RE: 0.7804.
21-06-27 21:32:29.918 : 09.png - PSNR: 14.49 dB; SSIM: 0.2091 ; RE: 0.6826.
21-06-27 21:32:30.074 : 10.png - PSNR: 13.00 dB; SSIM: 0.2435 ; RE: 0.5083.
21-06-27 21:32:30.240 : 11.png - PSNR: 14.64 dB; SSIM: 0.2128 ; RE: 0.5874.
21-06-27 21:32:30.396 : 12.png - PSNR: 14.13 dB; SSIM: 0.1289 ; RE: 0.7310.
21-06-27 21:32:30.521 : 13.png - PSNR: 13.64 dB; SSIM: 0.1941 ; RE: 0.5750.
21-06-27 21:32:30.674 : 14.png - PSNR: 14.26 dB; SSIM: 0.4018 ; RE: 0.5032.
21-06-27 21:32:30.829 : 15.png - PSNR: 15.44 dB; SSIM: 0.3393 ; RE: 0.5698.
21-06-27 21:32:30.829 : ------> testset_name: (Set), alpha: (0.050), Average PSNR:(14.862)dB, Average ssim : (0.237), Average re : (0.583) )
21-06-27 21:32:30.830 : testsets\Set
21-06-27 21:32:30.959 : 01.png - PSNR: 13.75 dB; SSIM: 0.1977 ; RE: 0.5295.
21-06-27 21:32:31.131 : 02.png - PSNR: 19.55 dB; SSIM: 0.3212 ; RE: 0.5314.
21-06-27 21:32:31.278 : 03.png - PSNR: 16.45 dB; SSIM: 0.3377 ; RE: 0.6691.
21-06-27 21:32:31.407 : 04.png - PSNR: 15.37 dB; SSIM: 0.1303 ; RE: 0.5872.
21-06-27 21:32:31.557 : 05.png - PSNR: 14.88 dB; SSIM: 0.1572 ; RE: 0.5717.
21-06-27 21:32:31.725 : 06.png - PSNR: 13.21 dB; SSIM: 0.2729 ; RE: 0.4539.
21-06-27 21:32:31.870 : 07.png - PSNR: 14.10 dB; SSIM: 0.3245 ; RE: 0.4791.
21-06-27 21:32:32.073 : 08.png - PSNR: 15.91 dB; SSIM: 0.0432 ; RE: 0.7792.
21-06-27 21:32:32.292 : 09.png - PSNR: 14.55 dB; SSIM: 0.2065 ; RE: 0.6780.
21-06-27 21:32:32.451 : 10.png - PSNR: 12.97 dB; SSIM: 0.2242 ; RE: 0.5104.
21-06-27 21:32:32.612 : 11.png - PSNR: 14.62 dB; SSIM: 0.2034 ; RE: 0.5888.
21-06-27 21:32:32.770 : 12.png - PSNR: 14.09 dB; SSIM: 0.1240 ; RE: 0.7338.
21-06-27 21:32:32.915 : 13.png - PSNR: 13.62 dB; SSIM: 0.1849 ; RE: 0.5767.
21-06-27 21:32:33.069 : 14.png - PSNR: 14.18 dB; SSIM: 0.3802 ; RE: 0.5079.
21-06-27 21:32:33.247 : 15.png - PSNR: 15.40 dB; SSIM: 0.3327 ; RE: 0.5726.
21-06-27 21:32:33.247 : ------> testset_name: (Set), alpha: (0.050), Average PSNR:(14.843)dB, Average ssim : (0.229), Average re : (0.585) )
21-06-27 21:32:33.248 : testsets\Set
21-06-27 21:32:33.379 : 01.png - PSNR: 13.58 dB; SSIM: 0.1784 ; RE: 0.5396.
21-06-27 21:32:33.523 : 02.png - PSNR: 19.04 dB; SSIM: 0.3027 ; RE: 0.5634.
21-06-27 21:32:33.663 : 03.png - PSNR: 16.30 dB; SSIM: 0.3311 ; RE: 0.6808.
21-06-27 21:32:33.826 : 04.png - PSNR: 15.16 dB; SSIM: 0.1164 ; RE: 0.6011.
21-06-27 21:32:33.978 : 05.png - PSNR: 14.59 dB; SSIM: 0.1270 ; RE: 0.5915.
21-06-27 21:32:36.888 : testsets\Set
21-06-27 21:32:37.024 : 01.png - PSNR: 13.75 dB; SSIM: 0.2051 ; RE: 0.5296.
21-06-27 21:32:37.178 : 02.png - PSNR: 19.61 dB; SSIM: 0.3232 ; RE: 0.5272.
21-06-27 21:32:37.331 : 03.png - PSNR: 16.50 dB; SSIM: 0.3466 ; RE: 0.6657.
21-06-27 21:32:37.471 : 04.png - PSNR: 15.35 dB; SSIM: 0.1321 ; RE: 0.5881.
21-06-27 21:32:37.608 : 05.png - PSNR: 14.89 dB; SSIM: 0.1618 ; RE: 0.5711.
21-06-27 21:32:37.758 : 06.png - PSNR: 13.19 dB; SSIM: 0.2830 ; RE: 0.4550.
21-06-27 21:32:37.933 : 07.png - PSNR: 14.13 dB; SSIM: 0.3357 ; RE: 0.4775.
21-06-27 21:32:38.082 : 08.png - PSNR: 15.90 dB; SSIM: 0.0428 ; RE: 0.7804.
21-06-27 21:32:38.235 : 09.png - PSNR: 14.49 dB; SSIM: 0.2091 ; RE: 0.6826.
21-06-27 21:32:38.371 : 10.png - PSNR: 13.00 dB; SSIM: 0.2435 ; RE: 0.5083.
21-06-27 21:32:38.518 : 11.png - PSNR: 14.64 dB; SSIM: 0.2128 ; RE: 0.5874.
21-06-27 21:32:38.675 : 12.png - PSNR: 14.13 dB; SSIM: 0.1289 ; RE: 0.7310.
21-06-27 21:34:55.043 : testsets\Set
21-06-27 21:35:15.317 : testsets\Set
21-06-27 21:35:15.451 : 01.png - PSNR: 15.47 dB; SSIM: 0.5167 ; RE: 0.4343.
21-06-27 21:35:15.594 : 02.png - PSNR: 21.13 dB; SSIM: 0.4831 ; RE: 0.4429.
21-06-27 21:35:15.739 : 03.png - PSNR: 16.72 dB; SSIM: 0.2314 ; RE: 0.6487.
21-06-27 21:35:15.885 : 04.png - PSNR: 17.46 dB; SSIM: 0.4174 ; RE: 0.4612.
21-06-27 21:35:16.015 : 05.png - PSNR: 16.86 dB; SSIM: 0.4249 ; RE: 0.4551.
21-06-27 21:35:16.156 : 06.png - PSNR: 14.75 dB; SSIM: 0.4780 ; RE: 0.3805.
21-06-27 21:35:16.318 : 07.png - PSNR: 15.66 dB; SSIM: 0.6050 ; RE: 0.4003.
21-06-27 21:35:16.469 : 08.png - PSNR: 17.78 dB; SSIM: 0.3146 ; RE: 0.6282.
21-06-27 21:35:16.601 : 09.png - PSNR: 15.79 dB; SSIM: 0.4631 ; RE: 0.5875.
21-06-27 21:35:16.742 : 10.png - PSNR: 14.47 dB; SSIM: 0.4072 ; RE: 0.4296.
21-06-27 21:35:16.872 : 11.png - PSNR: 15.93 dB; SSIM: 0.4032 ; RE: 0.5064.
21-06-27 21:35:17.022 : 12.png - PSNR: 15.09 dB; SSIM: 0.2656 ; RE: 0.6546.
21-06-27 21:35:17.166 : 13.png - PSNR: 14.78 dB; SSIM: 0.3050 ; RE: 0.5045.
21-06-27 21:35:17.307 : 14.png - PSNR: 15.44 dB; SSIM: 0.4573 ; RE: 0.4396.
21-06-27 21:35:17.483 : 15.png - PSNR: 16.33 dB; SSIM: 0.3751 ; RE: 0.5148.
21-06-27 21:35:25.728 : testsets\Set
21-06-27 21:35:25.864 : 01.png - PSNR: 23.46 dB; SSIM: 0.4406 ; RE: 0.1730.
21-06-27 21:35:26.006 : 02.png - PSNR: 25.26 dB; SSIM: 0.5143 ; RE: 0.2751.
21-06-27 21:35:26.155 : 03.png - PSNR: 23.98 dB; SSIM: 0.4242 ; RE: 0.2812.
21-06-27 21:35:26.296 : 04.png - PSNR: 24.85 dB; SSIM: 0.3586 ; RE: 0.1971.
21-06-27 21:35:26.431 : 05.png - PSNR: 23.96 dB; SSIM: 0.3838 ; RE: 0.2011.
21-06-27 21:35:26.577 : 06.png - PSNR: 22.81 dB; SSIM: 0.5577 ; RE: 0.1503.
21-06-27 21:35:26.728 : 07.png - PSNR: 23.13 dB; SSIM: 0.5770 ; RE: 0.1694.
21-06-27 21:35:26.867 : 08.png - PSNR: 25.03 dB; SSIM: 0.3182 ; RE: 0.2726.
21-06-27 21:35:27.014 : 09.png - PSNR: 23.44 dB; SSIM: 0.5221 ; RE: 0.2435.
21-06-27 21:35:27.153 : 10.png - PSNR: 22.69 dB; SSIM: 0.4826 ; RE: 0.1666.
21-06-27 21:35:27.291 : 11.png - PSNR: 23.86 dB; SSIM: 0.4733 ; RE: 0.2032.
21-06-27 21:35:27.436 : 12.png - PSNR: 23.26 dB; SSIM: 0.4567 ; RE: 0.2556.
21-06-27 21:35:27.572 : 13.png - PSNR: 22.88 dB; SSIM: 0.4640 ; RE: 0.1986.
21-06-27 21:35:27.722 : 14.png - PSNR: 22.14 dB; SSIM: 0.6240 ; RE: 0.2032.
21-06-27 21:35:27.874 : 15.png - PSNR: 23.32 dB; SSIM: 0.5392 ; RE: 0.2301.
21-06-27 21:35:42.231 : testsets\Set
21-06-27 21:35:42.364 : 01.png - PSNR: 23.46 dB; SSIM: 0.4406 ; RE: 0.1730.
21-06-27 21:35:42.508 : 02.png - PSNR: 25.26 dB; SSIM: 0.5143 ; RE: 0.2751.
21-06-27 21:35:42.659 : 03.png - PSNR: 23.98 dB; SSIM: 0.4242 ; RE: 0.2812.
21-06-27 21:35:42.786 : 04.png - PSNR: 24.85 dB; SSIM: 0.3586 ; RE: 0.1971.
21-06-27 21:35:42.946 : 05.png - PSNR: 23.96 dB; SSIM: 0.3838 ; RE: 0.2011.
21-06-27 21:35:43.090 : 06.png - PSNR: 22.81 dB; SSIM: 0.5577 ; RE: 0.1503.
21-06-27 21:35:43.223 : 07.png - PSNR: 23.13 dB; SSIM: 0.5770 ; RE: 0.1694.
21-06-27 21:35:43.368 : 08.png - PSNR: 25.03 dB; SSIM: 0.3182 ; RE: 0.2726.
21-06-27 21:35:43.521 : 09.png - PSNR: 23.44 dB; SSIM: 0.5221 ; RE: 0.2435.
21-06-27 21:35:43.665 : 10.png - PSNR: 22.69 dB; SSIM: 0.4826 ; RE: 0.1666.
21-06-27 21:35:43.805 : 11.png - PSNR: 23.86 dB; SSIM: 0.4733 ; RE: 0.2032.
21-06-27 21:35:43.941 : 12.png - PSNR: 23.26 dB; SSIM: 0.4567 ; RE: 0.2556.
21-06-27 21:35:44.091 : 13.png - PSNR: 22.88 dB; SSIM: 0.4640 ; RE: 0.1986.
21-06-27 21:35:44.241 : 14.png - PSNR: 22.14 dB; SSIM: 0.6240 ; RE: 0.2032.
21-06-27 21:35:44.392 : 15.png - PSNR: 23.32 dB; SSIM: 0.5392 ; RE: 0.2301.
21-06-27 21:36:02.155 : testsets\Set
21-06-27 21:36:02.292 : 01.png - PSNR: 23.46 dB; SSIM: 0.4406 ; RE: 0.1730.
21-06-27 21:36:02.450 : 02.png - PSNR: 25.26 dB; SSIM: 0.5143 ; RE: 0.2751.
21-06-27 21:36:02.611 : 03.png - PSNR: 23.98 dB; SSIM: 0.4242 ; RE: 0.2812.
21-06-27 21:36:02.763 : 04.png - PSNR: 24.85 dB; SSIM: 0.3586 ; RE: 0.1971.
21-06-27 21:36:02.897 : 05.png - PSNR: 23.96 dB; SSIM: 0.3838 ; RE: 0.2011.
21-06-27 21:36:03.069 : 06.png - PSNR: 22.81 dB; SSIM: 0.5577 ; RE: 0.1503.
21-06-27 21:36:03.230 : 07.png - PSNR: 23.13 dB; SSIM: 0.5770 ; RE: 0.1694.
21-06-27 21:36:03.367 : 08.png - PSNR: 25.03 dB; SSIM: 0.3182 ; RE: 0.2726.
21-06-27 21:36:03.502 : 09.png - PSNR: 23.44 dB; SSIM: 0.5221 ; RE: 0.2435.
21-06-27 21:36:03.657 : 10.png - PSNR: 22.69 dB; SSIM: 0.4826 ; RE: 0.1666.
21-06-27 21:36:03.805 : 11.png - PSNR: 23.86 dB; SSIM: 0.4733 ; RE: 0.2032.
21-06-27 21:36:03.956 : 12.png - PSNR: 23.26 dB; SSIM: 0.4567 ; RE: 0.2556.
21-06-27 21:36:04.102 : 13.png - PSNR: 22.88 dB; SSIM: 0.4640 ; RE: 0.1986.
21-06-27 21:36:04.249 : 14.png - PSNR: 22.14 dB; SSIM: 0.6240 ; RE: 0.2032.
21-06-27 21:36:04.388 : 15.png - PSNR: 23.32 dB; SSIM: 0.5392 ; RE: 0.2301.
21-06-27 21:36:04.388 : ------> testset_name: (Set), Average PSNR:(23.606)dB, Average ssim : (0.476), Average re : (0.215) )
21-06-27 21:36:04.389 : testsets\Set
21-06-27 21:36:04.527 : 01.png - PSNR: 23.56 dB; SSIM: 0.4419 ; RE: 0.1711.
21-06-27 21:36:04.661 : 02.png - PSNR: 24.98 dB; SSIM: 0.5107 ; RE: 0.2843.
21-06-27 21:36:04.791 : 03.png - PSNR: 23.88 dB; SSIM: 0.4128 ; RE: 0.2846.
21-06-27 21:36:04.936 : 04.png - PSNR: 25.07 dB; SSIM: 0.3643 ; RE: 0.1922.
21-06-27 21:36:05.087 : 05.png - PSNR: 23.93 dB; SSIM: 0.3772 ; RE: 0.2018.
21-06-27 21:36:05.230 : 06.png - PSNR: 23.12 dB; SSIM: 0.5579 ; RE: 0.1450.
21-06-27 21:36:05.360 : 07.png - PSNR: 23.41 dB; SSIM: 0.5871 ; RE: 0.1641.
21-06-27 21:36:05.497 : 08.png - PSNR: 25.03 dB; SSIM: 0.3139 ; RE: 0.2727.
21-06-27 21:36:05.659 : 09.png - PSNR: 24.30 dB; SSIM: 0.5360 ; RE: 0.2207.
21-06-27 21:36:05.810 : 10.png - PSNR: 22.83 dB; SSIM: 0.4776 ; RE: 0.1639.
21-06-27 21:36:05.962 : 11.png - PSNR: 23.98 dB; SSIM: 0.4724 ; RE: 0.2004.
21-06-27 21:36:06.132 : 12.png - PSNR: 23.21 dB; SSIM: 0.4400 ; RE: 0.2569.
21-06-27 21:36:06.292 : 13.png - PSNR: 22.81 dB; SSIM: 0.4476 ; RE: 0.2001.
21-06-27 21:36:06.437 : 14.png - PSNR: 22.11 dB; SSIM: 0.6123 ; RE: 0.2039.
21-06-27 21:36:06.585 : 15.png - PSNR: 23.16 dB; SSIM: 0.5270 ; RE: 0.2345.
21-06-27 21:36:06.585 : ------> testset_name: (Set), Average PSNR:(23.692)dB, Average ssim : (0.472), Average re : (0.213) )
21-06-27 21:36:06.586 : testsets\Set
21-06-27 21:36:06.723 : 01.png - PSNR: 22.80 dB; SSIM: 0.4178 ; RE: 0.1867.
21-06-27 21:36:06.868 : 02.png - PSNR: 23.17 dB; SSIM: 0.4717 ; RE: 0.3500.
21-06-27 21:36:07.005 : 03.png - PSNR: 23.08 dB; SSIM: 0.3640 ; RE: 0.3121.
21-06-27 21:36:07.134 : 04.png - PSNR: 24.41 dB; SSIM: 0.3440 ; RE: 0.2073.
21-06-27 21:36:07.281 : 05.png - PSNR: 22.93 dB; SSIM: 0.3379 ; RE: 0.2264.
21-06-27 21:36:07.440 : 06.png - PSNR: 22.21 dB; SSIM: 0.5125 ; RE: 0.1611.
21-06-27 21:36:07.579 : 07.png - PSNR: 21.97 dB; SSIM: 0.5298 ; RE: 0.1937.
21-06-27 21:36:07.719 : 08.png - PSNR: 24.49 dB; SSIM: 0.2828 ; RE: 0.2902.
21-06-27 21:36:07.853 : 09.png - PSNR: 22.05 dB; SSIM: 0.4823 ; RE: 0.2859.
21-06-27 21:36:07.994 : 10.png - PSNR: 22.04 dB; SSIM: 0.4550 ; RE: 0.1795.
21-06-27 21:36:08.148 : 11.png - PSNR: 23.17 dB; SSIM: 0.4409 ; RE: 0.2199.
21-06-27 21:36:08.283 : 12.png - PSNR: 22.89 dB; SSIM: 0.4263 ; RE: 0.2665.
21-06-27 21:36:08.432 : 13.png - PSNR: 21.70 dB; SSIM: 0.3733 ; RE: 0.2274.
21-06-27 21:36:08.579 : 14.png - PSNR: 19.82 dB; SSIM: 0.5108 ; RE: 0.2654.
21-06-27 21:36:08.703 : 15.png - PSNR: 21.80 dB; SSIM: 0.4596 ; RE: 0.2743.
21-06-27 21:36:08.703 : ------> testset_name: (Set), Average PSNR:(22.569)dB, Average ssim : (0.427), Average re : (0.243) )
21-06-27 21:36:15.369 : testsets\Set
21-06-27 21:36:15.547 : 01.png - PSNR: 23.46 dB; SSIM: 0.4406 ; RE: 0.1730.
21-06-27 21:36:15.755 : 02.png - PSNR: 25.26 dB; SSIM: 0.5143 ; RE: 0.2751.
21-06-27 21:36:15.961 : 03.png - PSNR: 23.98 dB; SSIM: 0.4242 ; RE: 0.2812.
21-06-27 21:36:16.168 : 04.png - PSNR: 24.85 dB; SSIM: 0.3586 ; RE: 0.1971.
21-06-27 21:36:16.374 : 05.png - PSNR: 23.96 dB; SSIM: 0.3838 ; RE: 0.2011.
21-06-27 21:36:16.572 : 06.png - PSNR: 22.81 dB; SSIM: 0.5577 ; RE: 0.1503.
21-06-27 21:36:16.790 : 07.png - PSNR: 23.13 dB; SSIM: 0.5770 ; RE: 0.1694.
21-06-27 21:36:16.996 : 08.png - PSNR: 25.03 dB; SSIM: 0.3182 ; RE: 0.2726.
21-06-27 21:36:17.200 : 09.png - PSNR: 23.44 dB; SSIM: 0.5221 ; RE: 0.2435.
21-06-27 21:36:17.405 : 10.png - PSNR: 22.69 dB; SSIM: 0.4826 ; RE: 0.1666.
21-06-27 21:36:17.631 : 11.png - PSNR: 23.86 dB; SSIM: 0.4733 ; RE: 0.2032.
21-06-27 21:36:17.838 : 12.png - PSNR: 23.26 dB; SSIM: 0.4567 ; RE: 0.2556.
21-06-27 21:36:18.056 : 13.png - PSNR: 22.88 dB; SSIM: 0.4640 ; RE: 0.1986.
21-06-27 21:36:18.263 : 14.png - PSNR: 22.14 dB; SSIM: 0.6240 ; RE: 0.2032.
21-06-27 21:36:18.468 : 15.png - PSNR: 23.32 dB; SSIM: 0.5392 ; RE: 0.2301.
21-06-27 21:36:18.468 : ------> testset_name: (Set), Average PSNR:(23.606)dB, Average ssim : (0.476), Average re : (0.215) )
21-06-27 21:36:18.469 : testsets\Set
21-06-27 21:36:18.685 : 01.png - PSNR: 23.56 dB; SSIM: 0.4419 ; RE: 0.1711.
21-06-27 21:36:18.894 : 02.png - PSNR: 24.98 dB; SSIM: 0.5107 ; RE: 0.2843.
21-06-27 21:36:19.102 : 03.png - PSNR: 23.88 dB; SSIM: 0.4128 ; RE: 0.2846.
21-06-27 21:36:19.295 : 04.png - PSNR: 25.07 dB; SSIM: 0.3643 ; RE: 0.1922.
21-06-27 21:36:19.497 : 05.png - PSNR: 23.93 dB; SSIM: 0.3772 ; RE: 0.2018.
21-06-27 21:36:19.695 : 06.png - PSNR: 23.12 dB; SSIM: 0.5579 ; RE: 0.1450.
21-06-27 21:36:19.887 : 07.png - PSNR: 23.41 dB; SSIM: 0.5871 ; RE: 0.1641.
21-06-27 21:36:20.082 : 08.png - PSNR: 25.03 dB; SSIM: 0.3139 ; RE: 0.2727.
21-06-27 21:36:20.279 : 09.png - PSNR: 24.30 dB; SSIM: 0.5360 ; RE: 0.2207.
21-06-27 21:36:20.473 : 10.png - PSNR: 22.83 dB; SSIM: 0.4776 ; RE: 0.1639.
21-06-27 21:36:20.668 : 11.png - PSNR: 23.98 dB; SSIM: 0.4724 ; RE: 0.2004.
21-06-27 21:36:20.864 : 12.png - PSNR: 23.21 dB; SSIM: 0.4400 ; RE: 0.2569.
21-06-27 21:36:21.060 : 13.png - PSNR: 22.81 dB; SSIM: 0.4476 ; RE: 0.2001.
21-06-27 21:36:21.266 : 14.png - PSNR: 22.11 dB; SSIM: 0.6123 ; RE: 0.2039.
21-06-27 21:36:21.458 : 15.png - PSNR: 23.16 dB; SSIM: 0.5270 ; RE: 0.2345.
21-06-27 21:36:21.458 : ------> testset_name: (Set), Average PSNR:(23.692)dB, Average ssim : (0.472), Average re : (0.213) )
21-06-27 21:36:21.460 : testsets\Set
21-06-27 21:36:21.652 : 01.png - PSNR: 22.80 dB; SSIM: 0.4178 ; RE: 0.1867.
21-06-27 21:36:21.847 : 02.png - PSNR: 23.17 dB; SSIM: 0.4717 ; RE: 0.3500.
21-06-27 21:36:22.041 : 03.png - PSNR: 23.08 dB; SSIM: 0.3640 ; RE: 0.3121.
21-06-27 21:36:22.232 : 04.png - PSNR: 24.41 dB; SSIM: 0.3440 ; RE: 0.2073.
21-06-27 21:36:22.440 : 05.png - PSNR: 22.93 dB; SSIM: 0.3379 ; RE: 0.2264.
21-06-27 21:36:22.656 : 06.png - PSNR: 22.21 dB; SSIM: 0.5125 ; RE: 0.1611.
21-06-27 21:36:22.856 : 07.png - PSNR: 21.97 dB; SSIM: 0.5298 ; RE: 0.1937.
21-06-27 21:36:23.113 : 08.png - PSNR: 24.49 dB; SSIM: 0.2828 ; RE: 0.2902.
21-06-27 21:36:23.324 : 09.png - PSNR: 22.05 dB; SSIM: 0.4823 ; RE: 0.2859.
21-06-27 21:36:23.530 : 10.png - PSNR: 22.04 dB; SSIM: 0.4550 ; RE: 0.1795.
21-06-27 21:36:23.728 : 11.png - PSNR: 23.17 dB; SSIM: 0.4409 ; RE: 0.2199.
21-06-27 21:36:23.928 : 12.png - PSNR: 22.89 dB; SSIM: 0.4263 ; RE: 0.2665.
21-06-27 21:36:24.124 : 13.png - PSNR: 21.70 dB; SSIM: 0.3733 ; RE: 0.2274.
21-06-27 21:36:24.320 : 14.png - PSNR: 19.82 dB; SSIM: 0.5108 ; RE: 0.2654.
21-06-27 21:36:24.509 : 15.png - PSNR: 21.80 dB; SSIM: 0.4596 ; RE: 0.2743.
21-06-27 21:36:24.510 : ------> testset_name: (Set), Average PSNR:(22.569)dB, Average ssim : (0.427), Average re : (0.243) )
21-06-27 21:36:27.557 : testsets\Set
21-06-27 21:36:27.888 : 01.png - PSNR: 20.87 dB; SSIM: 0.6301 ; RE: 0.2333.
21-06-27 21:36:28.292 : 02.png - PSNR: 24.30 dB; SSIM: 0.4571 ; RE: 0.3074.
21-06-27 21:36:28.652 : 03.png - PSNR: 20.80 dB; SSIM: 0.3674 ; RE: 0.4055.
21-06-27 21:36:29.040 : 04.png - PSNR: 22.87 dB; SSIM: 0.7330 ; RE: 0.2476.
21-06-27 21:36:29.399 : 05.png - PSNR: 22.12 dB; SSIM: 0.6946 ; RE: 0.2484.
21-06-27 21:36:29.775 : 06.png - PSNR: 20.04 dB; SSIM: 0.6311 ; RE: 0.2068.
21-06-27 21:36:30.137 : 07.png - PSNR: 20.81 dB; SSIM: 0.6486 ; RE: 0.2214.
21-06-27 21:36:30.516 : 08.png - PSNR: 22.91 dB; SSIM: 0.6385 ; RE: 0.3478.
21-06-27 21:36:30.904 : 09.png - PSNR: 20.78 dB; SSIM: 0.5077 ; RE: 0.3309.
21-06-27 21:36:31.316 : 10.png - PSNR: 19.75 dB; SSIM: 0.4823 ; RE: 0.2338.
21-06-27 21:36:31.691 : 11.png - PSNR: 20.93 dB; SSIM: 0.4691 ; RE: 0.2847.
21-06-27 21:36:32.060 : 12.png - PSNR: 20.06 dB; SSIM: 0.4693 ; RE: 0.3692.
21-06-27 21:36:32.445 : 13.png - PSNR: 19.80 dB; SSIM: 0.4947 ; RE: 0.2829.
21-06-27 21:36:32.841 : 14.png - PSNR: 19.94 dB; SSIM: 0.5957 ; RE: 0.2618.
21-06-27 21:36:33.208 : 15.png - PSNR: 20.72 dB; SSIM: 0.4807 ; RE: 0.3104.
21-06-27 21:36:33.209 : ------> testset_name: (Set), Average PSNR:(21.114)dB, Average ssim : (0.553), Average re : (0.286) )
21-06-27 21:36:33.210 : testsets\Set
21-06-27 21:36:33.571 : 01.png - PSNR: 20.90 dB; SSIM: 0.6258 ; RE: 0.2325.
21-06-27 21:36:33.941 : 02.png - PSNR: 24.07 dB; SSIM: 0.4474 ; RE: 0.3155.
21-06-27 21:36:34.311 : 03.png - PSNR: 20.74 dB; SSIM: 0.3561 ; RE: 0.4083.
21-06-27 21:36:34.683 : 04.png - PSNR: 22.96 dB; SSIM: 0.7420 ; RE: 0.2450.
21-06-27 21:36:35.066 : 05.png - PSNR: 22.05 dB; SSIM: 0.6894 ; RE: 0.2504.
21-06-27 21:36:35.443 : 06.png - PSNR: 20.17 dB; SSIM: 0.6266 ; RE: 0.2039.
21-06-27 21:36:35.831 : 07.png - PSNR: 20.87 dB; SSIM: 0.6437 ; RE: 0.2198.
21-06-27 21:36:36.226 : 08.png - PSNR: 22.91 dB; SSIM: 0.6369 ; RE: 0.3482.
21-06-27 21:36:36.595 : 09.png - PSNR: 21.16 dB; SSIM: 0.5032 ; RE: 0.3168.
21-06-27 21:36:36.984 : 10.png - PSNR: 19.78 dB; SSIM: 0.4641 ; RE: 0.2329.
21-06-27 21:36:37.361 : 11.png - PSNR: 20.97 dB; SSIM: 0.4560 ; RE: 0.2834.
21-06-27 21:36:37.750 : 12.png - PSNR: 20.04 dB; SSIM: 0.4530 ; RE: 0.3699.
21-06-27 21:36:38.137 : 13.png - PSNR: 19.75 dB; SSIM: 0.4757 ; RE: 0.2846.
21-06-27 21:36:38.506 : 14.png - PSNR: 19.85 dB; SSIM: 0.5672 ; RE: 0.2644.
21-06-27 21:36:38.882 : 15.png - PSNR: 20.61 dB; SSIM: 0.4608 ; RE: 0.3144.
21-06-27 21:36:38.882 : ------> testset_name: (Set), Average PSNR:(21.122)dB, Average ssim : (0.543), Average re : (0.286) )
21-06-27 21:36:38.884 : testsets\Set
21-06-27 21:36:39.260 : 01.png - PSNR: 20.46 dB; SSIM: 0.6014 ; RE: 0.2446.
21-06-27 21:36:39.640 : 02.png - PSNR: 22.53 dB; SSIM: 0.4042 ; RE: 0.3771.
21-06-27 21:36:40.012 : 03.png - PSNR: 20.35 dB; SSIM: 0.3151 ; RE: 0.4271.
21-06-27 21:36:40.399 : 04.png - PSNR: 22.55 dB; SSIM: 0.7263 ; RE: 0.2567.
21-06-27 21:36:40.778 : 05.png - PSNR: 21.32 dB; SSIM: 0.6573 ; RE: 0.2726.
21-06-27 21:36:41.162 : 06.png - PSNR: 19.67 dB; SSIM: 0.5866 ; RE: 0.2158.
21-06-27 21:36:41.527 : 07.png - PSNR: 20.02 dB; SSIM: 0.5920 ; RE: 0.2425.
21-06-27 21:36:41.920 : 08.png - PSNR: 22.51 dB; SSIM: 0.6096 ; RE: 0.3644.
21-06-27 21:36:42.303 : 09.png - PSNR: 19.92 dB; SSIM: 0.4677 ; RE: 0.3652.
21-06-27 21:36:42.672 : 10.png - PSNR: 19.37 dB; SSIM: 0.4487 ; RE: 0.2443.
21-06-27 21:36:43.024 : 11.png - PSNR: 20.55 dB; SSIM: 0.4369 ; RE: 0.2976.
21-06-27 21:36:43.406 : 12.png - PSNR: 19.86 dB; SSIM: 0.4389 ; RE: 0.3778.
21-06-27 21:36:43.775 : 13.png - PSNR: 19.16 dB; SSIM: 0.4107 ; RE: 0.3046.
21-06-27 21:36:44.169 : 14.png - PSNR: 18.38 dB; SSIM: 0.4819 ; RE: 0.3132.
21-06-27 21:36:44.567 : 15.png - PSNR: 19.82 dB; SSIM: 0.4066 ; RE: 0.3444.
21-06-27 21:36:44.567 : ------> testset_name: (Set), Average PSNR:(20.431)dB, Average ssim : (0.506), Average re : (0.310) )
21-06-27 21:38:03.980 : testsets\Set
21-06-27 21:38:04.335 : 01.png - PSNR: 10.99 dB; SSIM: 0.4250 ; RE: 0.7271.
21-06-27 21:38:04.693 : 02.png - PSNR: 17.68 dB; SSIM: 0.2779 ; RE: 0.6591.
21-06-27 21:38:05.033 : 03.png - PSNR: 14.56 dB; SSIM: 0.0983 ; RE: 0.8316.
21-06-27 21:38:05.409 : 04.png - PSNR: 13.09 dB; SSIM: 0.4870 ; RE: 0.7633.
21-06-27 21:38:05.792 : 05.png - PSNR: 12.84 dB; SSIM: 0.4455 ; RE: 0.7233.
21-06-27 21:38:06.185 : 06.png - PSNR: 10.27 dB; SSIM: 0.3360 ; RE: 0.6370.
21-06-27 21:38:06.576 : 07.png - PSNR: 11.59 dB; SSIM: 0.3895 ; RE: 0.6402.
21-06-27 21:38:06.994 : 08.png - PSNR: 14.35 dB; SSIM: 0.4036 ; RE: 0.9319.
21-06-27 21:38:07.377 : 09.png - PSNR: 12.32 dB; SSIM: 0.2230 ; RE: 0.8766.
21-06-27 21:38:07.786 : 10.png - PSNR: 10.01 dB; SSIM: 0.2183 ; RE: 0.7176.
21-06-27 21:38:08.247 : 11.png - PSNR: 12.25 dB; SSIM: 0.2315 ; RE: 0.7737.
21-06-27 21:38:08.658 : 12.png - PSNR: 12.44 dB; SSIM: 0.1360 ; RE: 0.8874.
21-06-27 21:38:11.747 : testsets\Set
21-06-27 21:38:12.110 : 01.png - PSNR: 23.88 dB; SSIM: 0.4069 ; RE: 0.1650.
21-06-27 21:38:12.517 : 02.png - PSNR: 24.38 dB; SSIM: 0.4496 ; RE: 0.3044.
21-06-27 21:38:12.899 : 03.png - PSNR: 24.77 dB; SSIM: 0.4218 ; RE: 0.2569.
21-06-27 21:38:13.297 : 04.png - PSNR: 24.37 dB; SSIM: 0.3266 ; RE: 0.2083.
21-06-27 21:38:13.724 : 05.png - PSNR: 23.76 dB; SSIM: 0.3625 ; RE: 0.2059.
21-06-27 21:38:14.131 : 06.png - PSNR: 23.62 dB; SSIM: 0.5496 ; RE: 0.1370.
21-06-27 21:38:14.550 : 07.png - PSNR: 23.54 dB; SSIM: 0.5439 ; RE: 0.1617.
21-06-27 21:38:14.940 : 08.png - PSNR: 24.52 dB; SSIM: 0.2856 ; RE: 0.2893.
21-06-27 21:38:15.341 : 09.png - PSNR: 23.88 dB; SSIM: 0.4758 ; RE: 0.2315.
21-06-27 21:38:15.743 : 10.png - PSNR: 23.63 dB; SSIM: 0.4695 ; RE: 0.1496.
21-06-27 21:38:16.150 : 11.png - PSNR: 24.40 dB; SSIM: 0.4400 ; RE: 0.1909.
21-06-27 21:38:16.541 : 12.png - PSNR: 24.13 dB; SSIM: 0.4533 ; RE: 0.2311.
21-06-27 21:38:16.977 : 13.png - PSNR: 23.82 dB; SSIM: 0.4653 ; RE: 0.1781.
21-06-27 21:38:17.384 : 14.png - PSNR: 22.81 dB; SSIM: 0.6198 ; RE: 0.1881.
21-06-27 21:38:17.784 : 15.png - PSNR: 23.84 dB; SSIM: 0.5249 ; RE: 0.2167.
21-06-27 21:38:17.784 : ------> testset_name: (Set), Average PSNR:(23.956)dB, Average ssim : (0.453), Average re : (0.208) )
21-06-27 21:38:17.786 : testsets\Set
21-06-27 21:38:18.170 : 01.png - PSNR: 23.94 dB; SSIM: 0.4030 ; RE: 0.1637.
21-06-27 21:38:18.571 : 02.png - PSNR: 24.16 dB; SSIM: 0.4430 ; RE: 0.3125.
21-06-27 21:38:18.984 : 03.png - PSNR: 24.64 dB; SSIM: 0.4100 ; RE: 0.2608.
21-06-27 21:38:19.358 : 04.png - PSNR: 24.52 dB; SSIM: 0.3273 ; RE: 0.2047.
21-06-27 21:38:19.774 : 05.png - PSNR: 23.71 dB; SSIM: 0.3535 ; RE: 0.2069.
21-06-27 21:38:20.167 : 06.png - PSNR: 23.90 dB; SSIM: 0.5457 ; RE: 0.1327.
21-06-27 21:38:20.577 : 07.png - PSNR: 23.80 dB; SSIM: 0.5444 ; RE: 0.1569.
21-06-27 21:38:20.986 : 08.png - PSNR: 24.50 dB; SSIM: 0.2802 ; RE: 0.2897.
21-06-27 21:38:21.377 : 09.png - PSNR: 24.76 dB; SSIM: 0.4848 ; RE: 0.2094.
21-06-27 21:38:21.807 : 10.png - PSNR: 23.73 dB; SSIM: 0.4602 ; RE: 0.1478.
21-06-27 21:38:22.228 : 11.png - PSNR: 24.48 dB; SSIM: 0.4345 ; RE: 0.1893.
21-06-27 21:38:22.632 : 12.png - PSNR: 24.05 dB; SSIM: 0.4360 ; RE: 0.2331.
21-06-27 21:38:23.027 : 13.png - PSNR: 23.70 dB; SSIM: 0.4468 ; RE: 0.1807.
21-06-27 21:38:23.428 : 14.png - PSNR: 22.70 dB; SSIM: 0.6059 ; RE: 0.1904.
21-06-27 21:38:23.819 : 15.png - PSNR: 23.62 dB; SSIM: 0.5101 ; RE: 0.2224.
21-06-27 21:38:23.819 : ------> testset_name: (Set), Average PSNR:(24.013)dB, Average ssim : (0.446), Average re : (0.207) )
21-06-27 21:38:23.821 : testsets\Set
21-06-27 21:38:24.208 : 01.png - PSNR: 23.13 dB; SSIM: 0.3744 ; RE: 0.1798.
21-06-27 21:38:24.590 : 02.png - PSNR: 22.67 dB; SSIM: 0.4032 ; RE: 0.3706.
21-06-27 21:38:24.980 : 03.png - PSNR: 23.70 dB; SSIM: 0.3602 ; RE: 0.2904.
21-06-27 21:38:25.341 : 04.png - PSNR: 23.96 dB; SSIM: 0.3064 ; RE: 0.2182.
21-06-27 21:38:25.725 : 05.png - PSNR: 22.80 dB; SSIM: 0.3115 ; RE: 0.2299.
21-06-27 21:38:26.104 : 06.png - PSNR: 22.86 dB; SSIM: 0.5002 ; RE: 0.1495.
21-06-27 21:38:26.490 : 07.png - PSNR: 22.27 dB; SSIM: 0.4865 ; RE: 0.1871.
21-06-27 21:38:26.861 : 08.png - PSNR: 24.04 dB; SSIM: 0.2468 ; RE: 0.3055.
21-06-27 21:38:27.246 : 09.png - PSNR: 22.39 dB; SSIM: 0.4336 ; RE: 0.2749.
21-06-27 21:38:27.639 : 10.png - PSNR: 22.81 dB; SSIM: 0.4362 ; RE: 0.1644.
21-06-27 21:38:28.025 : 11.png - PSNR: 23.63 dB; SSIM: 0.4045 ; RE: 0.2087.
21-06-27 21:38:28.411 : 12.png - PSNR: 23.68 dB; SSIM: 0.4195 ; RE: 0.2434.
21-06-27 21:38:28.795 : 13.png - PSNR: 22.41 dB; SSIM: 0.3731 ; RE: 0.2096.
21-06-27 21:38:29.171 : 14.png - PSNR: 20.18 dB; SSIM: 0.5038 ; RE: 0.2546.
21-06-27 21:38:29.565 : 15.png - PSNR: 22.16 dB; SSIM: 0.4425 ; RE: 0.2629.
21-06-27 21:38:29.565 : ------> testset_name: (Set), Average PSNR:(22.847)dB, Average ssim : (0.400), Average re : (0.237) )
21-07-01 15:28:43.484 : testsets\Set
21-07-01 15:28:43.791 : 01.png - PSNR: 23.88 dB; SSIM: 0.4069 ; RE: 0.1650.
21-07-01 15:28:44.090 : 02.png - PSNR: 24.38 dB; SSIM: 0.4496 ; RE: 0.3044.
21-07-01 15:28:44.375 : 03.png - PSNR: 24.77 dB; SSIM: 0.4218 ; RE: 0.2569.
21-07-01 15:28:44.701 : 04.png - PSNR: 24.37 dB; SSIM: 0.3266 ; RE: 0.2083.
21-07-01 15:28:44.997 : 05.png - PSNR: 23.76 dB; SSIM: 0.3625 ; RE: 0.2059.
21-07-01 15:28:45.327 : 06.png - PSNR: 23.62 dB; SSIM: 0.5496 ; RE: 0.1370.
21-07-01 15:28:45.667 : 07.png - PSNR: 23.54 dB; SSIM: 0.5439 ; RE: 0.1617.
21-07-01 15:28:45.984 : 08.png - PSNR: 24.52 dB; SSIM: 0.2856 ; RE: 0.2893.
21-07-01 15:28:46.311 : 09.png - PSNR: 23.88 dB; SSIM: 0.4758 ; RE: 0.2315.
21-07-01 15:28:46.636 : 10.png - PSNR: 23.63 dB; SSIM: 0.4695 ; RE: 0.1496.
21-07-01 15:28:46.934 : 11.png - PSNR: 24.40 dB; SSIM: 0.4400 ; RE: 0.1909.
21-07-01 15:28:47.272 : 12.png - PSNR: 24.13 dB; SSIM: 0.4533 ; RE: 0.2311.
21-07-01 15:28:47.608 : 13.png - PSNR: 23.82 dB; SSIM: 0.4653 ; RE: 0.1781.
21-07-01 15:28:47.970 : 14.png - PSNR: 22.81 dB; SSIM: 0.6198 ; RE: 0.1881.
21-07-01 15:28:48.351 : 15.png - PSNR: 23.84 dB; SSIM: 0.5249 ; RE: 0.2167.
21-07-01 15:28:48.351 : ------> testset_name: (Set), Average PSNR:(23.956)dB, Average ssim : (0.453), Average re : (0.208) )
21-07-01 15:28:48.352 : testsets\Set
21-07-01 15:28:48.702 : 01.png - PSNR: 23.94 dB; SSIM: 0.4030 ; RE: 0.1637.
21-07-01 15:28:49.049 : 02.png - PSNR: 24.16 dB; SSIM: 0.4430 ; RE: 0.3125.
21-07-01 15:28:49.388 : 03.png - PSNR: 24.64 dB; SSIM: 0.4100 ; RE: 0.2608.
21-07-01 15:28:49.733 : 04.png - PSNR: 24.52 dB; SSIM: 0.3273 ; RE: 0.2047.
21-07-01 15:28:50.041 : 05.png - PSNR: 23.71 dB; SSIM: 0.3535 ; RE: 0.2069.
21-07-01 15:28:50.402 : 06.png - PSNR: 23.90 dB; SSIM: 0.5457 ; RE: 0.1327.
21-07-01 15:28:50.739 : 07.png - PSNR: 23.80 dB; SSIM: 0.5444 ; RE: 0.1569.
21-07-01 15:28:51.118 : 08.png - PSNR: 24.50 dB; SSIM: 0.2802 ; RE: 0.2897.
21-07-01 15:28:51.482 : 09.png - PSNR: 24.76 dB; SSIM: 0.4848 ; RE: 0.2094.
21-07-01 15:28:51.855 : 10.png - PSNR: 23.73 dB; SSIM: 0.4602 ; RE: 0.1478.
21-07-01 15:28:52.202 : 11.png - PSNR: 24.48 dB; SSIM: 0.4345 ; RE: 0.1893.
21-07-01 15:28:52.556 : 12.png - PSNR: 24.05 dB; SSIM: 0.4360 ; RE: 0.2331.
21-07-01 15:28:52.914 : 13.png - PSNR: 23.70 dB; SSIM: 0.4468 ; RE: 0.1807.
21-07-01 15:28:53.267 : 14.png - PSNR: 22.70 dB; SSIM: 0.6059 ; RE: 0.1904.
21-07-01 15:28:53.626 : 15.png - PSNR: 23.62 dB; SSIM: 0.5101 ; RE: 0.2224.
21-07-01 15:28:53.626 : ------> testset_name: (Set), Average PSNR:(24.013)dB, Average ssim : (0.446), Average re : (0.207) )
21-07-01 15:28:53.628 : testsets\Set
21-07-01 15:28:53.965 : 01.png - PSNR: 23.13 dB; SSIM: 0.3744 ; RE: 0.1798.
21-07-01 15:28:54.329 : 02.png - PSNR: 22.67 dB; SSIM: 0.4032 ; RE: 0.3706.
21-07-01 15:28:54.699 : 03.png - PSNR: 23.70 dB; SSIM: 0.3602 ; RE: 0.2904.
21-07-01 15:28:55.033 : 04.png - PSNR: 23.96 dB; SSIM: 0.3064 ; RE: 0.2182.
21-07-01 15:28:55.401 : 05.png - PSNR: 22.80 dB; SSIM: 0.3115 ; RE: 0.2299.
21-07-01 15:28:55.803 : 06.png - PSNR: 22.86 dB; SSIM: 0.5002 ; RE: 0.1495.
21-07-01 15:28:56.267 : 07.png - PSNR: 22.27 dB; SSIM: 0.4865 ; RE: 0.1871.
21-07-01 15:28:56.675 : 08.png - PSNR: 24.04 dB; SSIM: 0.2468 ; RE: 0.3055.
21-07-01 15:28:57.025 : 09.png - PSNR: 22.39 dB; SSIM: 0.4336 ; RE: 0.2749.
21-07-01 15:28:57.362 : 10.png - PSNR: 22.81 dB; SSIM: 0.4362 ; RE: 0.1644.
21-07-01 15:28:57.703 : 11.png - PSNR: 23.63 dB; SSIM: 0.4045 ; RE: 0.2087.
21-07-01 15:28:58.023 : 12.png - PSNR: 23.68 dB; SSIM: 0.4195 ; RE: 0.2434.
21-07-01 15:28:58.381 : 13.png - PSNR: 22.41 dB; SSIM: 0.3731 ; RE: 0.2096.
21-07-01 15:28:58.710 : 14.png - PSNR: 20.18 dB; SSIM: 0.5038 ; RE: 0.2546.
21-07-01 15:28:59.078 : 15.png - PSNR: 22.16 dB; SSIM: 0.4425 ; RE: 0.2629.
21-07-01 15:28:59.078 : ------> testset_name: (Set), Average PSNR:(22.847)dB, Average ssim : (0.400), Average re : (0.237) )
21-08-31 16:30:39.540 : testsets\Set
21-08-31 16:30:40.032 : 01.png - PSNR: 23.88 dB; SSIM: 0.4069 ; RE: 0.1650.
21-08-31 16:30:40.431 : 02.png - PSNR: 24.38 dB; SSIM: 0.4496 ; RE: 0.3044.
21-08-31 16:30:40.819 : 03.png - PSNR: 24.77 dB; SSIM: 0.4218 ; RE: 0.2569.
21-08-31 16:30:41.260 : 04.png - PSNR: 24.37 dB; SSIM: 0.3266 ; RE: 0.2083.
21-08-31 16:30:41.623 : 05.png - PSNR: 23.76 dB; SSIM: 0.3625 ; RE: 0.2059.
21-08-31 16:30:42.071 : 06.png - PSNR: 23.62 dB; SSIM: 0.5496 ; RE: 0.1370.
21-08-31 16:30:42.461 : 07.png - PSNR: 23.54 dB; SSIM: 0.5439 ; RE: 0.1617.
21-08-31 16:30:42.811 : 08.png - PSNR: 24.52 dB; SSIM: 0.2856 ; RE: 0.2893.
21-08-31 16:30:43.143 : 09.png - PSNR: 23.88 dB; SSIM: 0.4758 ; RE: 0.2315.
21-08-31 16:30:43.477 : 10.png - PSNR: 23.63 dB; SSIM: 0.4695 ; RE: 0.1496.
21-08-31 16:30:43.833 : 11.png - PSNR: 24.40 dB; SSIM: 0.4400 ; RE: 0.1909.
21-08-31 16:30:44.179 : 12.png - PSNR: 24.13 dB; SSIM: 0.4533 ; RE: 0.2311.
21-08-31 16:30:44.519 : 13.png - PSNR: 23.82 dB; SSIM: 0.4653 ; RE: 0.1781.
21-08-31 16:30:44.873 : 14.png - PSNR: 22.81 dB; SSIM: 0.6198 ; RE: 0.1881.
21-08-31 16:30:45.329 : 15.png - PSNR: 23.84 dB; SSIM: 0.5249 ; RE: 0.2167.
21-08-31 16:31:18.984 : testsets\Set
21-08-31 16:31:19.333 : 01.png - PSNR: 23.88 dB; SSIM: 0.4069 ; RE: 0.1650.
21-08-31 16:31:19.689 : 02.png - PSNR: 24.38 dB; SSIM: 0.4496 ; RE: 0.3044.
21-08-31 16:31:20.072 : 03.png - PSNR: 24.77 dB; SSIM: 0.4218 ; RE: 0.2569.
21-08-31 16:31:20.418 : 04.png - PSNR: 24.37 dB; SSIM: 0.3266 ; RE: 0.2083.
21-08-31 16:31:20.763 : 05.png - PSNR: 23.76 dB; SSIM: 0.3625 ; RE: 0.2059.
21-08-31 16:31:21.173 : 06.png - PSNR: 23.62 dB; SSIM: 0.5496 ; RE: 0.1370.
21-08-31 16:31:21.607 : 07.png - PSNR: 23.54 dB; SSIM: 0.5439 ; RE: 0.1617.
21-08-31 16:31:22.016 : 08.png - PSNR: 24.52 dB; SSIM: 0.2856 ; RE: 0.2893.
21-08-31 16:31:22.365 : 09.png - PSNR: 23.88 dB; SSIM: 0.4758 ; RE: 0.2315.
21-08-31 16:31:22.718 : 10.png - PSNR: 23.63 dB; SSIM: 0.4695 ; RE: 0.1496.
21-08-31 16:31:23.075 : 11.png - PSNR: 24.40 dB; SSIM: 0.4400 ; RE: 0.1909.
21-08-31 16:31:23.433 : 12.png - PSNR: 24.13 dB; SSIM: 0.4533 ; RE: 0.2311.
21-08-31 16:31:23.795 : 13.png - PSNR: 23.82 dB; SSIM: 0.4653 ; RE: 0.1781.
21-08-31 16:31:24.168 : 14.png - PSNR: 22.81 dB; SSIM: 0.6198 ; RE: 0.1881.
21-08-31 16:31:24.532 : 15.png - PSNR: 23.84 dB; SSIM: 0.5249 ; RE: 0.2167.
21-08-31 16:31:24.908 : 17.png - PSNR: 23.32 dB; SSIM: 0.5422 ; RE: 0.1498.
21-08-31 16:31:25.255 : 18.png - PSNR: 23.43 dB; SSIM: 0.5040 ; RE: 0.2283.
21-08-31 16:31:25.607 : 19.png - PSNR: 22.14 dB; SSIM: 0.5015 ; RE: 0.1915.
21-08-31 16:31:25.979 : 20.png - PSNR: 21.35 dB; SSIM: 0.5233 ; RE: 0.2106.
21-08-31 16:31:26.396 : 21.png - PSNR: 22.76 dB; SSIM: 0.3719 ; RE: 0.2963.
21-08-31 16:31:26.743 : 22.png - PSNR: 24.04 dB; SSIM: 0.5180 ; RE: 0.1989.
21-08-31 16:31:26.744 : ------> testset_name: (Set), Average PSNR:(23.638)dB, Average ssim : (0.465), Average re : (0.209) )
21-08-31 16:31:26.745 : testsets\Set
21-08-31 16:31:27.103 : 01.png - PSNR: 23.94 dB; SSIM: 0.4030 ; RE: 0.1637.
21-08-31 16:31:27.452 : 02.png - PSNR: 24.16 dB; SSIM: 0.4430 ; RE: 0.3125.
21-08-31 16:31:27.815 : 03.png - PSNR: 24.64 dB; SSIM: 0.4100 ; RE: 0.2608.
21-08-31 16:31:28.165 : 04.png - PSNR: 24.52 dB; SSIM: 0.3273 ; RE: 0.2047.
21-08-31 16:31:28.512 : 05.png - PSNR: 23.71 dB; SSIM: 0.3535 ; RE: 0.2069.
21-08-31 16:31:28.863 : 06.png - PSNR: 23.90 dB; SSIM: 0.5457 ; RE: 0.1327.
21-08-31 16:31:29.197 : 07.png - PSNR: 23.80 dB; SSIM: 0.5444 ; RE: 0.1569.
21-08-31 16:31:29.598 : 08.png - PSNR: 24.50 dB; SSIM: 0.2802 ; RE: 0.2897.
21-08-31 16:31:29.985 : 09.png - PSNR: 24.76 dB; SSIM: 0.4848 ; RE: 0.2094.
21-08-31 16:31:30.400 : 10.png - PSNR: 23.73 dB; SSIM: 0.4602 ; RE: 0.1478.
21-08-31 16:31:30.754 : 11.png - PSNR: 24.48 dB; SSIM: 0.4345 ; RE: 0.1893.
21-08-31 16:31:31.158 : 12.png - PSNR: 24.05 dB; SSIM: 0.4360 ; RE: 0.2331.
21-08-31 16:31:31.499 : 13.png - PSNR: 23.70 dB; SSIM: 0.4468 ; RE: 0.1807.
21-08-31 16:31:31.860 : 14.png - PSNR: 22.70 dB; SSIM: 0.6059 ; RE: 0.1904.
21-08-31 16:31:32.205 : 15.png - PSNR: 23.62 dB; SSIM: 0.5101 ; RE: 0.2224.
21-08-31 16:31:32.547 : 17.png - PSNR: 23.36 dB; SSIM: 0.5356 ; RE: 0.1493.
21-08-31 16:31:32.897 : 18.png - PSNR: 23.17 dB; SSIM: 0.4800 ; RE: 0.2355.
21-08-31 16:31:33.274 : 19.png - PSNR: 21.77 dB; SSIM: 0.4806 ; RE: 0.2000.
21-08-31 16:31:33.625 : 20.png - PSNR: 20.94 dB; SSIM: 0.5069 ; RE: 0.2209.
21-08-31 16:31:33.988 : 21.png - PSNR: 22.46 dB; SSIM: 0.3610 ; RE: 0.3067.
21-08-31 16:31:34.350 : 22.png - PSNR: 24.02 dB; SSIM: 0.5066 ; RE: 0.1994.
21-08-31 16:31:34.350 : ------> testset_name: (Set), Average PSNR:(23.614)dB, Average ssim : (0.455), Average re : (0.210) )
21-08-31 16:31:34.352 : testsets\Set
21-08-31 16:31:34.686 : 01.png - PSNR: 23.13 dB; SSIM: 0.3744 ; RE: 0.1798.
21-08-31 16:31:35.046 : 02.png - PSNR: 22.67 dB; SSIM: 0.4032 ; RE: 0.3706.
21-08-31 16:31:35.450 : 03.png - PSNR: 23.70 dB; SSIM: 0.3602 ; RE: 0.2904.
21-08-31 16:31:35.796 : 04.png - PSNR: 23.96 dB; SSIM: 0.3064 ; RE: 0.2182.
21-08-31 16:31:36.126 : 05.png - PSNR: 22.80 dB; SSIM: 0.3115 ; RE: 0.2299.
21-08-31 16:31:36.531 : 06.png - PSNR: 22.86 dB; SSIM: 0.5002 ; RE: 0.1495.
21-08-31 16:31:36.885 : 07.png - PSNR: 22.27 dB; SSIM: 0.4865 ; RE: 0.1871.
21-08-31 16:31:37.309 : 08.png - PSNR: 24.04 dB; SSIM: 0.2468 ; RE: 0.3055.
21-08-31 16:31:37.682 : 09.png - PSNR: 22.39 dB; SSIM: 0.4336 ; RE: 0.2749.
21-08-31 16:31:38.059 : 10.png - PSNR: 22.81 dB; SSIM: 0.4362 ; RE: 0.1644.
21-08-31 16:31:38.392 : 11.png - PSNR: 23.63 dB; SSIM: 0.4045 ; RE: 0.2087.
21-08-31 16:31:38.780 : 12.png - PSNR: 23.68 dB; SSIM: 0.4195 ; RE: 0.2434.
21-08-31 16:31:39.235 : 13.png - PSNR: 22.41 dB; SSIM: 0.3731 ; RE: 0.2096.
21-08-31 16:31:39.635 : 14.png - PSNR: 20.18 dB; SSIM: 0.5038 ; RE: 0.2546.
21-08-31 16:31:40.015 : 15.png - PSNR: 22.16 dB; SSIM: 0.4425 ; RE: 0.2629.
21-08-31 16:31:40.348 : 17.png - PSNR: 21.61 dB; SSIM: 0.4808 ; RE: 0.1825.
21-08-31 16:31:40.684 : 18.png - PSNR: 21.49 dB; SSIM: 0.3927 ; RE: 0.2857.
21-08-31 16:31:41.034 : 19.png - PSNR: 20.32 dB; SSIM: 0.4270 ; RE: 0.2362.
21-08-31 16:31:41.419 : 20.png - PSNR: 19.39 dB; SSIM: 0.4463 ; RE: 0.2639.
21-08-31 16:31:41.817 : 21.png - PSNR: 21.43 dB; SSIM: 0.3148 ; RE: 0.3453.
21-08-31 16:31:42.181 : 22.png - PSNR: 23.04 dB; SSIM: 0.4585 ; RE: 0.2232.
21-08-31 16:31:42.181 : ------> testset_name: (Set), Average PSNR:(22.380)dB, Average ssim : (0.406), Average re : (0.242) )
21-08-31 16:32:24.242 : testsets\Set
21-08-31 16:32:24.595 : 01.png - PSNR: 23.88 dB; SSIM: 0.4069 ; RE: 0.1650.
21-08-31 16:32:24.942 : 02.png - PSNR: 24.38 dB; SSIM: 0.4496 ; RE: 0.3044.
21-08-31 16:32:25.290 : 03.png - PSNR: 24.77 dB; SSIM: 0.4218 ; RE: 0.2569.
21-08-31 16:32:25.634 : 04.png - PSNR: 24.37 dB; SSIM: 0.3266 ; RE: 0.2083.
21-08-31 16:32:25.989 : 05.png - PSNR: 23.76 dB; SSIM: 0.3625 ; RE: 0.2059.
21-08-31 16:32:26.411 : 06.png - PSNR: 23.62 dB; SSIM: 0.5496 ; RE: 0.1370.
21-08-31 16:32:26.820 : 07.png - PSNR: 23.54 dB; SSIM: 0.5439 ; RE: 0.1617.
21-08-31 16:32:27.161 : 08.png - PSNR: 24.52 dB; SSIM: 0.2856 ; RE: 0.2893.
21-08-31 16:32:27.499 : 09.png - PSNR: 23.88 dB; SSIM: 0.4758 ; RE: 0.2315.
21-08-31 16:32:27.848 : 10.png - PSNR: 23.63 dB; SSIM: 0.4695 ; RE: 0.1496.
21-08-31 16:32:28.195 : 11.png - PSNR: 24.40 dB; SSIM: 0.4400 ; RE: 0.1909.
21-08-31 16:32:28.543 : 12.png - PSNR: 24.13 dB; SSIM: 0.4533 ; RE: 0.2311.
21-08-31 16:32:28.897 : 13.png - PSNR: 23.82 dB; SSIM: 0.4653 ; RE: 0.1781.
21-08-31 16:32:29.240 : 14.png - PSNR: 22.81 dB; SSIM: 0.6198 ; RE: 0.1881.
21-08-31 16:32:29.592 : 15.png - PSNR: 23.84 dB; SSIM: 0.5249 ; RE: 0.2167.
21-08-31 16:32:29.947 : 17.png - PSNR: 23.32 dB; SSIM: 0.5422 ; RE: 0.1498.
21-08-31 16:32:30.294 : 18.png - PSNR: 23.43 dB; SSIM: 0.5040 ; RE: 0.2283.
21-08-31 16:32:30.632 : 22.png - PSNR: 24.04 dB; SSIM: 0.5180 ; RE: 0.1989.
21-08-31 16:32:30.632 : ------> testset_name: (Set), Average PSNR:(23.896)dB, Average ssim : (0.464), Average re : (0.205) )
21-08-31 16:32:30.634 : testsets\Set
21-08-31 16:32:31.010 : 01.png - PSNR: 23.94 dB; SSIM: 0.4030 ; RE: 0.1637.
21-08-31 16:32:31.344 : 02.png - PSNR: 24.16 dB; SSIM: 0.4430 ; RE: 0.3125.
21-08-31 16:32:31.717 : 03.png - PSNR: 24.64 dB; SSIM: 0.4100 ; RE: 0.2608.
21-08-31 16:32:32.169 : 04.png - PSNR: 24.52 dB; SSIM: 0.3273 ; RE: 0.2047.
21-08-31 16:32:32.526 : 05.png - PSNR: 23.71 dB; SSIM: 0.3535 ; RE: 0.2069.
21-08-31 16:32:32.881 : 06.png - PSNR: 23.90 dB; SSIM: 0.5457 ; RE: 0.1327.
21-08-31 16:32:33.307 : 07.png - PSNR: 23.80 dB; SSIM: 0.5444 ; RE: 0.1569.
21-08-31 16:32:33.658 : 08.png - PSNR: 24.50 dB; SSIM: 0.2802 ; RE: 0.2897.
21-08-31 16:32:34.038 : 09.png - PSNR: 24.76 dB; SSIM: 0.4848 ; RE: 0.2094.
21-08-31 16:32:34.496 : 10.png - PSNR: 23.73 dB; SSIM: 0.4602 ; RE: 0.1478.
21-08-31 16:32:34.860 : 11.png - PSNR: 24.48 dB; SSIM: 0.4345 ; RE: 0.1893.
21-08-31 16:32:35.277 : 12.png - PSNR: 24.05 dB; SSIM: 0.4360 ; RE: 0.2331.
21-08-31 16:32:35.656 : 13.png - PSNR: 23.70 dB; SSIM: 0.4468 ; RE: 0.1807.
21-08-31 16:32:36.036 : 14.png - PSNR: 22.70 dB; SSIM: 0.6059 ; RE: 0.1904.
21-08-31 16:32:36.491 : 15.png - PSNR: 23.62 dB; SSIM: 0.5101 ; RE: 0.2224.
21-08-31 16:32:36.903 : 17.png - PSNR: 23.36 dB; SSIM: 0.5356 ; RE: 0.1493.
21-08-31 16:32:37.259 : 18.png - PSNR: 23.17 dB; SSIM: 0.4800 ; RE: 0.2355.
21-08-31 16:32:37.605 : 22.png - PSNR: 24.02 dB; SSIM: 0.5066 ; RE: 0.1994.
21-08-31 16:32:37.605 : ------> testset_name: (Set), Average PSNR:(23.930)dB, Average ssim : (0.456), Average re : (0.205) )
21-08-31 16:32:37.607 : testsets\Set
21-08-31 16:32:37.958 : 01.png - PSNR: 23.13 dB; SSIM: 0.3744 ; RE: 0.1798.
21-08-31 16:32:38.301 : 02.png - PSNR: 22.67 dB; SSIM: 0.4032 ; RE: 0.3706.
21-08-31 16:32:38.639 : 03.png - PSNR: 23.70 dB; SSIM: 0.3602 ; RE: 0.2904.
21-08-31 16:32:38.992 : 04.png - PSNR: 23.96 dB; SSIM: 0.3064 ; RE: 0.2182.
21-08-31 16:32:39.329 : 05.png - PSNR: 22.80 dB; SSIM: 0.3115 ; RE: 0.2299.
21-08-31 16:32:39.671 : 06.png - PSNR: 22.86 dB; SSIM: 0.5002 ; RE: 0.1495.
21-08-31 16:32:40.049 : 07.png - PSNR: 22.27 dB; SSIM: 0.4865 ; RE: 0.1871.
21-08-31 16:32:40.402 : 08.png - PSNR: 24.04 dB; SSIM: 0.2468 ; RE: 0.3055.
21-08-31 16:32:40.739 : 09.png - PSNR: 22.39 dB; SSIM: 0.4336 ; RE: 0.2749.
21-08-31 16:32:41.084 : 10.png - PSNR: 22.81 dB; SSIM: 0.4362 ; RE: 0.1644.
21-08-31 16:32:41.427 : 11.png - PSNR: 23.63 dB; SSIM: 0.4045 ; RE: 0.2087.
21-08-31 16:32:41.823 : 12.png - PSNR: 23.68 dB; SSIM: 0.4195 ; RE: 0.2434.
21-08-31 16:32:42.262 : 13.png - PSNR: 22.41 dB; SSIM: 0.3731 ; RE: 0.2096.
21-08-31 16:32:42.672 : 14.png - PSNR: 20.18 dB; SSIM: 0.5038 ; RE: 0.2546.
21-08-31 16:32:43.086 : 15.png - PSNR: 22.16 dB; SSIM: 0.4425 ; RE: 0.2629.
21-08-31 16:32:43.483 : 17.png - PSNR: 21.61 dB; SSIM: 0.4808 ; RE: 0.1825.
21-08-31 16:32:43.916 : 18.png - PSNR: 21.49 dB; SSIM: 0.3927 ; RE: 0.2857.
21-08-31 16:32:44.265 : 22.png - PSNR: 23.04 dB; SSIM: 0.4585 ; RE: 0.2232.
21-08-31 16:32:44.266 : ------> testset_name: (Set), Average PSNR:(22.713)dB, Average ssim : (0.407), Average re : (0.236) )
21-08-31 16:41:07.454 : testsets\Set
21-08-31 16:41:07.935 : 01.png - PSNR: 23.95 dB; SSIM: 0.4088 ; RE: 0.1636.
21-08-31 16:41:08.342 : 02.png - PSNR: 24.51 dB; SSIM: 0.4540 ; RE: 0.3001.
21-08-31 16:41:09.117 : 03.png - PSNR: 24.81 dB; SSIM: 0.4224 ; RE: 0.2556.
21-08-31 16:41:09.909 : 04.png - PSNR: 24.50 dB; SSIM: 0.3281 ; RE: 0.2052.
21-08-31 16:41:10.293 : 05.png - PSNR: 23.86 dB; SSIM: 0.3639 ; RE: 0.2034.
21-08-31 16:41:10.677 : 06.png - PSNR: 23.67 dB; SSIM: 0.5507 ; RE: 0.1363.
21-08-31 16:41:11.018 : 07.png - PSNR: 23.61 dB; SSIM: 0.5462 ; RE: 0.1604.
21-08-31 16:41:11.384 : 08.png - PSNR: 24.64 dB; SSIM: 0.2874 ; RE: 0.2850.
21-08-31 16:41:11.740 : 09.png - PSNR: 23.95 dB; SSIM: 0.4785 ; RE: 0.2298.
21-08-31 16:41:12.095 : 10.png - PSNR: 23.66 dB; SSIM: 0.4708 ; RE: 0.1491.
21-08-31 16:41:12.454 : 11.png - PSNR: 24.47 dB; SSIM: 0.4421 ; RE: 0.1895.
21-08-31 16:41:12.801 : 12.png - PSNR: 24.17 dB; SSIM: 0.4542 ; RE: 0.2300.
21-08-31 16:41:13.136 : 13.png - PSNR: 23.86 dB; SSIM: 0.4660 ; RE: 0.1774.
21-08-31 16:41:13.559 : 14.png - PSNR: 22.85 dB; SSIM: 0.6210 ; RE: 0.1872.
21-08-31 16:41:13.972 : 15.png - PSNR: 23.89 dB; SSIM: 0.5265 ; RE: 0.2154.
21-08-31 16:41:14.344 : 17.png - PSNR: 23.38 dB; SSIM: 0.5441 ; RE: 0.1489.
21-08-31 16:41:14.693 : 18.png - PSNR: 23.50 dB; SSIM: 0.5051 ; RE: 0.2266.
21-08-31 16:41:15.053 : 22.png - PSNR: 24.10 dB; SSIM: 0.5199 ; RE: 0.1976.
21-08-31 16:41:15.053 : ------> testset_name: (Set), Average PSNR:(23.964)dB, Average ssim : (0.466), Average re : (0.203) )
21-08-31 16:41:15.054 : testsets\Set
21-08-31 16:41:15.433 : 01.png - PSNR: 24.02 dB; SSIM: 0.4050 ; RE: 0.1623.
21-08-31 16:41:15.793 : 02.png - PSNR: 24.27 dB; SSIM: 0.4474 ; RE: 0.3084.
21-08-31 16:41:16.134 : 03.png - PSNR: 24.68 dB; SSIM: 0.4106 ; RE: 0.2595.
21-08-31 16:41:16.479 : 04.png - PSNR: 24.65 dB; SSIM: 0.3289 ; RE: 0.2017.
21-08-31 16:41:16.865 : 05.png - PSNR: 23.81 dB; SSIM: 0.3550 ; RE: 0.2045.
21-08-31 16:41:17.269 : 06.png - PSNR: 23.94 dB; SSIM: 0.5469 ; RE: 0.1320.
21-08-31 16:41:17.682 : 07.png - PSNR: 23.87 dB; SSIM: 0.5470 ; RE: 0.1557.
21-08-31 16:41:18.068 : 08.png - PSNR: 24.63 dB; SSIM: 0.2820 ; RE: 0.2855.
21-08-31 16:41:18.429 : 09.png - PSNR: 24.83 dB; SSIM: 0.4876 ; RE: 0.2077.
21-08-31 16:41:18.830 : 10.png - PSNR: 23.76 dB; SSIM: 0.4615 ; RE: 0.1473.
21-08-31 16:41:19.206 : 11.png - PSNR: 24.54 dB; SSIM: 0.4367 ; RE: 0.1879.
21-08-31 16:41:19.589 : 12.png - PSNR: 24.09 dB; SSIM: 0.4370 ; RE: 0.2320.
21-08-31 16:41:19.937 : 13.png - PSNR: 23.73 dB; SSIM: 0.4475 ; RE: 0.1800.
21-08-31 16:41:20.283 : 14.png - PSNR: 22.74 dB; SSIM: 0.6072 ; RE: 0.1897.
21-08-31 16:41:20.622 : 15.png - PSNR: 23.66 dB; SSIM: 0.5118 ; RE: 0.2212.
21-08-31 16:41:20.963 : 17.png - PSNR: 23.41 dB; SSIM: 0.5377 ; RE: 0.1484.
21-08-31 16:41:21.326 : 18.png - PSNR: 23.22 dB; SSIM: 0.4811 ; RE: 0.2339.
21-08-31 16:41:21.683 : 22.png - PSNR: 24.07 dB; SSIM: 0.5087 ; RE: 0.1982.
21-08-31 16:41:21.683 : ------> testset_name: (Set), Average PSNR:(23.996)dB, Average ssim : (0.458), Average re : (0.203) )
21-08-31 16:41:21.686 : testsets\Set
21-08-31 16:41:22.033 : 01.png - PSNR: 23.19 dB; SSIM: 0.3765 ; RE: 0.1785.
21-08-31 16:41:22.376 : 02.png - PSNR: 22.75 dB; SSIM: 0.4075 ; RE: 0.3673.
21-08-31 16:41:22.707 : 03.png - PSNR: 23.74 dB; SSIM: 0.3608 ; RE: 0.2893.
21-08-31 16:41:23.044 : 04.png - PSNR: 24.08 dB; SSIM: 0.3080 ; RE: 0.2153.
21-08-31 16:41:23.395 : 05.png - PSNR: 22.88 dB; SSIM: 0.3129 ; RE: 0.2278.
21-08-31 16:41:23.746 : 06.png - PSNR: 22.90 dB; SSIM: 0.5013 ; RE: 0.1488.
21-08-31 16:41:24.086 : 07.png - PSNR: 22.32 dB; SSIM: 0.4891 ; RE: 0.1861.
21-08-31 16:41:24.456 : 08.png - PSNR: 24.15 dB; SSIM: 0.2486 ; RE: 0.3016.
21-08-31 16:41:24.807 : 09.png - PSNR: 22.43 dB; SSIM: 0.4363 ; RE: 0.2736.
21-08-31 16:41:25.150 : 10.png - PSNR: 22.84 dB; SSIM: 0.4376 ; RE: 0.1639.
21-08-31 16:41:25.499 : 11.png - PSNR: 23.68 dB; SSIM: 0.4067 ; RE: 0.2074.
21-08-31 16:41:25.860 : 12.png - PSNR: 23.71 dB; SSIM: 0.4204 ; RE: 0.2424.
21-08-31 16:41:26.236 : 13.png - PSNR: 22.43 dB; SSIM: 0.3737 ; RE: 0.2090.
21-08-31 16:41:26.662 : 14.png - PSNR: 20.20 dB; SSIM: 0.5049 ; RE: 0.2540.
21-08-31 16:41:27.048 : 15.png - PSNR: 22.20 dB; SSIM: 0.4441 ; RE: 0.2618.
21-08-31 16:41:27.395 : 17.png - PSNR: 21.65 dB; SSIM: 0.4830 ; RE: 0.1818.
21-08-31 16:41:27.730 : 18.png - PSNR: 21.53 dB; SSIM: 0.3937 ; RE: 0.2844.
21-08-31 16:41:28.069 : 22.png - PSNR: 23.08 dB; SSIM: 0.4606 ; RE: 0.2221.
21-08-31 16:41:28.069 : ------> testset_name: (Set), Average PSNR:(22.764)dB, Average ssim : (0.409), Average re : (0.234) )
21-08-31 19:15:32.758 : testsets\Set
21-08-31 19:15:33.405 : 01.png - PSNR: 23.88 dB; SSIM: 0.4069 ; RE: 0.1650.
21-08-31 19:15:34.147 : 02.png - PSNR: 24.38 dB; SSIM: 0.4496 ; RE: 0.3044.
21-08-31 19:15:34.706 : 03.png - PSNR: 24.77 dB; SSIM: 0.4218 ; RE: 0.2569.
21-08-31 19:15:35.231 : 04.png - PSNR: 24.37 dB; SSIM: 0.3266 ; RE: 0.2083.
21-08-31 19:15:35.713 : 05.png - PSNR: 23.76 dB; SSIM: 0.3625 ; RE: 0.2059.
21-08-31 19:15:36.160 : 06.png - PSNR: 23.62 dB; SSIM: 0.5496 ; RE: 0.1370.
21-08-31 19:15:36.610 : 07.png - PSNR: 23.54 dB; SSIM: 0.5439 ; RE: 0.1617.
21-08-31 19:15:37.075 : 08.png - PSNR: 24.52 dB; SSIM: 0.2856 ; RE: 0.2893.
21-08-31 19:15:37.523 : 09.png - PSNR: 23.88 dB; SSIM: 0.4758 ; RE: 0.2315.
21-08-31 19:15:37.978 : 10.png - PSNR: 23.63 dB; SSIM: 0.4695 ; RE: 0.1496.
21-08-31 19:15:38.423 : 11.png - PSNR: 24.40 dB; SSIM: 0.4400 ; RE: 0.1909.
21-08-31 19:15:38.879 : 12.png - PSNR: 24.13 dB; SSIM: 0.4533 ; RE: 0.2311.
21-08-31 19:15:39.325 : 13.png - PSNR: 23.82 dB; SSIM: 0.4653 ; RE: 0.1781.
21-08-31 19:15:39.770 : 14.png - PSNR: 22.81 dB; SSIM: 0.6198 ; RE: 0.1881.
21-08-31 19:15:40.213 : 15.png - PSNR: 23.84 dB; SSIM: 0.5249 ; RE: 0.2167.
21-08-31 19:15:40.684 : 17.png - PSNR: 23.32 dB; SSIM: 0.5422 ; RE: 0.1498.
21-08-31 19:15:41.154 : 18.png - PSNR: 23.43 dB; SSIM: 0.5040 ; RE: 0.2283.
21-08-31 19:15:41.608 : 22.png - PSNR: 24.04 dB; SSIM: 0.5180 ; RE: 0.1989.
21-08-31 19:15:41.608 : ------> testset_name: (Set), Average PSNR:(23.896)dB, Average ssim : (0.464), Average re : (0.205) )
21-08-31 19:15:41.609 : testsets\Set
21-08-31 19:15:42.081 : 01.png - PSNR: 23.94 dB; SSIM: 0.4030 ; RE: 0.1637.
21-08-31 19:15:42.536 : 02.png - PSNR: 24.16 dB; SSIM: 0.4430 ; RE: 0.3125.
21-08-31 19:15:42.994 : 03.png - PSNR: 24.64 dB; SSIM: 0.4100 ; RE: 0.2608.
21-08-31 19:15:43.447 : 04.png - PSNR: 24.52 dB; SSIM: 0.3273 ; RE: 0.2047.
21-08-31 19:15:43.916 : 05.png - PSNR: 23.71 dB; SSIM: 0.3535 ; RE: 0.2069.
21-08-31 19:15:44.400 : 06.png - PSNR: 23.90 dB; SSIM: 0.5457 ; RE: 0.1327.
21-08-31 19:15:44.882 : 07.png - PSNR: 23.80 dB; SSIM: 0.5444 ; RE: 0.1569.
21-08-31 19:15:45.326 : 08.png - PSNR: 24.50 dB; SSIM: 0.2802 ; RE: 0.2897.
21-08-31 19:15:45.779 : 09.png - PSNR: 24.76 dB; SSIM: 0.4848 ; RE: 0.2094.
21-08-31 19:15:46.291 : 10.png - PSNR: 23.73 dB; SSIM: 0.4602 ; RE: 0.1478.
21-08-31 19:15:46.738 : 11.png - PSNR: 24.48 dB; SSIM: 0.4345 ; RE: 0.1893.
21-08-31 19:15:47.205 : 12.png - PSNR: 24.05 dB; SSIM: 0.4360 ; RE: 0.2331.
21-08-31 19:15:47.645 : 13.png - PSNR: 23.70 dB; SSIM: 0.4468 ; RE: 0.1807.
21-08-31 19:15:48.110 : 14.png - PSNR: 22.70 dB; SSIM: 0.6059 ; RE: 0.1904.
21-08-31 19:15:48.555 : 15.png - PSNR: 23.62 dB; SSIM: 0.5101 ; RE: 0.2224.
21-08-31 19:15:49.021 : 17.png - PSNR: 23.36 dB; SSIM: 0.5356 ; RE: 0.1493.
21-08-31 19:15:49.465 : 18.png - PSNR: 23.17 dB; SSIM: 0.4800 ; RE: 0.2355.
21-08-31 19:15:49.928 : 22.png - PSNR: 24.02 dB; SSIM: 0.5066 ; RE: 0.1994.
21-08-31 19:15:49.928 : ------> testset_name: (Set), Average PSNR:(23.930)dB, Average ssim : (0.456), Average re : (0.205) )
21-08-31 19:15:49.930 : testsets\Set
21-08-31 19:15:50.388 : 01.png - PSNR: 23.13 dB; SSIM: 0.3744 ; RE: 0.1798.
21-08-31 19:15:50.819 : 02.png - PSNR: 22.67 dB; SSIM: 0.4032 ; RE: 0.3706.
21-08-31 19:15:51.252 : 03.png - PSNR: 23.70 dB; SSIM: 0.3602 ; RE: 0.2904.
21-08-31 19:15:51.680 : 04.png - PSNR: 23.96 dB; SSIM: 0.3064 ; RE: 0.2182.
21-08-31 19:15:52.113 : 05.png - PSNR: 22.80 dB; SSIM: 0.3115 ; RE: 0.2299.
21-08-31 19:15:52.546 : 06.png - PSNR: 22.86 dB; SSIM: 0.5002 ; RE: 0.1495.
21-08-31 19:15:52.982 : 07.png - PSNR: 22.27 dB; SSIM: 0.4865 ; RE: 0.1871.
21-08-31 19:15:53.427 : 08.png - PSNR: 24.04 dB; SSIM: 0.2468 ; RE: 0.3055.
21-08-31 19:15:53.892 : 09.png - PSNR: 22.39 dB; SSIM: 0.4336 ; RE: 0.2749.
21-08-31 19:15:54.489 : 10.png - PSNR: 22.81 dB; SSIM: 0.4362 ; RE: 0.1644.
21-08-31 19:15:55.021 : 11.png - PSNR: 23.63 dB; SSIM: 0.4045 ; RE: 0.2087.
21-08-31 19:15:55.464 : 12.png - PSNR: 23.68 dB; SSIM: 0.4195 ; RE: 0.2434.
21-08-31 19:15:55.902 : 13.png - PSNR: 22.41 dB; SSIM: 0.3731 ; RE: 0.2096.
21-08-31 19:15:56.337 : 14.png - PSNR: 20.18 dB; SSIM: 0.5038 ; RE: 0.2546.
21-08-31 19:15:56.837 : 15.png - PSNR: 22.16 dB; SSIM: 0.4425 ; RE: 0.2629.
21-08-31 19:15:57.272 : 17.png - PSNR: 21.61 dB; SSIM: 0.4808 ; RE: 0.1825.
21-08-31 19:15:57.646 : 18.png - PSNR: 21.49 dB; SSIM: 0.3927 ; RE: 0.2857.
21-08-31 19:15:58.407 : 22.png - PSNR: 23.04 dB; SSIM: 0.4585 ; RE: 0.2232.
21-08-31 19:15:58.407 : ------> testset_name: (Set), Average PSNR:(22.713)dB, Average ssim : (0.407), Average re : (0.236) )
21-08-31 19:31:16.932 : testsets\Set
21-08-31 19:31:17.326 : 01.png - PSNR: 23.88 dB; SSIM: 0.4069 ; RE: 0.1650.
21-08-31 19:31:17.685 : 02.png - PSNR: 24.38 dB; SSIM: 0.4496 ; RE: 0.3044.
21-08-31 19:31:18.028 : 03.png - PSNR: 24.77 dB; SSIM: 0.4218 ; RE: 0.2569.
21-08-31 19:31:18.378 : 04.png - PSNR: 24.37 dB; SSIM: 0.3266 ; RE: 0.2083.
21-08-31 19:31:18.767 : 05.png - PSNR: 23.76 dB; SSIM: 0.3625 ; RE: 0.2059.
21-08-31 19:31:19.134 : 06.png - PSNR: 23.62 dB; SSIM: 0.5496 ; RE: 0.1370.
21-08-31 19:31:19.471 : 07.png - PSNR: 23.54 dB; SSIM: 0.5439 ; RE: 0.1617.
21-08-31 19:31:19.826 : 08.png - PSNR: 24.52 dB; SSIM: 0.2856 ; RE: 0.2893.
21-08-31 19:31:20.192 : 09.png - PSNR: 23.88 dB; SSIM: 0.4758 ; RE: 0.2315.
21-08-31 19:31:20.565 : 10.png - PSNR: 23.63 dB; SSIM: 0.4695 ; RE: 0.1496.
21-08-31 19:31:20.918 : 11.png - PSNR: 24.40 dB; SSIM: 0.4400 ; RE: 0.1909.
21-08-31 19:31:21.268 : 12.png - PSNR: 24.13 dB; SSIM: 0.4533 ; RE: 0.2311.
21-08-31 19:31:21.643 : 13.png - PSNR: 23.82 dB; SSIM: 0.4653 ; RE: 0.1781.
21-08-31 19:31:22.051 : 14.png - PSNR: 22.81 dB; SSIM: 0.6198 ; RE: 0.1881.
21-08-31 19:31:22.445 : 15.png - PSNR: 23.84 dB; SSIM: 0.5249 ; RE: 0.2167.
21-08-31 19:31:22.842 : 17.png - PSNR: 23.32 dB; SSIM: 0.5422 ; RE: 0.1498.
21-08-31 19:31:23.235 : 18.png - PSNR: 23.43 dB; SSIM: 0.5040 ; RE: 0.2283.
21-08-31 19:31:23.625 : 22.png - PSNR: 24.04 dB; SSIM: 0.5180 ; RE: 0.1989.
21-08-31 19:31:23.625 : ------> testset_name: (Set), Average PSNR:(23.896)dB, Average ssim : (0.464), Average re : (0.205) )
21-08-31 19:39:14.568 : testsets\Set
21-08-31 19:39:14.925 : 01.png - PSNR: 23.95 dB; SSIM: 0.4088 ; RE: 0.1636.
21-08-31 19:39:15.266 : 02.png - PSNR: 24.51 dB; SSIM: 0.4540 ; RE: 0.3001.
21-08-31 19:39:15.617 : 03.png - PSNR: 24.81 dB; SSIM: 0.4224 ; RE: 0.2556.
21-08-31 19:39:15.964 : 04.png - PSNR: 24.50 dB; SSIM: 0.3281 ; RE: 0.2052.
21-08-31 19:39:16.313 : 05.png - PSNR: 23.86 dB; SSIM: 0.3639 ; RE: 0.2034.
21-08-31 19:39:16.672 : 06.png - PSNR: 23.67 dB; SSIM: 0.5507 ; RE: 0.1363.
21-08-31 19:39:17.014 : 07.png - PSNR: 23.61 dB; SSIM: 0.5462 ; RE: 0.1604.
21-08-31 19:39:17.363 : 08.png - PSNR: 24.64 dB; SSIM: 0.2874 ; RE: 0.2850.
21-08-31 19:39:17.733 : 09.png - PSNR: 23.95 dB; SSIM: 0.4785 ; RE: 0.2298.
21-08-31 19:39:18.111 : 10.png - PSNR: 23.66 dB; SSIM: 0.4708 ; RE: 0.1491.
21-08-31 19:39:18.571 : 11.png - PSNR: 24.47 dB; SSIM: 0.4421 ; RE: 0.1895.
21-08-31 19:39:18.922 : 12.png - PSNR: 24.17 dB; SSIM: 0.4542 ; RE: 0.2300.
21-08-31 19:39:19.275 : 13.png - PSNR: 23.86 dB; SSIM: 0.4660 ; RE: 0.1774.
21-08-31 19:39:19.628 : 14.png - PSNR: 22.85 dB; SSIM: 0.6210 ; RE: 0.1872.
21-08-31 19:39:19.981 : 15.png - PSNR: 23.89 dB; SSIM: 0.5265 ; RE: 0.2154.
21-08-31 19:39:20.338 : 17.png - PSNR: 23.38 dB; SSIM: 0.5441 ; RE: 0.1489.
21-08-31 19:39:20.692 : 18.png - PSNR: 23.50 dB; SSIM: 0.5051 ; RE: 0.2266.
21-08-31 19:39:21.045 : 22.png - PSNR: 24.10 dB; SSIM: 0.5199 ; RE: 0.1976.
21-08-31 19:39:21.045 : ------> testset_name: (Set), Average PSNR:(23.964)dB, Average ssim : (0.466), Average re : (0.203) )
21-08-31 19:39:38.622 : testsets\Set
21-08-31 19:39:39.311 : 01.png - PSNR: 24.02 dB; SSIM: 0.4107 ; RE: 0.1623.
21-08-31 19:39:39.836 : 02.png - PSNR: 24.63 dB; SSIM: 0.4585 ; RE: 0.2960.
21-08-31 19:39:40.375 : 03.png - PSNR: 24.85 dB; SSIM: 0.4230 ; RE: 0.2546.
21-08-31 19:39:40.850 : 04.png - PSNR: 24.62 dB; SSIM: 0.3298 ; RE: 0.2024.
21-08-31 19:39:41.378 : 05.png - PSNR: 23.96 dB; SSIM: 0.3655 ; RE: 0.2010.
21-08-31 19:39:41.768 : 06.png - PSNR: 23.70 dB; SSIM: 0.5518 ; RE: 0.1356.
21-08-31 19:39:42.198 : 07.png - PSNR: 23.67 dB; SSIM: 0.5487 ; RE: 0.1593.
21-08-31 19:39:42.567 : 08.png - PSNR: 24.77 dB; SSIM: 0.2893 ; RE: 0.2811.
21-08-31 19:39:43.067 : 09.png - PSNR: 24.00 dB; SSIM: 0.4812 ; RE: 0.2284.
21-08-31 19:39:43.556 : 10.png - PSNR: 23.69 dB; SSIM: 0.4721 ; RE: 0.1486.
21-08-31 19:39:44.128 : 11.png - PSNR: 24.52 dB; SSIM: 0.4443 ; RE: 0.1883.
21-08-31 19:39:44.537 : 12.png - PSNR: 24.21 dB; SSIM: 0.4552 ; RE: 0.2291.
21-08-31 19:39:44.958 : 13.png - PSNR: 23.89 dB; SSIM: 0.4666 ; RE: 0.1768.
21-08-31 19:39:45.439 : 14.png - PSNR: 22.89 dB; SSIM: 0.6223 ; RE: 0.1865.
21-08-31 19:39:45.995 : 15.png - PSNR: 23.94 dB; SSIM: 0.5281 ; RE: 0.2143.
21-08-31 19:39:46.404 : 17.png - PSNR: 23.42 dB; SSIM: 0.5462 ; RE: 0.1481.
21-08-31 19:39:46.825 : 18.png - PSNR: 23.56 dB; SSIM: 0.5061 ; RE: 0.2251.
21-08-31 19:39:47.194 : 22.png - PSNR: 24.14 dB; SSIM: 0.5220 ; RE: 0.1966.
21-08-31 19:39:47.194 : ------> testset_name: (Set), Average PSNR:(24.026)dB, Average ssim : (0.468), Average re : (0.202) )
21-08-31 19:40:24.973 : testsets\Set
21-08-31 19:40:25.328 : 01.png - PSNR: 24.13 dB; SSIM: 0.4151 ; RE: 0.1603.
21-08-31 19:40:25.668 : 02.png - PSNR: 24.85 dB; SSIM: 0.4677 ; RE: 0.2885.
21-08-31 19:40:26.024 : 03.png - PSNR: 24.89 dB; SSIM: 0.4241 ; RE: 0.2533.
21-08-31 19:40:26.380 : 04.png - PSNR: 24.85 dB; SSIM: 0.3335 ; RE: 0.1971.
21-08-31 19:40:26.725 : 05.png - PSNR: 24.15 dB; SSIM: 0.3689 ; RE: 0.1967.
21-08-31 19:40:27.093 : 06.png - PSNR: 23.76 dB; SSIM: 0.5541 ; RE: 0.1347.
21-08-31 19:40:27.450 : 07.png - PSNR: 23.78 dB; SSIM: 0.5539 ; RE: 0.1573.
21-08-31 19:40:27.794 : 08.png - PSNR: 24.99 dB; SSIM: 0.2935 ; RE: 0.2738.
21-08-31 19:40:28.156 : 09.png - PSNR: 24.09 dB; SSIM: 0.4871 ; RE: 0.2261.
21-08-31 19:40:28.518 : 10.png - PSNR: 23.72 dB; SSIM: 0.4748 ; RE: 0.1480.
21-08-31 19:40:28.876 : 11.png - PSNR: 24.61 dB; SSIM: 0.4490 ; RE: 0.1864.
21-08-31 19:40:29.223 : 12.png - PSNR: 24.25 dB; SSIM: 0.4571 ; RE: 0.2279.
21-08-31 19:40:29.576 : 13.png - PSNR: 23.92 dB; SSIM: 0.4679 ; RE: 0.1761.
21-08-31 19:40:29.930 : 14.png - PSNR: 22.94 dB; SSIM: 0.6248 ; RE: 0.1854.
21-08-31 19:40:30.289 : 15.png - PSNR: 24.01 dB; SSIM: 0.5314 ; RE: 0.2126.
21-08-31 19:40:30.644 : 17.png - PSNR: 23.50 dB; SSIM: 0.5505 ; RE: 0.1469.
21-08-31 19:40:31.010 : 18.png - PSNR: 23.66 dB; SSIM: 0.5084 ; RE: 0.2226.
21-08-31 19:40:31.362 : 22.png - PSNR: 24.21 dB; SSIM: 0.5263 ; RE: 0.1949.
21-08-31 19:40:31.362 : ------> testset_name: (Set), Average PSNR:(24.128)dB, Average ssim : (0.472), Average re : (0.199) )
21-08-31 19:40:41.868 : testsets\Set
21-08-31 19:40:42.232 : 01.png - PSNR: 24.28 dB; SSIM: 0.4293 ; RE: 0.1576.
21-08-31 19:40:42.585 : 02.png - PSNR: 25.31 dB; SSIM: 0.4920 ; RE: 0.2735.
21-08-31 19:40:42.937 : 03.png - PSNR: 24.84 dB; SSIM: 0.4260 ; RE: 0.2549.
21-08-31 19:40:43.290 : 04.png - PSNR: 25.30 dB; SSIM: 0.3464 ; RE: 0.1870.
21-08-31 19:40:43.642 : 05.png - PSNR: 24.51 dB; SSIM: 0.3798 ; RE: 0.1887.
21-08-31 19:40:43.995 : 06.png - PSNR: 23.78 dB; SSIM: 0.5606 ; RE: 0.1345.
21-08-31 19:40:44.341 : 07.png - PSNR: 23.92 dB; SSIM: 0.5691 ; RE: 0.1548.
21-08-31 19:40:44.701 : 08.png - PSNR: 25.44 dB; SSIM: 0.3077 ; RE: 0.2602.
21-08-31 19:40:45.060 : 09.png - PSNR: 24.18 dB; SSIM: 0.5040 ; RE: 0.2238.
21-08-31 19:40:45.422 : 10.png - PSNR: 23.67 dB; SSIM: 0.4823 ; RE: 0.1489.
21-08-31 19:40:45.786 : 11.png - PSNR: 24.68 dB; SSIM: 0.4624 ; RE: 0.1849.
21-08-31 19:40:46.151 : 12.png - PSNR: 24.21 dB; SSIM: 0.4624 ; RE: 0.2289.
21-08-31 19:40:46.516 : 13.png - PSNR: 23.87 dB; SSIM: 0.4713 ; RE: 0.1771.
21-08-31 19:40:46.884 : 14.png - PSNR: 22.96 dB; SSIM: 0.6306 ; RE: 0.1848.
21-08-31 19:40:47.242 : 15.png - PSNR: 24.05 dB; SSIM: 0.5392 ; RE: 0.2115.
21-08-31 19:40:47.592 : 17.png - PSNR: 23.57 dB; SSIM: 0.5629 ; RE: 0.1457.
21-08-31 19:40:47.962 : 18.png - PSNR: 23.78 dB; SSIM: 0.5152 ; RE: 0.2194.
21-08-31 19:40:48.328 : 22.png - PSNR: 24.25 dB; SSIM: 0.5386 ; RE: 0.1940.
21-08-31 19:40:48.328 : ------> testset_name: (Set), Average PSNR:(24.256)dB, Average ssim : (0.482), Average re : (0.196) )
21-08-31 19:41:02.402 : testsets\Set
21-08-31 19:41:02.760 : 01.png - PSNR: 20.87 dB; SSIM: 0.6301 ; RE: 0.2333.
21-08-31 19:41:03.116 : 02.png - PSNR: 24.30 dB; SSIM: 0.4571 ; RE: 0.3074.
21-08-31 19:41:03.475 : 03.png - PSNR: 20.80 dB; SSIM: 0.3674 ; RE: 0.4055.
21-08-31 19:41:03.826 : 04.png - PSNR: 22.87 dB; SSIM: 0.7330 ; RE: 0.2476.
21-08-31 19:41:04.179 : 05.png - PSNR: 22.12 dB; SSIM: 0.6946 ; RE: 0.2484.
21-08-31 19:41:04.528 : 06.png - PSNR: 20.04 dB; SSIM: 0.6311 ; RE: 0.2068.
21-08-31 19:41:04.879 : 07.png - PSNR: 20.81 dB; SSIM: 0.6486 ; RE: 0.2214.
21-08-31 19:41:05.230 : 08.png - PSNR: 22.91 dB; SSIM: 0.6385 ; RE: 0.3478.
21-08-31 19:41:05.589 : 09.png - PSNR: 20.78 dB; SSIM: 0.5077 ; RE: 0.3309.
21-08-31 19:41:05.938 : 10.png - PSNR: 19.75 dB; SSIM: 0.4823 ; RE: 0.2338.
21-08-31 19:41:06.289 : 11.png - PSNR: 20.93 dB; SSIM: 0.4691 ; RE: 0.2847.
21-08-31 19:41:06.643 : 12.png - PSNR: 20.06 dB; SSIM: 0.4693 ; RE: 0.3692.
21-08-31 19:41:07.002 : 13.png - PSNR: 19.80 dB; SSIM: 0.4947 ; RE: 0.2829.
21-08-31 19:41:07.361 : 14.png - PSNR: 19.94 dB; SSIM: 0.5957 ; RE: 0.2618.
21-08-31 19:41:07.748 : 15.png - PSNR: 20.72 dB; SSIM: 0.4807 ; RE: 0.3104.
21-08-31 19:41:08.119 : 17.png - PSNR: 20.28 dB; SSIM: 0.6003 ; RE: 0.2129.
21-08-31 19:41:08.476 : 18.png - PSNR: 20.55 dB; SSIM: 0.6524 ; RE: 0.3181.
21-08-31 19:41:08.845 : 22.png - PSNR: 20.55 dB; SSIM: 0.5360 ; RE: 0.2972.
21-08-31 19:41:08.846 : ------> testset_name: (Set), Average PSNR:(21.005)dB, Average ssim : (0.560), Average re : (0.284) )
21-08-31 19:41:17.084 : testsets\Set
21-08-31 19:41:17.437 : 01.png - PSNR: 24.00 dB; SSIM: 0.4779 ; RE: 0.1626.
21-08-31 19:41:17.780 : 02.png - PSNR: 25.75 dB; SSIM: 0.5377 ; RE: 0.2602.
21-08-31 19:41:18.125 : 03.png - PSNR: 24.17 dB; SSIM: 0.4261 ; RE: 0.2753.
21-08-31 19:41:18.462 : 04.png - PSNR: 25.58 dB; SSIM: 0.4029 ; RE: 0.1813.
21-08-31 19:41:18.815 : 05.png - PSNR: 24.67 dB; SSIM: 0.4232 ; RE: 0.1853.
21-08-31 19:41:19.161 : 06.png - PSNR: 23.30 dB; SSIM: 0.5785 ; RE: 0.1422.
21-08-31 19:41:19.513 : 07.png - PSNR: 23.69 dB; SSIM: 0.6087 ; RE: 0.1589.
21-08-31 19:41:19.867 : 08.png - PSNR: 25.66 dB; SSIM: 0.3649 ; RE: 0.2534.
21-08-31 19:41:20.213 : 09.png - PSNR: 23.83 dB; SSIM: 0.5422 ; RE: 0.2330.
21-08-31 19:41:20.575 : 10.png - PSNR: 23.09 dB; SSIM: 0.4989 ; RE: 0.1592.
21-08-31 19:41:20.930 : 11.png - PSNR: 24.23 dB; SSIM: 0.4935 ; RE: 0.1947.
21-08-31 19:41:21.279 : 12.png - PSNR: 23.59 dB; SSIM: 0.4755 ; RE: 0.2460.
21-08-31 19:41:21.626 : 13.png - PSNR: 23.25 dB; SSIM: 0.4803 ; RE: 0.1901.
21-08-31 19:41:21.974 : 14.png - PSNR: 22.61 dB; SSIM: 0.6388 ; RE: 0.1925.
21-08-31 19:41:22.321 : 15.png - PSNR: 23.65 dB; SSIM: 0.5504 ; RE: 0.2216.
21-08-31 19:41:22.673 : 17.png - PSNR: 23.22 dB; SSIM: 0.5927 ; RE: 0.1516.
21-08-31 19:41:23.025 : 18.png - PSNR: 23.52 dB; SSIM: 0.5376 ; RE: 0.2262.
21-08-31 19:41:23.386 : 22.png - PSNR: 23.79 dB; SSIM: 0.5658 ; RE: 0.2046.
21-08-31 19:41:23.387 : ------> testset_name: (Set), Average PSNR:(23.977)dB, Average ssim : (0.511), Average re : (0.202) )
21-08-31 19:41:39.916 : testsets\Set
21-08-31 19:41:40.286 : 01.png - PSNR: 24.23 dB; SSIM: 0.4497 ; RE: 0.1584.
21-08-31 19:41:40.645 : 02.png - PSNR: 25.62 dB; SSIM: 0.5165 ; RE: 0.2641.
21-08-31 19:41:41.005 : 03.png - PSNR: 24.58 dB; SSIM: 0.4268 ; RE: 0.2625.
21-08-31 19:41:41.345 : 04.png - PSNR: 25.55 dB; SSIM: 0.3677 ; RE: 0.1817.
21-08-31 19:41:41.702 : 05.png - PSNR: 24.69 dB; SSIM: 0.3966 ; RE: 0.1850.
21-08-31 19:41:42.048 : 06.png - PSNR: 23.62 dB; SSIM: 0.5686 ; RE: 0.1370.
21-08-31 19:41:42.397 : 07.png - PSNR: 23.89 dB; SSIM: 0.5876 ; RE: 0.1553.
21-08-31 19:41:42.751 : 08.png - PSNR: 25.67 dB; SSIM: 0.3298 ; RE: 0.2534.
21-08-31 19:41:43.118 : 09.png - PSNR: 24.08 dB; SSIM: 0.5231 ; RE: 0.2262.
21-08-31 19:41:43.462 : 10.png - PSNR: 23.45 dB; SSIM: 0.4906 ; RE: 0.1527.
21-08-31 19:41:43.809 : 11.png - PSNR: 24.55 dB; SSIM: 0.4777 ; RE: 0.1878.
21-08-31 19:41:44.173 : 12.png - PSNR: 23.98 dB; SSIM: 0.4685 ; RE: 0.2351.
21-08-31 19:41:44.541 : 13.png - PSNR: 23.64 dB; SSIM: 0.4753 ; RE: 0.1819.
21-08-31 19:41:44.913 : 14.png - PSNR: 22.85 dB; SSIM: 0.6355 ; RE: 0.1873.
21-08-31 19:41:45.271 : 15.png - PSNR: 23.92 dB; SSIM: 0.5460 ; RE: 0.2147.
21-08-31 19:41:45.638 : 17.png - PSNR: 23.47 dB; SSIM: 0.5773 ; RE: 0.1474.
21-08-31 19:41:45.988 : 18.png - PSNR: 23.73 dB; SSIM: 0.5244 ; RE: 0.2207.
21-08-31 19:41:46.339 : 22.png - PSNR: 24.11 dB; SSIM: 0.5523 ; RE: 0.1974.
21-08-31 19:41:46.340 : ------> testset_name: (Set), Average PSNR:(24.201)dB, Average ssim : (0.495), Average re : (0.197) )
21-08-31 19:42:15.483 : testsets\Set
21-08-31 19:42:15.860 : 01.png - PSNR: 24.52 dB; SSIM: 0.5215 ; RE: 0.1531.
21-08-31 19:42:16.216 : 02.png - PSNR: 26.19 dB; SSIM: 0.5543 ; RE: 0.2472.
21-08-31 19:42:16.561 : 03.png - PSNR: 24.34 dB; SSIM: 0.4250 ; RE: 0.2697.
21-08-31 19:42:16.904 : 04.png - PSNR: 26.21 dB; SSIM: 0.4703 ; RE: 0.1685.
21-08-31 19:42:17.282 : 05.png - PSNR: 25.34 dB; SSIM: 0.4827 ; RE: 0.1716.
21-08-31 19:42:17.635 : 06.png - PSNR: 23.80 dB; SSIM: 0.6051 ; RE: 0.1342.
21-08-31 19:42:18.013 : 07.png - PSNR: 24.26 dB; SSIM: 0.6383 ; RE: 0.1488.
21-08-31 19:42:18.372 : 08.png - PSNR: 26.20 dB; SSIM: 0.4297 ; RE: 0.2383.
21-08-31 19:42:18.730 : 09.png - PSNR: 24.21 dB; SSIM: 0.5537 ; RE: 0.2229.
21-08-31 19:42:19.097 : 10.png - PSNR: 23.49 dB; SSIM: 0.5119 ; RE: 0.1519.
21-08-31 19:42:19.442 : 11.png - PSNR: 24.59 dB; SSIM: 0.5077 ; RE: 0.1867.
21-08-31 19:42:19.796 : 12.png - PSNR: 23.92 dB; SSIM: 0.4942 ; RE: 0.2368.
21-08-31 19:42:20.171 : 13.png - PSNR: 23.64 dB; SSIM: 0.4988 ; RE: 0.1819.
21-08-31 19:42:20.552 : 14.png - PSNR: 23.13 dB; SSIM: 0.6515 ; RE: 0.1812.
21-08-31 19:42:20.933 : 15.png - PSNR: 23.98 dB; SSIM: 0.5583 ; RE: 0.2132.
21-08-31 19:42:21.309 : 17.png - PSNR: 23.77 dB; SSIM: 0.6139 ; RE: 0.1423.
21-08-31 19:42:21.662 : 18.png - PSNR: 24.07 dB; SSIM: 0.5764 ; RE: 0.2122.
21-08-31 19:42:22.031 : 22.png - PSNR: 24.18 dB; SSIM: 0.5787 ; RE: 0.1957.
21-08-31 19:42:22.031 : ------> testset_name: (Set), Average PSNR:(24.436)dB, Average ssim : (0.537), Average re : (0.192) )
21-08-31 19:42:38.308 : testsets\Set
21-08-31 19:42:38.676 : 01.png - PSNR: 24.08 dB; SSIM: 0.6173 ; RE: 0.1612.
21-08-31 19:42:39.038 : 02.png - PSNR: 26.39 dB; SSIM: 0.5594 ; RE: 0.2417.
21-08-31 19:42:39.412 : 03.png - PSNR: 23.50 dB; SSIM: 0.4132 ; RE: 0.2974.
21-08-31 19:42:39.765 : 04.png - PSNR: 25.96 dB; SSIM: 0.6717 ; RE: 0.1734.
21-08-31 19:42:40.113 : 05.png - PSNR: 25.21 dB; SSIM: 0.6594 ; RE: 0.1741.
21-08-31 19:42:40.487 : 06.png - PSNR: 23.28 dB; SSIM: 0.6539 ; RE: 0.1424.
21-08-31 19:42:40.855 : 07.png - PSNR: 23.96 dB; SSIM: 0.6769 ; RE: 0.1540.
21-08-31 19:42:41.228 : 08.png - PSNR: 25.87 dB; SSIM: 0.6052 ; RE: 0.2476.
21-08-31 19:42:41.600 : 09.png - PSNR: 23.73 dB; SSIM: 0.5555 ; RE: 0.2355.
21-08-31 19:42:41.988 : 10.png - PSNR: 22.89 dB; SSIM: 0.5176 ; RE: 0.1628.
21-08-31 19:42:42.365 : 11.png - PSNR: 23.95 dB; SSIM: 0.5160 ; RE: 0.2011.
21-08-31 19:42:42.737 : 12.png - PSNR: 23.15 dB; SSIM: 0.5167 ; RE: 0.2586.
21-08-31 19:42:43.118 : 13.png - PSNR: 22.95 dB; SSIM: 0.5281 ; RE: 0.1970.
21-08-31 19:42:43.490 : 14.png - PSNR: 22.88 dB; SSIM: 0.6540 ; RE: 0.1865.
21-08-31 19:42:43.867 : 15.png - PSNR: 23.48 dB; SSIM: 0.5537 ; RE: 0.2258.
21-08-31 19:42:44.233 : 17.png - PSNR: 23.45 dB; SSIM: 0.6333 ; RE: 0.1477.
21-08-31 19:42:44.614 : 18.png - PSNR: 23.70 dB; SSIM: 0.6719 ; RE: 0.2215.
21-08-31 19:42:44.988 : 22.png - PSNR: 23.59 dB; SSIM: 0.5841 ; RE: 0.2093.
21-08-31 19:42:44.988 : ------> testset_name: (Set), Average PSNR:(24.001)dB, Average ssim : (0.588), Average re : (0.202) )
21-08-31 20:05:52.166 : testsets\Set
21-08-31 20:05:52.666 : 01.png - PSNR: 24.52 dB; SSIM: 0.5215 ; RE: 0.1531.
21-08-31 20:05:53.141 : 02.png - PSNR: 26.19 dB; SSIM: 0.5543 ; RE: 0.2472.
21-08-31 20:05:53.669 : 03.png - PSNR: 24.34 dB; SSIM: 0.4250 ; RE: 0.2697.
21-08-31 20:05:54.132 : 04.png - PSNR: 26.21 dB; SSIM: 0.4703 ; RE: 0.1685.
21-08-31 20:05:54.583 : 05.png - PSNR: 25.34 dB; SSIM: 0.4827 ; RE: 0.1716.
21-08-31 20:05:55.044 : 06.png - PSNR: 23.80 dB; SSIM: 0.6051 ; RE: 0.1342.
21-08-31 20:05:55.497 : 07.png - PSNR: 24.26 dB; SSIM: 0.6383 ; RE: 0.1488.
21-08-31 20:05:55.943 : 08.png - PSNR: 26.20 dB; SSIM: 0.4297 ; RE: 0.2383.
21-08-31 20:05:56.466 : 09.png - PSNR: 24.21 dB; SSIM: 0.5537 ; RE: 0.2229.
21-08-31 20:05:57.093 : 10.png - PSNR: 23.49 dB; SSIM: 0.5119 ; RE: 0.1519.
21-08-31 20:05:57.685 : 11.png - PSNR: 24.59 dB; SSIM: 0.5077 ; RE: 0.1867.
21-08-31 20:05:58.310 : 12.png - PSNR: 23.92 dB; SSIM: 0.4942 ; RE: 0.2368.
21-08-31 20:05:58.820 : 13.png - PSNR: 23.64 dB; SSIM: 0.4988 ; RE: 0.1819.
21-08-31 20:05:59.413 : 15.png - PSNR: 23.98 dB; SSIM: 0.5583 ; RE: 0.2132.
21-08-31 20:06:00.073 : 17.png - PSNR: 23.77 dB; SSIM: 0.6139 ; RE: 0.1423.
21-08-31 20:06:00.600 : 18.png - PSNR: 24.07 dB; SSIM: 0.5764 ; RE: 0.2122.
21-08-31 20:06:01.206 : 22.png - PSNR: 24.18 dB; SSIM: 0.5787 ; RE: 0.1957.
21-08-31 20:06:01.206 : ------> testset_name: (Set), Average PSNR:(24.513)dB, Average ssim : (0.531), Average re : (0.193) )
21-09-01 09:36:26.911 : testsets\Set
21-09-01 09:36:27.413 : 01.png - PSNR: 24.52 dB; SSIM: 0.5215 ; RE: 0.1531.
21-09-01 09:36:27.827 : 02.png - PSNR: 26.19 dB; SSIM: 0.5543 ; RE: 0.2472.
21-09-01 09:36:28.307 : 03.png - PSNR: 24.34 dB; SSIM: 0.4250 ; RE: 0.2697.
21-09-01 09:36:28.845 : 04.png - PSNR: 26.21 dB; SSIM: 0.4703 ; RE: 0.1685.
21-09-01 09:36:29.252 : 05.png - PSNR: 25.34 dB; SSIM: 0.4827 ; RE: 0.1716.
21-09-01 09:36:29.614 : 06.png - PSNR: 23.80 dB; SSIM: 0.6051 ; RE: 0.1342.
21-09-01 09:36:29.973 : 07.png - PSNR: 24.26 dB; SSIM: 0.6383 ; RE: 0.1488.
21-09-01 09:36:30.330 : 08.png - PSNR: 26.20 dB; SSIM: 0.4297 ; RE: 0.2383.
21-09-01 09:36:30.710 : 09.png - PSNR: 24.21 dB; SSIM: 0.5537 ; RE: 0.2229.
21-09-01 09:36:31.102 : 10.png - PSNR: 23.49 dB; SSIM: 0.5119 ; RE: 0.1519.
21-09-01 09:36:31.482 : 11.png - PSNR: 24.59 dB; SSIM: 0.5077 ; RE: 0.1867.
21-09-01 09:36:31.857 : 12.png - PSNR: 23.92 dB; SSIM: 0.4942 ; RE: 0.2368.
21-09-01 09:36:32.222 : 13.png - PSNR: 23.64 dB; SSIM: 0.4988 ; RE: 0.1819.
21-09-01 09:36:32.591 : 15.png - PSNR: 23.98 dB; SSIM: 0.5583 ; RE: 0.2132.
21-09-01 09:36:32.979 : 17.png - PSNR: 23.77 dB; SSIM: 0.6139 ; RE: 0.1423.
21-09-01 09:36:33.361 : 18.png - PSNR: 24.07 dB; SSIM: 0.5764 ; RE: 0.2122.
21-09-01 09:36:33.720 : 19.png - PSNR: 22.88 dB; SSIM: 0.5585 ; RE: 0.1759.
21-09-01 09:36:34.081 : 20.png - PSNR: 22.42 dB; SSIM: 0.5866 ; RE: 0.1863.
21-09-01 09:36:34.480 : 21.png - PSNR: 24.05 dB; SSIM: 0.4728 ; RE: 0.2554.
21-09-01 09:36:34.895 : 22.png - PSNR: 24.18 dB; SSIM: 0.5787 ; RE: 0.1957.
21-09-01 09:36:34.895 : ------> testset_name: (Set), Average PSNR:(24.303)dB, Average ssim : (0.532), Average re : (0.195) )
21-09-01 09:37:40.801 : testsets\Set
21-09-01 09:37:41.283 : 01.png - PSNR: 24.52 dB; SSIM: 0.5215 ; RE: 0.1531.
21-09-01 09:37:41.839 : 02.png - PSNR: 26.19 dB; SSIM: 0.5543 ; RE: 0.2472.
21-09-01 09:37:42.392 : 03.png - PSNR: 24.34 dB; SSIM: 0.4250 ; RE: 0.2697.
21-09-01 09:37:42.839 : 04.png - PSNR: 26.21 dB; SSIM: 0.4703 ; RE: 0.1685.
21-09-01 09:37:43.301 : 05.png - PSNR: 25.34 dB; SSIM: 0.4827 ; RE: 0.1716.
21-09-01 15:16:14.646 : testsets\Set
21-09-01 15:16:15.117 : 01.png - PSNR: 24.52 dB; SSIM: 0.5215 ; RE: 0.1531.
21-09-01 15:16:15.484 : 02.png - PSNR: 26.19 dB; SSIM: 0.5543 ; RE: 0.2472.
21-09-01 15:16:15.910 : 03.png - PSNR: 24.34 dB; SSIM: 0.4250 ; RE: 0.2697.
21-09-01 15:16:16.263 : 04.png - PSNR: 26.21 dB; SSIM: 0.4703 ; RE: 0.1685.
21-09-01 15:16:16.663 : 06.png - PSNR: 23.80 dB; SSIM: 0.6051 ; RE: 0.1342.
21-09-01 15:16:17.036 : 07.png - PSNR: 24.26 dB; SSIM: 0.6383 ; RE: 0.1488.
21-09-01 15:16:17.532 : 08.png - PSNR: 26.20 dB; SSIM: 0.4297 ; RE: 0.2383.
21-09-01 15:16:18.010 : 09.png - PSNR: 24.21 dB; SSIM: 0.5537 ; RE: 0.2229.
21-09-01 15:16:18.381 : 10.png - PSNR: 23.49 dB; SSIM: 0.5119 ; RE: 0.1519.
21-09-01 15:16:18.793 : 11.png - PSNR: 24.59 dB; SSIM: 0.5077 ; RE: 0.1867.
21-09-01 15:16:19.298 : 12.png - PSNR: 23.92 dB; SSIM: 0.4942 ; RE: 0.2368.
21-09-01 15:16:19.798 : 13.png - PSNR: 23.64 dB; SSIM: 0.4988 ; RE: 0.1819.
21-09-01 15:16:20.332 : 15.png - PSNR: 23.98 dB; SSIM: 0.5583 ; RE: 0.2132.
21-09-01 15:16:20.874 : 17.png - PSNR: 23.77 dB; SSIM: 0.6139 ; RE: 0.1423.
21-09-01 15:16:21.302 : 22.png - PSNR: 24.18 dB; SSIM: 0.5787 ; RE: 0.1957.
21-09-01 15:16:21.302 : ------> testset_name: (Set), Average PSNR:(24.488)dB, Average ssim : (0.531), Average re : (0.193) )
21-09-01 15:16:21.303 : testsets\Set
21-09-01 15:16:21.714 : 01.png - PSNR: 24.52 dB; SSIM: 0.5212 ; RE: 0.1532.
21-09-01 15:16:22.165 : 02.png - PSNR: 25.82 dB; SSIM: 0.5471 ; RE: 0.2579.
21-09-01 15:16:23.013 : 03.png - PSNR: 24.19 dB; SSIM: 0.4133 ; RE: 0.2745.
21-09-01 15:16:23.726 : 04.png - PSNR: 26.29 dB; SSIM: 0.4776 ; RE: 0.1670.
21-09-01 15:16:24.119 : 06.png - PSNR: 23.92 dB; SSIM: 0.6037 ; RE: 0.1324.
21-09-01 15:16:24.635 : 07.png - PSNR: 24.32 dB; SSIM: 0.6433 ; RE: 0.1477.
21-09-01 15:16:25.139 : 08.png - PSNR: 26.15 dB; SSIM: 0.4261 ; RE: 0.2397.
21-09-01 15:16:25.592 : 09.png - PSNR: 24.93 dB; SSIM: 0.5640 ; RE: 0.2051.
21-09-01 15:16:26.155 : 10.png - PSNR: 23.46 dB; SSIM: 0.5012 ; RE: 0.1526.
21-09-01 15:16:26.608 : 11.png - PSNR: 24.55 dB; SSIM: 0.5021 ; RE: 0.1876.
21-09-01 15:16:27.066 : 12.png - PSNR: 23.82 dB; SSIM: 0.4758 ; RE: 0.2394.
21-09-01 15:16:27.449 : 13.png - PSNR: 23.45 dB; SSIM: 0.4802 ; RE: 0.1859.
21-09-01 15:16:27.823 : 15.png - PSNR: 23.65 dB; SSIM: 0.5407 ; RE: 0.2214.
21-09-01 15:16:28.183 : 17.png - PSNR: 23.64 dB; SSIM: 0.6070 ; RE: 0.1445.
21-09-01 15:16:28.554 : 22.png - PSNR: 24.03 dB; SSIM: 0.5663 ; RE: 0.1992.
21-09-01 15:16:28.554 : ------> testset_name: (Set), Average PSNR:(24.450)dB, Average ssim : (0.525), Average re : (0.194) )
21-09-01 15:16:28.556 : testsets\Set
21-09-01 15:16:28.943 : 01.png - PSNR: 23.59 dB; SSIM: 0.4950 ; RE: 0.1705.
21-09-01 15:16:29.719 : 02.png - PSNR: 23.78 dB; SSIM: 0.5005 ; RE: 0.3265.
21-09-01 15:16:30.331 : 03.png - PSNR: 23.39 dB; SSIM: 0.3658 ; RE: 0.3009.
21-09-01 15:16:30.876 : 04.png - PSNR: 25.56 dB; SSIM: 0.4581 ; RE: 0.1815.
21-09-01 15:16:31.393 : 06.png - PSNR: 22.92 dB; SSIM: 0.5558 ; RE: 0.1485.
21-09-01 15:16:31.965 : 07.png - PSNR: 22.67 dB; SSIM: 0.5842 ; RE: 0.1786.
21-09-01 15:16:32.522 : 08.png - PSNR: 25.46 dB; SSIM: 0.3943 ; RE: 0.2596.
21-09-01 15:16:33.113 : 09.png - PSNR: 22.58 dB; SSIM: 0.5074 ; RE: 0.2689.
21-09-01 15:16:33.717 : 10.png - PSNR: 22.63 dB; SSIM: 0.4783 ; RE: 0.1678.
21-09-01 15:16:34.172 : 11.png - PSNR: 23.77 dB; SSIM: 0.4733 ; RE: 0.2053.
21-09-01 15:16:34.639 : 12.png - PSNR: 23.45 dB; SSIM: 0.4583 ; RE: 0.2500.
21-09-01 15:16:35.187 : 13.png - PSNR: 22.24 dB; SSIM: 0.4052 ; RE: 0.2137.
21-09-01 15:16:35.586 : 15.png - PSNR: 22.27 dB; SSIM: 0.4740 ; RE: 0.2597.
21-09-01 15:16:36.047 : 17.png - PSNR: 21.86 dB; SSIM: 0.5512 ; RE: 0.1774.
21-09-01 15:16:36.680 : 22.png - PSNR: 23.09 dB; SSIM: 0.5193 ; RE: 0.2219.
21-09-01 15:16:36.681 : ------> testset_name: (Set), Average PSNR:(23.284)dB, Average ssim : (0.481), Average re : (0.222) )
21-09-01 15:20:34.980 : testsets\Set
21-09-01 15:20:35.333 : 01.png - PSNR: 24.08 dB; SSIM: 0.6173 ; RE: 0.1612.
21-09-01 15:20:35.671 : 02.png - PSNR: 26.39 dB; SSIM: 0.5594 ; RE: 0.2417.
21-09-01 15:20:36.009 : 03.png - PSNR: 23.50 dB; SSIM: 0.4132 ; RE: 0.2974.
21-09-01 15:20:36.360 : 04.png - PSNR: 25.96 dB; SSIM: 0.6717 ; RE: 0.1734.
21-09-01 15:20:36.720 : 06.png - PSNR: 23.28 dB; SSIM: 0.6539 ; RE: 0.1424.
21-09-01 15:20:37.067 : 07.png - PSNR: 23.96 dB; SSIM: 0.6769 ; RE: 0.1540.
21-09-01 15:20:37.414 : 08.png - PSNR: 25.87 dB; SSIM: 0.6052 ; RE: 0.2476.
21-09-01 15:20:37.753 : 09.png - PSNR: 23.73 dB; SSIM: 0.5555 ; RE: 0.2355.
21-09-01 15:20:38.104 : 10.png - PSNR: 22.89 dB; SSIM: 0.5176 ; RE: 0.1628.
21-09-01 15:20:38.461 : 11.png - PSNR: 23.95 dB; SSIM: 0.5160 ; RE: 0.2011.
21-09-01 15:20:38.808 : 12.png - PSNR: 23.15 dB; SSIM: 0.5167 ; RE: 0.2586.
21-09-01 15:20:39.146 : 13.png - PSNR: 22.95 dB; SSIM: 0.5281 ; RE: 0.1970.
21-09-01 15:20:39.500 : 15.png - PSNR: 23.48 dB; SSIM: 0.5537 ; RE: 0.2258.
21-09-01 15:20:39.838 : 17.png - PSNR: 23.45 dB; SSIM: 0.6333 ; RE: 0.1477.
21-09-01 15:20:40.178 : 22.png - PSNR: 23.59 dB; SSIM: 0.5841 ; RE: 0.2093.
21-09-01 15:20:40.178 : ------> testset_name: (Set), Average PSNR:(24.015)dB, Average ssim : (0.574), Average re : (0.204) )
21-09-01 15:20:40.179 : testsets\Set
21-09-01 15:20:40.549 : 01.png - PSNR: 24.01 dB; SSIM: 0.6171 ; RE: 0.1625.
21-09-01 15:20:40.909 : 02.png - PSNR: 26.04 dB; SSIM: 0.5517 ; RE: 0.2515.
21-09-01 15:20:41.247 : 03.png - PSNR: 23.35 dB; SSIM: 0.4017 ; RE: 0.3025.
21-09-01 15:20:41.611 : 04.png - PSNR: 25.93 dB; SSIM: 0.6806 ; RE: 0.1740.
21-09-01 15:20:41.946 : 06.png - PSNR: 23.27 dB; SSIM: 0.6519 ; RE: 0.1426.
21-09-01 15:20:42.310 : 07.png - PSNR: 23.89 dB; SSIM: 0.6788 ; RE: 0.1552.
21-09-01 15:20:42.662 : 08.png - PSNR: 25.79 dB; SSIM: 0.6088 ; RE: 0.2498.
21-09-01 15:20:43.022 : 09.png - PSNR: 24.18 dB; SSIM: 0.5583 ; RE: 0.2236.
21-09-01 15:20:43.382 : 10.png - PSNR: 22.77 dB; SSIM: 0.5012 ; RE: 0.1652.
21-09-01 15:20:43.717 : 11.png - PSNR: 23.84 dB; SSIM: 0.5052 ; RE: 0.2037.
21-09-01 15:20:44.061 : 12.png - PSNR: 23.05 dB; SSIM: 0.4987 ; RE: 0.2617.
21-09-01 15:20:44.411 : 13.png - PSNR: 22.73 dB; SSIM: 0.5083 ; RE: 0.2021.
21-09-01 15:20:44.761 : 15.png - PSNR: 23.13 dB; SSIM: 0.5333 ; RE: 0.2352.
21-09-01 15:20:45.105 : 17.png - PSNR: 23.22 dB; SSIM: 0.6194 ; RE: 0.1516.
21-09-01 15:20:45.459 : 22.png - PSNR: 23.39 dB; SSIM: 0.5689 ; RE: 0.2143.
21-09-01 15:20:45.460 : ------> testset_name: (Set), Average PSNR:(23.906)dB, Average ssim : (0.566), Average re : (0.206) )
21-09-01 15:20:45.461 : testsets\Set
21-09-01 15:20:45.822 : 01.png - PSNR: 23.23 dB; SSIM: 0.5875 ; RE: 0.1777.
21-09-01 15:20:46.155 : 02.png - PSNR: 24.06 dB; SSIM: 0.5050 ; RE: 0.3161.
21-09-01 15:20:46.502 : 03.png - PSNR: 22.75 dB; SSIM: 0.3590 ; RE: 0.3240.
21-09-01 15:20:46.833 : 04.png - PSNR: 25.39 dB; SSIM: 0.6588 ; RE: 0.1852.
21-09-01 15:20:47.172 : 06.png - PSNR: 22.47 dB; SSIM: 0.6052 ; RE: 0.1564.
21-09-01 15:20:47.529 : 07.png - PSNR: 22.48 dB; SSIM: 0.6216 ; RE: 0.1827.
21-09-01 15:20:47.870 : 08.png - PSNR: 25.19 dB; SSIM: 0.5725 ; RE: 0.2676.
21-09-01 15:20:48.204 : 09.png - PSNR: 22.28 dB; SSIM: 0.5078 ; RE: 0.2785.
21-09-01 15:20:48.569 : 10.png - PSNR: 22.12 dB; SSIM: 0.4804 ; RE: 0.1780.
21-09-01 15:20:48.899 : 11.png - PSNR: 23.27 dB; SSIM: 0.4827 ; RE: 0.2174.
21-09-01 15:20:49.232 : 12.png - PSNR: 22.76 dB; SSIM: 0.4797 ; RE: 0.2705.
21-09-01 15:20:49.592 : 13.png - PSNR: 21.74 dB; SSIM: 0.4379 ; RE: 0.2265.
21-09-01 15:20:49.937 : 15.png - PSNR: 21.99 dB; SSIM: 0.4723 ; RE: 0.2681.
21-09-01 15:20:50.293 : 17.png - PSNR: 21.69 dB; SSIM: 0.5634 ; RE: 0.1810.
21-09-01 15:20:50.644 : 22.png - PSNR: 22.64 dB; SSIM: 0.5251 ; RE: 0.2336.
21-09-01 15:20:50.645 : ------> testset_name: (Set), Average PSNR:(22.937)dB, Average ssim : (0.524), Average re : (0.231) )
21-09-01 15:21:25.348 : testsets\Set
21-09-01 15:21:25.691 : 01.png - PSNR: 22.45 dB; SSIM: 0.6195 ; RE: 0.1945.
21-09-01 15:21:26.030 : 02.png - PSNR: 25.33 dB; SSIM: 0.5295 ; RE: 0.2731.
21-09-01 15:21:26.387 : 03.png - PSNR: 22.23 dB; SSIM: 0.3612 ; RE: 0.3440.
21-09-01 15:21:26.749 : 04.png - PSNR: 23.75 dB; SSIM: 0.5923 ; RE: 0.2237.
21-09-01 15:21:27.091 : 06.png - PSNR: 21.98 dB; SSIM: 0.6128 ; RE: 0.1655.
21-09-01 15:21:27.448 : 07.png - PSNR: 22.54 dB; SSIM: 0.6698 ; RE: 0.1814.
21-09-01 15:21:27.792 : 08.png - PSNR: 23.76 dB; SSIM: 0.5330 ; RE: 0.3154.
21-09-01 15:21:28.127 : 09.png - PSNR: 22.44 dB; SSIM: 0.5115 ; RE: 0.2734.
21-09-01 15:21:28.488 : 10.png - PSNR: 21.70 dB; SSIM: 0.4862 ; RE: 0.1868.
21-09-01 15:21:28.833 : 11.png - PSNR: 22.41 dB; SSIM: 0.4781 ; RE: 0.2402.
21-09-01 15:21:29.169 : 12.png - PSNR: 21.81 dB; SSIM: 0.4770 ; RE: 0.3020.
21-09-01 15:21:29.529 : 13.png - PSNR: 21.69 dB; SSIM: 0.4859 ; RE: 0.2277.
21-09-01 15:21:29.868 : 15.png - PSNR: 22.31 dB; SSIM: 0.5024 ; RE: 0.2584.
21-09-01 15:21:30.201 : 17.png - PSNR: 22.22 dB; SSIM: 0.6061 ; RE: 0.1702.
21-09-01 15:21:30.561 : 22.png - PSNR: 22.23 dB; SSIM: 0.5493 ; RE: 0.2448.
21-09-01 15:21:30.561 : ------> testset_name: (Set), Average PSNR:(22.589)dB, Average ssim : (0.534), Average re : (0.240) )
21-09-01 15:21:30.562 : testsets\Set
21-09-01 15:21:31.016 : 01.png - PSNR: 22.22 dB; SSIM: 0.6133 ; RE: 0.1996.
21-09-01 15:21:31.387 : 02.png - PSNR: 25.08 dB; SSIM: 0.5204 ; RE: 0.2809.
21-09-01 15:21:31.726 : 03.png - PSNR: 22.06 dB; SSIM: 0.3491 ; RE: 0.3508.
21-09-01 15:21:32.083 : 04.png - PSNR: 23.55 dB; SSIM: 0.5927 ; RE: 0.2287.
21-09-01 15:21:32.435 : 06.png - PSNR: 21.78 dB; SSIM: 0.5989 ; RE: 0.1692.
21-09-01 15:21:32.853 : 07.png - PSNR: 22.27 dB; SSIM: 0.6604 ; RE: 0.1871.
21-09-01 15:21:33.236 : 08.png - PSNR: 23.58 dB; SSIM: 0.5313 ; RE: 0.3222.
21-09-01 15:21:33.647 : 09.png - PSNR: 22.35 dB; SSIM: 0.5001 ; RE: 0.2762.
21-09-01 15:21:33.993 : 10.png - PSNR: 21.49 dB; SSIM: 0.4637 ; RE: 0.1913.
21-09-01 15:21:34.366 : 11.png - PSNR: 22.16 dB; SSIM: 0.4614 ; RE: 0.2471.
21-09-01 15:21:34.777 : 12.png - PSNR: 21.70 dB; SSIM: 0.4610 ; RE: 0.3058.
21-09-01 15:21:35.111 : 13.png - PSNR: 21.47 dB; SSIM: 0.4658 ; RE: 0.2334.
21-09-01 15:21:35.485 : 15.png - PSNR: 21.97 dB; SSIM: 0.4793 ; RE: 0.2688.
21-09-01 15:21:35.874 : 17.png - PSNR: 21.89 dB; SSIM: 0.5847 ; RE: 0.1768.
21-09-01 15:21:36.268 : 22.png - PSNR: 21.96 dB; SSIM: 0.5289 ; RE: 0.2526.
21-09-01 15:21:36.268 : ------> testset_name: (Set), Average PSNR:(22.370)dB, Average ssim : (0.521), Average re : (0.246) )
21-09-01 15:21:36.273 : testsets\Set
21-09-01 15:21:36.634 : 01.png - PSNR: 22.30 dB; SSIM: 0.5939 ; RE: 0.1978.
21-09-01 15:21:37.016 : 02.png - PSNR: 24.39 dB; SSIM: 0.4991 ; RE: 0.3043.
21-09-01 15:21:37.373 : 03.png - PSNR: 21.85 dB; SSIM: 0.3273 ; RE: 0.3594.
21-09-01 15:21:37.723 : 04.png - PSNR: 23.74 dB; SSIM: 0.5782 ; RE: 0.2238.
21-09-01 15:21:38.056 : 06.png - PSNR: 21.55 dB; SSIM: 0.5760 ; RE: 0.1739.
21-09-01 15:21:38.409 : 07.png - PSNR: 21.88 dB; SSIM: 0.6376 ; RE: 0.1958.
21-09-01 15:21:38.760 : 08.png - PSNR: 23.70 dB; SSIM: 0.5018 ; RE: 0.3178.
21-09-01 15:21:39.096 : 09.png - PSNR: 21.67 dB; SSIM: 0.4892 ; RE: 0.2986.
21-09-01 15:21:39.567 : 10.png - PSNR: 21.33 dB; SSIM: 0.4595 ; RE: 0.1949.
21-09-01 15:21:39.987 : 11.png - PSNR: 22.21 dB; SSIM: 0.4621 ; RE: 0.2457.
21-09-01 15:21:40.374 : 12.png - PSNR: 21.73 dB; SSIM: 0.4511 ; RE: 0.3047.
21-09-01 15:21:40.754 : 13.png - PSNR: 20.90 dB; SSIM: 0.4121 ; RE: 0.2494.
21-09-01 15:21:41.114 : 15.png - PSNR: 21.48 dB; SSIM: 0.4473 ; RE: 0.2845.
21-09-01 15:21:41.498 : 17.png - PSNR: 21.27 dB; SSIM: 0.5596 ; RE: 0.1898.
21-09-01 15:21:41.869 : 22.png - PSNR: 21.74 dB; SSIM: 0.5110 ; RE: 0.2591.
21-09-01 15:21:41.870 : ------> testset_name: (Set), Average PSNR:(22.115)dB, Average ssim : (0.500), Average re : (0.253) )
21-09-01 15:21:45.628 : testsets\Set
21-09-01 15:21:45.982 : 01.png - PSNR: 24.32 dB; SSIM: 0.5888 ; RE: 0.1568.
21-09-01 15:21:46.326 : 02.png - PSNR: 26.38 dB; SSIM: 0.5665 ; RE: 0.2420.
21-09-01 15:21:46.686 : 03.png - PSNR: 23.85 dB; SSIM: 0.4196 ; RE: 0.2854.
21-09-01 15:21:47.025 : 04.png - PSNR: 26.18 dB; SSIM: 0.6040 ; RE: 0.1692.
21-09-01 15:21:47.369 : 06.png - PSNR: 23.53 dB; SSIM: 0.6397 ; RE: 0.1383.
21-09-01 15:21:47.731 : 07.png - PSNR: 24.14 dB; SSIM: 0.6694 ; RE: 0.1508.
21-09-01 15:21:48.095 : 08.png - PSNR: 26.10 dB; SSIM: 0.5483 ; RE: 0.2410.
21-09-01 15:21:48.464 : 09.png - PSNR: 23.97 dB; SSIM: 0.5632 ; RE: 0.2293.
21-09-01 15:21:48.806 : 10.png - PSNR: 23.17 dB; SSIM: 0.5194 ; RE: 0.1577.
21-09-01 15:21:49.153 : 11.png - PSNR: 24.25 dB; SSIM: 0.5193 ; RE: 0.1943.
21-09-01 15:21:49.588 : 12.png - PSNR: 23.49 dB; SSIM: 0.5126 ; RE: 0.2487.
21-09-01 15:21:50.011 : 13.png - PSNR: 23.26 dB; SSIM: 0.5198 ; RE: 0.1901.
21-09-01 15:21:50.380 : 15.png - PSNR: 23.72 dB; SSIM: 0.5589 ; RE: 0.2198.
21-09-01 15:21:50.747 : 17.png - PSNR: 23.63 dB; SSIM: 0.6323 ; RE: 0.1447.
21-09-01 15:21:51.133 : 22.png - PSNR: 23.87 dB; SSIM: 0.5877 ; RE: 0.2028.
21-09-01 15:21:51.134 : ------> testset_name: (Set), Average PSNR:(24.256)dB, Average ssim : (0.563), Average re : (0.198) )
21-09-01 15:21:51.135 : testsets\Set
21-09-01 15:21:51.585 : 01.png - PSNR: 24.27 dB; SSIM: 0.5897 ; RE: 0.1577.
21-09-01 15:21:51.953 : 02.png - PSNR: 26.01 dB; SSIM: 0.5588 ; RE: 0.2524.
21-09-01 15:21:52.298 : 03.png - PSNR: 23.70 dB; SSIM: 0.4080 ; RE: 0.2904.
21-09-01 15:21:52.745 : 04.png - PSNR: 26.19 dB; SSIM: 0.6128 ; RE: 0.1689.
21-09-01 15:21:53.223 : 06.png - PSNR: 23.57 dB; SSIM: 0.6385 ; RE: 0.1378.
21-09-01 15:21:53.594 : 07.png - PSNR: 24.12 dB; SSIM: 0.6740 ; RE: 0.1512.
21-09-01 15:21:54.003 : 08.png - PSNR: 26.04 dB; SSIM: 0.5480 ; RE: 0.2428.
21-09-01 15:21:54.405 : 09.png - PSNR: 24.53 dB; SSIM: 0.5693 ; RE: 0.2149.
21-09-01 15:21:54.804 : 10.png - PSNR: 23.07 dB; SSIM: 0.5061 ; RE: 0.1595.
21-09-01 15:21:55.172 : 11.png - PSNR: 24.16 dB; SSIM: 0.5114 ; RE: 0.1962.
21-09-01 15:21:55.520 : 12.png - PSNR: 23.39 dB; SSIM: 0.4942 ; RE: 0.2517.
21-09-01 15:21:55.946 : 13.png - PSNR: 23.04 dB; SSIM: 0.5004 ; RE: 0.1948.
21-09-01 15:21:56.406 : 15.png - PSNR: 23.37 dB; SSIM: 0.5398 ; RE: 0.2288.
21-09-01 15:21:56.833 : 17.png - PSNR: 23.43 dB; SSIM: 0.6215 ; RE: 0.1480.
21-09-01 15:21:57.232 : 22.png - PSNR: 23.68 dB; SSIM: 0.5741 ; RE: 0.2073.
21-09-01 15:21:57.232 : ------> testset_name: (Set), Average PSNR:(24.172)dB, Average ssim : (0.556), Average re : (0.200) )
21-09-01 15:21:57.233 : testsets\Set
21-09-01 15:21:57.644 : 01.png - PSNR: 23.42 dB; SSIM: 0.5612 ; RE: 0.1740.
21-09-01 15:21:58.014 : 02.png - PSNR: 23.96 dB; SSIM: 0.5104 ; RE: 0.3197.
21-09-01 15:21:58.419 : 03.png - PSNR: 23.02 dB; SSIM: 0.3630 ; RE: 0.3140.
21-09-01 15:21:58.822 : 04.png - PSNR: 25.55 dB; SSIM: 0.5923 ; RE: 0.1818.
21-09-01 15:21:59.181 : 06.png - PSNR: 22.68 dB; SSIM: 0.5905 ; RE: 0.1526.
21-09-01 15:21:59.534 : 07.png - PSNR: 22.58 dB; SSIM: 0.6138 ; RE: 0.1805.
21-09-01 15:21:59.882 : 08.png - PSNR: 25.38 dB; SSIM: 0.5148 ; RE: 0.2620.
21-09-01 15:22:00.239 : 09.png - PSNR: 22.42 dB; SSIM: 0.5142 ; RE: 0.2739.
21-09-01 15:22:00.591 : 10.png - PSNR: 22.34 dB; SSIM: 0.4834 ; RE: 0.1734.
21-09-01 15:22:00.953 : 11.png - PSNR: 23.50 dB; SSIM: 0.4851 ; RE: 0.2118.
21-09-01 15:22:01.361 : 12.png - PSNR: 23.06 dB; SSIM: 0.4759 ; RE: 0.2614.
21-09-01 15:22:01.762 : 13.png - PSNR: 21.96 dB; SSIM: 0.4278 ; RE: 0.2207.
21-09-01 15:22:02.208 : 15.png - PSNR: 22.12 dB; SSIM: 0.4757 ; RE: 0.2642.
21-09-01 15:22:02.622 : 17.png - PSNR: 21.78 dB; SSIM: 0.5644 ; RE: 0.1791.
21-09-01 15:22:03.092 : 22.png - PSNR: 22.85 dB; SSIM: 0.5282 ; RE: 0.2282.
21-09-01 15:22:03.092 : ------> testset_name: (Set), Average PSNR:(23.108)dB, Average ssim : (0.513), Average re : (0.226) )
21-09-01 20:41:02.465 : testsets\Set
21-09-01 20:41:02.908 : 01.png - PSNR: 24.32 dB; SSIM: 0.5888 ; RE: 0.1568.
21-09-01 20:41:03.337 : 02.png - PSNR: 26.38 dB; SSIM: 0.5665 ; RE: 0.2420.
21-09-01 20:41:03.766 : 03.png - PSNR: 23.85 dB; SSIM: 0.4196 ; RE: 0.2854.
21-09-01 20:41:04.198 : 04.png - PSNR: 26.18 dB; SSIM: 0.6040 ; RE: 0.1692.
21-09-01 20:41:04.622 : 06.png - PSNR: 23.53 dB; SSIM: 0.6397 ; RE: 0.1383.
21-09-01 20:41:05.040 : 07.png - PSNR: 24.14 dB; SSIM: 0.6694 ; RE: 0.1508.
21-09-01 20:41:05.461 : 08.png - PSNR: 26.10 dB; SSIM: 0.5483 ; RE: 0.2410.
21-09-01 20:41:05.892 : 09.png - PSNR: 23.97 dB; SSIM: 0.5632 ; RE: 0.2293.
21-09-01 20:41:06.315 : 10.png - PSNR: 23.17 dB; SSIM: 0.5194 ; RE: 0.1577.
21-09-01 20:41:06.744 : 11.png - PSNR: 24.25 dB; SSIM: 0.5193 ; RE: 0.1943.
21-09-01 20:41:07.164 : 12.png - PSNR: 23.49 dB; SSIM: 0.5126 ; RE: 0.2487.
21-09-01 20:41:07.601 : 13.png - PSNR: 23.26 dB; SSIM: 0.5198 ; RE: 0.1901.
21-09-01 20:41:08.028 : 15.png - PSNR: 23.72 dB; SSIM: 0.5589 ; RE: 0.2198.
21-09-01 20:41:08.460 : 17.png - PSNR: 23.63 dB; SSIM: 0.6323 ; RE: 0.1447.
21-09-01 20:41:08.941 : 22.png - PSNR: 23.87 dB; SSIM: 0.5877 ; RE: 0.2028.
21-09-01 20:41:08.941 : ------> testset_name: (Set), Average PSNR:(24.256)dB, Average ssim : (0.563), Average re : (0.198) )
21-09-01 20:41:08.942 : testsets\Set
21-09-01 20:41:09.498 : 01.png - PSNR: 24.27 dB; SSIM: 0.5897 ; RE: 0.1577.
21-09-01 20:41:10.161 : 02.png - PSNR: 26.01 dB; SSIM: 0.5588 ; RE: 0.2524.
21-09-01 20:41:10.587 : 03.png - PSNR: 23.70 dB; SSIM: 0.4080 ; RE: 0.2904.
21-09-01 20:41:11.140 : 04.png - PSNR: 26.19 dB; SSIM: 0.6128 ; RE: 0.1689.
21-09-01 20:41:11.637 : 06.png - PSNR: 23.57 dB; SSIM: 0.6385 ; RE: 0.1378.
21-09-01 20:41:12.281 : 07.png - PSNR: 24.12 dB; SSIM: 0.6740 ; RE: 0.1512.
21-09-01 20:41:12.949 : 08.png - PSNR: 26.04 dB; SSIM: 0.5480 ; RE: 0.2428.
21-09-01 20:41:13.521 : 09.png - PSNR: 24.53 dB; SSIM: 0.5693 ; RE: 0.2149.
21-09-01 20:41:13.971 : 10.png - PSNR: 23.07 dB; SSIM: 0.5061 ; RE: 0.1595.
21-09-01 20:41:14.396 : 11.png - PSNR: 24.16 dB; SSIM: 0.5114 ; RE: 0.1962.
21-09-01 20:41:14.866 : 12.png - PSNR: 23.39 dB; SSIM: 0.4942 ; RE: 0.2517.
21-09-01 20:41:15.430 : 13.png - PSNR: 23.04 dB; SSIM: 0.5004 ; RE: 0.1948.
21-09-01 20:41:15.874 : 15.png - PSNR: 23.37 dB; SSIM: 0.5398 ; RE: 0.2288.
21-09-01 20:41:16.277 : 17.png - PSNR: 23.43 dB; SSIM: 0.6215 ; RE: 0.1480.
21-09-01 20:41:16.683 : 22.png - PSNR: 23.68 dB; SSIM: 0.5741 ; RE: 0.2073.
21-09-01 20:41:16.683 : ------> testset_name: (Set), Average PSNR:(24.172)dB, Average ssim : (0.556), Average re : (0.200) )
21-09-01 20:41:16.685 : testsets\Set
21-09-01 20:41:17.100 : 01.png - PSNR: 23.42 dB; SSIM: 0.5612 ; RE: 0.1740.
21-09-01 20:41:17.503 : 02.png - PSNR: 23.96 dB; SSIM: 0.5104 ; RE: 0.3197.
21-09-01 20:41:17.917 : 03.png - PSNR: 23.02 dB; SSIM: 0.3630 ; RE: 0.3140.
21-09-01 20:41:18.320 : 04.png - PSNR: 25.55 dB; SSIM: 0.5923 ; RE: 0.1818.
21-09-01 20:41:18.728 : 06.png - PSNR: 22.68 dB; SSIM: 0.5905 ; RE: 0.1526.
21-09-01 20:41:19.145 : 07.png - PSNR: 22.58 dB; SSIM: 0.6138 ; RE: 0.1805.
21-09-01 20:41:19.697 : 08.png - PSNR: 25.38 dB; SSIM: 0.5148 ; RE: 0.2620.
21-09-01 20:41:20.361 : 09.png - PSNR: 22.42 dB; SSIM: 0.5142 ; RE: 0.2739.
21-09-01 20:41:21.011 : 10.png - PSNR: 22.34 dB; SSIM: 0.4834 ; RE: 0.1734.
21-09-01 20:41:21.576 : 11.png - PSNR: 23.50 dB; SSIM: 0.4851 ; RE: 0.2118.
21-09-01 20:41:22.174 : 12.png - PSNR: 23.06 dB; SSIM: 0.4759 ; RE: 0.2614.
21-09-01 20:41:22.742 : 13.png - PSNR: 21.96 dB; SSIM: 0.4278 ; RE: 0.2207.
21-09-01 20:41:23.337 : 15.png - PSNR: 22.12 dB; SSIM: 0.4757 ; RE: 0.2642.
21-09-01 20:41:23.787 : 17.png - PSNR: 21.78 dB; SSIM: 0.5644 ; RE: 0.1791.
21-09-01 20:41:24.216 : 22.png - PSNR: 22.85 dB; SSIM: 0.5282 ; RE: 0.2282.
21-09-01 20:41:24.217 : ------> testset_name: (Set), Average PSNR:(23.108)dB, Average ssim : (0.513), Average re : (0.226) )
21-09-01 22:30:33.051 : testsets\Set
21-09-01 22:30:33.833 : 01.png - PSNR: 24.3157 dB; SSIM: 0.5888 ; RE: 0.1568.
21-09-01 22:30:34.184 : 02.png - PSNR: 26.3776 dB; SSIM: 0.5665 ; RE: 0.2420.
21-09-01 22:30:34.528 : 03.png - PSNR: 23.8528 dB; SSIM: 0.4196 ; RE: 0.2854.
21-09-01 22:30:34.874 : 04.png - PSNR: 26.1758 dB; SSIM: 0.6040 ; RE: 0.1692.
21-09-01 22:30:35.218 : 06.png - PSNR: 23.5335 dB; SSIM: 0.6397 ; RE: 0.1383.
21-09-01 22:30:35.573 : 07.png - PSNR: 24.1419 dB; SSIM: 0.6694 ; RE: 0.1508.
21-09-01 22:30:35.916 : 08.png - PSNR: 26.0997 dB; SSIM: 0.5483 ; RE: 0.2410.
21-09-01 22:30:36.262 : 09.png - PSNR: 23.9663 dB; SSIM: 0.5632 ; RE: 0.2293.
21-09-01 22:30:36.604 : 10.png - PSNR: 23.1676 dB; SSIM: 0.5194 ; RE: 0.1577.
21-09-01 22:30:36.940 : 11.png - PSNR: 24.2501 dB; SSIM: 0.5193 ; RE: 0.1943.
21-09-01 22:30:37.298 : 12.png - PSNR: 23.4904 dB; SSIM: 0.5126 ; RE: 0.2487.
21-09-01 22:30:37.642 : 13.png - PSNR: 23.2568 dB; SSIM: 0.5198 ; RE: 0.1901.
21-09-01 22:30:37.996 : 15.png - PSNR: 23.7170 dB; SSIM: 0.5589 ; RE: 0.2198.
21-09-01 22:30:38.347 : 17.png - PSNR: 23.6259 dB; SSIM: 0.6323 ; RE: 0.1447.
21-09-01 22:30:38.707 : 22.png - PSNR: 23.8683 dB; SSIM: 0.5877 ; RE: 0.2028.
21-09-01 22:30:38.707 : ------> testset_name: (Set), Average PSNR:(24.256)dB, Average ssim : (0.563), Average re : (0.198) )
21-09-17 20:11:26.582 : testsets\Set
21-09-17 20:11:26.970 : 01.png - PSNR: 24.32 dB; SSIM: 0.5888 ; RE: 0.1568.
21-09-17 20:11:27.341 : 02.png - PSNR: 23.63 dB; SSIM: 0.6323 ; RE: 0.1447.
21-09-17 20:11:27.755 : 03.png - PSNR: 23.85 dB; SSIM: 0.4196 ; RE: 0.2854.
21-09-17 20:11:28.137 : 04.png - PSNR: 23.72 dB; SSIM: 0.5589 ; RE: 0.2198.
21-09-17 20:11:28.488 : 05.png - PSNR: 23.87 dB; SSIM: 0.5877 ; RE: 0.2028.
21-09-17 20:11:28.930 : 06.png - PSNR: 23.53 dB; SSIM: 0.6397 ; RE: 0.1383.
21-09-17 20:11:29.293 : 07.png - PSNR: 24.14 dB; SSIM: 0.6694 ; RE: 0.1508.
21-09-17 20:11:29.662 : 08.png - PSNR: 26.10 dB; SSIM: 0.5483 ; RE: 0.2410.
21-09-17 20:11:30.099 : 09.png - PSNR: 23.97 dB; SSIM: 0.5632 ; RE: 0.2293.
21-09-17 20:11:30.506 : 10.png - PSNR: 26.18 dB; SSIM: 0.6040 ; RE: 0.1692.
21-09-17 20:11:30.862 : 11.png - PSNR: 26.38 dB; SSIM: 0.5665 ; RE: 0.2420.
21-09-17 20:11:31.248 : 12.png - PSNR: 23.49 dB; SSIM: 0.5126 ; RE: 0.2487.
21-09-17 20:11:31.610 : 13.png - PSNR: 23.26 dB; SSIM: 0.5198 ; RE: 0.1901.
21-09-17 20:11:31.962 : 14.png - PSNR: 23.17 dB; SSIM: 0.5194 ; RE: 0.1577.
21-09-17 20:11:32.318 : 15.png - PSNR: 24.25 dB; SSIM: 0.5193 ; RE: 0.1943.
21-09-17 20:11:32.318 : ------> testset_name: (Set), Average PSNR:(24.256)dB, Average ssim : (0.563), Average re : (0.198) )
21-09-17 20:11:32.319 : testsets\Set
21-09-17 20:11:32.706 : 01.png - PSNR: 24.27 dB; SSIM: 0.5897 ; RE: 0.1577.
21-09-17 20:11:33.111 : 02.png - PSNR: 23.43 dB; SSIM: 0.6215 ; RE: 0.1480.
21-09-17 20:11:33.529 : 03.png - PSNR: 23.70 dB; SSIM: 0.4080 ; RE: 0.2904.
21-09-17 20:11:33.882 : 04.png - PSNR: 23.37 dB; SSIM: 0.5398 ; RE: 0.2288.
21-09-17 20:11:34.250 : 05.png - PSNR: 23.68 dB; SSIM: 0.5741 ; RE: 0.2073.
21-09-17 20:11:34.601 : 06.png - PSNR: 23.57 dB; SSIM: 0.6385 ; RE: 0.1378.
21-09-17 20:11:34.947 : 07.png - PSNR: 24.12 dB; SSIM: 0.6740 ; RE: 0.1512.
21-09-17 20:11:35.283 : 08.png - PSNR: 26.04 dB; SSIM: 0.5480 ; RE: 0.2428.
21-09-17 20:11:35.673 : 09.png - PSNR: 24.53 dB; SSIM: 0.5693 ; RE: 0.2149.
21-09-17 20:11:36.041 : 10.png - PSNR: 26.19 dB; SSIM: 0.6128 ; RE: 0.1689.
21-09-17 20:11:36.432 : 11.png - PSNR: 26.01 dB; SSIM: 0.5588 ; RE: 0.2524.
21-09-17 20:11:36.788 : 12.png - PSNR: 23.39 dB; SSIM: 0.4942 ; RE: 0.2517.
21-09-17 20:11:37.179 : 13.png - PSNR: 23.04 dB; SSIM: 0.5004 ; RE: 0.1948.
21-09-17 20:11:37.522 : 14.png - PSNR: 23.07 dB; SSIM: 0.5061 ; RE: 0.1595.
21-09-17 20:11:37.864 : 15.png - PSNR: 24.16 dB; SSIM: 0.5114 ; RE: 0.1962.
21-09-17 20:11:37.864 : ------> testset_name: (Set), Average PSNR:(24.172)dB, Average ssim : (0.556), Average re : (0.200) )
21-09-17 20:11:37.866 : testsets\Set
21-09-17 20:11:38.201 : 01.png - PSNR: 23.42 dB; SSIM: 0.5612 ; RE: 0.1740.
21-09-17 20:11:38.570 : 02.png - PSNR: 21.78 dB; SSIM: 0.5644 ; RE: 0.1791.
21-09-17 20:11:38.952 : 03.png - PSNR: 23.02 dB; SSIM: 0.3630 ; RE: 0.3140.
21-09-17 20:11:39.321 : 04.png - PSNR: 22.12 dB; SSIM: 0.4757 ; RE: 0.2642.
21-09-17 20:11:39.716 : 05.png - PSNR: 22.85 dB; SSIM: 0.5282 ; RE: 0.2282.
21-09-17 20:11:40.074 : 06.png - PSNR: 22.68 dB; SSIM: 0.5905 ; RE: 0.1526.
21-09-17 20:11:40.625 : 07.png - PSNR: 22.58 dB; SSIM: 0.6138 ; RE: 0.1805.
21-09-17 20:11:41.078 : 08.png - PSNR: 25.38 dB; SSIM: 0.5148 ; RE: 0.2620.
21-09-17 20:11:41.505 : 09.png - PSNR: 22.42 dB; SSIM: 0.5142 ; RE: 0.2739.
21-09-17 20:11:41.851 : 10.png - PSNR: 25.55 dB; SSIM: 0.5923 ; RE: 0.1818.
21-09-17 20:11:42.220 : 11.png - PSNR: 23.96 dB; SSIM: 0.5104 ; RE: 0.3197.
21-09-17 20:11:42.597 : 12.png - PSNR: 23.06 dB; SSIM: 0.4759 ; RE: 0.2614.
21-09-17 20:11:42.958 : 13.png - PSNR: 21.96 dB; SSIM: 0.4278 ; RE: 0.2207.
21-09-17 20:11:43.360 : 14.png - PSNR: 22.34 dB; SSIM: 0.4834 ; RE: 0.1734.
21-09-17 20:11:43.741 : 15.png - PSNR: 23.50 dB; SSIM: 0.4851 ; RE: 0.2118.
21-09-17 20:11:43.742 : ------> testset_name: (Set), Average PSNR:(23.108)dB, Average ssim : (0.513), Average re : (0.226) )
